2021-09-19 13:16:23 Tentativa -> 01 | Pesquisa -> Playstation
2021-09-19 13:16:23 Falha na extração
2021-09-19 13:16:23 Tentativa -> 02 | Pesquisa -> Playstation
2021-09-19 13:16:23 Falha na extração
2021-09-19 13:16:23 Tentativa -> 03 | Pesquisa -> Playstation
2021-09-19 13:16:23 Falha na extração
2021-09-19 13:16:23 Tentativa -> 04 | Pesquisa -> Playstation
2021-09-19 13:16:24 Falha na extração
2021-09-19 13:16:24 Tentativa -> 05 | Pesquisa -> Playstation
2021-09-19 13:16:24 Falha na extração
2021-09-19 13:16:24 Tentativa -> 06 | Pesquisa -> Playstation
2021-09-19 13:16:24 Falha na extração
2021-09-19 13:16:24 Tentativa -> 07 | Pesquisa -> Playstation
2021-09-19 13:16:24 Falha na extração
2021-09-19 13:16:24 Tentativa -> 08 | Pesquisa -> Playstation
2021-09-19 13:16:24 Falha na extração
2021-09-19 13:16:24 Tentativa -> 09 | Pesquisa -> Playstation
2021-09-19 13:16:24 Falha na extração
2021-09-19 13:16:24 Tentativa -> 10 | Pesquisa -> Playstation
2021-09-19 13:16:24 Falha na extração
2021-09-19 13:16:24 Tentativa -> 01 | Pesquisa -> Xbox
2021-09-19 13:16:24 Falha na extração
2021-09-19 13:16:24 Tentativa -> 02 | Pesquisa -> Xbox
2021-09-19 13:16:24 Falha na extração
2021-09-19 13:16:24 Tentativa -> 03 | Pesquisa -> Xbox
2021-09-19 13:16:24 Falha na extração
2021-09-19 13:16:24 Tentativa -> 04 | Pesquisa -> Xbox
2021-09-19 13:16:24 Falha na extração
2021-09-19 13:16:24 Tentativa -> 05 | Pesquisa -> Xbox
2021-09-19 13:16:25 Falha na extração
2021-09-19 13:16:25 Tentativa -> 06 | Pesquisa -> Xbox
2021-09-19 13:16:25 Falha na extração
2021-09-19 13:16:25 Tentativa -> 07 | Pesquisa -> Xbox
2021-09-19 13:16:25 Falha na extração
2021-09-19 13:16:25 Tentativa -> 08 | Pesquisa -> Xbox
2021-09-19 13:16:25 Falha na extração
2021-09-19 13:16:25 Tentativa -> 09 | Pesquisa -> Xbox
2021-09-19 13:16:25 Falha na extração
2021-09-19 13:16:25 Tentativa -> 10 | Pesquisa -> Xbox
2021-09-19 13:16:25 Falha na extração
2021-09-19 13:16:25 Tentativa -> 01 | Pesquisa -> Electronic Arts
2021-09-19 13:16:25 Falha na extração
2021-09-19 13:16:25 Tentativa -> 02 | Pesquisa -> Electronic Arts
2021-09-19 13:16:25 Falha na extração
2021-09-19 13:16:25 Tentativa -> 03 | Pesquisa -> Electronic Arts
2021-09-19 13:16:25 Falha na extração
2021-09-19 13:16:25 Tentativa -> 04 | Pesquisa -> Electronic Arts
2021-09-19 13:16:26 Falha na extração
2021-09-19 13:16:26 Tentativa -> 05 | Pesquisa -> Electronic Arts
2021-09-19 13:16:26 Falha na extração
2021-09-19 13:16:26 Tentativa -> 06 | Pesquisa -> Electronic Arts
2021-09-19 13:16:26 Falha na extração
2021-09-19 13:16:26 Tentativa -> 07 | Pesquisa -> Electronic Arts
2021-09-19 13:16:26 Falha na extração
2021-09-19 13:16:26 Tentativa -> 08 | Pesquisa -> Electronic Arts
2021-09-19 13:16:26 Falha na extração
2021-09-19 13:16:26 Tentativa -> 09 | Pesquisa -> Electronic Arts
2021-09-19 13:16:26 Falha na extração
2021-09-19 13:16:26 Tentativa -> 10 | Pesquisa -> Electronic Arts
2021-09-19 13:16:26 Falha na extração
2021-09-19 13:16:26 Tentativa -> 01 | Pesquisa -> #EA
2021-09-19 13:16:26 Falha na extração
2021-09-19 13:16:26 Tentativa -> 02 | Pesquisa -> #EA
2021-09-19 13:16:26 Falha na extração
2021-09-19 13:16:26 Tentativa -> 03 | Pesquisa -> #EA
2021-09-19 13:16:26 Falha na extração
2021-09-19 13:16:26 Tentativa -> 04 | Pesquisa -> #EA
2021-09-19 13:16:26 Falha na extração
2021-09-19 13:16:26 Tentativa -> 05 | Pesquisa -> #EA
2021-09-19 13:16:27 Falha na extração
2021-09-19 13:16:27 Tentativa -> 06 | Pesquisa -> #EA
2021-09-19 13:16:27 Falha na extração
2021-09-19 13:16:27 Tentativa -> 07 | Pesquisa -> #EA
2021-09-19 13:16:27 Falha na extração
2021-09-19 13:16:27 Tentativa -> 08 | Pesquisa -> #EA
2021-09-19 13:16:27 Falha na extração
2021-09-19 13:16:27 Tentativa -> 09 | Pesquisa -> #EA
2021-09-19 13:16:27 Falha na extração
2021-09-19 13:16:27 Tentativa -> 10 | Pesquisa -> #EA
2021-09-19 13:16:27 Falha na extração
2021-09-19 13:16:27 Tentativa -> 01 | Pesquisa -> Windows
2021-09-19 13:16:27 Falha na extração
2021-09-19 13:16:27 Tentativa -> 02 | Pesquisa -> Windows
2021-09-19 13:16:27 Falha na extração
2021-09-19 13:16:27 Tentativa -> 03 | Pesquisa -> Windows
2021-09-19 13:16:27 Falha na extração
2021-09-19 13:16:27 Tentativa -> 04 | Pesquisa -> Windows
2021-09-19 13:16:27 Falha na extração
2021-09-19 13:16:27 Tentativa -> 05 | Pesquisa -> Windows
2021-09-19 13:16:27 Falha na extração
2021-09-19 13:16:27 Tentativa -> 06 | Pesquisa -> Windows
2021-09-19 13:16:28 Falha na extração
2021-09-19 13:16:28 Tentativa -> 07 | Pesquisa -> Windows
2021-09-19 13:16:28 Falha na extração
2021-09-19 13:16:28 Tentativa -> 08 | Pesquisa -> Windows
2021-09-19 13:16:28 Falha na extração
2021-09-19 13:16:28 Tentativa -> 09 | Pesquisa -> Windows
2021-09-19 13:16:28 Falha na extração
2021-09-19 13:16:28 Tentativa -> 10 | Pesquisa -> Windows
2021-09-19 13:16:28 Falha na extração
