2021-09-19 13:14:18 Tentativa -> 01 | Pesquisa -> Playstation
2021-09-19 13:14:18 Falha na extração
2021-09-19 13:14:18 Tentativa -> 02 | Pesquisa -> Playstation
2021-09-19 13:14:18 Falha na extração
2021-09-19 13:14:18 Tentativa -> 03 | Pesquisa -> Playstation
2021-09-19 13:14:19 Falha na extração
2021-09-19 13:14:19 Tentativa -> 04 | Pesquisa -> Playstation
2021-09-19 13:14:19 Falha na extração
2021-09-19 13:14:19 Tentativa -> 05 | Pesquisa -> Playstation
2021-09-19 13:14:19 Falha na extração
2021-09-19 13:14:19 Tentativa -> 06 | Pesquisa -> Playstation
2021-09-19 13:14:19 Falha na extração
2021-09-19 13:14:19 Tentativa -> 07 | Pesquisa -> Playstation
2021-09-19 13:14:19 Falha na extração
2021-09-19 13:14:19 Tentativa -> 08 | Pesquisa -> Playstation
2021-09-19 13:14:19 Falha na extração
2021-09-19 13:14:19 Tentativa -> 09 | Pesquisa -> Playstation
2021-09-19 13:14:19 Falha na extração
2021-09-19 13:14:19 Tentativa -> 10 | Pesquisa -> Playstation
2021-09-19 13:14:19 Falha na extração
2021-09-19 13:14:19 Tentativa -> 01 | Pesquisa -> Xbox
2021-09-19 13:14:19 Falha na extração
2021-09-19 13:14:19 Tentativa -> 02 | Pesquisa -> Xbox
2021-09-19 13:14:19 Falha na extração
2021-09-19 13:14:19 Tentativa -> 03 | Pesquisa -> Xbox
2021-09-19 13:14:19 Falha na extração
2021-09-19 13:14:19 Tentativa -> 04 | Pesquisa -> Xbox
2021-09-19 13:14:20 Falha na extração
2021-09-19 13:14:20 Tentativa -> 05 | Pesquisa -> Xbox
2021-09-19 13:14:20 Falha na extração
2021-09-19 13:14:20 Tentativa -> 06 | Pesquisa -> Xbox
2021-09-19 13:14:20 Falha na extração
2021-09-19 13:14:20 Tentativa -> 07 | Pesquisa -> Xbox
2021-09-19 13:14:20 Falha na extração
2021-09-19 13:14:20 Tentativa -> 08 | Pesquisa -> Xbox
2021-09-19 13:14:20 Falha na extração
2021-09-19 13:14:20 Tentativa -> 09 | Pesquisa -> Xbox
2021-09-19 13:14:20 Falha na extração
2021-09-19 13:14:20 Tentativa -> 10 | Pesquisa -> Xbox
2021-09-19 13:14:20 Falha na extração
2021-09-19 13:14:20 Tentativa -> 01 | Pesquisa -> Electronic Arts
2021-09-19 13:14:20 Falha na extração
2021-09-19 13:14:20 Tentativa -> 02 | Pesquisa -> Electronic Arts
2021-09-19 13:14:20 Falha na extração
2021-09-19 13:14:20 Tentativa -> 03 | Pesquisa -> Electronic Arts
2021-09-19 13:14:20 Falha na extração
2021-09-19 13:14:20 Tentativa -> 04 | Pesquisa -> Electronic Arts
2021-09-19 13:14:20 Falha na extração
2021-09-19 13:14:20 Tentativa -> 05 | Pesquisa -> Electronic Arts
2021-09-19 13:14:21 Falha na extração
2021-09-19 13:14:21 Tentativa -> 06 | Pesquisa -> Electronic Arts
2021-09-19 13:14:21 Falha na extração
2021-09-19 13:14:21 Tentativa -> 07 | Pesquisa -> Electronic Arts
2021-09-19 13:14:21 Falha na extração
2021-09-19 13:14:21 Tentativa -> 08 | Pesquisa -> Electronic Arts
2021-09-19 13:14:21 Falha na extração
2021-09-19 13:14:21 Tentativa -> 09 | Pesquisa -> Electronic Arts
2021-09-19 13:14:21 Falha na extração
2021-09-19 13:14:21 Tentativa -> 10 | Pesquisa -> Electronic Arts
2021-09-19 13:14:21 Falha na extração
2021-09-19 13:14:21 Tentativa -> 01 | Pesquisa -> #EA
2021-09-19 13:14:21 Falha na extração
2021-09-19 13:14:21 Tentativa -> 02 | Pesquisa -> #EA
2021-09-19 13:14:21 Falha na extração
2021-09-19 13:14:21 Tentativa -> 03 | Pesquisa -> #EA
2021-09-19 13:14:21 Falha na extração
2021-09-19 13:14:21 Tentativa -> 04 | Pesquisa -> #EA
2021-09-19 13:14:21 Falha na extração
2021-09-19 13:14:21 Tentativa -> 05 | Pesquisa -> #EA
2021-09-19 13:14:22 Falha na extração
2021-09-19 13:14:22 Tentativa -> 06 | Pesquisa -> #EA
2021-09-19 13:14:22 Falha na extração
2021-09-19 13:14:22 Tentativa -> 07 | Pesquisa -> #EA
2021-09-19 13:14:22 Falha na extração
2021-09-19 13:14:22 Tentativa -> 08 | Pesquisa -> #EA
2021-09-19 13:14:22 Falha na extração
2021-09-19 13:14:22 Tentativa -> 09 | Pesquisa -> #EA
2021-09-19 13:14:22 Falha na extração
2021-09-19 13:14:22 Tentativa -> 10 | Pesquisa -> #EA
2021-09-19 13:14:22 Falha na extração
2021-09-19 13:14:22 Tentativa -> 01 | Pesquisa -> Windows
2021-09-19 13:14:22 Falha na extração
2021-09-19 13:14:22 Tentativa -> 02 | Pesquisa -> Windows
2021-09-19 13:14:22 Falha na extração
2021-09-19 13:14:22 Tentativa -> 03 | Pesquisa -> Windows
2021-09-19 13:14:22 Falha na extração
2021-09-19 13:14:22 Tentativa -> 04 | Pesquisa -> Windows
2021-09-19 13:14:22 Falha na extração
2021-09-19 13:14:22 Tentativa -> 05 | Pesquisa -> Windows
2021-09-19 13:14:23 Falha na extração
2021-09-19 13:14:23 Tentativa -> 06 | Pesquisa -> Windows
2021-09-19 13:14:23 Falha na extração
2021-09-19 13:14:23 Tentativa -> 07 | Pesquisa -> Windows
2021-09-19 13:14:23 Falha na extração
2021-09-19 13:14:23 Tentativa -> 08 | Pesquisa -> Windows
2021-09-19 13:14:23 Falha na extração
2021-09-19 13:14:23 Tentativa -> 09 | Pesquisa -> Windows
2021-09-19 13:14:23 Falha na extração
2021-09-19 13:14:23 Tentativa -> 10 | Pesquisa -> Windows
2021-09-19 13:14:23 Falha na extração
