2021-09-19 13:15:26 Tentativa -> 01 | Pesquisa -> Playstation
2021-09-19 13:15:26 Falha na extração
2021-09-19 13:15:26 Tentativa -> 02 | Pesquisa -> Playstation
2021-09-19 13:15:26 Falha na extração
2021-09-19 13:15:26 Tentativa -> 03 | Pesquisa -> Playstation
2021-09-19 13:15:27 Falha na extração
2021-09-19 13:15:27 Tentativa -> 04 | Pesquisa -> Playstation
2021-09-19 13:15:27 Falha na extração
2021-09-19 13:15:27 Tentativa -> 05 | Pesquisa -> Playstation
2021-09-19 13:15:27 Falha na extração
2021-09-19 13:15:27 Tentativa -> 06 | Pesquisa -> Playstation
2021-09-19 13:15:27 Falha na extração
2021-09-19 13:15:27 Tentativa -> 07 | Pesquisa -> Playstation
2021-09-19 13:15:28 Falha na extração
2021-09-19 13:15:28 Tentativa -> 08 | Pesquisa -> Playstation
2021-09-19 13:15:28 Falha na extração
2021-09-19 13:15:28 Tentativa -> 09 | Pesquisa -> Playstation
2021-09-19 13:15:28 Falha na extração
2021-09-19 13:15:28 Tentativa -> 10 | Pesquisa -> Playstation
2021-09-19 13:15:28 Falha na extração
2021-09-19 13:15:28 Tentativa -> 01 | Pesquisa -> Xbox
2021-09-19 13:15:28 Falha na extração
2021-09-19 13:15:28 Tentativa -> 02 | Pesquisa -> Xbox
2021-09-19 13:15:29 Falha na extração
2021-09-19 13:15:29 Tentativa -> 03 | Pesquisa -> Xbox
2021-09-19 13:15:29 Falha na extração
2021-09-19 13:15:29 Tentativa -> 04 | Pesquisa -> Xbox
2021-09-19 13:15:29 Falha na extração
2021-09-19 13:15:29 Tentativa -> 05 | Pesquisa -> Xbox
2021-09-19 13:15:29 Falha na extração
2021-09-19 13:15:29 Tentativa -> 06 | Pesquisa -> Xbox
2021-09-19 13:15:29 Falha na extração
2021-09-19 13:15:29 Tentativa -> 07 | Pesquisa -> Xbox
2021-09-19 13:15:30 Falha na extração
2021-09-19 13:15:30 Tentativa -> 08 | Pesquisa -> Xbox
2021-09-19 13:15:30 Falha na extração
2021-09-19 13:15:30 Tentativa -> 09 | Pesquisa -> Xbox
2021-09-19 13:15:30 Falha na extração
2021-09-19 13:15:30 Tentativa -> 10 | Pesquisa -> Xbox
2021-09-19 13:15:30 Falha na extração
2021-09-19 13:15:30 Tentativa -> 01 | Pesquisa -> Electronic Arts
2021-09-19 13:15:31 Falha na extração
2021-09-19 13:15:31 Tentativa -> 02 | Pesquisa -> Electronic Arts
2021-09-19 13:15:31 Falha na extração
2021-09-19 13:15:31 Tentativa -> 03 | Pesquisa -> Electronic Arts
2021-09-19 13:15:31 Falha na extração
2021-09-19 13:15:31 Tentativa -> 04 | Pesquisa -> Electronic Arts
2021-09-19 13:15:31 Falha na extração
2021-09-19 13:15:31 Tentativa -> 05 | Pesquisa -> Electronic Arts
2021-09-19 13:15:32 Falha na extração
2021-09-19 13:15:32 Tentativa -> 06 | Pesquisa -> Electronic Arts
2021-09-19 13:15:32 Falha na extração
2021-09-19 13:15:32 Tentativa -> 07 | Pesquisa -> Electronic Arts
2021-09-19 13:15:32 Falha na extração
2021-09-19 13:15:32 Tentativa -> 08 | Pesquisa -> Electronic Arts
2021-09-19 13:15:32 Falha na extração
2021-09-19 13:15:32 Tentativa -> 09 | Pesquisa -> Electronic Arts
2021-09-19 13:15:32 Falha na extração
2021-09-19 13:15:32 Tentativa -> 10 | Pesquisa -> Electronic Arts
2021-09-19 13:15:33 Falha na extração
2021-09-19 13:15:33 Tentativa -> 01 | Pesquisa -> #EA
2021-09-19 13:15:33 Falha na extração
2021-09-19 13:15:33 Tentativa -> 02 | Pesquisa -> #EA
2021-09-19 13:15:33 Falha na extração
2021-09-19 13:15:33 Tentativa -> 03 | Pesquisa -> #EA
2021-09-19 13:15:33 Falha na extração
2021-09-19 13:15:33 Tentativa -> 04 | Pesquisa -> #EA
2021-09-19 13:15:34 Falha na extração
2021-09-19 13:15:34 Tentativa -> 05 | Pesquisa -> #EA
2021-09-19 13:15:34 Falha na extração
2021-09-19 13:15:34 Tentativa -> 06 | Pesquisa -> #EA
2021-09-19 13:15:34 Falha na extração
2021-09-19 13:15:34 Tentativa -> 07 | Pesquisa -> #EA
2021-09-19 13:15:34 Falha na extração
2021-09-19 13:15:34 Tentativa -> 08 | Pesquisa -> #EA
2021-09-19 13:15:34 Falha na extração
2021-09-19 13:15:34 Tentativa -> 09 | Pesquisa -> #EA
2021-09-19 13:15:35 Falha na extração
2021-09-19 13:15:35 Tentativa -> 10 | Pesquisa -> #EA
2021-09-19 13:15:35 Falha na extração
2021-09-19 13:15:35 Tentativa -> 01 | Pesquisa -> Windows
2021-09-19 13:15:35 Falha na extração
2021-09-19 13:15:35 Tentativa -> 02 | Pesquisa -> Windows
2021-09-19 13:15:35 Falha na extração
2021-09-19 13:15:35 Tentativa -> 03 | Pesquisa -> Windows
2021-09-19 13:15:36 Falha na extração
2021-09-19 13:15:36 Tentativa -> 04 | Pesquisa -> Windows
2021-09-19 13:15:36 Falha na extração
2021-09-19 13:15:36 Tentativa -> 05 | Pesquisa -> Windows
2021-09-19 13:15:36 Falha na extração
2021-09-19 13:15:36 Tentativa -> 06 | Pesquisa -> Windows
2021-09-19 13:15:36 Falha na extração
2021-09-19 13:15:36 Tentativa -> 07 | Pesquisa -> Windows
2021-09-19 13:15:36 Falha na extração
2021-09-19 13:15:36 Tentativa -> 08 | Pesquisa -> Windows
2021-09-19 13:15:37 Falha na extração
2021-09-19 13:15:37 Tentativa -> 09 | Pesquisa -> Windows
2021-09-19 13:15:37 Falha na extração
2021-09-19 13:15:37 Tentativa -> 10 | Pesquisa -> Windows
2021-09-19 13:15:37 Falha na extração
