0
20210627010314: Tentativa -> 1 | Pesquisa -> xbox
20210627010315: Extração realizada
20210627010315: Tentativa -> 1 | Pesquisa -> playstation
20210627010417: Extração realizada
20210627010417: Tentativa -> 1 | Pesquisa -> ps
20210627010418: Falha na extração
20210627010418: Tentativa -> 2 | Pesquisa -> ps
20210627010418: Falha na extração
20210627010418: Tentativa -> 3 | Pesquisa -> ps
20210627010418: Falha na extração
20210627010418: Tentativa -> 4 | Pesquisa -> ps
20210627010418: Falha na extração
20210627010418: Tentativa -> 5 | Pesquisa -> ps
20210627010419: Falha na extração
20210627010419: Tentativa -> 6 | Pesquisa -> ps
20210627010419: Falha na extração
20210627010419: Tentativa -> 7 | Pesquisa -> ps
20210627010419: Falha na extração
20210627010419: Tentativa -> 8 | Pesquisa -> ps
20210627010419: Falha na extração
20210627010419: Tentativa -> 9 | Pesquisa -> ps
20210627010420: Falha na extração
20210627010420: Tentativa -> 10 | Pesquisa -> ps
20210627010420: Falha na extração
20210627010420: Tentativa -> 1 | Pesquisa -> windows
20210627010420: Falha na extração
20210627010420: Tentativa -> 2 | Pesquisa -> windows
20210627010420: Falha na extração
20210627010420: Tentativa -> 3 | Pesquisa -> windows
20210627010421: Falha na extração
20210627010421: Tentativa -> 4 | Pesquisa -> windows
20210627010421: Falha na extração
20210627010421: Tentativa -> 5 | Pesquisa -> windows
20210627010421: Falha na extração
20210627010421: Tentativa -> 6 | Pesquisa -> windows
20210627010421: Falha na extração
20210627010421: Tentativa -> 7 | Pesquisa -> windows
20210627010422: Falha na extração
20210627010422: Tentativa -> 8 | Pesquisa -> windows
20210627010422: Falha na extração
20210627010422: Tentativa -> 9 | Pesquisa -> windows
20210627010422: Falha na extração
20210627010422: Tentativa -> 10 | Pesquisa -> windows
20210627010422: Falha na extração
20210627010422: Tentativa -> 1 | Pesquisa -> game
20210627010423: Falha na extração
20210627010423: Tentativa -> 2 | Pesquisa -> game
20210627010423: Falha na extração
20210627010423: Tentativa -> 3 | Pesquisa -> game
20210627010423: Falha na extração
20210627010423: Tentativa -> 4 | Pesquisa -> game
20210627010423: Falha na extração
20210627010423: Tentativa -> 5 | Pesquisa -> game
20210627010424: Falha na extração
20210627010424: Tentativa -> 6 | Pesquisa -> game
20210627010424: Falha na extração
20210627010424: Tentativa -> 7 | Pesquisa -> game
20210627010424: Falha na extração
20210627010424: Tentativa -> 8 | Pesquisa -> game
20210627010424: Falha na extração
20210627010424: Tentativa -> 9 | Pesquisa -> game
20210627010425: Falha na extração
20210627010425: Tentativa -> 10 | Pesquisa -> game
20210627010425: Falha na extração
20210627010425: Tentativa -> 1 | Pesquisa -> play
20210627010425: Falha na extração
20210627010425: Tentativa -> 2 | Pesquisa -> play
20210627010425: Falha na extração
20210627010425: Tentativa -> 3 | Pesquisa -> play
20210627010426: Falha na extração
20210627010426: Tentativa -> 4 | Pesquisa -> play
20210627010426: Falha na extração
20210627010426: Tentativa -> 5 | Pesquisa -> play
20210627010426: Falha na extração
20210627010426: Tentativa -> 6 | Pesquisa -> play
20210627010427: Falha na extração
20210627010427: Tentativa -> 7 | Pesquisa -> play
20210627010427: Falha na extração
20210627010427: Tentativa -> 8 | Pesquisa -> play
20210627010427: Falha na extração
20210627010427: Tentativa -> 9 | Pesquisa -> play
20210627010427: Falha na extração
20210627010427: Tentativa -> 10 | Pesquisa -> play
20210627010428: Falha na extração
20210627010428: Tentativa -> 1 | Pesquisa -> farm
20210627010428: Falha na extração
20210627010428: Tentativa -> 2 | Pesquisa -> farm
20210627010428: Falha na extração
20210627010428: Tentativa -> 3 | Pesquisa -> farm
20210627010429: Falha na extração
20210627010429: Tentativa -> 4 | Pesquisa -> farm
20210627010429: Falha na extração
20210627010429: Tentativa -> 5 | Pesquisa -> farm
20210627010429: Falha na extração
20210627010429: Tentativa -> 6 | Pesquisa -> farm
20210627010429: Falha na extração
20210627010429: Tentativa -> 7 | Pesquisa -> farm
20210627010430: Falha na extração
20210627010430: Tentativa -> 8 | Pesquisa -> farm
20210627010430: Falha na extração
20210627010430: Tentativa -> 9 | Pesquisa -> farm
20210627010430: Falha na extração
20210627010430: Tentativa -> 10 | Pesquisa -> farm
20210627010430: Falha na extração
Foram removidas 5097 duplicidades
Foram removidas 5097 duplicidades
Foram coletados 12902 tweets
Foram removidas 5097 duplicidades
Foram coletados 12902 tweets
