2021-10-08 09:10:03 Tentativa -> 01 | Pesquisa -> Playstation
2021-10-08 09:10:08 Extração realizada
2021-10-08 09:10:08 Tentativa -> 01 | Pesquisa -> Xbox
2021-10-08 09:10:15 Extração realizada
2021-10-08 09:10:15 Tentativa -> 01 | Pesquisa -> Nintendo
2021-10-08 09:10:21 Extração realizada
2021-10-08 09:10:21 Tentativa -> 01 | Pesquisa -> Blizzard
2021-10-08 09:10:24 Extração realizada
2021-10-08 09:10:24 Tentativa -> 01 | Pesquisa -> Activision
2021-10-08 09:10:26 Extração realizada
2021-10-08 09:10:26 Tentativa -> 01 | Pesquisa -> Naughty Dog
2021-10-08 09:10:27 Extração realizada
2021-10-08 09:10:27 Tentativa -> 01 | Pesquisa -> EA
2021-10-08 09:10:30 Extração realizada
2021-10-08 09:10:30 Tentativa -> 01 | Pesquisa -> Konami
2021-10-08 09:10:31 Extração realizada
2021-10-08 09:10:31 Tentativa -> 01 | Pesquisa -> Capcom
2021-10-08 09:10:37 Extração realizada
2021-10-08 09:10:37 Tentativa -> 01 | Pesquisa -> Nintendo Switch Online
2021-10-08 09:10:37 Falha na extração
2021-10-08 09:10:37 Tentativa -> 02 | Pesquisa -> Nintendo Switch Online
2021-10-08 09:10:38 Falha na extração
2021-10-08 09:10:38 Tentativa -> 03 | Pesquisa -> Nintendo Switch Online
2021-10-08 09:10:38 Falha na extração
2021-10-08 09:10:38 Tentativa -> 04 | Pesquisa -> Nintendo Switch Online
2021-10-08 09:10:38 Falha na extração
2021-10-08 09:10:38 Tentativa -> 05 | Pesquisa -> Nintendo Switch Online
2021-10-08 09:10:38 Falha na extração
2021-10-08 09:10:38 Tentativa -> 06 | Pesquisa -> Nintendo Switch Online
2021-10-08 09:10:38 Falha na extração
2021-10-08 09:10:38 Tentativa -> 07 | Pesquisa -> Nintendo Switch Online
2021-10-08 09:10:39 Falha na extração
2021-10-08 09:10:39 Tentativa -> 08 | Pesquisa -> Nintendo Switch Online
2021-10-08 09:10:39 Falha na extração
2021-10-08 09:10:39 Tentativa -> 09 | Pesquisa -> Nintendo Switch Online
2021-10-08 09:10:39 Falha na extração
2021-10-08 09:10:39 Tentativa -> 10 | Pesquisa -> Nintendo Switch Online
2021-10-08 09:10:39 Falha na extração
2021-10-08 09:10:39 Tentativa -> 01 | Pesquisa -> Gamepass
2021-10-08 09:10:40 Falha na extração
2021-10-08 09:10:40 Tentativa -> 02 | Pesquisa -> Gamepass
2021-10-08 09:10:40 Falha na extração
2021-10-08 09:10:40 Tentativa -> 03 | Pesquisa -> Gamepass
2021-10-08 09:10:40 Falha na extração
2021-10-08 09:10:40 Tentativa -> 04 | Pesquisa -> Gamepass
2021-10-08 09:10:40 Falha na extração
2021-10-08 09:10:40 Tentativa -> 05 | Pesquisa -> Gamepass
2021-10-08 09:10:40 Falha na extração
2021-10-08 09:10:40 Tentativa -> 06 | Pesquisa -> Gamepass
2021-10-08 09:10:41 Falha na extração
2021-10-08 09:10:41 Tentativa -> 07 | Pesquisa -> Gamepass
2021-10-08 09:10:41 Falha na extração
2021-10-08 09:10:41 Tentativa -> 08 | Pesquisa -> Gamepass
2021-10-08 09:10:41 Falha na extração
2021-10-08 09:10:41 Tentativa -> 09 | Pesquisa -> Gamepass
2021-10-08 09:10:41 Falha na extração
2021-10-08 09:10:41 Tentativa -> 10 | Pesquisa -> Gamepass
2021-10-08 09:10:41 Falha na extração
2021-10-08 09:10:41 Tentativa -> 01 | Pesquisa -> EA Access
2021-10-08 09:10:42 Falha na extração
2021-10-08 09:10:42 Tentativa -> 02 | Pesquisa -> EA Access
2021-10-08 09:10:42 Falha na extração
2021-10-08 09:10:42 Tentativa -> 03 | Pesquisa -> EA Access
2021-10-08 09:10:42 Falha na extração
2021-10-08 09:10:42 Tentativa -> 04 | Pesquisa -> EA Access
2021-10-08 09:10:42 Falha na extração
2021-10-08 09:10:42 Tentativa -> 05 | Pesquisa -> EA Access
2021-10-08 09:10:42 Falha na extração
2021-10-08 09:10:42 Tentativa -> 06 | Pesquisa -> EA Access
2021-10-08 09:10:43 Falha na extração
2021-10-08 09:10:43 Tentativa -> 07 | Pesquisa -> EA Access
2021-10-08 09:10:43 Falha na extração
2021-10-08 09:10:43 Tentativa -> 08 | Pesquisa -> EA Access
2021-10-08 09:10:43 Falha na extração
2021-10-08 09:10:43 Tentativa -> 09 | Pesquisa -> EA Access
2021-10-08 09:10:43 Falha na extração
2021-10-08 09:10:43 Tentativa -> 10 | Pesquisa -> EA Access
2021-10-08 09:10:43 Falha na extração
2021-10-08 09:10:43 Tentativa -> 01 | Pesquisa -> Playstation Now
2021-10-08 09:10:43 Falha na extração
2021-10-08 09:10:43 Tentativa -> 02 | Pesquisa -> Playstation Now
2021-10-08 09:10:44 Falha na extração
2021-10-08 09:10:44 Tentativa -> 03 | Pesquisa -> Playstation Now
2021-10-08 09:10:44 Falha na extração
2021-10-08 09:10:44 Tentativa -> 04 | Pesquisa -> Playstation Now
2021-10-08 09:10:44 Falha na extração
2021-10-08 09:10:44 Tentativa -> 05 | Pesquisa -> Playstation Now
2021-10-08 09:10:44 Falha na extração
2021-10-08 09:10:44 Tentativa -> 06 | Pesquisa -> Playstation Now
2021-10-08 09:10:44 Falha na extração
2021-10-08 09:10:44 Tentativa -> 07 | Pesquisa -> Playstation Now
2021-10-08 09:10:44 Falha na extração
2021-10-08 09:10:44 Tentativa -> 08 | Pesquisa -> Playstation Now
2021-10-08 09:10:44 Falha na extração
2021-10-08 09:10:44 Tentativa -> 09 | Pesquisa -> Playstation Now
2021-10-08 09:10:44 Falha na extração
2021-10-08 09:10:44 Tentativa -> 10 | Pesquisa -> Playstation Now
2021-10-08 09:10:44 Falha na extração
2021-10-08 09:10:44 Tentativa -> 01 | Pesquisa -> CD PROJEKT RED
2021-10-08 09:10:44 Falha na extração
2021-10-08 09:10:44 Tentativa -> 02 | Pesquisa -> CD PROJEKT RED
2021-10-08 09:10:45 Falha na extração
2021-10-08 09:10:45 Tentativa -> 03 | Pesquisa -> CD PROJEKT RED
2021-10-08 09:10:45 Falha na extração
2021-10-08 09:10:45 Tentativa -> 04 | Pesquisa -> CD PROJEKT RED
2021-10-08 09:10:45 Falha na extração
2021-10-08 09:10:45 Tentativa -> 05 | Pesquisa -> CD PROJEKT RED
2021-10-08 09:10:45 Falha na extração
2021-10-08 09:10:45 Tentativa -> 06 | Pesquisa -> CD PROJEKT RED
2021-10-08 09:10:45 Falha na extração
2021-10-08 09:10:45 Tentativa -> 07 | Pesquisa -> CD PROJEKT RED
2021-10-08 09:10:45 Falha na extração
2021-10-08 09:10:45 Tentativa -> 08 | Pesquisa -> CD PROJEKT RED
2021-10-08 09:10:45 Falha na extração
2021-10-08 09:10:45 Tentativa -> 09 | Pesquisa -> CD PROJEKT RED
2021-10-08 09:10:45 Falha na extração
2021-10-08 09:10:45 Tentativa -> 10 | Pesquisa -> CD PROJEKT RED
2021-10-08 09:10:45 Falha na extração
Foram removidas 4226 duplicidades
Foram coletados 4732 tweets
