2021-09-30 23:50:03 Tentativa -> 01 | Pesquisa -> Playstation
2021-09-30 23:50:03 Falha na extração
2021-09-30 23:50:03 Tentativa -> 02 | Pesquisa -> Playstation
2021-09-30 23:50:05 Falha na extração
2021-09-30 23:50:05 Tentativa -> 03 | Pesquisa -> Playstation
2021-09-30 23:50:08 Falha na extração
2021-09-30 23:50:08 Tentativa -> 04 | Pesquisa -> Playstation
2021-09-30 23:50:26 Falha na extração
2021-09-30 23:50:26 Tentativa -> 05 | Pesquisa -> Playstation
2021-09-30 23:50:26 Falha na extração
2021-09-30 23:50:26 Tentativa -> 06 | Pesquisa -> Playstation
2021-09-30 23:50:26 Falha na extração
2021-09-30 23:50:26 Tentativa -> 07 | Pesquisa -> Playstation
2021-09-30 23:50:26 Falha na extração
2021-09-30 23:50:26 Tentativa -> 08 | Pesquisa -> Playstation
2021-09-30 23:50:26 Falha na extração
2021-09-30 23:50:26 Tentativa -> 09 | Pesquisa -> Playstation
2021-09-30 23:50:26 Falha na extração
2021-09-30 23:50:26 Tentativa -> 10 | Pesquisa -> Playstation
2021-09-30 23:50:26 Falha na extração
2021-09-30 23:50:26 Tentativa -> 01 | Pesquisa -> Xbox
2021-09-30 23:50:26 Falha na extração
2021-09-30 23:50:26 Tentativa -> 02 | Pesquisa -> Xbox
2021-09-30 23:50:27 Falha na extração
2021-09-30 23:50:27 Tentativa -> 03 | Pesquisa -> Xbox
2021-09-30 23:50:27 Falha na extração
2021-09-30 23:50:27 Tentativa -> 04 | Pesquisa -> Xbox
2021-09-30 23:50:27 Falha na extração
2021-09-30 23:50:27 Tentativa -> 05 | Pesquisa -> Xbox
2021-09-30 23:50:27 Falha na extração
2021-09-30 23:50:27 Tentativa -> 06 | Pesquisa -> Xbox
2021-09-30 23:50:27 Falha na extração
2021-09-30 23:50:27 Tentativa -> 07 | Pesquisa -> Xbox
2021-09-30 23:50:27 Falha na extração
2021-09-30 23:50:27 Tentativa -> 08 | Pesquisa -> Xbox
2021-09-30 23:50:27 Falha na extração
2021-09-30 23:50:27 Tentativa -> 09 | Pesquisa -> Xbox
2021-09-30 23:50:27 Falha na extração
2021-09-30 23:50:27 Tentativa -> 10 | Pesquisa -> Xbox
2021-09-30 23:50:27 Falha na extração
2021-09-30 23:50:27 Tentativa -> 01 | Pesquisa -> Nintendo
2021-09-30 23:50:27 Falha na extração
2021-09-30 23:50:27 Tentativa -> 02 | Pesquisa -> Nintendo
2021-09-30 23:50:27 Falha na extração
2021-09-30 23:50:27 Tentativa -> 03 | Pesquisa -> Nintendo
2021-09-30 23:50:27 Falha na extração
2021-09-30 23:50:27 Tentativa -> 04 | Pesquisa -> Nintendo
2021-09-30 23:50:28 Falha na extração
2021-09-30 23:50:28 Tentativa -> 05 | Pesquisa -> Nintendo
2021-09-30 23:50:28 Falha na extração
2021-09-30 23:50:28 Tentativa -> 06 | Pesquisa -> Nintendo
2021-09-30 23:50:28 Falha na extração
2021-09-30 23:50:28 Tentativa -> 07 | Pesquisa -> Nintendo
2021-09-30 23:50:28 Falha na extração
2021-09-30 23:50:28 Tentativa -> 08 | Pesquisa -> Nintendo
2021-09-30 23:50:28 Falha na extração
2021-09-30 23:50:28 Tentativa -> 09 | Pesquisa -> Nintendo
2021-09-30 23:50:28 Falha na extração
2021-09-30 23:50:28 Tentativa -> 10 | Pesquisa -> Nintendo
2021-09-30 23:50:28 Falha na extração
2021-09-30 23:50:28 Tentativa -> 01 | Pesquisa -> Blizzard
2021-09-30 23:50:28 Falha na extração
2021-09-30 23:50:28 Tentativa -> 02 | Pesquisa -> Blizzard
2021-09-30 23:50:28 Falha na extração
2021-09-30 23:50:28 Tentativa -> 03 | Pesquisa -> Blizzard
2021-09-30 23:50:29 Falha na extração
2021-09-30 23:50:29 Tentativa -> 04 | Pesquisa -> Blizzard
2021-09-30 23:50:29 Falha na extração
2021-09-30 23:50:29 Tentativa -> 05 | Pesquisa -> Blizzard
2021-09-30 23:50:29 Falha na extração
2021-09-30 23:50:29 Tentativa -> 06 | Pesquisa -> Blizzard
2021-09-30 23:50:29 Falha na extração
2021-09-30 23:50:29 Tentativa -> 07 | Pesquisa -> Blizzard
2021-09-30 23:50:29 Falha na extração
2021-09-30 23:50:29 Tentativa -> 08 | Pesquisa -> Blizzard
2021-09-30 23:50:29 Falha na extração
2021-09-30 23:50:29 Tentativa -> 09 | Pesquisa -> Blizzard
2021-09-30 23:50:29 Falha na extração
2021-09-30 23:50:29 Tentativa -> 10 | Pesquisa -> Blizzard
2021-09-30 23:50:29 Falha na extração
2021-09-30 23:50:29 Tentativa -> 01 | Pesquisa -> Activision
2021-09-30 23:50:29 Falha na extração
2021-09-30 23:50:29 Tentativa -> 02 | Pesquisa -> Activision
2021-09-30 23:50:29 Falha na extração
2021-09-30 23:50:29 Tentativa -> 03 | Pesquisa -> Activision
2021-09-30 23:50:29 Falha na extração
2021-09-30 23:50:29 Tentativa -> 04 | Pesquisa -> Activision
2021-09-30 23:50:30 Falha na extração
2021-09-30 23:50:30 Tentativa -> 05 | Pesquisa -> Activision
2021-09-30 23:50:30 Falha na extração
2021-09-30 23:50:30 Tentativa -> 06 | Pesquisa -> Activision
2021-09-30 23:50:30 Falha na extração
2021-09-30 23:50:30 Tentativa -> 07 | Pesquisa -> Activision
2021-09-30 23:50:30 Falha na extração
2021-09-30 23:50:30 Tentativa -> 08 | Pesquisa -> Activision
2021-09-30 23:50:30 Falha na extração
2021-09-30 23:50:30 Tentativa -> 09 | Pesquisa -> Activision
2021-09-30 23:50:30 Falha na extração
2021-09-30 23:50:30 Tentativa -> 10 | Pesquisa -> Activision
2021-09-30 23:50:30 Falha na extração
2021-09-30 23:50:30 Tentativa -> 01 | Pesquisa -> Naughty Dog
2021-09-30 23:50:30 Falha na extração
2021-09-30 23:50:30 Tentativa -> 02 | Pesquisa -> Naughty Dog
2021-09-30 23:50:30 Falha na extração
2021-09-30 23:50:30 Tentativa -> 03 | Pesquisa -> Naughty Dog
2021-09-30 23:50:30 Falha na extração
2021-09-30 23:50:30 Tentativa -> 04 | Pesquisa -> Naughty Dog
2021-09-30 23:50:31 Falha na extração
2021-09-30 23:50:31 Tentativa -> 05 | Pesquisa -> Naughty Dog
2021-09-30 23:50:31 Falha na extração
2021-09-30 23:50:31 Tentativa -> 06 | Pesquisa -> Naughty Dog
2021-09-30 23:50:31 Falha na extração
2021-09-30 23:50:31 Tentativa -> 07 | Pesquisa -> Naughty Dog
2021-09-30 23:50:31 Falha na extração
2021-09-30 23:50:31 Tentativa -> 08 | Pesquisa -> Naughty Dog
2021-09-30 23:50:31 Falha na extração
2021-09-30 23:50:31 Tentativa -> 09 | Pesquisa -> Naughty Dog
2021-09-30 23:50:31 Falha na extração
2021-09-30 23:50:31 Tentativa -> 10 | Pesquisa -> Naughty Dog
2021-09-30 23:50:31 Falha na extração
2021-09-30 23:50:31 Tentativa -> 01 | Pesquisa -> EA
2021-09-30 23:50:31 Falha na extração
2021-09-30 23:50:31 Tentativa -> 02 | Pesquisa -> EA
2021-09-30 23:50:31 Falha na extração
2021-09-30 23:50:31 Tentativa -> 03 | Pesquisa -> EA
2021-09-30 23:50:31 Falha na extração
2021-09-30 23:50:31 Tentativa -> 04 | Pesquisa -> EA
2021-09-30 23:50:31 Falha na extração
2021-09-30 23:50:31 Tentativa -> 05 | Pesquisa -> EA
2021-09-30 23:50:32 Falha na extração
2021-09-30 23:50:32 Tentativa -> 06 | Pesquisa -> EA
2021-09-30 23:50:32 Falha na extração
2021-09-30 23:50:32 Tentativa -> 07 | Pesquisa -> EA
2021-09-30 23:50:32 Falha na extração
2021-09-30 23:50:32 Tentativa -> 08 | Pesquisa -> EA
2021-09-30 23:50:32 Falha na extração
2021-09-30 23:50:32 Tentativa -> 09 | Pesquisa -> EA
2021-09-30 23:50:32 Falha na extração
2021-09-30 23:50:32 Tentativa -> 10 | Pesquisa -> EA
2021-09-30 23:50:32 Falha na extração
2021-09-30 23:50:32 Tentativa -> 01 | Pesquisa -> Konami
2021-09-30 23:50:32 Falha na extração
2021-09-30 23:50:32 Tentativa -> 02 | Pesquisa -> Konami
2021-09-30 23:50:32 Falha na extração
2021-09-30 23:50:32 Tentativa -> 03 | Pesquisa -> Konami
2021-09-30 23:50:32 Falha na extração
2021-09-30 23:50:32 Tentativa -> 04 | Pesquisa -> Konami
2021-09-30 23:50:32 Falha na extração
2021-09-30 23:50:32 Tentativa -> 05 | Pesquisa -> Konami
2021-09-30 23:50:32 Falha na extração
2021-09-30 23:50:32 Tentativa -> 06 | Pesquisa -> Konami
2021-09-30 23:50:33 Falha na extração
2021-09-30 23:50:33 Tentativa -> 07 | Pesquisa -> Konami
2021-09-30 23:50:33 Falha na extração
2021-09-30 23:50:33 Tentativa -> 08 | Pesquisa -> Konami
2021-09-30 23:50:33 Falha na extração
2021-09-30 23:50:33 Tentativa -> 09 | Pesquisa -> Konami
2021-09-30 23:50:33 Falha na extração
2021-09-30 23:50:33 Tentativa -> 10 | Pesquisa -> Konami
2021-09-30 23:50:33 Falha na extração
2021-09-30 23:50:33 Tentativa -> 01 | Pesquisa -> Capcom
2021-09-30 23:50:33 Falha na extração
2021-09-30 23:50:33 Tentativa -> 02 | Pesquisa -> Capcom
2021-09-30 23:50:33 Falha na extração
2021-09-30 23:50:33 Tentativa -> 03 | Pesquisa -> Capcom
2021-09-30 23:50:33 Falha na extração
2021-09-30 23:50:33 Tentativa -> 04 | Pesquisa -> Capcom
2021-09-30 23:50:33 Falha na extração
2021-09-30 23:50:33 Tentativa -> 05 | Pesquisa -> Capcom
2021-09-30 23:50:33 Falha na extração
2021-09-30 23:50:33 Tentativa -> 06 | Pesquisa -> Capcom
2021-09-30 23:50:33 Falha na extração
2021-09-30 23:50:33 Tentativa -> 07 | Pesquisa -> Capcom
2021-09-30 23:50:33 Falha na extração
2021-09-30 23:50:33 Tentativa -> 08 | Pesquisa -> Capcom
2021-09-30 23:50:34 Falha na extração
2021-09-30 23:50:34 Tentativa -> 09 | Pesquisa -> Capcom
2021-09-30 23:50:34 Falha na extração
2021-09-30 23:50:34 Tentativa -> 10 | Pesquisa -> Capcom
2021-09-30 23:50:34 Falha na extração
2021-09-30 23:50:34 Tentativa -> 01 | Pesquisa -> Nintendo Switch Online
2021-09-30 23:50:34 Falha na extração
2021-09-30 23:50:34 Tentativa -> 02 | Pesquisa -> Nintendo Switch Online
2021-09-30 23:50:34 Falha na extração
2021-09-30 23:50:34 Tentativa -> 03 | Pesquisa -> Nintendo Switch Online
2021-09-30 23:50:34 Falha na extração
2021-09-30 23:50:34 Tentativa -> 04 | Pesquisa -> Nintendo Switch Online
2021-09-30 23:50:34 Falha na extração
2021-09-30 23:50:34 Tentativa -> 05 | Pesquisa -> Nintendo Switch Online
2021-09-30 23:50:34 Falha na extração
2021-09-30 23:50:34 Tentativa -> 06 | Pesquisa -> Nintendo Switch Online
2021-09-30 23:50:34 Falha na extração
2021-09-30 23:50:34 Tentativa -> 07 | Pesquisa -> Nintendo Switch Online
2021-09-30 23:50:34 Falha na extração
2021-09-30 23:50:34 Tentativa -> 08 | Pesquisa -> Nintendo Switch Online
2021-09-30 23:50:35 Falha na extração
2021-09-30 23:50:35 Tentativa -> 09 | Pesquisa -> Nintendo Switch Online
2021-09-30 23:50:35 Falha na extração
2021-09-30 23:50:35 Tentativa -> 10 | Pesquisa -> Nintendo Switch Online
2021-09-30 23:50:35 Falha na extração
2021-09-30 23:50:35 Tentativa -> 01 | Pesquisa -> Gamepass
2021-09-30 23:50:35 Falha na extração
2021-09-30 23:50:35 Tentativa -> 02 | Pesquisa -> Gamepass
2021-09-30 23:50:35 Falha na extração
2021-09-30 23:50:35 Tentativa -> 03 | Pesquisa -> Gamepass
2021-09-30 23:50:35 Falha na extração
2021-09-30 23:50:35 Tentativa -> 04 | Pesquisa -> Gamepass
2021-09-30 23:50:35 Falha na extração
2021-09-30 23:50:35 Tentativa -> 05 | Pesquisa -> Gamepass
2021-09-30 23:50:35 Falha na extração
2021-09-30 23:50:35 Tentativa -> 06 | Pesquisa -> Gamepass
2021-09-30 23:50:35 Falha na extração
2021-09-30 23:50:35 Tentativa -> 07 | Pesquisa -> Gamepass
2021-09-30 23:50:35 Falha na extração
2021-09-30 23:50:35 Tentativa -> 08 | Pesquisa -> Gamepass
2021-09-30 23:50:35 Falha na extração
2021-09-30 23:50:35 Tentativa -> 09 | Pesquisa -> Gamepass
2021-09-30 23:50:36 Falha na extração
2021-09-30 23:50:36 Tentativa -> 10 | Pesquisa -> Gamepass
2021-09-30 23:50:36 Falha na extração
2021-09-30 23:50:36 Tentativa -> 01 | Pesquisa -> EA Access
2021-09-30 23:50:36 Falha na extração
2021-09-30 23:50:36 Tentativa -> 02 | Pesquisa -> EA Access
2021-09-30 23:50:36 Falha na extração
2021-09-30 23:50:36 Tentativa -> 03 | Pesquisa -> EA Access
2021-09-30 23:50:36 Falha na extração
2021-09-30 23:50:36 Tentativa -> 04 | Pesquisa -> EA Access
2021-09-30 23:50:36 Falha na extração
2021-09-30 23:50:36 Tentativa -> 05 | Pesquisa -> EA Access
2021-09-30 23:50:36 Falha na extração
2021-09-30 23:50:36 Tentativa -> 06 | Pesquisa -> EA Access
2021-09-30 23:50:36 Falha na extração
2021-09-30 23:50:36 Tentativa -> 07 | Pesquisa -> EA Access
2021-09-30 23:50:36 Falha na extração
2021-09-30 23:50:36 Tentativa -> 08 | Pesquisa -> EA Access
2021-09-30 23:50:36 Falha na extração
2021-09-30 23:50:36 Tentativa -> 09 | Pesquisa -> EA Access
2021-09-30 23:50:36 Falha na extração
2021-09-30 23:50:36 Tentativa -> 10 | Pesquisa -> EA Access
2021-09-30 23:50:37 Falha na extração
2021-09-30 23:50:37 Tentativa -> 01 | Pesquisa -> Playstation Now
2021-09-30 23:50:37 Falha na extração
2021-09-30 23:50:37 Tentativa -> 02 | Pesquisa -> Playstation Now
2021-09-30 23:50:37 Falha na extração
2021-09-30 23:50:37 Tentativa -> 03 | Pesquisa -> Playstation Now
2021-09-30 23:50:37 Falha na extração
2021-09-30 23:50:37 Tentativa -> 04 | Pesquisa -> Playstation Now
2021-09-30 23:50:37 Falha na extração
2021-09-30 23:50:37 Tentativa -> 05 | Pesquisa -> Playstation Now
2021-09-30 23:50:37 Falha na extração
2021-09-30 23:50:37 Tentativa -> 06 | Pesquisa -> Playstation Now
2021-09-30 23:50:37 Falha na extração
2021-09-30 23:50:37 Tentativa -> 07 | Pesquisa -> Playstation Now
2021-09-30 23:50:37 Falha na extração
2021-09-30 23:50:37 Tentativa -> 08 | Pesquisa -> Playstation Now
2021-09-30 23:50:37 Falha na extração
2021-09-30 23:50:37 Tentativa -> 09 | Pesquisa -> Playstation Now
2021-09-30 23:50:37 Falha na extração
2021-09-30 23:50:37 Tentativa -> 10 | Pesquisa -> Playstation Now
2021-09-30 23:50:37 Falha na extração
2021-09-30 23:50:37 Tentativa -> 01 | Pesquisa -> CD PROJEKT RED
2021-09-30 23:50:38 Falha na extração
2021-09-30 23:50:38 Tentativa -> 02 | Pesquisa -> CD PROJEKT RED
2021-09-30 23:50:38 Falha na extração
2021-09-30 23:50:38 Tentativa -> 03 | Pesquisa -> CD PROJEKT RED
2021-09-30 23:50:38 Falha na extração
2021-09-30 23:50:38 Tentativa -> 04 | Pesquisa -> CD PROJEKT RED
2021-09-30 23:50:38 Falha na extração
2021-09-30 23:50:38 Tentativa -> 05 | Pesquisa -> CD PROJEKT RED
2021-09-30 23:50:38 Falha na extração
2021-09-30 23:50:38 Tentativa -> 06 | Pesquisa -> CD PROJEKT RED
2021-09-30 23:50:38 Falha na extração
2021-09-30 23:50:38 Tentativa -> 07 | Pesquisa -> CD PROJEKT RED
2021-09-30 23:50:38 Falha na extração
2021-09-30 23:50:38 Tentativa -> 08 | Pesquisa -> CD PROJEKT RED
2021-09-30 23:50:38 Falha na extração
2021-09-30 23:50:38 Tentativa -> 09 | Pesquisa -> CD PROJEKT RED
2021-09-30 23:50:38 Falha na extração
2021-09-30 23:50:38 Tentativa -> 10 | Pesquisa -> CD PROJEKT RED
2021-09-30 23:50:38 Falha na extração
