2021-11-06 04:00:03 Tentativa -> 01 | Pesquisa -> Playstation
2021-11-06 04:00:41 Extração realizada
2021-11-06 04:00:41 Tentativa -> 01 | Pesquisa -> Xbox
2021-11-06 04:00:41 Falha na extração
2021-11-06 04:00:41 Tentativa -> 02 | Pesquisa -> Xbox
2021-11-06 04:00:41 Falha na extração
2021-11-06 04:00:41 Tentativa -> 03 | Pesquisa -> Xbox
2021-11-06 04:00:42 Falha na extração
2021-11-06 04:00:42 Tentativa -> 04 | Pesquisa -> Xbox
2021-11-06 04:00:42 Falha na extração
2021-11-06 04:00:42 Tentativa -> 05 | Pesquisa -> Xbox
2021-11-06 04:00:42 Falha na extração
2021-11-06 04:00:42 Tentativa -> 06 | Pesquisa -> Xbox
2021-11-06 04:00:42 Falha na extração
2021-11-06 04:00:42 Tentativa -> 07 | Pesquisa -> Xbox
2021-11-06 04:00:43 Falha na extração
2021-11-06 04:00:43 Tentativa -> 08 | Pesquisa -> Xbox
2021-11-06 04:00:43 Falha na extração
2021-11-06 04:00:43 Tentativa -> 09 | Pesquisa -> Xbox
2021-11-06 04:00:43 Falha na extração
2021-11-06 04:00:43 Tentativa -> 10 | Pesquisa -> Xbox
2021-11-06 04:00:44 Falha na extração
2021-11-06 04:00:44 Tentativa -> 01 | Pesquisa -> Nintendo
2021-11-06 04:00:44 Falha na extração
2021-11-06 04:00:44 Tentativa -> 02 | Pesquisa -> Nintendo
2021-11-06 04:00:44 Falha na extração
2021-11-06 04:00:44 Tentativa -> 03 | Pesquisa -> Nintendo
2021-11-06 04:00:44 Falha na extração
2021-11-06 04:00:44 Tentativa -> 04 | Pesquisa -> Nintendo
2021-11-06 04:00:45 Falha na extração
2021-11-06 04:00:45 Tentativa -> 05 | Pesquisa -> Nintendo
2021-11-06 04:00:45 Falha na extração
2021-11-06 04:00:45 Tentativa -> 06 | Pesquisa -> Nintendo
2021-11-06 04:00:45 Falha na extração
2021-11-06 04:00:45 Tentativa -> 07 | Pesquisa -> Nintendo
2021-11-06 04:00:45 Falha na extração
2021-11-06 04:00:45 Tentativa -> 08 | Pesquisa -> Nintendo
2021-11-06 04:00:46 Falha na extração
2021-11-06 04:00:46 Tentativa -> 09 | Pesquisa -> Nintendo
2021-11-06 04:00:46 Falha na extração
2021-11-06 04:00:46 Tentativa -> 10 | Pesquisa -> Nintendo
2021-11-06 04:00:46 Falha na extração
2021-11-06 04:00:46 Tentativa -> 01 | Pesquisa -> Blizzard
2021-11-06 04:00:46 Falha na extração
2021-11-06 04:00:46 Tentativa -> 02 | Pesquisa -> Blizzard
2021-11-06 04:00:47 Falha na extração
2021-11-06 04:00:47 Tentativa -> 03 | Pesquisa -> Blizzard
2021-11-06 04:00:47 Falha na extração
2021-11-06 04:00:47 Tentativa -> 04 | Pesquisa -> Blizzard
2021-11-06 04:00:47 Falha na extração
2021-11-06 04:00:47 Tentativa -> 05 | Pesquisa -> Blizzard
2021-11-06 04:00:48 Falha na extração
2021-11-06 04:00:48 Tentativa -> 06 | Pesquisa -> Blizzard
2021-11-06 04:00:48 Falha na extração
2021-11-06 04:00:48 Tentativa -> 07 | Pesquisa -> Blizzard
2021-11-06 04:00:48 Falha na extração
2021-11-06 04:00:48 Tentativa -> 08 | Pesquisa -> Blizzard
2021-11-06 04:00:48 Falha na extração
2021-11-06 04:00:48 Tentativa -> 09 | Pesquisa -> Blizzard
2021-11-06 04:00:49 Falha na extração
2021-11-06 04:00:49 Tentativa -> 10 | Pesquisa -> Blizzard
2021-11-06 04:00:49 Falha na extração
2021-11-06 04:00:49 Tentativa -> 01 | Pesquisa -> Activision
2021-11-06 04:00:49 Falha na extração
2021-11-06 04:00:49 Tentativa -> 02 | Pesquisa -> Activision
2021-11-06 04:00:49 Falha na extração
2021-11-06 04:00:49 Tentativa -> 03 | Pesquisa -> Activision
2021-11-06 04:00:50 Falha na extração
2021-11-06 04:00:50 Tentativa -> 04 | Pesquisa -> Activision
2021-11-06 04:00:50 Falha na extração
2021-11-06 04:00:50 Tentativa -> 05 | Pesquisa -> Activision
2021-11-06 04:00:50 Falha na extração
2021-11-06 04:00:50 Tentativa -> 06 | Pesquisa -> Activision
2021-11-06 04:00:50 Falha na extração
2021-11-06 04:00:50 Tentativa -> 07 | Pesquisa -> Activision
2021-11-06 04:00:51 Falha na extração
2021-11-06 04:00:51 Tentativa -> 08 | Pesquisa -> Activision
2021-11-06 04:00:51 Falha na extração
2021-11-06 04:00:51 Tentativa -> 09 | Pesquisa -> Activision
2021-11-06 04:00:51 Falha na extração
2021-11-06 04:00:51 Tentativa -> 10 | Pesquisa -> Activision
2021-11-06 04:00:51 Falha na extração
2021-11-06 04:00:51 Tentativa -> 01 | Pesquisa -> Naughty Dog
2021-11-06 04:00:51 Falha na extração
2021-11-06 04:00:51 Tentativa -> 02 | Pesquisa -> Naughty Dog
2021-11-06 04:00:51 Falha na extração
2021-11-06 04:00:51 Tentativa -> 03 | Pesquisa -> Naughty Dog
2021-11-06 04:00:51 Falha na extração
2021-11-06 04:00:51 Tentativa -> 04 | Pesquisa -> Naughty Dog
2021-11-06 04:00:52 Falha na extração
2021-11-06 04:00:52 Tentativa -> 05 | Pesquisa -> Naughty Dog
2021-11-06 04:00:52 Falha na extração
2021-11-06 04:00:52 Tentativa -> 06 | Pesquisa -> Naughty Dog
2021-11-06 04:00:52 Falha na extração
2021-11-06 04:00:52 Tentativa -> 07 | Pesquisa -> Naughty Dog
2021-11-06 04:00:52 Falha na extração
2021-11-06 04:00:52 Tentativa -> 08 | Pesquisa -> Naughty Dog
2021-11-06 04:00:52 Falha na extração
2021-11-06 04:00:52 Tentativa -> 09 | Pesquisa -> Naughty Dog
2021-11-06 04:00:52 Falha na extração
2021-11-06 04:00:52 Tentativa -> 10 | Pesquisa -> Naughty Dog
2021-11-06 04:00:52 Falha na extração
2021-11-06 04:00:52 Tentativa -> 01 | Pesquisa -> EA
2021-11-06 04:00:53 Falha na extração
2021-11-06 04:00:53 Tentativa -> 02 | Pesquisa -> EA
2021-11-06 04:00:53 Falha na extração
2021-11-06 04:00:53 Tentativa -> 03 | Pesquisa -> EA
2021-11-06 04:00:53 Falha na extração
2021-11-06 04:00:53 Tentativa -> 04 | Pesquisa -> EA
2021-11-06 04:00:53 Falha na extração
2021-11-06 04:00:53 Tentativa -> 05 | Pesquisa -> EA
2021-11-06 04:00:53 Falha na extração
2021-11-06 04:00:53 Tentativa -> 06 | Pesquisa -> EA
2021-11-06 04:00:53 Falha na extração
2021-11-06 04:00:53 Tentativa -> 07 | Pesquisa -> EA
2021-11-06 04:00:53 Falha na extração
2021-11-06 04:00:53 Tentativa -> 08 | Pesquisa -> EA
2021-11-06 04:00:53 Falha na extração
2021-11-06 04:00:53 Tentativa -> 09 | Pesquisa -> EA
2021-11-06 04:00:54 Falha na extração
2021-11-06 04:00:54 Tentativa -> 10 | Pesquisa -> EA
2021-11-06 04:00:54 Falha na extração
2021-11-06 04:00:54 Tentativa -> 01 | Pesquisa -> Konami
2021-11-06 04:00:54 Falha na extração
2021-11-06 04:00:54 Tentativa -> 02 | Pesquisa -> Konami
2021-11-06 04:00:54 Falha na extração
2021-11-06 04:00:54 Tentativa -> 03 | Pesquisa -> Konami
2021-11-06 04:00:54 Falha na extração
2021-11-06 04:00:54 Tentativa -> 04 | Pesquisa -> Konami
2021-11-06 04:00:54 Falha na extração
2021-11-06 04:00:54 Tentativa -> 05 | Pesquisa -> Konami
2021-11-06 04:00:54 Falha na extração
2021-11-06 04:00:54 Tentativa -> 06 | Pesquisa -> Konami
2021-11-06 04:00:55 Falha na extração
2021-11-06 04:00:55 Tentativa -> 07 | Pesquisa -> Konami
2021-11-06 04:00:55 Falha na extração
2021-11-06 04:00:55 Tentativa -> 08 | Pesquisa -> Konami
2021-11-06 04:00:55 Falha na extração
2021-11-06 04:00:55 Tentativa -> 09 | Pesquisa -> Konami
2021-11-06 04:00:55 Falha na extração
2021-11-06 04:00:55 Tentativa -> 10 | Pesquisa -> Konami
2021-11-06 04:00:55 Falha na extração
2021-11-06 04:00:55 Tentativa -> 01 | Pesquisa -> Capcom
2021-11-06 04:00:55 Falha na extração
2021-11-06 04:00:55 Tentativa -> 02 | Pesquisa -> Capcom
2021-11-06 04:00:55 Falha na extração
2021-11-06 04:00:55 Tentativa -> 03 | Pesquisa -> Capcom
2021-11-06 04:00:55 Falha na extração
2021-11-06 04:00:55 Tentativa -> 04 | Pesquisa -> Capcom
2021-11-06 04:00:56 Falha na extração
2021-11-06 04:00:56 Tentativa -> 05 | Pesquisa -> Capcom
2021-11-06 04:00:56 Falha na extração
2021-11-06 04:00:56 Tentativa -> 06 | Pesquisa -> Capcom
2021-11-06 04:00:56 Falha na extração
2021-11-06 04:00:56 Tentativa -> 07 | Pesquisa -> Capcom
2021-11-06 04:00:56 Falha na extração
2021-11-06 04:00:56 Tentativa -> 08 | Pesquisa -> Capcom
2021-11-06 04:00:56 Falha na extração
2021-11-06 04:00:56 Tentativa -> 09 | Pesquisa -> Capcom
2021-11-06 04:00:56 Falha na extração
2021-11-06 04:00:56 Tentativa -> 10 | Pesquisa -> Capcom
2021-11-06 04:00:56 Falha na extração
2021-11-06 04:00:56 Tentativa -> 01 | Pesquisa -> Nintendo Switch Online
2021-11-06 04:00:56 Falha na extração
2021-11-06 04:00:56 Tentativa -> 02 | Pesquisa -> Nintendo Switch Online
2021-11-06 04:00:57 Falha na extração
2021-11-06 04:00:57 Tentativa -> 03 | Pesquisa -> Nintendo Switch Online
2021-11-06 04:00:57 Falha na extração
2021-11-06 04:00:57 Tentativa -> 04 | Pesquisa -> Nintendo Switch Online
2021-11-06 04:00:57 Falha na extração
2021-11-06 04:00:57 Tentativa -> 05 | Pesquisa -> Nintendo Switch Online
2021-11-06 04:00:57 Falha na extração
2021-11-06 04:00:57 Tentativa -> 06 | Pesquisa -> Nintendo Switch Online
2021-11-06 04:00:57 Falha na extração
2021-11-06 04:00:57 Tentativa -> 07 | Pesquisa -> Nintendo Switch Online
2021-11-06 04:00:57 Falha na extração
2021-11-06 04:00:57 Tentativa -> 08 | Pesquisa -> Nintendo Switch Online
2021-11-06 04:00:57 Falha na extração
2021-11-06 04:00:57 Tentativa -> 09 | Pesquisa -> Nintendo Switch Online
2021-11-06 04:00:58 Falha na extração
2021-11-06 04:00:58 Tentativa -> 10 | Pesquisa -> Nintendo Switch Online
2021-11-06 04:00:58 Falha na extração
2021-11-06 04:00:58 Tentativa -> 01 | Pesquisa -> Gamepass
2021-11-06 04:00:58 Falha na extração
2021-11-06 04:00:58 Tentativa -> 02 | Pesquisa -> Gamepass
2021-11-06 04:00:58 Falha na extração
2021-11-06 04:00:58 Tentativa -> 03 | Pesquisa -> Gamepass
2021-11-06 04:00:58 Falha na extração
2021-11-06 04:00:58 Tentativa -> 04 | Pesquisa -> Gamepass
2021-11-06 04:00:58 Falha na extração
2021-11-06 04:00:58 Tentativa -> 05 | Pesquisa -> Gamepass
2021-11-06 04:00:58 Falha na extração
2021-11-06 04:00:58 Tentativa -> 06 | Pesquisa -> Gamepass
2021-11-06 04:00:58 Falha na extração
2021-11-06 04:00:58 Tentativa -> 07 | Pesquisa -> Gamepass
2021-11-06 04:00:59 Falha na extração
2021-11-06 04:00:59 Tentativa -> 08 | Pesquisa -> Gamepass
2021-11-06 04:00:59 Falha na extração
2021-11-06 04:00:59 Tentativa -> 09 | Pesquisa -> Gamepass
2021-11-06 04:00:59 Falha na extração
2021-11-06 04:00:59 Tentativa -> 10 | Pesquisa -> Gamepass
2021-11-06 04:00:59 Falha na extração
2021-11-06 04:00:59 Tentativa -> 01 | Pesquisa -> EA Access
2021-11-06 04:00:59 Falha na extração
2021-11-06 04:00:59 Tentativa -> 02 | Pesquisa -> EA Access
2021-11-06 04:00:59 Falha na extração
2021-11-06 04:00:59 Tentativa -> 03 | Pesquisa -> EA Access
2021-11-06 04:00:59 Falha na extração
2021-11-06 04:00:59 Tentativa -> 04 | Pesquisa -> EA Access
2021-11-06 04:00:59 Falha na extração
2021-11-06 04:00:59 Tentativa -> 05 | Pesquisa -> EA Access
2021-11-06 04:01:00 Falha na extração
2021-11-06 04:01:00 Tentativa -> 06 | Pesquisa -> EA Access
2021-11-06 04:01:00 Falha na extração
2021-11-06 04:01:00 Tentativa -> 07 | Pesquisa -> EA Access
2021-11-06 04:01:00 Falha na extração
2021-11-06 04:01:00 Tentativa -> 08 | Pesquisa -> EA Access
2021-11-06 04:01:00 Falha na extração
2021-11-06 04:01:00 Tentativa -> 09 | Pesquisa -> EA Access
2021-11-06 04:01:00 Falha na extração
2021-11-06 04:01:00 Tentativa -> 10 | Pesquisa -> EA Access
2021-11-06 04:01:00 Falha na extração
2021-11-06 04:01:00 Tentativa -> 01 | Pesquisa -> Playstation Now
2021-11-06 04:01:00 Falha na extração
2021-11-06 04:01:00 Tentativa -> 02 | Pesquisa -> Playstation Now
2021-11-06 04:01:00 Falha na extração
2021-11-06 04:01:00 Tentativa -> 03 | Pesquisa -> Playstation Now
2021-11-06 04:01:01 Falha na extração
2021-11-06 04:01:01 Tentativa -> 04 | Pesquisa -> Playstation Now
2021-11-06 04:01:01 Falha na extração
2021-11-06 04:01:01 Tentativa -> 05 | Pesquisa -> Playstation Now
2021-11-06 04:01:01 Falha na extração
2021-11-06 04:01:01 Tentativa -> 06 | Pesquisa -> Playstation Now
2021-11-06 04:01:01 Falha na extração
2021-11-06 04:01:01 Tentativa -> 07 | Pesquisa -> Playstation Now
2021-11-06 04:01:01 Falha na extração
2021-11-06 04:01:01 Tentativa -> 08 | Pesquisa -> Playstation Now
2021-11-06 04:01:01 Falha na extração
2021-11-06 04:01:01 Tentativa -> 09 | Pesquisa -> Playstation Now
2021-11-06 04:01:01 Falha na extração
2021-11-06 04:01:01 Tentativa -> 10 | Pesquisa -> Playstation Now
2021-11-06 04:01:02 Falha na extração
2021-11-06 04:01:02 Tentativa -> 01 | Pesquisa -> CD PROJEKT RED
2021-11-06 04:01:02 Falha na extração
2021-11-06 04:01:02 Tentativa -> 02 | Pesquisa -> CD PROJEKT RED
2021-11-06 04:01:02 Falha na extração
2021-11-06 04:01:02 Tentativa -> 03 | Pesquisa -> CD PROJEKT RED
2021-11-06 04:01:02 Falha na extração
2021-11-06 04:01:02 Tentativa -> 04 | Pesquisa -> CD PROJEKT RED
2021-11-06 04:01:02 Falha na extração
2021-11-06 04:01:02 Tentativa -> 05 | Pesquisa -> CD PROJEKT RED
2021-11-06 04:01:02 Falha na extração
2021-11-06 04:01:02 Tentativa -> 06 | Pesquisa -> CD PROJEKT RED
2021-11-06 04:01:02 Falha na extração
2021-11-06 04:01:02 Tentativa -> 07 | Pesquisa -> CD PROJEKT RED
2021-11-06 04:01:02 Falha na extração
2021-11-06 04:01:02 Tentativa -> 08 | Pesquisa -> CD PROJEKT RED
2021-11-06 04:01:03 Falha na extração
2021-11-06 04:01:03 Tentativa -> 09 | Pesquisa -> CD PROJEKT RED
2021-11-06 04:01:03 Falha na extração
2021-11-06 04:01:03 Tentativa -> 10 | Pesquisa -> CD PROJEKT RED
2021-11-06 04:01:03 Falha na extração
Foram removidas 3749 duplicidades
Foram coletados 5251 tweets
