2021-10-03 03:20:04 Tentativa -> 01 | Pesquisa -> Playstation
2021-10-03 03:25:06 Falha na extração
2021-10-03 03:25:07 Tentativa -> 02 | Pesquisa -> Playstation
2021-10-03 03:25:17 Falha na extração
2021-10-03 03:25:17 Tentativa -> 03 | Pesquisa -> Playstation
2021-10-03 03:25:52 Falha na extração
2021-10-03 03:25:53 Tentativa -> 04 | Pesquisa -> Playstation
2021-10-03 03:26:09 Falha na extração
2021-10-03 03:26:09 Tentativa -> 05 | Pesquisa -> Playstation
2021-10-03 03:26:21 Falha na extração
2021-10-03 03:26:21 Tentativa -> 06 | Pesquisa -> Playstation
2021-10-03 03:26:33 Falha na extração
2021-10-03 03:26:33 Tentativa -> 07 | Pesquisa -> Playstation
2021-10-03 03:26:45 Falha na extração
2021-10-03 03:26:45 Tentativa -> 08 | Pesquisa -> Playstation
2021-10-03 03:26:56 Falha na extração
2021-10-03 03:26:56 Tentativa -> 09 | Pesquisa -> Playstation
2021-10-03 03:27:11 Falha na extração
2021-10-03 03:27:11 Tentativa -> 10 | Pesquisa -> Playstation
2021-10-03 03:27:24 Falha na extração
2021-10-03 03:27:24 Tentativa -> 01 | Pesquisa -> Xbox
2021-10-03 03:27:35 Falha na extração
2021-10-03 03:27:35 Tentativa -> 02 | Pesquisa -> Xbox
2021-10-03 03:27:48 Falha na extração
2021-10-03 03:27:48 Tentativa -> 03 | Pesquisa -> Xbox
2021-10-03 03:28:04 Falha na extração
2021-10-03 03:28:04 Tentativa -> 04 | Pesquisa -> Xbox
2021-10-03 03:28:17 Falha na extração
2021-10-03 03:28:17 Tentativa -> 05 | Pesquisa -> Xbox
2021-10-03 03:28:34 Falha na extração
2021-10-03 03:28:35 Tentativa -> 06 | Pesquisa -> Xbox
2021-10-03 03:28:48 Falha na extração
2021-10-03 03:28:48 Tentativa -> 07 | Pesquisa -> Xbox
2021-10-03 03:29:01 Falha na extração
2021-10-03 03:29:01 Tentativa -> 08 | Pesquisa -> Xbox
2021-10-03 03:29:15 Falha na extração
2021-10-03 03:29:15 Tentativa -> 09 | Pesquisa -> Xbox
2021-10-03 03:29:28 Falha na extração
2021-10-03 03:29:29 Tentativa -> 10 | Pesquisa -> Xbox
2021-10-03 03:30:21 Extração realizada
2021-10-03 03:30:21 Tentativa -> 01 | Pesquisa -> Nintendo
2021-10-03 03:30:23 Extração realizada
2021-10-03 03:30:23 Tentativa -> 01 | Pesquisa -> Blizzard
2021-10-03 03:30:24 Falha na extração
2021-10-03 03:30:24 Tentativa -> 02 | Pesquisa -> Blizzard
2021-10-03 03:30:24 Falha na extração
2021-10-03 03:30:24 Tentativa -> 03 | Pesquisa -> Blizzard
2021-10-03 03:30:24 Falha na extração
2021-10-03 03:30:24 Tentativa -> 04 | Pesquisa -> Blizzard
2021-10-03 03:30:24 Falha na extração
2021-10-03 03:30:24 Tentativa -> 05 | Pesquisa -> Blizzard
2021-10-03 03:30:25 Falha na extração
2021-10-03 03:30:25 Tentativa -> 06 | Pesquisa -> Blizzard
2021-10-03 03:30:25 Falha na extração
2021-10-03 03:30:25 Tentativa -> 07 | Pesquisa -> Blizzard
2021-10-03 03:30:25 Falha na extração
2021-10-03 03:30:25 Tentativa -> 08 | Pesquisa -> Blizzard
2021-10-03 03:30:25 Falha na extração
2021-10-03 03:30:25 Tentativa -> 09 | Pesquisa -> Blizzard
2021-10-03 03:30:26 Falha na extração
2021-10-03 03:30:26 Tentativa -> 10 | Pesquisa -> Blizzard
2021-10-03 03:30:26 Falha na extração
2021-10-03 03:30:26 Tentativa -> 01 | Pesquisa -> Activision
2021-10-03 03:30:26 Falha na extração
2021-10-03 03:30:26 Tentativa -> 02 | Pesquisa -> Activision
2021-10-03 03:30:26 Falha na extração
2021-10-03 03:30:26 Tentativa -> 03 | Pesquisa -> Activision
2021-10-03 03:30:27 Falha na extração
2021-10-03 03:30:27 Tentativa -> 04 | Pesquisa -> Activision
2021-10-03 03:30:27 Falha na extração
2021-10-03 03:30:27 Tentativa -> 05 | Pesquisa -> Activision
2021-10-03 03:30:27 Falha na extração
2021-10-03 03:30:27 Tentativa -> 06 | Pesquisa -> Activision
2021-10-03 03:30:27 Falha na extração
2021-10-03 03:30:27 Tentativa -> 07 | Pesquisa -> Activision
2021-10-03 03:30:28 Falha na extração
2021-10-03 03:30:28 Tentativa -> 08 | Pesquisa -> Activision
2021-10-03 03:30:28 Falha na extração
2021-10-03 03:30:28 Tentativa -> 09 | Pesquisa -> Activision
2021-10-03 03:30:28 Falha na extração
2021-10-03 03:30:28 Tentativa -> 10 | Pesquisa -> Activision
2021-10-03 03:30:28 Falha na extração
2021-10-03 03:30:28 Tentativa -> 01 | Pesquisa -> Naughty Dog
2021-10-03 03:30:29 Falha na extração
2021-10-03 03:30:29 Tentativa -> 02 | Pesquisa -> Naughty Dog
2021-10-03 03:30:29 Falha na extração
2021-10-03 03:30:29 Tentativa -> 03 | Pesquisa -> Naughty Dog
2021-10-03 03:30:29 Falha na extração
2021-10-03 03:30:29 Tentativa -> 04 | Pesquisa -> Naughty Dog
2021-10-03 03:30:29 Falha na extração
2021-10-03 03:30:29 Tentativa -> 05 | Pesquisa -> Naughty Dog
2021-10-03 03:30:30 Falha na extração
2021-10-03 03:30:30 Tentativa -> 06 | Pesquisa -> Naughty Dog
2021-10-03 03:30:30 Falha na extração
2021-10-03 03:30:30 Tentativa -> 07 | Pesquisa -> Naughty Dog
2021-10-03 03:30:30 Falha na extração
2021-10-03 03:30:30 Tentativa -> 08 | Pesquisa -> Naughty Dog
2021-10-03 03:30:30 Falha na extração
2021-10-03 03:30:30 Tentativa -> 09 | Pesquisa -> Naughty Dog
2021-10-03 03:30:31 Falha na extração
2021-10-03 03:30:31 Tentativa -> 10 | Pesquisa -> Naughty Dog
2021-10-03 03:30:31 Falha na extração
2021-10-03 03:30:31 Tentativa -> 01 | Pesquisa -> EA
2021-10-03 03:30:31 Falha na extração
2021-10-03 03:30:31 Tentativa -> 02 | Pesquisa -> EA
2021-10-03 03:30:31 Falha na extração
2021-10-03 03:30:31 Tentativa -> 03 | Pesquisa -> EA
2021-10-03 03:30:32 Falha na extração
2021-10-03 03:30:32 Tentativa -> 04 | Pesquisa -> EA
2021-10-03 03:30:32 Falha na extração
2021-10-03 03:30:32 Tentativa -> 05 | Pesquisa -> EA
2021-10-03 03:30:32 Falha na extração
2021-10-03 03:30:32 Tentativa -> 06 | Pesquisa -> EA
2021-10-03 03:30:32 Falha na extração
2021-10-03 03:30:32 Tentativa -> 07 | Pesquisa -> EA
2021-10-03 03:30:32 Falha na extração
2021-10-03 03:30:32 Tentativa -> 08 | Pesquisa -> EA
2021-10-03 03:30:32 Falha na extração
2021-10-03 03:30:32 Tentativa -> 09 | Pesquisa -> EA
2021-10-03 03:30:32 Falha na extração
2021-10-03 03:30:32 Tentativa -> 10 | Pesquisa -> EA
2021-10-03 03:30:33 Falha na extração
2021-10-03 03:30:33 Tentativa -> 01 | Pesquisa -> Konami
2021-10-03 03:30:33 Falha na extração
2021-10-03 03:30:33 Tentativa -> 02 | Pesquisa -> Konami
2021-10-03 03:30:33 Falha na extração
2021-10-03 03:30:33 Tentativa -> 03 | Pesquisa -> Konami
2021-10-03 03:30:33 Falha na extração
2021-10-03 03:30:33 Tentativa -> 04 | Pesquisa -> Konami
2021-10-03 03:30:33 Falha na extração
2021-10-03 03:30:33 Tentativa -> 05 | Pesquisa -> Konami
2021-10-03 03:30:33 Falha na extração
2021-10-03 03:30:33 Tentativa -> 06 | Pesquisa -> Konami
2021-10-03 03:30:33 Falha na extração
2021-10-03 03:30:33 Tentativa -> 07 | Pesquisa -> Konami
2021-10-03 03:30:33 Falha na extração
2021-10-03 03:30:33 Tentativa -> 08 | Pesquisa -> Konami
2021-10-03 03:30:34 Falha na extração
2021-10-03 03:30:34 Tentativa -> 09 | Pesquisa -> Konami
2021-10-03 03:30:34 Falha na extração
2021-10-03 03:30:34 Tentativa -> 10 | Pesquisa -> Konami
2021-10-03 03:30:34 Falha na extração
2021-10-03 03:30:34 Tentativa -> 01 | Pesquisa -> Capcom
2021-10-03 03:30:34 Falha na extração
2021-10-03 03:30:34 Tentativa -> 02 | Pesquisa -> Capcom
2021-10-03 03:30:34 Falha na extração
2021-10-03 03:30:34 Tentativa -> 03 | Pesquisa -> Capcom
2021-10-03 03:30:34 Falha na extração
2021-10-03 03:30:34 Tentativa -> 04 | Pesquisa -> Capcom
2021-10-03 03:30:34 Falha na extração
2021-10-03 03:30:34 Tentativa -> 05 | Pesquisa -> Capcom
2021-10-03 03:30:34 Falha na extração
2021-10-03 03:30:34 Tentativa -> 06 | Pesquisa -> Capcom
2021-10-03 03:30:34 Falha na extração
2021-10-03 03:30:34 Tentativa -> 07 | Pesquisa -> Capcom
2021-10-03 03:30:34 Falha na extração
2021-10-03 03:30:34 Tentativa -> 08 | Pesquisa -> Capcom
2021-10-03 03:30:35 Falha na extração
2021-10-03 03:30:35 Tentativa -> 09 | Pesquisa -> Capcom
2021-10-03 03:30:35 Falha na extração
2021-10-03 03:30:35 Tentativa -> 10 | Pesquisa -> Capcom
2021-10-03 03:30:35 Falha na extração
2021-10-03 03:30:35 Tentativa -> 01 | Pesquisa -> Nintendo Switch Online
2021-10-03 03:30:35 Falha na extração
2021-10-03 03:30:35 Tentativa -> 02 | Pesquisa -> Nintendo Switch Online
2021-10-03 03:30:35 Falha na extração
2021-10-03 03:30:35 Tentativa -> 03 | Pesquisa -> Nintendo Switch Online
2021-10-03 03:30:35 Falha na extração
2021-10-03 03:30:35 Tentativa -> 04 | Pesquisa -> Nintendo Switch Online
2021-10-03 03:30:35 Falha na extração
2021-10-03 03:30:35 Tentativa -> 05 | Pesquisa -> Nintendo Switch Online
2021-10-03 03:30:35 Falha na extração
2021-10-03 03:30:35 Tentativa -> 06 | Pesquisa -> Nintendo Switch Online
2021-10-03 03:30:35 Falha na extração
2021-10-03 03:30:35 Tentativa -> 07 | Pesquisa -> Nintendo Switch Online
2021-10-03 03:30:36 Falha na extração
2021-10-03 03:30:36 Tentativa -> 08 | Pesquisa -> Nintendo Switch Online
2021-10-03 03:30:36 Falha na extração
2021-10-03 03:30:36 Tentativa -> 09 | Pesquisa -> Nintendo Switch Online
2021-10-03 03:30:36 Falha na extração
2021-10-03 03:30:36 Tentativa -> 10 | Pesquisa -> Nintendo Switch Online
2021-10-03 03:30:36 Falha na extração
2021-10-03 03:30:36 Tentativa -> 01 | Pesquisa -> Gamepass
2021-10-03 03:30:36 Falha na extração
2021-10-03 03:30:36 Tentativa -> 02 | Pesquisa -> Gamepass
2021-10-03 03:30:36 Falha na extração
2021-10-03 03:30:36 Tentativa -> 03 | Pesquisa -> Gamepass
2021-10-03 03:30:36 Falha na extração
2021-10-03 03:30:36 Tentativa -> 04 | Pesquisa -> Gamepass
2021-10-03 03:30:36 Falha na extração
2021-10-03 03:30:36 Tentativa -> 05 | Pesquisa -> Gamepass
2021-10-03 03:30:36 Falha na extração
2021-10-03 03:30:36 Tentativa -> 06 | Pesquisa -> Gamepass
2021-10-03 03:30:37 Falha na extração
2021-10-03 03:30:37 Tentativa -> 07 | Pesquisa -> Gamepass
2021-10-03 03:30:37 Falha na extração
2021-10-03 03:30:37 Tentativa -> 08 | Pesquisa -> Gamepass
2021-10-03 03:30:37 Falha na extração
2021-10-03 03:30:37 Tentativa -> 09 | Pesquisa -> Gamepass
2021-10-03 03:30:37 Falha na extração
2021-10-03 03:30:37 Tentativa -> 10 | Pesquisa -> Gamepass
2021-10-03 03:30:37 Falha na extração
2021-10-03 03:30:37 Tentativa -> 01 | Pesquisa -> EA Access
2021-10-03 03:30:37 Falha na extração
2021-10-03 03:30:37 Tentativa -> 02 | Pesquisa -> EA Access
2021-10-03 03:30:37 Falha na extração
2021-10-03 03:30:37 Tentativa -> 03 | Pesquisa -> EA Access
2021-10-03 03:30:37 Falha na extração
2021-10-03 03:30:37 Tentativa -> 04 | Pesquisa -> EA Access
2021-10-03 03:30:37 Falha na extração
2021-10-03 03:30:37 Tentativa -> 05 | Pesquisa -> EA Access
2021-10-03 03:30:38 Falha na extração
2021-10-03 03:30:38 Tentativa -> 06 | Pesquisa -> EA Access
2021-10-03 03:30:38 Falha na extração
2021-10-03 03:30:38 Tentativa -> 07 | Pesquisa -> EA Access
2021-10-03 03:30:38 Falha na extração
2021-10-03 03:30:38 Tentativa -> 08 | Pesquisa -> EA Access
2021-10-03 03:30:38 Falha na extração
2021-10-03 03:30:38 Tentativa -> 09 | Pesquisa -> EA Access
2021-10-03 03:30:38 Falha na extração
2021-10-03 03:30:38 Tentativa -> 10 | Pesquisa -> EA Access
2021-10-03 03:30:38 Falha na extração
2021-10-03 03:30:38 Tentativa -> 01 | Pesquisa -> Playstation Now
2021-10-03 03:30:38 Falha na extração
2021-10-03 03:30:38 Tentativa -> 02 | Pesquisa -> Playstation Now
2021-10-03 03:30:38 Falha na extração
2021-10-03 03:30:38 Tentativa -> 03 | Pesquisa -> Playstation Now
2021-10-03 03:30:38 Falha na extração
2021-10-03 03:30:38 Tentativa -> 04 | Pesquisa -> Playstation Now
2021-10-03 03:30:38 Falha na extração
2021-10-03 03:30:38 Tentativa -> 05 | Pesquisa -> Playstation Now
2021-10-03 03:30:39 Falha na extração
2021-10-03 03:30:39 Tentativa -> 06 | Pesquisa -> Playstation Now
2021-10-03 03:30:39 Falha na extração
2021-10-03 03:30:39 Tentativa -> 07 | Pesquisa -> Playstation Now
2021-10-03 03:30:39 Falha na extração
2021-10-03 03:30:39 Tentativa -> 08 | Pesquisa -> Playstation Now
2021-10-03 03:30:39 Falha na extração
2021-10-03 03:30:39 Tentativa -> 09 | Pesquisa -> Playstation Now
2021-10-03 03:30:39 Falha na extração
2021-10-03 03:30:39 Tentativa -> 10 | Pesquisa -> Playstation Now
2021-10-03 03:30:39 Falha na extração
2021-10-03 03:30:39 Tentativa -> 01 | Pesquisa -> CD PROJEKT RED
2021-10-03 03:30:39 Falha na extração
2021-10-03 03:30:39 Tentativa -> 02 | Pesquisa -> CD PROJEKT RED
2021-10-03 03:30:39 Falha na extração
2021-10-03 03:30:39 Tentativa -> 03 | Pesquisa -> CD PROJEKT RED
2021-10-03 03:30:39 Falha na extração
2021-10-03 03:30:39 Tentativa -> 04 | Pesquisa -> CD PROJEKT RED
2021-10-03 03:30:40 Falha na extração
2021-10-03 03:30:40 Tentativa -> 05 | Pesquisa -> CD PROJEKT RED
2021-10-03 03:30:40 Falha na extração
2021-10-03 03:30:40 Tentativa -> 06 | Pesquisa -> CD PROJEKT RED
2021-10-03 03:30:40 Falha na extração
2021-10-03 03:30:40 Tentativa -> 07 | Pesquisa -> CD PROJEKT RED
2021-10-03 03:30:40 Falha na extração
2021-10-03 03:30:40 Tentativa -> 08 | Pesquisa -> CD PROJEKT RED
2021-10-03 03:30:40 Falha na extração
2021-10-03 03:30:40 Tentativa -> 09 | Pesquisa -> CD PROJEKT RED
2021-10-03 03:30:40 Falha na extração
2021-10-03 03:30:40 Tentativa -> 10 | Pesquisa -> CD PROJEKT RED
2021-10-03 03:30:40 Falha na extração
Foram removidas 2290 duplicidades
Foram coletados 6608 tweets
