2021-10-05 21:10:03 Tentativa -> 01 | Pesquisa -> Playstation
2021-10-05 21:10:59 Extração realizada
2021-10-05 21:10:59 Tentativa -> 01 | Pesquisa -> Xbox
2021-10-05 21:11:00 Falha na extração
2021-10-05 21:11:00 Tentativa -> 02 | Pesquisa -> Xbox
2021-10-05 21:11:00 Falha na extração
2021-10-05 21:11:00 Tentativa -> 03 | Pesquisa -> Xbox
2021-10-05 21:11:00 Falha na extração
2021-10-05 21:11:00 Tentativa -> 04 | Pesquisa -> Xbox
2021-10-05 21:11:01 Falha na extração
2021-10-05 21:11:01 Tentativa -> 05 | Pesquisa -> Xbox
2021-10-05 21:11:01 Falha na extração
2021-10-05 21:11:01 Tentativa -> 06 | Pesquisa -> Xbox
2021-10-05 21:11:01 Falha na extração
2021-10-05 21:11:01 Tentativa -> 07 | Pesquisa -> Xbox
2021-10-05 21:11:01 Falha na extração
2021-10-05 21:11:01 Tentativa -> 08 | Pesquisa -> Xbox
2021-10-05 21:11:02 Falha na extração
2021-10-05 21:11:02 Tentativa -> 09 | Pesquisa -> Xbox
2021-10-05 21:11:02 Falha na extração
2021-10-05 21:11:02 Tentativa -> 10 | Pesquisa -> Xbox
2021-10-05 21:11:02 Falha na extração
2021-10-05 21:11:02 Tentativa -> 01 | Pesquisa -> Nintendo
2021-10-05 21:11:02 Falha na extração
2021-10-05 21:11:02 Tentativa -> 02 | Pesquisa -> Nintendo
2021-10-05 21:11:03 Falha na extração
2021-10-05 21:11:03 Tentativa -> 03 | Pesquisa -> Nintendo
2021-10-05 21:11:03 Falha na extração
2021-10-05 21:11:03 Tentativa -> 04 | Pesquisa -> Nintendo
2021-10-05 21:11:03 Falha na extração
2021-10-05 21:11:03 Tentativa -> 05 | Pesquisa -> Nintendo
2021-10-05 21:11:04 Falha na extração
2021-10-05 21:11:04 Tentativa -> 06 | Pesquisa -> Nintendo
2021-10-05 21:11:04 Falha na extração
2021-10-05 21:11:04 Tentativa -> 07 | Pesquisa -> Nintendo
2021-10-05 21:11:04 Falha na extração
2021-10-05 21:11:04 Tentativa -> 08 | Pesquisa -> Nintendo
2021-10-05 21:11:05 Falha na extração
2021-10-05 21:11:05 Tentativa -> 09 | Pesquisa -> Nintendo
2021-10-05 21:11:05 Falha na extração
2021-10-05 21:11:05 Tentativa -> 10 | Pesquisa -> Nintendo
2021-10-05 21:11:06 Falha na extração
2021-10-05 21:11:06 Tentativa -> 01 | Pesquisa -> Blizzard
2021-10-05 21:11:07 Falha na extração
2021-10-05 21:11:07 Tentativa -> 02 | Pesquisa -> Blizzard
2021-10-05 21:11:07 Falha na extração
2021-10-05 21:11:07 Tentativa -> 03 | Pesquisa -> Blizzard
2021-10-05 21:11:07 Falha na extração
2021-10-05 21:11:07 Tentativa -> 04 | Pesquisa -> Blizzard
2021-10-05 21:11:08 Falha na extração
2021-10-05 21:11:08 Tentativa -> 05 | Pesquisa -> Blizzard
2021-10-05 21:11:08 Falha na extração
2021-10-05 21:11:08 Tentativa -> 06 | Pesquisa -> Blizzard
2021-10-05 21:11:08 Falha na extração
2021-10-05 21:11:08 Tentativa -> 07 | Pesquisa -> Blizzard
2021-10-05 21:11:09 Falha na extração
2021-10-05 21:11:09 Tentativa -> 08 | Pesquisa -> Blizzard
2021-10-05 21:11:09 Falha na extração
2021-10-05 21:11:09 Tentativa -> 09 | Pesquisa -> Blizzard
2021-10-05 21:11:09 Falha na extração
2021-10-05 21:11:09 Tentativa -> 10 | Pesquisa -> Blizzard
2021-10-05 21:11:09 Falha na extração
2021-10-05 21:11:09 Tentativa -> 01 | Pesquisa -> Activision
2021-10-05 21:11:10 Falha na extração
2021-10-05 21:11:10 Tentativa -> 02 | Pesquisa -> Activision
2021-10-05 21:11:10 Falha na extração
2021-10-05 21:11:10 Tentativa -> 03 | Pesquisa -> Activision
2021-10-05 21:11:10 Falha na extração
2021-10-05 21:11:10 Tentativa -> 04 | Pesquisa -> Activision
2021-10-05 21:11:11 Falha na extração
2021-10-05 21:11:11 Tentativa -> 05 | Pesquisa -> Activision
2021-10-05 21:11:11 Falha na extração
2021-10-05 21:11:11 Tentativa -> 06 | Pesquisa -> Activision
2021-10-05 21:11:11 Falha na extração
2021-10-05 21:11:11 Tentativa -> 07 | Pesquisa -> Activision
2021-10-05 21:11:11 Falha na extração
2021-10-05 21:11:11 Tentativa -> 08 | Pesquisa -> Activision
2021-10-05 21:11:11 Falha na extração
2021-10-05 21:11:11 Tentativa -> 09 | Pesquisa -> Activision
2021-10-05 21:11:11 Falha na extração
2021-10-05 21:11:11 Tentativa -> 10 | Pesquisa -> Activision
2021-10-05 21:11:11 Falha na extração
2021-10-05 21:11:11 Tentativa -> 01 | Pesquisa -> Naughty Dog
2021-10-05 21:11:11 Falha na extração
2021-10-05 21:11:11 Tentativa -> 02 | Pesquisa -> Naughty Dog
2021-10-05 21:11:12 Falha na extração
2021-10-05 21:11:12 Tentativa -> 03 | Pesquisa -> Naughty Dog
2021-10-05 21:11:12 Falha na extração
2021-10-05 21:11:12 Tentativa -> 04 | Pesquisa -> Naughty Dog
2021-10-05 21:11:12 Falha na extração
2021-10-05 21:11:12 Tentativa -> 05 | Pesquisa -> Naughty Dog
2021-10-05 21:11:12 Falha na extração
2021-10-05 21:11:12 Tentativa -> 06 | Pesquisa -> Naughty Dog
2021-10-05 21:11:13 Falha na extração
2021-10-05 21:11:13 Tentativa -> 07 | Pesquisa -> Naughty Dog
2021-10-05 21:11:13 Falha na extração
2021-10-05 21:11:13 Tentativa -> 08 | Pesquisa -> Naughty Dog
2021-10-05 21:11:13 Falha na extração
2021-10-05 21:11:13 Tentativa -> 09 | Pesquisa -> Naughty Dog
2021-10-05 21:11:13 Falha na extração
2021-10-05 21:11:13 Tentativa -> 10 | Pesquisa -> Naughty Dog
2021-10-05 21:11:13 Falha na extração
2021-10-05 21:11:13 Tentativa -> 01 | Pesquisa -> EA
2021-10-05 21:11:13 Falha na extração
2021-10-05 21:11:13 Tentativa -> 02 | Pesquisa -> EA
2021-10-05 21:11:13 Falha na extração
2021-10-05 21:11:13 Tentativa -> 03 | Pesquisa -> EA
2021-10-05 21:11:14 Falha na extração
2021-10-05 21:11:14 Tentativa -> 04 | Pesquisa -> EA
2021-10-05 21:11:14 Falha na extração
2021-10-05 21:11:14 Tentativa -> 05 | Pesquisa -> EA
2021-10-05 21:11:14 Falha na extração
2021-10-05 21:11:14 Tentativa -> 06 | Pesquisa -> EA
2021-10-05 21:11:14 Falha na extração
2021-10-05 21:11:14 Tentativa -> 07 | Pesquisa -> EA
2021-10-05 21:11:14 Falha na extração
2021-10-05 21:11:14 Tentativa -> 08 | Pesquisa -> EA
2021-10-05 21:11:14 Falha na extração
2021-10-05 21:11:14 Tentativa -> 09 | Pesquisa -> EA
2021-10-05 21:11:14 Falha na extração
2021-10-05 21:11:14 Tentativa -> 10 | Pesquisa -> EA
2021-10-05 21:11:14 Falha na extração
2021-10-05 21:11:14 Tentativa -> 01 | Pesquisa -> Konami
2021-10-05 21:11:14 Falha na extração
2021-10-05 21:11:14 Tentativa -> 02 | Pesquisa -> Konami
2021-10-05 21:11:14 Falha na extração
2021-10-05 21:11:14 Tentativa -> 03 | Pesquisa -> Konami
2021-10-05 21:11:15 Falha na extração
2021-10-05 21:11:15 Tentativa -> 04 | Pesquisa -> Konami
2021-10-05 21:11:15 Falha na extração
2021-10-05 21:11:15 Tentativa -> 05 | Pesquisa -> Konami
2021-10-05 21:11:15 Falha na extração
2021-10-05 21:11:15 Tentativa -> 06 | Pesquisa -> Konami
2021-10-05 21:11:15 Falha na extração
2021-10-05 21:11:15 Tentativa -> 07 | Pesquisa -> Konami
2021-10-05 21:11:15 Falha na extração
2021-10-05 21:11:15 Tentativa -> 08 | Pesquisa -> Konami
2021-10-05 21:11:15 Falha na extração
2021-10-05 21:11:15 Tentativa -> 09 | Pesquisa -> Konami
2021-10-05 21:11:15 Falha na extração
2021-10-05 21:11:15 Tentativa -> 10 | Pesquisa -> Konami
2021-10-05 21:11:15 Falha na extração
2021-10-05 21:11:15 Tentativa -> 01 | Pesquisa -> Capcom
2021-10-05 21:11:15 Falha na extração
2021-10-05 21:11:15 Tentativa -> 02 | Pesquisa -> Capcom
2021-10-05 21:11:15 Falha na extração
2021-10-05 21:11:15 Tentativa -> 03 | Pesquisa -> Capcom
2021-10-05 21:11:16 Falha na extração
2021-10-05 21:11:16 Tentativa -> 04 | Pesquisa -> Capcom
2021-10-05 21:11:16 Falha na extração
2021-10-05 21:11:16 Tentativa -> 05 | Pesquisa -> Capcom
2021-10-05 21:11:16 Falha na extração
2021-10-05 21:11:16 Tentativa -> 06 | Pesquisa -> Capcom
2021-10-05 21:11:16 Falha na extração
2021-10-05 21:11:16 Tentativa -> 07 | Pesquisa -> Capcom
2021-10-05 21:11:16 Falha na extração
2021-10-05 21:11:16 Tentativa -> 08 | Pesquisa -> Capcom
2021-10-05 21:11:16 Falha na extração
2021-10-05 21:11:16 Tentativa -> 09 | Pesquisa -> Capcom
2021-10-05 21:11:16 Falha na extração
2021-10-05 21:11:16 Tentativa -> 10 | Pesquisa -> Capcom
2021-10-05 21:11:16 Falha na extração
2021-10-05 21:11:16 Tentativa -> 01 | Pesquisa -> Nintendo Switch Online
2021-10-05 21:11:16 Falha na extração
2021-10-05 21:11:16 Tentativa -> 02 | Pesquisa -> Nintendo Switch Online
2021-10-05 21:11:16 Falha na extração
2021-10-05 21:11:16 Tentativa -> 03 | Pesquisa -> Nintendo Switch Online
2021-10-05 21:11:16 Falha na extração
2021-10-05 21:11:16 Tentativa -> 04 | Pesquisa -> Nintendo Switch Online
2021-10-05 21:11:17 Falha na extração
2021-10-05 21:11:17 Tentativa -> 05 | Pesquisa -> Nintendo Switch Online
2021-10-05 21:11:17 Falha na extração
2021-10-05 21:11:17 Tentativa -> 06 | Pesquisa -> Nintendo Switch Online
2021-10-05 21:11:17 Falha na extração
2021-10-05 21:11:17 Tentativa -> 07 | Pesquisa -> Nintendo Switch Online
2021-10-05 21:11:17 Falha na extração
2021-10-05 21:11:17 Tentativa -> 08 | Pesquisa -> Nintendo Switch Online
2021-10-05 21:11:17 Falha na extração
2021-10-05 21:11:17 Tentativa -> 09 | Pesquisa -> Nintendo Switch Online
2021-10-05 21:11:17 Falha na extração
2021-10-05 21:11:17 Tentativa -> 10 | Pesquisa -> Nintendo Switch Online
2021-10-05 21:11:17 Falha na extração
2021-10-05 21:11:17 Tentativa -> 01 | Pesquisa -> Gamepass
2021-10-05 21:11:17 Falha na extração
2021-10-05 21:11:17 Tentativa -> 02 | Pesquisa -> Gamepass
2021-10-05 21:11:17 Falha na extração
2021-10-05 21:11:17 Tentativa -> 03 | Pesquisa -> Gamepass
2021-10-05 21:11:18 Falha na extração
2021-10-05 21:11:18 Tentativa -> 04 | Pesquisa -> Gamepass
2021-10-05 21:11:18 Falha na extração
2021-10-05 21:11:18 Tentativa -> 05 | Pesquisa -> Gamepass
2021-10-05 21:11:18 Falha na extração
2021-10-05 21:11:18 Tentativa -> 06 | Pesquisa -> Gamepass
2021-10-05 21:11:18 Falha na extração
2021-10-05 21:11:18 Tentativa -> 07 | Pesquisa -> Gamepass
2021-10-05 21:11:18 Falha na extração
2021-10-05 21:11:18 Tentativa -> 08 | Pesquisa -> Gamepass
2021-10-05 21:11:19 Falha na extração
2021-10-05 21:11:19 Tentativa -> 09 | Pesquisa -> Gamepass
2021-10-05 21:11:19 Falha na extração
2021-10-05 21:11:19 Tentativa -> 10 | Pesquisa -> Gamepass
2021-10-05 21:11:19 Falha na extração
2021-10-05 21:11:19 Tentativa -> 01 | Pesquisa -> EA Access
2021-10-05 21:11:19 Falha na extração
2021-10-05 21:11:19 Tentativa -> 02 | Pesquisa -> EA Access
2021-10-05 21:11:19 Falha na extração
2021-10-05 21:11:19 Tentativa -> 03 | Pesquisa -> EA Access
2021-10-05 21:11:19 Falha na extração
2021-10-05 21:11:19 Tentativa -> 04 | Pesquisa -> EA Access
2021-10-05 21:11:19 Falha na extração
2021-10-05 21:11:19 Tentativa -> 05 | Pesquisa -> EA Access
2021-10-05 21:11:19 Falha na extração
2021-10-05 21:11:19 Tentativa -> 06 | Pesquisa -> EA Access
2021-10-05 21:11:19 Falha na extração
2021-10-05 21:11:19 Tentativa -> 07 | Pesquisa -> EA Access
2021-10-05 21:11:19 Falha na extração
2021-10-05 21:11:19 Tentativa -> 08 | Pesquisa -> EA Access
2021-10-05 21:11:20 Falha na extração
2021-10-05 21:11:20 Tentativa -> 09 | Pesquisa -> EA Access
2021-10-05 21:11:20 Falha na extração
2021-10-05 21:11:20 Tentativa -> 10 | Pesquisa -> EA Access
2021-10-05 21:11:20 Falha na extração
2021-10-05 21:11:20 Tentativa -> 01 | Pesquisa -> Playstation Now
2021-10-05 21:11:20 Falha na extração
2021-10-05 21:11:20 Tentativa -> 02 | Pesquisa -> Playstation Now
2021-10-05 21:11:20 Falha na extração
2021-10-05 21:11:20 Tentativa -> 03 | Pesquisa -> Playstation Now
2021-10-05 21:11:20 Falha na extração
2021-10-05 21:11:20 Tentativa -> 04 | Pesquisa -> Playstation Now
2021-10-05 21:11:20 Falha na extração
2021-10-05 21:11:20 Tentativa -> 05 | Pesquisa -> Playstation Now
2021-10-05 21:11:20 Falha na extração
2021-10-05 21:11:20 Tentativa -> 06 | Pesquisa -> Playstation Now
2021-10-05 21:11:21 Falha na extração
2021-10-05 21:11:21 Tentativa -> 07 | Pesquisa -> Playstation Now
2021-10-05 21:11:21 Falha na extração
2021-10-05 21:11:21 Tentativa -> 08 | Pesquisa -> Playstation Now
2021-10-05 21:11:21 Falha na extração
2021-10-05 21:11:21 Tentativa -> 09 | Pesquisa -> Playstation Now
2021-10-05 21:11:22 Falha na extração
2021-10-05 21:11:22 Tentativa -> 10 | Pesquisa -> Playstation Now
2021-10-05 21:11:22 Falha na extração
2021-10-05 21:11:22 Tentativa -> 01 | Pesquisa -> CD PROJEKT RED
2021-10-05 21:11:22 Falha na extração
2021-10-05 21:11:22 Tentativa -> 02 | Pesquisa -> CD PROJEKT RED
2021-10-05 21:11:22 Falha na extração
2021-10-05 21:11:22 Tentativa -> 03 | Pesquisa -> CD PROJEKT RED
2021-10-05 21:11:22 Falha na extração
2021-10-05 21:11:22 Tentativa -> 04 | Pesquisa -> CD PROJEKT RED
2021-10-05 21:11:22 Falha na extração
2021-10-05 21:11:22 Tentativa -> 05 | Pesquisa -> CD PROJEKT RED
2021-10-05 21:11:22 Falha na extração
2021-10-05 21:11:22 Tentativa -> 06 | Pesquisa -> CD PROJEKT RED
2021-10-05 21:11:22 Falha na extração
2021-10-05 21:11:22 Tentativa -> 07 | Pesquisa -> CD PROJEKT RED
2021-10-05 21:11:22 Falha na extração
2021-10-05 21:11:22 Tentativa -> 08 | Pesquisa -> CD PROJEKT RED
2021-10-05 21:11:23 Falha na extração
2021-10-05 21:11:23 Tentativa -> 09 | Pesquisa -> CD PROJEKT RED
2021-10-05 21:11:23 Falha na extração
2021-10-05 21:11:23 Tentativa -> 10 | Pesquisa -> CD PROJEKT RED
2021-10-05 21:11:23 Falha na extração
Foram removidas 3710 duplicidades
Foram coletados 5190 tweets
