2021-09-29 18:21:04 Tentativa -> 01 | Pesquisa -> Playstation
2021-09-29 18:21:55 Extração realizada
2021-09-29 18:21:55 Tentativa -> 01 | Pesquisa -> Xbox
2021-09-29 18:21:55 Falha na extração
2021-09-29 18:21:55 Tentativa -> 02 | Pesquisa -> Xbox
2021-09-29 18:21:57 Falha na extração
2021-09-29 18:21:57 Tentativa -> 03 | Pesquisa -> Xbox
2021-09-29 18:21:57 Falha na extração
2021-09-29 18:21:57 Tentativa -> 04 | Pesquisa -> Xbox
2021-09-29 18:21:58 Falha na extração
2021-09-29 18:21:58 Tentativa -> 05 | Pesquisa -> Xbox
2021-09-29 18:21:59 Falha na extração
2021-09-29 18:21:59 Tentativa -> 06 | Pesquisa -> Xbox
2021-09-29 18:22:00 Falha na extração
2021-09-29 18:22:00 Tentativa -> 07 | Pesquisa -> Xbox
2021-09-29 18:22:00 Falha na extração
2021-09-29 18:22:00 Tentativa -> 08 | Pesquisa -> Xbox
2021-09-29 18:22:00 Falha na extração
2021-09-29 18:22:00 Tentativa -> 09 | Pesquisa -> Xbox
2021-09-29 18:22:01 Falha na extração
2021-09-29 18:22:01 Tentativa -> 10 | Pesquisa -> Xbox
2021-09-29 18:22:01 Falha na extração
2021-09-29 18:22:01 Tentativa -> 01 | Pesquisa -> Nintendo
2021-09-29 18:22:02 Falha na extração
2021-09-29 18:22:02 Tentativa -> 02 | Pesquisa -> Nintendo
2021-09-29 18:22:02 Falha na extração
2021-09-29 18:22:02 Tentativa -> 03 | Pesquisa -> Nintendo
2021-09-29 18:22:02 Falha na extração
2021-09-29 18:22:02 Tentativa -> 04 | Pesquisa -> Nintendo
2021-09-29 18:22:02 Falha na extração
2021-09-29 18:22:02 Tentativa -> 05 | Pesquisa -> Nintendo
2021-09-29 18:22:03 Falha na extração
2021-09-29 18:22:03 Tentativa -> 06 | Pesquisa -> Nintendo
2021-09-29 18:22:03 Falha na extração
2021-09-29 18:22:03 Tentativa -> 07 | Pesquisa -> Nintendo
2021-09-29 18:22:03 Falha na extração
2021-09-29 18:22:03 Tentativa -> 08 | Pesquisa -> Nintendo
2021-09-29 18:22:06 Falha na extração
2021-09-29 18:22:06 Tentativa -> 09 | Pesquisa -> Nintendo
2021-09-29 18:22:06 Falha na extração
2021-09-29 18:22:06 Tentativa -> 10 | Pesquisa -> Nintendo
2021-09-29 18:22:06 Falha na extração
2021-09-29 18:22:06 Tentativa -> 01 | Pesquisa -> Blizzard
2021-09-29 18:22:06 Falha na extração
2021-09-29 18:22:06 Tentativa -> 02 | Pesquisa -> Blizzard
2021-09-29 18:22:07 Falha na extração
2021-09-29 18:22:07 Tentativa -> 03 | Pesquisa -> Blizzard
2021-09-29 18:22:07 Falha na extração
2021-09-29 18:22:07 Tentativa -> 04 | Pesquisa -> Blizzard
2021-09-29 18:22:08 Falha na extração
2021-09-29 18:22:08 Tentativa -> 05 | Pesquisa -> Blizzard
2021-09-29 18:22:08 Falha na extração
2021-09-29 18:22:08 Tentativa -> 06 | Pesquisa -> Blizzard
2021-09-29 18:22:08 Falha na extração
2021-09-29 18:22:08 Tentativa -> 07 | Pesquisa -> Blizzard
2021-09-29 18:22:09 Falha na extração
2021-09-29 18:22:09 Tentativa -> 08 | Pesquisa -> Blizzard
2021-09-29 18:22:10 Falha na extração
2021-09-29 18:22:10 Tentativa -> 09 | Pesquisa -> Blizzard
2021-09-29 18:22:10 Falha na extração
2021-09-29 18:22:10 Tentativa -> 10 | Pesquisa -> Blizzard
2021-09-29 18:22:10 Falha na extração
2021-09-29 18:22:10 Tentativa -> 01 | Pesquisa -> Activision
2021-09-29 18:22:11 Falha na extração
2021-09-29 18:22:11 Tentativa -> 02 | Pesquisa -> Activision
2021-09-29 18:22:11 Falha na extração
2021-09-29 18:22:11 Tentativa -> 03 | Pesquisa -> Activision
2021-09-29 18:22:11 Falha na extração
2021-09-29 18:22:11 Tentativa -> 04 | Pesquisa -> Activision
2021-09-29 18:22:12 Falha na extração
2021-09-29 18:22:12 Tentativa -> 05 | Pesquisa -> Activision
2021-09-29 18:22:13 Falha na extração
2021-09-29 18:22:13 Tentativa -> 06 | Pesquisa -> Activision
2021-09-29 18:22:13 Falha na extração
2021-09-29 18:22:13 Tentativa -> 07 | Pesquisa -> Activision
2021-09-29 18:22:13 Falha na extração
2021-09-29 18:22:13 Tentativa -> 08 | Pesquisa -> Activision
2021-09-29 18:22:14 Falha na extração
2021-09-29 18:22:14 Tentativa -> 09 | Pesquisa -> Activision
2021-09-29 18:22:14 Falha na extração
2021-09-29 18:22:14 Tentativa -> 10 | Pesquisa -> Activision
2021-09-29 18:22:16 Falha na extração
2021-09-29 18:22:16 Tentativa -> 01 | Pesquisa -> Naughty Dog
2021-09-29 18:22:16 Falha na extração
2021-09-29 18:22:16 Tentativa -> 02 | Pesquisa -> Naughty Dog
2021-09-29 18:22:16 Falha na extração
2021-09-29 18:22:16 Tentativa -> 03 | Pesquisa -> Naughty Dog
2021-09-29 18:22:17 Falha na extração
2021-09-29 18:22:17 Tentativa -> 04 | Pesquisa -> Naughty Dog
2021-09-29 18:22:17 Falha na extração
2021-09-29 18:22:17 Tentativa -> 05 | Pesquisa -> Naughty Dog
2021-09-29 18:22:17 Falha na extração
2021-09-29 18:22:17 Tentativa -> 06 | Pesquisa -> Naughty Dog
2021-09-29 18:22:18 Falha na extração
2021-09-29 18:22:18 Tentativa -> 07 | Pesquisa -> Naughty Dog
2021-09-29 18:22:18 Falha na extração
2021-09-29 18:22:18 Tentativa -> 08 | Pesquisa -> Naughty Dog
2021-09-29 18:22:19 Falha na extração
2021-09-29 18:22:19 Tentativa -> 09 | Pesquisa -> Naughty Dog
2021-09-29 18:22:19 Falha na extração
2021-09-29 18:22:19 Tentativa -> 10 | Pesquisa -> Naughty Dog
2021-09-29 18:22:19 Falha na extração
2021-09-29 18:22:19 Tentativa -> 01 | Pesquisa -> EA
2021-09-29 18:22:19 Falha na extração
2021-09-29 18:22:19 Tentativa -> 02 | Pesquisa -> EA
2021-09-29 18:22:19 Falha na extração
2021-09-29 18:22:19 Tentativa -> 03 | Pesquisa -> EA
2021-09-29 18:22:20 Falha na extração
2021-09-29 18:22:20 Tentativa -> 04 | Pesquisa -> EA
2021-09-29 18:22:20 Falha na extração
2021-09-29 18:22:20 Tentativa -> 05 | Pesquisa -> EA
2021-09-29 18:22:20 Falha na extração
2021-09-29 18:22:20 Tentativa -> 06 | Pesquisa -> EA
2021-09-29 18:22:20 Falha na extração
2021-09-29 18:22:20 Tentativa -> 07 | Pesquisa -> EA
2021-09-29 18:22:20 Falha na extração
2021-09-29 18:22:20 Tentativa -> 08 | Pesquisa -> EA
2021-09-29 18:22:20 Falha na extração
2021-09-29 18:22:20 Tentativa -> 09 | Pesquisa -> EA
2021-09-29 18:22:23 Falha na extração
2021-09-29 18:22:23 Tentativa -> 10 | Pesquisa -> EA
2021-09-29 18:22:23 Falha na extração
2021-09-29 18:22:23 Tentativa -> 01 | Pesquisa -> Konami
2021-09-29 18:22:23 Falha na extração
2021-09-29 18:22:23 Tentativa -> 02 | Pesquisa -> Konami
2021-09-29 18:22:23 Falha na extração
2021-09-29 18:22:23 Tentativa -> 03 | Pesquisa -> Konami
2021-09-29 18:22:23 Falha na extração
2021-09-29 18:22:23 Tentativa -> 04 | Pesquisa -> Konami
2021-09-29 18:22:23 Falha na extração
2021-09-29 18:22:23 Tentativa -> 05 | Pesquisa -> Konami
2021-09-29 18:22:23 Falha na extração
2021-09-29 18:22:23 Tentativa -> 06 | Pesquisa -> Konami
2021-09-29 18:22:24 Falha na extração
2021-09-29 18:22:24 Tentativa -> 07 | Pesquisa -> Konami
2021-09-29 18:22:24 Falha na extração
2021-09-29 18:22:24 Tentativa -> 08 | Pesquisa -> Konami
2021-09-29 18:22:24 Falha na extração
2021-09-29 18:22:24 Tentativa -> 09 | Pesquisa -> Konami
2021-09-29 18:22:24 Falha na extração
2021-09-29 18:22:24 Tentativa -> 10 | Pesquisa -> Konami
2021-09-29 18:22:24 Falha na extração
2021-09-29 18:22:24 Tentativa -> 01 | Pesquisa -> Capcom
2021-09-29 18:22:24 Falha na extração
2021-09-29 18:22:24 Tentativa -> 02 | Pesquisa -> Capcom
2021-09-29 18:22:24 Falha na extração
2021-09-29 18:22:24 Tentativa -> 03 | Pesquisa -> Capcom
2021-09-29 18:22:25 Falha na extração
2021-09-29 18:22:25 Tentativa -> 04 | Pesquisa -> Capcom
2021-09-29 18:22:25 Falha na extração
2021-09-29 18:22:25 Tentativa -> 05 | Pesquisa -> Capcom
2021-09-29 18:22:25 Falha na extração
2021-09-29 18:22:25 Tentativa -> 06 | Pesquisa -> Capcom
2021-09-29 18:22:25 Falha na extração
2021-09-29 18:22:25 Tentativa -> 07 | Pesquisa -> Capcom
2021-09-29 18:22:25 Falha na extração
2021-09-29 18:22:25 Tentativa -> 08 | Pesquisa -> Capcom
2021-09-29 18:22:25 Falha na extração
2021-09-29 18:22:25 Tentativa -> 09 | Pesquisa -> Capcom
2021-09-29 18:22:25 Falha na extração
2021-09-29 18:22:25 Tentativa -> 10 | Pesquisa -> Capcom
2021-09-29 18:22:25 Falha na extração
2021-09-29 18:22:25 Tentativa -> 01 | Pesquisa -> Nintendo Switch Online
2021-09-29 18:22:26 Falha na extração
2021-09-29 18:22:26 Tentativa -> 02 | Pesquisa -> Nintendo Switch Online
2021-09-29 18:22:26 Falha na extração
2021-09-29 18:22:26 Tentativa -> 03 | Pesquisa -> Nintendo Switch Online
2021-09-29 18:22:26 Falha na extração
2021-09-29 18:22:26 Tentativa -> 04 | Pesquisa -> Nintendo Switch Online
2021-09-29 18:22:26 Falha na extração
2021-09-29 18:22:26 Tentativa -> 05 | Pesquisa -> Nintendo Switch Online
2021-09-29 18:22:26 Falha na extração
2021-09-29 18:22:26 Tentativa -> 06 | Pesquisa -> Nintendo Switch Online
2021-09-29 18:22:27 Falha na extração
2021-09-29 18:22:27 Tentativa -> 07 | Pesquisa -> Nintendo Switch Online
2021-09-29 18:22:28 Falha na extração
2021-09-29 18:22:28 Tentativa -> 08 | Pesquisa -> Nintendo Switch Online
2021-09-29 18:22:29 Falha na extração
2021-09-29 18:22:29 Tentativa -> 09 | Pesquisa -> Nintendo Switch Online
2021-09-29 18:22:29 Falha na extração
2021-09-29 18:22:29 Tentativa -> 10 | Pesquisa -> Nintendo Switch Online
2021-09-29 18:22:29 Falha na extração
2021-09-29 18:22:29 Tentativa -> 01 | Pesquisa -> Gamepass
2021-09-29 18:22:29 Falha na extração
2021-09-29 18:22:29 Tentativa -> 02 | Pesquisa -> Gamepass
2021-09-29 18:22:30 Falha na extração
2021-09-29 18:22:30 Tentativa -> 03 | Pesquisa -> Gamepass
2021-09-29 18:22:30 Falha na extração
2021-09-29 18:22:30 Tentativa -> 04 | Pesquisa -> Gamepass
2021-09-29 18:22:30 Falha na extração
2021-09-29 18:22:30 Tentativa -> 05 | Pesquisa -> Gamepass
2021-09-29 18:22:30 Falha na extração
2021-09-29 18:22:30 Tentativa -> 06 | Pesquisa -> Gamepass
2021-09-29 18:22:30 Falha na extração
2021-09-29 18:22:30 Tentativa -> 07 | Pesquisa -> Gamepass
2021-09-29 18:22:30 Falha na extração
2021-09-29 18:22:30 Tentativa -> 08 | Pesquisa -> Gamepass
2021-09-29 18:22:31 Falha na extração
2021-09-29 18:22:31 Tentativa -> 09 | Pesquisa -> Gamepass
2021-09-29 18:22:31 Falha na extração
2021-09-29 18:22:31 Tentativa -> 10 | Pesquisa -> Gamepass
2021-09-29 18:22:31 Falha na extração
2021-09-29 18:22:31 Tentativa -> 01 | Pesquisa -> EA Access
2021-09-29 18:22:31 Falha na extração
2021-09-29 18:22:31 Tentativa -> 02 | Pesquisa -> EA Access
2021-09-29 18:22:32 Falha na extração
2021-09-29 18:22:32 Tentativa -> 03 | Pesquisa -> EA Access
2021-09-29 18:22:32 Falha na extração
2021-09-29 18:22:32 Tentativa -> 04 | Pesquisa -> EA Access
2021-09-29 18:22:32 Falha na extração
2021-09-29 18:22:32 Tentativa -> 05 | Pesquisa -> EA Access
2021-09-29 18:22:32 Falha na extração
2021-09-29 18:22:32 Tentativa -> 06 | Pesquisa -> EA Access
2021-09-29 18:22:32 Falha na extração
2021-09-29 18:22:32 Tentativa -> 07 | Pesquisa -> EA Access
2021-09-29 18:22:34 Falha na extração
2021-09-29 18:22:34 Tentativa -> 08 | Pesquisa -> EA Access
2021-09-29 18:22:35 Falha na extração
2021-09-29 18:22:35 Tentativa -> 09 | Pesquisa -> EA Access
2021-09-29 18:22:35 Falha na extração
2021-09-29 18:22:35 Tentativa -> 10 | Pesquisa -> EA Access
2021-09-29 18:22:35 Falha na extração
2021-09-29 18:22:35 Tentativa -> 01 | Pesquisa -> Playstation Now
2021-09-29 18:22:35 Falha na extração
2021-09-29 18:22:35 Tentativa -> 02 | Pesquisa -> Playstation Now
2021-09-29 18:22:35 Falha na extração
2021-09-29 18:22:35 Tentativa -> 03 | Pesquisa -> Playstation Now
2021-09-29 18:22:36 Falha na extração
2021-09-29 18:22:36 Tentativa -> 04 | Pesquisa -> Playstation Now
2021-09-29 18:22:36 Falha na extração
2021-09-29 18:22:36 Tentativa -> 05 | Pesquisa -> Playstation Now
2021-09-29 18:22:36 Falha na extração
2021-09-29 18:22:36 Tentativa -> 06 | Pesquisa -> Playstation Now
2021-09-29 18:22:36 Falha na extração
2021-09-29 18:22:36 Tentativa -> 07 | Pesquisa -> Playstation Now
2021-09-29 18:22:36 Falha na extração
2021-09-29 18:22:36 Tentativa -> 08 | Pesquisa -> Playstation Now
2021-09-29 18:22:36 Falha na extração
2021-09-29 18:22:36 Tentativa -> 09 | Pesquisa -> Playstation Now
2021-09-29 18:22:36 Falha na extração
2021-09-29 18:22:36 Tentativa -> 10 | Pesquisa -> Playstation Now
2021-09-29 18:22:37 Falha na extração
2021-09-29 18:22:37 Tentativa -> 01 | Pesquisa -> CD PROJEKT RED
2021-09-29 18:22:37 Falha na extração
2021-09-29 18:22:37 Tentativa -> 02 | Pesquisa -> CD PROJEKT RED
2021-09-29 18:22:37 Falha na extração
2021-09-29 18:22:37 Tentativa -> 03 | Pesquisa -> CD PROJEKT RED
2021-09-29 18:22:37 Falha na extração
2021-09-29 18:22:37 Tentativa -> 04 | Pesquisa -> CD PROJEKT RED
2021-09-29 18:22:37 Falha na extração
2021-09-29 18:22:37 Tentativa -> 05 | Pesquisa -> CD PROJEKT RED
2021-09-29 18:22:38 Falha na extração
2021-09-29 18:22:38 Tentativa -> 06 | Pesquisa -> CD PROJEKT RED
2021-09-29 18:22:38 Falha na extração
2021-09-29 18:22:38 Tentativa -> 07 | Pesquisa -> CD PROJEKT RED
2021-09-29 18:22:39 Falha na extração
2021-09-29 18:22:39 Tentativa -> 08 | Pesquisa -> CD PROJEKT RED
2021-09-29 18:22:40 Falha na extração
2021-09-29 18:22:40 Tentativa -> 09 | Pesquisa -> CD PROJEKT RED
2021-09-29 18:22:40 Falha na extração
2021-09-29 18:22:40 Tentativa -> 10 | Pesquisa -> CD PROJEKT RED
2021-09-29 18:22:40 Falha na extração
Foram removidas 4964 duplicidades
Foram coletados 4036 tweets
