2021-10-18 00:10:10 Tentativa -> 01 | Pesquisa -> Playstation
2021-10-18 00:10:12 Extração realizada
2021-10-18 00:10:12 Tentativa -> 01 | Pesquisa -> Xbox
2021-10-18 00:10:39 Extração realizada
2021-10-18 00:10:39 Tentativa -> 01 | Pesquisa -> Nintendo
2021-10-18 00:11:31 Falha na extração
2021-10-18 00:11:32 Tentativa -> 02 | Pesquisa -> Nintendo
2021-10-18 00:12:08 Falha na extração
2021-10-18 00:12:08 Tentativa -> 03 | Pesquisa -> Nintendo
2021-10-18 00:12:45 Falha na extração
2021-10-18 00:12:45 Tentativa -> 04 | Pesquisa -> Nintendo
2021-10-18 00:13:03 Falha na extração
2021-10-18 00:13:04 Tentativa -> 05 | Pesquisa -> Nintendo
2021-10-18 00:13:20 Falha na extração
2021-10-18 00:13:20 Tentativa -> 06 | Pesquisa -> Nintendo
2021-10-18 00:13:37 Falha na extração
2021-10-18 00:13:37 Tentativa -> 07 | Pesquisa -> Nintendo
2021-10-18 00:13:52 Falha na extração
2021-10-18 00:13:53 Tentativa -> 08 | Pesquisa -> Nintendo
2021-10-18 00:14:08 Falha na extração
2021-10-18 00:14:08 Tentativa -> 09 | Pesquisa -> Nintendo
2021-10-18 00:14:22 Falha na extração
2021-10-18 00:14:22 Tentativa -> 10 | Pesquisa -> Nintendo
2021-10-18 00:14:36 Falha na extração
2021-10-18 00:14:36 Tentativa -> 01 | Pesquisa -> Blizzard
2021-10-18 00:14:50 Falha na extração
2021-10-18 00:14:51 Tentativa -> 02 | Pesquisa -> Blizzard
2021-10-18 00:15:06 Falha na extração
2021-10-18 00:15:07 Tentativa -> 03 | Pesquisa -> Blizzard
2021-10-18 00:15:23 Falha na extração
2021-10-18 00:15:23 Tentativa -> 04 | Pesquisa -> Blizzard
2021-10-18 00:15:38 Falha na extração
2021-10-18 00:15:38 Tentativa -> 05 | Pesquisa -> Blizzard
2021-10-18 00:15:51 Falha na extração
2021-10-18 00:15:51 Tentativa -> 06 | Pesquisa -> Blizzard
2021-10-18 00:16:04 Falha na extração
2021-10-18 00:16:04 Tentativa -> 07 | Pesquisa -> Blizzard
2021-10-18 00:16:16 Falha na extração
2021-10-18 00:16:16 Tentativa -> 08 | Pesquisa -> Blizzard
2021-10-18 00:16:30 Falha na extração
2021-10-18 00:16:30 Tentativa -> 09 | Pesquisa -> Blizzard
2021-10-18 00:16:43 Falha na extração
2021-10-18 00:16:43 Tentativa -> 10 | Pesquisa -> Blizzard
2021-10-18 00:16:57 Falha na extração
2021-10-18 00:16:57 Tentativa -> 01 | Pesquisa -> Activision
2021-10-18 00:17:11 Falha na extração
2021-10-18 00:17:11 Tentativa -> 02 | Pesquisa -> Activision
2021-10-18 00:17:25 Falha na extração
2021-10-18 00:17:25 Tentativa -> 03 | Pesquisa -> Activision
2021-10-18 00:17:40 Falha na extração
2021-10-18 00:17:40 Tentativa -> 04 | Pesquisa -> Activision
2021-10-18 00:17:54 Falha na extração
2021-10-18 00:17:54 Tentativa -> 05 | Pesquisa -> Activision
2021-10-18 00:18:38 Falha na extração
2021-10-18 00:18:38 Tentativa -> 06 | Pesquisa -> Activision
2021-10-18 00:18:49 Falha na extração
2021-10-18 00:18:49 Tentativa -> 07 | Pesquisa -> Activision
2021-10-18 00:19:02 Falha na extração
2021-10-18 00:19:03 Tentativa -> 08 | Pesquisa -> Activision
2021-10-18 00:19:17 Falha na extração
2021-10-18 00:19:17 Tentativa -> 09 | Pesquisa -> Activision
2021-10-18 00:19:29 Falha na extração
2021-10-18 00:19:30 Tentativa -> 10 | Pesquisa -> Activision
2021-10-18 00:20:07 Falha na extração
2021-10-18 00:20:07 Tentativa -> 01 | Pesquisa -> Naughty Dog
2021-10-18 00:20:35 Falha na extração
2021-10-18 00:20:35 Tentativa -> 02 | Pesquisa -> Naughty Dog
2021-10-18 00:20:47 Falha na extração
2021-10-18 00:20:47 Tentativa -> 03 | Pesquisa -> Naughty Dog
2021-10-18 00:21:02 Extração realizada
2021-10-18 00:21:02 Tentativa -> 01 | Pesquisa -> EA
2021-10-18 00:21:12 Extração realizada
2021-10-18 00:21:12 Tentativa -> 01 | Pesquisa -> Konami
2021-10-18 00:21:20 Extração realizada
2021-10-18 00:21:20 Tentativa -> 01 | Pesquisa -> Capcom
2021-10-18 00:21:20 Falha na extração
2021-10-18 00:21:20 Tentativa -> 02 | Pesquisa -> Capcom
2021-10-18 00:21:20 Falha na extração
2021-10-18 00:21:20 Tentativa -> 03 | Pesquisa -> Capcom
2021-10-18 00:21:20 Falha na extração
2021-10-18 00:21:20 Tentativa -> 04 | Pesquisa -> Capcom
2021-10-18 00:21:20 Falha na extração
2021-10-18 00:21:20 Tentativa -> 05 | Pesquisa -> Capcom
2021-10-18 00:21:21 Falha na extração
2021-10-18 00:21:21 Tentativa -> 06 | Pesquisa -> Capcom
2021-10-18 00:21:21 Falha na extração
2021-10-18 00:21:21 Tentativa -> 07 | Pesquisa -> Capcom
2021-10-18 00:21:21 Falha na extração
2021-10-18 00:21:21 Tentativa -> 08 | Pesquisa -> Capcom
2021-10-18 00:21:21 Falha na extração
2021-10-18 00:21:21 Tentativa -> 09 | Pesquisa -> Capcom
2021-10-18 00:21:21 Falha na extração
2021-10-18 00:21:21 Tentativa -> 10 | Pesquisa -> Capcom
2021-10-18 00:21:22 Falha na extração
2021-10-18 00:21:22 Tentativa -> 01 | Pesquisa -> Nintendo Switch Online
2021-10-18 00:21:22 Falha na extração
2021-10-18 00:21:22 Tentativa -> 02 | Pesquisa -> Nintendo Switch Online
2021-10-18 00:21:22 Falha na extração
2021-10-18 00:21:22 Tentativa -> 03 | Pesquisa -> Nintendo Switch Online
2021-10-18 00:21:22 Falha na extração
2021-10-18 00:21:22 Tentativa -> 04 | Pesquisa -> Nintendo Switch Online
2021-10-18 00:21:23 Falha na extração
2021-10-18 00:21:23 Tentativa -> 05 | Pesquisa -> Nintendo Switch Online
2021-10-18 00:21:23 Falha na extração
2021-10-18 00:21:23 Tentativa -> 06 | Pesquisa -> Nintendo Switch Online
2021-10-18 00:21:23 Falha na extração
2021-10-18 00:21:23 Tentativa -> 07 | Pesquisa -> Nintendo Switch Online
2021-10-18 00:21:23 Falha na extração
2021-10-18 00:21:23 Tentativa -> 08 | Pesquisa -> Nintendo Switch Online
2021-10-18 00:21:23 Falha na extração
2021-10-18 00:21:23 Tentativa -> 09 | Pesquisa -> Nintendo Switch Online
2021-10-18 00:21:24 Falha na extração
2021-10-18 00:21:24 Tentativa -> 10 | Pesquisa -> Nintendo Switch Online
2021-10-18 00:21:24 Falha na extração
2021-10-18 00:21:24 Tentativa -> 01 | Pesquisa -> Gamepass
2021-10-18 00:21:24 Falha na extração
2021-10-18 00:21:24 Tentativa -> 02 | Pesquisa -> Gamepass
2021-10-18 00:21:24 Falha na extração
2021-10-18 00:21:24 Tentativa -> 03 | Pesquisa -> Gamepass
2021-10-18 00:21:25 Falha na extração
2021-10-18 00:21:25 Tentativa -> 04 | Pesquisa -> Gamepass
2021-10-18 00:21:25 Falha na extração
2021-10-18 00:21:25 Tentativa -> 05 | Pesquisa -> Gamepass
2021-10-18 00:21:25 Falha na extração
2021-10-18 00:21:25 Tentativa -> 06 | Pesquisa -> Gamepass
2021-10-18 00:21:25 Falha na extração
2021-10-18 00:21:25 Tentativa -> 07 | Pesquisa -> Gamepass
2021-10-18 00:21:25 Falha na extração
2021-10-18 00:21:25 Tentativa -> 08 | Pesquisa -> Gamepass
2021-10-18 00:21:26 Falha na extração
2021-10-18 00:21:26 Tentativa -> 09 | Pesquisa -> Gamepass
2021-10-18 00:21:26 Falha na extração
2021-10-18 00:21:26 Tentativa -> 10 | Pesquisa -> Gamepass
2021-10-18 00:21:26 Falha na extração
2021-10-18 00:21:26 Tentativa -> 01 | Pesquisa -> EA Access
2021-10-18 00:21:26 Falha na extração
2021-10-18 00:21:26 Tentativa -> 02 | Pesquisa -> EA Access
2021-10-18 00:21:26 Falha na extração
2021-10-18 00:21:26 Tentativa -> 03 | Pesquisa -> EA Access
2021-10-18 00:21:26 Falha na extração
2021-10-18 00:21:26 Tentativa -> 04 | Pesquisa -> EA Access
2021-10-18 00:21:26 Falha na extração
2021-10-18 00:21:26 Tentativa -> 05 | Pesquisa -> EA Access
2021-10-18 00:21:26 Falha na extração
2021-10-18 00:21:26 Tentativa -> 06 | Pesquisa -> EA Access
2021-10-18 00:21:26 Falha na extração
2021-10-18 00:21:26 Tentativa -> 07 | Pesquisa -> EA Access
2021-10-18 00:21:27 Falha na extração
2021-10-18 00:21:27 Tentativa -> 08 | Pesquisa -> EA Access
2021-10-18 00:21:27 Falha na extração
2021-10-18 00:21:27 Tentativa -> 09 | Pesquisa -> EA Access
2021-10-18 00:21:27 Falha na extração
2021-10-18 00:21:27 Tentativa -> 10 | Pesquisa -> EA Access
2021-10-18 00:21:27 Falha na extração
2021-10-18 00:21:27 Tentativa -> 01 | Pesquisa -> Playstation Now
2021-10-18 00:21:27 Falha na extração
2021-10-18 00:21:27 Tentativa -> 02 | Pesquisa -> Playstation Now
2021-10-18 00:21:27 Falha na extração
2021-10-18 00:21:27 Tentativa -> 03 | Pesquisa -> Playstation Now
2021-10-18 00:21:27 Falha na extração
2021-10-18 00:21:27 Tentativa -> 04 | Pesquisa -> Playstation Now
2021-10-18 00:21:27 Falha na extração
2021-10-18 00:21:27 Tentativa -> 05 | Pesquisa -> Playstation Now
2021-10-18 00:21:27 Falha na extração
2021-10-18 00:21:27 Tentativa -> 06 | Pesquisa -> Playstation Now
2021-10-18 00:21:27 Falha na extração
2021-10-18 00:21:27 Tentativa -> 07 | Pesquisa -> Playstation Now
2021-10-18 00:21:28 Falha na extração
2021-10-18 00:21:28 Tentativa -> 08 | Pesquisa -> Playstation Now
2021-10-18 00:21:28 Falha na extração
2021-10-18 00:21:28 Tentativa -> 09 | Pesquisa -> Playstation Now
2021-10-18 00:21:28 Falha na extração
2021-10-18 00:21:28 Tentativa -> 10 | Pesquisa -> Playstation Now
2021-10-18 00:21:28 Falha na extração
2021-10-18 00:21:28 Tentativa -> 01 | Pesquisa -> CD PROJEKT RED
2021-10-18 00:21:28 Falha na extração
2021-10-18 00:21:28 Tentativa -> 02 | Pesquisa -> CD PROJEKT RED
2021-10-18 00:21:28 Falha na extração
2021-10-18 00:21:28 Tentativa -> 03 | Pesquisa -> CD PROJEKT RED
2021-10-18 00:21:28 Falha na extração
2021-10-18 00:21:28 Tentativa -> 04 | Pesquisa -> CD PROJEKT RED
2021-10-18 00:21:28 Falha na extração
2021-10-18 00:21:28 Tentativa -> 05 | Pesquisa -> CD PROJEKT RED
2021-10-18 00:21:28 Falha na extração
2021-10-18 00:21:28 Tentativa -> 06 | Pesquisa -> CD PROJEKT RED
2021-10-18 00:21:28 Falha na extração
2021-10-18 00:21:28 Tentativa -> 07 | Pesquisa -> CD PROJEKT RED
2021-10-18 00:21:29 Falha na extração
2021-10-18 00:21:29 Tentativa -> 08 | Pesquisa -> CD PROJEKT RED
2021-10-18 00:21:29 Falha na extração
2021-10-18 00:21:29 Tentativa -> 09 | Pesquisa -> CD PROJEKT RED
2021-10-18 00:21:29 Falha na extração
2021-10-18 00:21:29 Tentativa -> 10 | Pesquisa -> CD PROJEKT RED
2021-10-18 00:21:29 Falha na extração
Foram removidas 4149 duplicidades
Foram coletados 4831 tweets
