2021-10-18 12:50:09 Tentativa -> 01 | Pesquisa -> Playstation
2021-10-18 12:50:09 Falha na extração
2021-10-18 12:50:09 Tentativa -> 02 | Pesquisa -> Playstation
2021-10-18 12:50:09 Falha na extração
2021-10-18 12:50:09 Tentativa -> 03 | Pesquisa -> Playstation
2021-10-18 12:50:09 Falha na extração
2021-10-18 12:50:09 Tentativa -> 04 | Pesquisa -> Playstation
2021-10-18 12:50:09 Falha na extração
2021-10-18 12:50:09 Tentativa -> 05 | Pesquisa -> Playstation
2021-10-18 12:50:10 Falha na extração
2021-10-18 12:50:10 Tentativa -> 06 | Pesquisa -> Playstation
2021-10-18 12:50:10 Falha na extração
2021-10-18 12:50:10 Tentativa -> 07 | Pesquisa -> Playstation
2021-10-18 12:50:10 Falha na extração
2021-10-18 12:50:10 Tentativa -> 08 | Pesquisa -> Playstation
2021-10-18 12:50:10 Falha na extração
2021-10-18 12:50:10 Tentativa -> 09 | Pesquisa -> Playstation
2021-10-18 12:50:10 Falha na extração
2021-10-18 12:50:10 Tentativa -> 10 | Pesquisa -> Playstation
2021-10-18 12:50:10 Falha na extração
2021-10-18 12:50:10 Tentativa -> 01 | Pesquisa -> Xbox
2021-10-18 12:50:10 Falha na extração
2021-10-18 12:50:10 Tentativa -> 02 | Pesquisa -> Xbox
2021-10-18 12:50:10 Falha na extração
2021-10-18 12:50:10 Tentativa -> 03 | Pesquisa -> Xbox
2021-10-18 12:50:10 Falha na extração
2021-10-18 12:50:10 Tentativa -> 04 | Pesquisa -> Xbox
2021-10-18 12:50:11 Falha na extração
2021-10-18 12:50:11 Tentativa -> 05 | Pesquisa -> Xbox
2021-10-18 12:50:11 Falha na extração
2021-10-18 12:50:11 Tentativa -> 06 | Pesquisa -> Xbox
2021-10-18 12:50:11 Falha na extração
2021-10-18 12:50:11 Tentativa -> 07 | Pesquisa -> Xbox
2021-10-18 12:50:11 Falha na extração
2021-10-18 12:50:11 Tentativa -> 08 | Pesquisa -> Xbox
2021-10-18 12:50:11 Falha na extração
2021-10-18 12:50:11 Tentativa -> 09 | Pesquisa -> Xbox
2021-10-18 12:50:11 Falha na extração
2021-10-18 12:50:11 Tentativa -> 10 | Pesquisa -> Xbox
2021-10-18 12:50:11 Falha na extração
2021-10-18 12:50:11 Tentativa -> 01 | Pesquisa -> Nintendo
2021-10-18 12:50:11 Falha na extração
2021-10-18 12:50:11 Tentativa -> 02 | Pesquisa -> Nintendo
2021-10-18 12:50:12 Falha na extração
2021-10-18 12:50:12 Tentativa -> 03 | Pesquisa -> Nintendo
2021-10-18 12:50:12 Falha na extração
2021-10-18 12:50:12 Tentativa -> 04 | Pesquisa -> Nintendo
2021-10-18 12:50:12 Falha na extração
2021-10-18 12:50:12 Tentativa -> 05 | Pesquisa -> Nintendo
2021-10-18 12:50:12 Falha na extração
2021-10-18 12:50:12 Tentativa -> 06 | Pesquisa -> Nintendo
2021-10-18 12:50:14 Falha na extração
2021-10-18 12:50:14 Tentativa -> 07 | Pesquisa -> Nintendo
2021-10-18 12:50:19 Falha na extração
2021-10-18 12:50:19 Tentativa -> 08 | Pesquisa -> Nintendo
2021-10-18 12:50:33 Falha na extração
2021-10-18 12:50:33 Tentativa -> 09 | Pesquisa -> Nintendo
2021-10-18 12:50:39 Falha na extração
2021-10-18 12:50:39 Tentativa -> 10 | Pesquisa -> Nintendo
2021-10-18 12:50:48 Falha na extração
2021-10-18 12:50:48 Tentativa -> 01 | Pesquisa -> Blizzard
2021-10-18 12:50:55 Falha na extração
2021-10-18 12:50:55 Tentativa -> 02 | Pesquisa -> Blizzard
2021-10-18 12:51:05 Falha na extração
2021-10-18 12:51:06 Tentativa -> 03 | Pesquisa -> Blizzard
2021-10-18 12:51:22 Falha na extração
2021-10-18 12:51:22 Tentativa -> 04 | Pesquisa -> Blizzard
2021-10-18 12:51:49 Falha na extração
2021-10-18 12:51:49 Tentativa -> 05 | Pesquisa -> Blizzard
2021-10-18 12:52:11 Falha na extração
2021-10-18 12:52:11 Tentativa -> 06 | Pesquisa -> Blizzard
2021-10-18 12:52:37 Falha na extração
2021-10-18 12:52:37 Tentativa -> 07 | Pesquisa -> Blizzard
2021-10-18 12:52:53 Falha na extração
2021-10-18 12:52:53 Tentativa -> 08 | Pesquisa -> Blizzard
2021-10-18 12:53:07 Falha na extração
2021-10-18 12:53:08 Tentativa -> 09 | Pesquisa -> Blizzard
2021-10-18 12:53:22 Falha na extração
2021-10-18 12:53:22 Tentativa -> 10 | Pesquisa -> Blizzard
2021-10-18 12:53:35 Falha na extração
2021-10-18 12:53:36 Tentativa -> 01 | Pesquisa -> Activision
2021-10-18 12:53:52 Falha na extração
2021-10-18 12:53:52 Tentativa -> 02 | Pesquisa -> Activision
2021-10-18 12:54:08 Falha na extração
2021-10-18 12:54:09 Tentativa -> 03 | Pesquisa -> Activision
2021-10-18 12:54:29 Falha na extração
2021-10-18 12:54:29 Tentativa -> 04 | Pesquisa -> Activision
2021-10-18 12:54:43 Falha na extração
2021-10-18 12:54:43 Tentativa -> 05 | Pesquisa -> Activision
2021-10-18 12:54:52 Falha na extração
2021-10-18 12:54:52 Tentativa -> 06 | Pesquisa -> Activision
2021-10-18 12:55:13 Falha na extração
2021-10-18 12:55:14 Tentativa -> 07 | Pesquisa -> Activision
2021-10-18 12:55:29 Falha na extração
2021-10-18 12:55:30 Tentativa -> 08 | Pesquisa -> Activision
2021-10-18 12:55:48 Falha na extração
2021-10-18 12:55:48 Tentativa -> 09 | Pesquisa -> Activision
2021-10-18 12:56:03 Falha na extração
2021-10-18 12:56:03 Tentativa -> 10 | Pesquisa -> Activision
2021-10-18 12:56:17 Falha na extração
2021-10-18 12:56:18 Tentativa -> 01 | Pesquisa -> Naughty Dog
2021-10-18 12:56:34 Falha na extração
2021-10-18 12:56:35 Tentativa -> 02 | Pesquisa -> Naughty Dog
2021-10-18 12:56:52 Falha na extração
2021-10-18 12:56:52 Tentativa -> 03 | Pesquisa -> Naughty Dog
2021-10-18 12:57:06 Falha na extração
2021-10-18 12:57:06 Tentativa -> 04 | Pesquisa -> Naughty Dog
2021-10-18 12:57:27 Falha na extração
2021-10-18 12:57:28 Tentativa -> 05 | Pesquisa -> Naughty Dog
2021-10-18 12:57:45 Falha na extração
2021-10-18 12:57:45 Tentativa -> 06 | Pesquisa -> Naughty Dog
2021-10-18 12:57:59 Falha na extração
2021-10-18 12:57:59 Tentativa -> 07 | Pesquisa -> Naughty Dog
2021-10-18 12:58:14 Falha na extração
2021-10-18 12:58:14 Tentativa -> 08 | Pesquisa -> Naughty Dog
2021-10-18 12:58:24 Falha na extração
2021-10-18 12:58:24 Tentativa -> 09 | Pesquisa -> Naughty Dog
2021-10-18 12:58:42 Falha na extração
2021-10-18 12:58:42 Tentativa -> 10 | Pesquisa -> Naughty Dog
2021-10-18 12:58:54 Falha na extração
2021-10-18 12:58:55 Tentativa -> 01 | Pesquisa -> EA
2021-10-18 12:59:12 Falha na extração
2021-10-18 12:59:12 Tentativa -> 02 | Pesquisa -> EA
2021-10-18 12:59:27 Falha na extração
2021-10-18 12:59:27 Tentativa -> 03 | Pesquisa -> EA
2021-10-18 12:59:43 Falha na extração
2021-10-18 12:59:44 Tentativa -> 04 | Pesquisa -> EA
2021-10-18 13:00:01 Falha na extração
2021-10-18 13:00:02 Tentativa -> 05 | Pesquisa -> EA
2021-10-18 13:04:14 Falha na extração
2021-10-18 13:04:14 Tentativa -> 06 | Pesquisa -> EA
2021-10-18 13:04:34 Falha na extração
2021-10-18 13:04:38 Tentativa -> 07 | Pesquisa -> EA
2021-10-18 13:04:58 Falha na extração
2021-10-18 13:04:59 Tentativa -> 08 | Pesquisa -> EA
2021-10-18 13:05:18 Falha na extração
2021-10-18 13:05:18 Tentativa -> 09 | Pesquisa -> EA
2021-10-18 13:05:34 Falha na extração
2021-10-18 13:05:34 Tentativa -> 10 | Pesquisa -> EA
2021-10-18 13:06:10 Extração realizada
2021-10-18 13:06:10 Tentativa -> 01 | Pesquisa -> Konami
2021-10-18 13:06:10 Falha na extração
2021-10-18 13:06:10 Tentativa -> 02 | Pesquisa -> Konami
2021-10-18 13:06:10 Falha na extração
2021-10-18 13:06:10 Tentativa -> 03 | Pesquisa -> Konami
2021-10-18 13:06:11 Falha na extração
2021-10-18 13:06:11 Tentativa -> 04 | Pesquisa -> Konami
2021-10-18 13:06:11 Falha na extração
2021-10-18 13:06:11 Tentativa -> 05 | Pesquisa -> Konami
2021-10-18 13:06:11 Falha na extração
2021-10-18 13:06:11 Tentativa -> 06 | Pesquisa -> Konami
2021-10-18 13:06:11 Falha na extração
2021-10-18 13:06:11 Tentativa -> 07 | Pesquisa -> Konami
2021-10-18 13:06:12 Falha na extração
2021-10-18 13:06:12 Tentativa -> 08 | Pesquisa -> Konami
2021-10-18 13:06:12 Falha na extração
2021-10-18 13:06:12 Tentativa -> 09 | Pesquisa -> Konami
2021-10-18 13:06:12 Falha na extração
2021-10-18 13:06:12 Tentativa -> 10 | Pesquisa -> Konami
2021-10-18 13:06:12 Falha na extração
2021-10-18 13:06:12 Tentativa -> 01 | Pesquisa -> Capcom
2021-10-18 13:06:13 Falha na extração
2021-10-18 13:06:13 Tentativa -> 02 | Pesquisa -> Capcom
2021-10-18 13:06:13 Falha na extração
2021-10-18 13:06:13 Tentativa -> 03 | Pesquisa -> Capcom
2021-10-18 13:06:13 Falha na extração
2021-10-18 13:06:13 Tentativa -> 04 | Pesquisa -> Capcom
2021-10-18 13:06:13 Falha na extração
2021-10-18 13:06:13 Tentativa -> 05 | Pesquisa -> Capcom
2021-10-18 13:06:14 Falha na extração
2021-10-18 13:06:14 Tentativa -> 06 | Pesquisa -> Capcom
2021-10-18 13:06:14 Falha na extração
2021-10-18 13:06:14 Tentativa -> 07 | Pesquisa -> Capcom
2021-10-18 13:06:14 Falha na extração
2021-10-18 13:06:14 Tentativa -> 08 | Pesquisa -> Capcom
2021-10-18 13:06:14 Falha na extração
2021-10-18 13:06:14 Tentativa -> 09 | Pesquisa -> Capcom
2021-10-18 13:06:15 Falha na extração
2021-10-18 13:06:15 Tentativa -> 10 | Pesquisa -> Capcom
2021-10-18 13:06:15 Falha na extração
2021-10-18 13:06:15 Tentativa -> 01 | Pesquisa -> Nintendo Switch Online
2021-10-18 13:06:15 Falha na extração
2021-10-18 13:06:15 Tentativa -> 02 | Pesquisa -> Nintendo Switch Online
2021-10-18 13:06:15 Falha na extração
2021-10-18 13:06:15 Tentativa -> 03 | Pesquisa -> Nintendo Switch Online
2021-10-18 13:06:16 Falha na extração
2021-10-18 13:06:16 Tentativa -> 04 | Pesquisa -> Nintendo Switch Online
2021-10-18 13:06:16 Falha na extração
2021-10-18 13:06:16 Tentativa -> 05 | Pesquisa -> Nintendo Switch Online
2021-10-18 13:06:16 Falha na extração
2021-10-18 13:06:16 Tentativa -> 06 | Pesquisa -> Nintendo Switch Online
2021-10-18 13:06:17 Falha na extração
2021-10-18 13:06:17 Tentativa -> 07 | Pesquisa -> Nintendo Switch Online
2021-10-18 13:06:17 Falha na extração
2021-10-18 13:06:17 Tentativa -> 08 | Pesquisa -> Nintendo Switch Online
2021-10-18 13:06:17 Falha na extração
2021-10-18 13:06:17 Tentativa -> 09 | Pesquisa -> Nintendo Switch Online
2021-10-18 13:06:17 Falha na extração
2021-10-18 13:06:17 Tentativa -> 10 | Pesquisa -> Nintendo Switch Online
2021-10-18 13:06:18 Falha na extração
2021-10-18 13:06:18 Tentativa -> 01 | Pesquisa -> Gamepass
2021-10-18 13:06:18 Falha na extração
2021-10-18 13:06:18 Tentativa -> 02 | Pesquisa -> Gamepass
2021-10-18 13:06:18 Falha na extração
2021-10-18 13:06:18 Tentativa -> 03 | Pesquisa -> Gamepass
2021-10-18 13:06:18 Falha na extração
2021-10-18 13:06:18 Tentativa -> 04 | Pesquisa -> Gamepass
2021-10-18 13:06:19 Falha na extração
2021-10-18 13:06:19 Tentativa -> 05 | Pesquisa -> Gamepass
2021-10-18 13:06:19 Falha na extração
2021-10-18 13:06:19 Tentativa -> 06 | Pesquisa -> Gamepass
2021-10-18 13:06:19 Falha na extração
2021-10-18 13:06:19 Tentativa -> 07 | Pesquisa -> Gamepass
2021-10-18 13:06:19 Falha na extração
2021-10-18 13:06:19 Tentativa -> 08 | Pesquisa -> Gamepass
2021-10-18 13:06:19 Falha na extração
2021-10-18 13:06:19 Tentativa -> 09 | Pesquisa -> Gamepass
2021-10-18 13:06:19 Falha na extração
2021-10-18 13:06:19 Tentativa -> 10 | Pesquisa -> Gamepass
2021-10-18 13:06:19 Falha na extração
2021-10-18 13:06:19 Tentativa -> 01 | Pesquisa -> EA Access
2021-10-18 13:06:20 Falha na extração
2021-10-18 13:06:20 Tentativa -> 02 | Pesquisa -> EA Access
2021-10-18 13:06:20 Falha na extração
2021-10-18 13:06:20 Tentativa -> 03 | Pesquisa -> EA Access
2021-10-18 13:06:20 Falha na extração
2021-10-18 13:06:20 Tentativa -> 04 | Pesquisa -> EA Access
2021-10-18 13:06:20 Falha na extração
2021-10-18 13:06:20 Tentativa -> 05 | Pesquisa -> EA Access
2021-10-18 13:06:20 Falha na extração
2021-10-18 13:06:20 Tentativa -> 06 | Pesquisa -> EA Access
2021-10-18 13:06:20 Falha na extração
2021-10-18 13:06:20 Tentativa -> 07 | Pesquisa -> EA Access
2021-10-18 13:06:20 Falha na extração
2021-10-18 13:06:20 Tentativa -> 08 | Pesquisa -> EA Access
2021-10-18 13:06:20 Falha na extração
2021-10-18 13:06:20 Tentativa -> 09 | Pesquisa -> EA Access
2021-10-18 13:06:20 Falha na extração
2021-10-18 13:06:20 Tentativa -> 10 | Pesquisa -> EA Access
2021-10-18 13:06:21 Falha na extração
2021-10-18 13:06:21 Tentativa -> 01 | Pesquisa -> Playstation Now
2021-10-18 13:06:21 Falha na extração
2021-10-18 13:06:21 Tentativa -> 02 | Pesquisa -> Playstation Now
2021-10-18 13:06:21 Falha na extração
2021-10-18 13:06:21 Tentativa -> 03 | Pesquisa -> Playstation Now
2021-10-18 13:06:21 Falha na extração
2021-10-18 13:06:21 Tentativa -> 04 | Pesquisa -> Playstation Now
2021-10-18 13:06:21 Falha na extração
2021-10-18 13:06:21 Tentativa -> 05 | Pesquisa -> Playstation Now
2021-10-18 13:06:21 Falha na extração
2021-10-18 13:06:21 Tentativa -> 06 | Pesquisa -> Playstation Now
2021-10-18 13:06:21 Falha na extração
2021-10-18 13:06:21 Tentativa -> 07 | Pesquisa -> Playstation Now
2021-10-18 13:06:21 Falha na extração
2021-10-18 13:06:21 Tentativa -> 08 | Pesquisa -> Playstation Now
2021-10-18 13:06:21 Falha na extração
2021-10-18 13:06:21 Tentativa -> 09 | Pesquisa -> Playstation Now
2021-10-18 13:06:22 Falha na extração
2021-10-18 13:06:22 Tentativa -> 10 | Pesquisa -> Playstation Now
2021-10-18 13:06:22 Falha na extração
2021-10-18 13:06:22 Tentativa -> 01 | Pesquisa -> CD PROJEKT RED
2021-10-18 13:06:22 Falha na extração
2021-10-18 13:06:22 Tentativa -> 02 | Pesquisa -> CD PROJEKT RED
2021-10-18 13:06:22 Falha na extração
2021-10-18 13:06:22 Tentativa -> 03 | Pesquisa -> CD PROJEKT RED
2021-10-18 13:06:22 Falha na extração
2021-10-18 13:06:22 Tentativa -> 04 | Pesquisa -> CD PROJEKT RED
2021-10-18 13:06:22 Falha na extração
2021-10-18 13:06:22 Tentativa -> 05 | Pesquisa -> CD PROJEKT RED
2021-10-18 13:06:22 Falha na extração
2021-10-18 13:06:22 Tentativa -> 06 | Pesquisa -> CD PROJEKT RED
2021-10-18 13:06:22 Falha na extração
2021-10-18 13:06:22 Tentativa -> 07 | Pesquisa -> CD PROJEKT RED
2021-10-18 13:06:22 Falha na extração
2021-10-18 13:06:22 Tentativa -> 08 | Pesquisa -> CD PROJEKT RED
2021-10-18 13:06:23 Falha na extração
2021-10-18 13:06:23 Tentativa -> 09 | Pesquisa -> CD PROJEKT RED
2021-10-18 13:06:23 Falha na extração
2021-10-18 13:06:23 Tentativa -> 10 | Pesquisa -> CD PROJEKT RED
2021-10-18 13:06:23 Falha na extração
Foram removidas 5786 duplicidades
Foram coletados 3014 tweets
