2021-10-28 20:30:04 Tentativa -> 01 | Pesquisa -> Playstation
2021-10-28 20:30:04 Falha na extração
2021-10-28 20:30:04 Tentativa -> 02 | Pesquisa -> Playstation
2021-10-28 20:30:05 Falha na extração
2021-10-28 20:30:05 Tentativa -> 03 | Pesquisa -> Playstation
2021-10-28 20:30:05 Falha na extração
2021-10-28 20:30:05 Tentativa -> 04 | Pesquisa -> Playstation
2021-10-28 20:30:05 Falha na extração
2021-10-28 20:30:05 Tentativa -> 05 | Pesquisa -> Playstation
2021-10-28 20:30:05 Falha na extração
2021-10-28 20:30:05 Tentativa -> 06 | Pesquisa -> Playstation
2021-10-28 20:30:05 Falha na extração
2021-10-28 20:30:05 Tentativa -> 07 | Pesquisa -> Playstation
2021-10-28 20:30:05 Falha na extração
2021-10-28 20:30:05 Tentativa -> 08 | Pesquisa -> Playstation
2021-10-28 20:30:05 Falha na extração
2021-10-28 20:30:05 Tentativa -> 09 | Pesquisa -> Playstation
2021-10-28 20:30:05 Falha na extração
2021-10-28 20:30:05 Tentativa -> 10 | Pesquisa -> Playstation
2021-10-28 20:30:05 Falha na extração
2021-10-28 20:30:05 Tentativa -> 01 | Pesquisa -> Xbox
2021-10-28 20:30:06 Falha na extração
2021-10-28 20:30:06 Tentativa -> 02 | Pesquisa -> Xbox
2021-10-28 20:30:06 Falha na extração
2021-10-28 20:30:06 Tentativa -> 03 | Pesquisa -> Xbox
2021-10-28 20:30:06 Falha na extração
2021-10-28 20:30:06 Tentativa -> 04 | Pesquisa -> Xbox
2021-10-28 20:30:06 Falha na extração
2021-10-28 20:30:06 Tentativa -> 05 | Pesquisa -> Xbox
2021-10-28 20:30:06 Falha na extração
2021-10-28 20:30:06 Tentativa -> 06 | Pesquisa -> Xbox
2021-10-28 20:30:06 Falha na extração
2021-10-28 20:30:06 Tentativa -> 07 | Pesquisa -> Xbox
2021-10-28 20:30:06 Falha na extração
2021-10-28 20:30:06 Tentativa -> 08 | Pesquisa -> Xbox
2021-10-28 20:30:06 Falha na extração
2021-10-28 20:30:06 Tentativa -> 09 | Pesquisa -> Xbox
2021-10-28 20:30:06 Falha na extração
2021-10-28 20:30:06 Tentativa -> 10 | Pesquisa -> Xbox
2021-10-28 20:30:06 Falha na extração
2021-10-28 20:30:06 Tentativa -> 01 | Pesquisa -> Nintendo
2021-10-28 20:30:07 Falha na extração
2021-10-28 20:30:07 Tentativa -> 02 | Pesquisa -> Nintendo
2021-10-28 20:30:07 Falha na extração
2021-10-28 20:30:07 Tentativa -> 03 | Pesquisa -> Nintendo
2021-10-28 20:30:07 Falha na extração
2021-10-28 20:30:07 Tentativa -> 04 | Pesquisa -> Nintendo
2021-10-28 20:30:07 Falha na extração
2021-10-28 20:30:07 Tentativa -> 05 | Pesquisa -> Nintendo
2021-10-28 20:30:07 Falha na extração
2021-10-28 20:30:07 Tentativa -> 06 | Pesquisa -> Nintendo
2021-10-28 20:30:07 Falha na extração
2021-10-28 20:30:07 Tentativa -> 07 | Pesquisa -> Nintendo
2021-10-28 20:30:07 Falha na extração
2021-10-28 20:30:07 Tentativa -> 08 | Pesquisa -> Nintendo
2021-10-28 20:30:07 Falha na extração
2021-10-28 20:30:07 Tentativa -> 09 | Pesquisa -> Nintendo
2021-10-28 20:30:07 Falha na extração
2021-10-28 20:30:07 Tentativa -> 10 | Pesquisa -> Nintendo
2021-10-28 20:30:08 Falha na extração
2021-10-28 20:30:08 Tentativa -> 01 | Pesquisa -> Blizzard
2021-10-28 20:30:08 Falha na extração
2021-10-28 20:30:08 Tentativa -> 02 | Pesquisa -> Blizzard
2021-10-28 20:30:08 Falha na extração
2021-10-28 20:30:08 Tentativa -> 03 | Pesquisa -> Blizzard
2021-10-28 20:30:08 Falha na extração
2021-10-28 20:30:08 Tentativa -> 04 | Pesquisa -> Blizzard
2021-10-28 20:30:08 Falha na extração
2021-10-28 20:30:08 Tentativa -> 05 | Pesquisa -> Blizzard
2021-10-28 20:30:08 Falha na extração
2021-10-28 20:30:08 Tentativa -> 06 | Pesquisa -> Blizzard
2021-10-28 20:30:08 Falha na extração
2021-10-28 20:30:08 Tentativa -> 07 | Pesquisa -> Blizzard
2021-10-28 20:30:08 Falha na extração
2021-10-28 20:30:08 Tentativa -> 08 | Pesquisa -> Blizzard
2021-10-28 20:30:08 Falha na extração
2021-10-28 20:30:08 Tentativa -> 09 | Pesquisa -> Blizzard
2021-10-28 20:30:08 Falha na extração
2021-10-28 20:30:08 Tentativa -> 10 | Pesquisa -> Blizzard
2021-10-28 20:30:09 Falha na extração
2021-10-28 20:30:09 Tentativa -> 01 | Pesquisa -> Activision
2021-10-28 20:30:09 Falha na extração
2021-10-28 20:30:09 Tentativa -> 02 | Pesquisa -> Activision
2021-10-28 20:30:09 Falha na extração
2021-10-28 20:30:09 Tentativa -> 03 | Pesquisa -> Activision
2021-10-28 20:30:09 Falha na extração
2021-10-28 20:30:09 Tentativa -> 04 | Pesquisa -> Activision
2021-10-28 20:30:09 Falha na extração
2021-10-28 20:30:09 Tentativa -> 05 | Pesquisa -> Activision
2021-10-28 20:30:09 Falha na extração
2021-10-28 20:30:09 Tentativa -> 06 | Pesquisa -> Activision
2021-10-28 20:30:09 Falha na extração
2021-10-28 20:30:09 Tentativa -> 07 | Pesquisa -> Activision
2021-10-28 20:30:09 Falha na extração
2021-10-28 20:30:09 Tentativa -> 08 | Pesquisa -> Activision
2021-10-28 20:30:09 Falha na extração
2021-10-28 20:30:09 Tentativa -> 09 | Pesquisa -> Activision
2021-10-28 20:30:09 Falha na extração
2021-10-28 20:30:09 Tentativa -> 10 | Pesquisa -> Activision
2021-10-28 20:30:10 Falha na extração
2021-10-28 20:30:10 Tentativa -> 01 | Pesquisa -> Naughty Dog
2021-10-28 20:30:10 Falha na extração
2021-10-28 20:30:10 Tentativa -> 02 | Pesquisa -> Naughty Dog
2021-10-28 20:30:10 Falha na extração
2021-10-28 20:30:10 Tentativa -> 03 | Pesquisa -> Naughty Dog
2021-10-28 20:30:10 Falha na extração
2021-10-28 20:30:10 Tentativa -> 04 | Pesquisa -> Naughty Dog
2021-10-28 20:30:10 Falha na extração
2021-10-28 20:30:10 Tentativa -> 05 | Pesquisa -> Naughty Dog
2021-10-28 20:30:10 Falha na extração
2021-10-28 20:30:10 Tentativa -> 06 | Pesquisa -> Naughty Dog
2021-10-28 20:30:10 Falha na extração
2021-10-28 20:30:10 Tentativa -> 07 | Pesquisa -> Naughty Dog
2021-10-28 20:30:10 Falha na extração
2021-10-28 20:30:10 Tentativa -> 08 | Pesquisa -> Naughty Dog
2021-10-28 20:30:10 Falha na extração
2021-10-28 20:30:10 Tentativa -> 09 | Pesquisa -> Naughty Dog
2021-10-28 20:30:10 Falha na extração
2021-10-28 20:30:10 Tentativa -> 10 | Pesquisa -> Naughty Dog
2021-10-28 20:30:11 Falha na extração
2021-10-28 20:30:11 Tentativa -> 01 | Pesquisa -> EA
2021-10-28 20:30:11 Falha na extração
2021-10-28 20:30:11 Tentativa -> 02 | Pesquisa -> EA
2021-10-28 20:30:11 Falha na extração
2021-10-28 20:30:11 Tentativa -> 03 | Pesquisa -> EA
2021-10-28 20:30:11 Falha na extração
2021-10-28 20:30:11 Tentativa -> 04 | Pesquisa -> EA
2021-10-28 20:30:11 Falha na extração
2021-10-28 20:30:11 Tentativa -> 05 | Pesquisa -> EA
2021-10-28 20:30:11 Falha na extração
2021-10-28 20:30:11 Tentativa -> 06 | Pesquisa -> EA
2021-10-28 20:30:11 Falha na extração
2021-10-28 20:30:11 Tentativa -> 07 | Pesquisa -> EA
2021-10-28 20:30:11 Falha na extração
2021-10-28 20:30:11 Tentativa -> 08 | Pesquisa -> EA
2021-10-28 20:30:11 Falha na extração
2021-10-28 20:30:11 Tentativa -> 09 | Pesquisa -> EA
2021-10-28 20:30:12 Falha na extração
2021-10-28 20:30:12 Tentativa -> 10 | Pesquisa -> EA
2021-10-28 20:30:12 Falha na extração
2021-10-28 20:30:12 Tentativa -> 01 | Pesquisa -> Konami
2021-10-28 20:30:12 Falha na extração
2021-10-28 20:30:12 Tentativa -> 02 | Pesquisa -> Konami
2021-10-28 20:30:12 Falha na extração
2021-10-28 20:30:12 Tentativa -> 03 | Pesquisa -> Konami
2021-10-28 20:30:12 Falha na extração
2021-10-28 20:30:12 Tentativa -> 04 | Pesquisa -> Konami
2021-10-28 20:30:12 Falha na extração
2021-10-28 20:30:12 Tentativa -> 05 | Pesquisa -> Konami
2021-10-28 20:30:12 Falha na extração
2021-10-28 20:30:12 Tentativa -> 06 | Pesquisa -> Konami
2021-10-28 20:30:12 Falha na extração
2021-10-28 20:30:12 Tentativa -> 07 | Pesquisa -> Konami
2021-10-28 20:30:12 Falha na extração
2021-10-28 20:30:12 Tentativa -> 08 | Pesquisa -> Konami
2021-10-28 20:30:13 Falha na extração
2021-10-28 20:30:13 Tentativa -> 09 | Pesquisa -> Konami
2021-10-28 20:30:13 Falha na extração
2021-10-28 20:30:13 Tentativa -> 10 | Pesquisa -> Konami
2021-10-28 20:30:13 Falha na extração
2021-10-28 20:30:13 Tentativa -> 01 | Pesquisa -> Capcom
2021-10-28 20:30:13 Falha na extração
2021-10-28 20:30:13 Tentativa -> 02 | Pesquisa -> Capcom
2021-10-28 20:30:13 Falha na extração
2021-10-28 20:30:13 Tentativa -> 03 | Pesquisa -> Capcom
2021-10-28 20:30:13 Falha na extração
2021-10-28 20:30:13 Tentativa -> 04 | Pesquisa -> Capcom
2021-10-28 20:30:13 Falha na extração
2021-10-28 20:30:13 Tentativa -> 05 | Pesquisa -> Capcom
2021-10-28 20:30:13 Falha na extração
2021-10-28 20:30:13 Tentativa -> 06 | Pesquisa -> Capcom
2021-10-28 20:30:13 Falha na extração
2021-10-28 20:30:13 Tentativa -> 07 | Pesquisa -> Capcom
2021-10-28 20:30:13 Falha na extração
2021-10-28 20:30:13 Tentativa -> 08 | Pesquisa -> Capcom
2021-10-28 20:30:14 Falha na extração
2021-10-28 20:30:14 Tentativa -> 09 | Pesquisa -> Capcom
2021-10-28 20:30:14 Falha na extração
2021-10-28 20:30:14 Tentativa -> 10 | Pesquisa -> Capcom
2021-10-28 20:30:14 Falha na extração
2021-10-28 20:30:14 Tentativa -> 01 | Pesquisa -> Nintendo Switch Online
2021-10-28 20:30:14 Falha na extração
2021-10-28 20:30:14 Tentativa -> 02 | Pesquisa -> Nintendo Switch Online
2021-10-28 20:30:14 Falha na extração
2021-10-28 20:30:14 Tentativa -> 03 | Pesquisa -> Nintendo Switch Online
2021-10-28 20:30:14 Falha na extração
2021-10-28 20:30:14 Tentativa -> 04 | Pesquisa -> Nintendo Switch Online
2021-10-28 20:30:14 Falha na extração
2021-10-28 20:30:14 Tentativa -> 05 | Pesquisa -> Nintendo Switch Online
2021-10-28 20:30:14 Falha na extração
2021-10-28 20:30:14 Tentativa -> 06 | Pesquisa -> Nintendo Switch Online
2021-10-28 20:30:14 Falha na extração
2021-10-28 20:30:14 Tentativa -> 07 | Pesquisa -> Nintendo Switch Online
2021-10-28 20:30:15 Falha na extração
2021-10-28 20:30:15 Tentativa -> 08 | Pesquisa -> Nintendo Switch Online
2021-10-28 20:30:15 Falha na extração
2021-10-28 20:30:15 Tentativa -> 09 | Pesquisa -> Nintendo Switch Online
2021-10-28 20:30:15 Falha na extração
2021-10-28 20:30:15 Tentativa -> 10 | Pesquisa -> Nintendo Switch Online
2021-10-28 20:30:15 Falha na extração
2021-10-28 20:30:15 Tentativa -> 01 | Pesquisa -> Gamepass
2021-10-28 20:30:15 Falha na extração
2021-10-28 20:30:15 Tentativa -> 02 | Pesquisa -> Gamepass
2021-10-28 20:30:15 Falha na extração
2021-10-28 20:30:15 Tentativa -> 03 | Pesquisa -> Gamepass
2021-10-28 20:30:15 Falha na extração
2021-10-28 20:30:15 Tentativa -> 04 | Pesquisa -> Gamepass
2021-10-28 20:30:15 Falha na extração
2021-10-28 20:30:15 Tentativa -> 05 | Pesquisa -> Gamepass
2021-10-28 20:30:15 Falha na extração
2021-10-28 20:30:15 Tentativa -> 06 | Pesquisa -> Gamepass
2021-10-28 20:30:16 Falha na extração
2021-10-28 20:30:16 Tentativa -> 07 | Pesquisa -> Gamepass
2021-10-28 20:30:16 Falha na extração
2021-10-28 20:30:16 Tentativa -> 08 | Pesquisa -> Gamepass
2021-10-28 20:30:16 Falha na extração
2021-10-28 20:30:16 Tentativa -> 09 | Pesquisa -> Gamepass
2021-10-28 20:30:16 Falha na extração
2021-10-28 20:30:16 Tentativa -> 10 | Pesquisa -> Gamepass
2021-10-28 20:30:16 Falha na extração
2021-10-28 20:30:16 Tentativa -> 01 | Pesquisa -> EA Access
2021-10-28 20:30:16 Falha na extração
2021-10-28 20:30:16 Tentativa -> 02 | Pesquisa -> EA Access
2021-10-28 20:30:16 Falha na extração
2021-10-28 20:30:16 Tentativa -> 03 | Pesquisa -> EA Access
2021-10-28 20:30:16 Falha na extração
2021-10-28 20:30:16 Tentativa -> 04 | Pesquisa -> EA Access
2021-10-28 20:30:16 Falha na extração
2021-10-28 20:30:16 Tentativa -> 05 | Pesquisa -> EA Access
2021-10-28 20:30:16 Falha na extração
2021-10-28 20:30:16 Tentativa -> 06 | Pesquisa -> EA Access
2021-10-28 20:30:17 Falha na extração
2021-10-28 20:30:17 Tentativa -> 07 | Pesquisa -> EA Access
2021-10-28 20:30:17 Falha na extração
2021-10-28 20:30:17 Tentativa -> 08 | Pesquisa -> EA Access
2021-10-28 20:30:17 Falha na extração
2021-10-28 20:30:17 Tentativa -> 09 | Pesquisa -> EA Access
2021-10-28 20:30:17 Falha na extração
2021-10-28 20:30:17 Tentativa -> 10 | Pesquisa -> EA Access
2021-10-28 20:30:17 Falha na extração
2021-10-28 20:30:17 Tentativa -> 01 | Pesquisa -> Playstation Now
2021-10-28 20:30:17 Falha na extração
2021-10-28 20:30:17 Tentativa -> 02 | Pesquisa -> Playstation Now
2021-10-28 20:30:17 Falha na extração
2021-10-28 20:30:17 Tentativa -> 03 | Pesquisa -> Playstation Now
2021-10-28 20:30:17 Falha na extração
2021-10-28 20:30:17 Tentativa -> 04 | Pesquisa -> Playstation Now
2021-10-28 20:30:17 Falha na extração
2021-10-28 20:30:17 Tentativa -> 05 | Pesquisa -> Playstation Now
2021-10-28 20:30:18 Falha na extração
2021-10-28 20:30:18 Tentativa -> 06 | Pesquisa -> Playstation Now
2021-10-28 20:30:18 Falha na extração
2021-10-28 20:30:18 Tentativa -> 07 | Pesquisa -> Playstation Now
2021-10-28 20:30:18 Falha na extração
2021-10-28 20:30:18 Tentativa -> 08 | Pesquisa -> Playstation Now
2021-10-28 20:30:18 Falha na extração
2021-10-28 20:30:18 Tentativa -> 09 | Pesquisa -> Playstation Now
2021-10-28 20:30:18 Falha na extração
2021-10-28 20:30:18 Tentativa -> 10 | Pesquisa -> Playstation Now
2021-10-28 20:30:18 Falha na extração
2021-10-28 20:30:18 Tentativa -> 01 | Pesquisa -> CD PROJEKT RED
2021-10-28 20:30:18 Falha na extração
2021-10-28 20:30:18 Tentativa -> 02 | Pesquisa -> CD PROJEKT RED
2021-10-28 20:30:18 Falha na extração
2021-10-28 20:30:18 Tentativa -> 03 | Pesquisa -> CD PROJEKT RED
2021-10-28 20:30:18 Falha na extração
2021-10-28 20:30:18 Tentativa -> 04 | Pesquisa -> CD PROJEKT RED
2021-10-28 20:30:18 Falha na extração
2021-10-28 20:30:18 Tentativa -> 05 | Pesquisa -> CD PROJEKT RED
2021-10-28 20:30:19 Falha na extração
2021-10-28 20:30:19 Tentativa -> 06 | Pesquisa -> CD PROJEKT RED
2021-10-28 20:30:19 Falha na extração
2021-10-28 20:30:19 Tentativa -> 07 | Pesquisa -> CD PROJEKT RED
2021-10-28 20:30:19 Falha na extração
2021-10-28 20:30:19 Tentativa -> 08 | Pesquisa -> CD PROJEKT RED
2021-10-28 20:30:19 Falha na extração
2021-10-28 20:30:19 Tentativa -> 09 | Pesquisa -> CD PROJEKT RED
2021-10-28 20:30:19 Falha na extração
2021-10-28 20:30:19 Tentativa -> 10 | Pesquisa -> CD PROJEKT RED
2021-10-28 20:30:19 Falha na extração
