2021-09-29 14:10:03 Tentativa -> 01 | Pesquisa -> Playstation
2021-09-29 14:11:12 Extração realizada
2021-09-29 14:11:12 Tentativa -> 01 | Pesquisa -> Xbox
2021-09-29 14:11:12 Falha na extração
2021-09-29 14:11:12 Tentativa -> 02 | Pesquisa -> Xbox
2021-09-29 14:11:12 Falha na extração
2021-09-29 14:11:12 Tentativa -> 03 | Pesquisa -> Xbox
2021-09-29 14:11:13 Falha na extração
2021-09-29 14:11:13 Tentativa -> 04 | Pesquisa -> Xbox
2021-09-29 14:11:13 Falha na extração
2021-09-29 14:11:13 Tentativa -> 05 | Pesquisa -> Xbox
2021-09-29 14:11:13 Falha na extração
2021-09-29 14:11:13 Tentativa -> 06 | Pesquisa -> Xbox
2021-09-29 14:11:13 Falha na extração
2021-09-29 14:11:13 Tentativa -> 07 | Pesquisa -> Xbox
2021-09-29 14:11:14 Falha na extração
2021-09-29 14:11:14 Tentativa -> 08 | Pesquisa -> Xbox
2021-09-29 14:11:14 Falha na extração
2021-09-29 14:11:14 Tentativa -> 09 | Pesquisa -> Xbox
2021-09-29 14:11:14 Falha na extração
2021-09-29 14:11:14 Tentativa -> 10 | Pesquisa -> Xbox
2021-09-29 14:11:14 Falha na extração
2021-09-29 14:11:14 Tentativa -> 01 | Pesquisa -> Nintendo
2021-09-29 14:11:15 Falha na extração
2021-09-29 14:11:15 Tentativa -> 02 | Pesquisa -> Nintendo
2021-09-29 14:11:15 Falha na extração
2021-09-29 14:11:15 Tentativa -> 03 | Pesquisa -> Nintendo
2021-09-29 14:11:16 Falha na extração
2021-09-29 14:11:16 Tentativa -> 04 | Pesquisa -> Nintendo
2021-09-29 14:11:16 Falha na extração
2021-09-29 14:11:16 Tentativa -> 05 | Pesquisa -> Nintendo
2021-09-29 14:11:16 Falha na extração
2021-09-29 14:11:16 Tentativa -> 06 | Pesquisa -> Nintendo
2021-09-29 14:11:17 Falha na extração
2021-09-29 14:11:17 Tentativa -> 07 | Pesquisa -> Nintendo
2021-09-29 14:11:17 Falha na extração
2021-09-29 14:11:17 Tentativa -> 08 | Pesquisa -> Nintendo
2021-09-29 14:11:18 Falha na extração
2021-09-29 14:11:18 Tentativa -> 09 | Pesquisa -> Nintendo
2021-09-29 14:11:18 Falha na extração
2021-09-29 14:11:18 Tentativa -> 10 | Pesquisa -> Nintendo
2021-09-29 14:11:19 Falha na extração
2021-09-29 14:11:19 Tentativa -> 01 | Pesquisa -> Blizzard
2021-09-29 14:11:19 Falha na extração
2021-09-29 14:11:19 Tentativa -> 02 | Pesquisa -> Blizzard
2021-09-29 14:11:20 Falha na extração
2021-09-29 14:11:20 Tentativa -> 03 | Pesquisa -> Blizzard
2021-09-29 14:11:21 Falha na extração
2021-09-29 14:11:21 Tentativa -> 04 | Pesquisa -> Blizzard
2021-09-29 14:11:22 Falha na extração
2021-09-29 14:11:22 Tentativa -> 05 | Pesquisa -> Blizzard
2021-09-29 14:11:23 Falha na extração
2021-09-29 14:11:23 Tentativa -> 06 | Pesquisa -> Blizzard
2021-09-29 14:11:23 Falha na extração
2021-09-29 14:11:23 Tentativa -> 07 | Pesquisa -> Blizzard
2021-09-29 14:11:24 Falha na extração
2021-09-29 14:11:24 Tentativa -> 08 | Pesquisa -> Blizzard
2021-09-29 14:11:24 Falha na extração
2021-09-29 14:11:24 Tentativa -> 09 | Pesquisa -> Blizzard
2021-09-29 14:11:26 Falha na extração
2021-09-29 14:11:26 Tentativa -> 10 | Pesquisa -> Blizzard
2021-09-29 14:11:26 Falha na extração
2021-09-29 14:11:26 Tentativa -> 01 | Pesquisa -> Activision
2021-09-29 14:11:26 Falha na extração
2021-09-29 14:11:26 Tentativa -> 02 | Pesquisa -> Activision
2021-09-29 14:11:27 Falha na extração
2021-09-29 14:11:27 Tentativa -> 03 | Pesquisa -> Activision
2021-09-29 14:11:27 Falha na extração
2021-09-29 14:11:27 Tentativa -> 04 | Pesquisa -> Activision
2021-09-29 14:11:29 Falha na extração
2021-09-29 14:11:29 Tentativa -> 05 | Pesquisa -> Activision
2021-09-29 14:11:29 Falha na extração
2021-09-29 14:11:29 Tentativa -> 06 | Pesquisa -> Activision
2021-09-29 14:11:30 Falha na extração
2021-09-29 14:11:30 Tentativa -> 07 | Pesquisa -> Activision
2021-09-29 14:11:30 Falha na extração
2021-09-29 14:11:30 Tentativa -> 08 | Pesquisa -> Activision
2021-09-29 14:11:31 Falha na extração
2021-09-29 14:11:31 Tentativa -> 09 | Pesquisa -> Activision
2021-09-29 14:11:31 Falha na extração
2021-09-29 14:11:31 Tentativa -> 10 | Pesquisa -> Activision
2021-09-29 14:11:31 Falha na extração
2021-09-29 14:11:31 Tentativa -> 01 | Pesquisa -> Naughty Dog
2021-09-29 14:11:31 Falha na extração
2021-09-29 14:11:31 Tentativa -> 02 | Pesquisa -> Naughty Dog
2021-09-29 14:11:32 Falha na extração
2021-09-29 14:11:32 Tentativa -> 03 | Pesquisa -> Naughty Dog
2021-09-29 14:11:32 Falha na extração
2021-09-29 14:11:32 Tentativa -> 04 | Pesquisa -> Naughty Dog
2021-09-29 14:11:32 Falha na extração
2021-09-29 14:11:32 Tentativa -> 05 | Pesquisa -> Naughty Dog
2021-09-29 14:11:32 Falha na extração
2021-09-29 14:11:32 Tentativa -> 06 | Pesquisa -> Naughty Dog
2021-09-29 14:11:32 Falha na extração
2021-09-29 14:11:32 Tentativa -> 07 | Pesquisa -> Naughty Dog
2021-09-29 14:11:32 Falha na extração
2021-09-29 14:11:32 Tentativa -> 08 | Pesquisa -> Naughty Dog
2021-09-29 14:11:33 Falha na extração
2021-09-29 14:11:33 Tentativa -> 09 | Pesquisa -> Naughty Dog
2021-09-29 14:11:33 Falha na extração
2021-09-29 14:11:33 Tentativa -> 10 | Pesquisa -> Naughty Dog
2021-09-29 14:11:33 Falha na extração
2021-09-29 14:11:33 Tentativa -> 01 | Pesquisa -> EA
2021-09-29 14:11:33 Falha na extração
2021-09-29 14:11:33 Tentativa -> 02 | Pesquisa -> EA
2021-09-29 14:11:33 Falha na extração
2021-09-29 14:11:33 Tentativa -> 03 | Pesquisa -> EA
2021-09-29 14:11:34 Falha na extração
2021-09-29 14:11:34 Tentativa -> 04 | Pesquisa -> EA
2021-09-29 14:11:34 Falha na extração
2021-09-29 14:11:34 Tentativa -> 05 | Pesquisa -> EA
2021-09-29 14:11:34 Falha na extração
2021-09-29 14:11:34 Tentativa -> 06 | Pesquisa -> EA
2021-09-29 14:11:34 Falha na extração
2021-09-29 14:11:34 Tentativa -> 07 | Pesquisa -> EA
2021-09-29 14:11:34 Falha na extração
2021-09-29 14:11:34 Tentativa -> 08 | Pesquisa -> EA
2021-09-29 14:11:34 Falha na extração
2021-09-29 14:11:34 Tentativa -> 09 | Pesquisa -> EA
2021-09-29 14:11:35 Falha na extração
2021-09-29 14:11:35 Tentativa -> 10 | Pesquisa -> EA
2021-09-29 14:11:35 Falha na extração
2021-09-29 14:11:35 Tentativa -> 01 | Pesquisa -> Konami
2021-09-29 14:11:36 Falha na extração
2021-09-29 14:11:36 Tentativa -> 02 | Pesquisa -> Konami
2021-09-29 14:11:36 Falha na extração
2021-09-29 14:11:36 Tentativa -> 03 | Pesquisa -> Konami
2021-09-29 14:11:36 Falha na extração
2021-09-29 14:11:36 Tentativa -> 04 | Pesquisa -> Konami
2021-09-29 14:11:36 Falha na extração
2021-09-29 14:11:36 Tentativa -> 05 | Pesquisa -> Konami
2021-09-29 14:11:37 Falha na extração
2021-09-29 14:11:37 Tentativa -> 06 | Pesquisa -> Konami
2021-09-29 14:11:37 Falha na extração
2021-09-29 14:11:37 Tentativa -> 07 | Pesquisa -> Konami
2021-09-29 14:11:38 Falha na extração
2021-09-29 14:11:38 Tentativa -> 08 | Pesquisa -> Konami
2021-09-29 14:11:38 Falha na extração
2021-09-29 14:11:38 Tentativa -> 09 | Pesquisa -> Konami
2021-09-29 14:11:38 Falha na extração
2021-09-29 14:11:38 Tentativa -> 10 | Pesquisa -> Konami
2021-09-29 14:11:39 Falha na extração
2021-09-29 14:11:39 Tentativa -> 01 | Pesquisa -> Capcom
2021-09-29 14:11:39 Falha na extração
2021-09-29 14:11:39 Tentativa -> 02 | Pesquisa -> Capcom
2021-09-29 14:11:39 Falha na extração
2021-09-29 14:11:39 Tentativa -> 03 | Pesquisa -> Capcom
2021-09-29 14:11:39 Falha na extração
2021-09-29 14:11:39 Tentativa -> 04 | Pesquisa -> Capcom
2021-09-29 14:11:39 Falha na extração
2021-09-29 14:11:39 Tentativa -> 05 | Pesquisa -> Capcom
2021-09-29 14:11:40 Falha na extração
2021-09-29 14:11:40 Tentativa -> 06 | Pesquisa -> Capcom
2021-09-29 14:11:40 Falha na extração
2021-09-29 14:11:40 Tentativa -> 07 | Pesquisa -> Capcom
2021-09-29 14:11:40 Falha na extração
2021-09-29 14:11:40 Tentativa -> 08 | Pesquisa -> Capcom
2021-09-29 14:11:40 Falha na extração
2021-09-29 14:11:40 Tentativa -> 09 | Pesquisa -> Capcom
2021-09-29 14:11:40 Falha na extração
2021-09-29 14:11:40 Tentativa -> 10 | Pesquisa -> Capcom
2021-09-29 14:11:41 Falha na extração
2021-09-29 14:11:41 Tentativa -> 01 | Pesquisa -> Nintendo Switch Online
2021-09-29 14:11:41 Falha na extração
2021-09-29 14:11:41 Tentativa -> 02 | Pesquisa -> Nintendo Switch Online
2021-09-29 14:11:42 Falha na extração
2021-09-29 14:11:42 Tentativa -> 03 | Pesquisa -> Nintendo Switch Online
2021-09-29 14:11:42 Falha na extração
2021-09-29 14:11:42 Tentativa -> 04 | Pesquisa -> Nintendo Switch Online
2021-09-29 14:11:42 Falha na extração
2021-09-29 14:11:42 Tentativa -> 05 | Pesquisa -> Nintendo Switch Online
2021-09-29 14:11:42 Falha na extração
2021-09-29 14:11:42 Tentativa -> 06 | Pesquisa -> Nintendo Switch Online
2021-09-29 14:11:42 Falha na extração
2021-09-29 14:11:42 Tentativa -> 07 | Pesquisa -> Nintendo Switch Online
2021-09-29 14:11:42 Falha na extração
2021-09-29 14:11:42 Tentativa -> 08 | Pesquisa -> Nintendo Switch Online
2021-09-29 14:11:42 Falha na extração
2021-09-29 14:11:42 Tentativa -> 09 | Pesquisa -> Nintendo Switch Online
2021-09-29 14:11:42 Falha na extração
2021-09-29 14:11:42 Tentativa -> 10 | Pesquisa -> Nintendo Switch Online
2021-09-29 14:11:43 Falha na extração
2021-09-29 14:11:43 Tentativa -> 01 | Pesquisa -> Gamepass
2021-09-29 14:11:43 Falha na extração
2021-09-29 14:11:43 Tentativa -> 02 | Pesquisa -> Gamepass
2021-09-29 14:11:43 Falha na extração
2021-09-29 14:11:43 Tentativa -> 03 | Pesquisa -> Gamepass
2021-09-29 14:11:43 Falha na extração
2021-09-29 14:11:43 Tentativa -> 04 | Pesquisa -> Gamepass
2021-09-29 14:11:43 Falha na extração
2021-09-29 14:11:43 Tentativa -> 05 | Pesquisa -> Gamepass
2021-09-29 14:11:44 Falha na extração
2021-09-29 14:11:44 Tentativa -> 06 | Pesquisa -> Gamepass
2021-09-29 14:11:44 Falha na extração
2021-09-29 14:11:44 Tentativa -> 07 | Pesquisa -> Gamepass
2021-09-29 14:11:44 Falha na extração
2021-09-29 14:11:44 Tentativa -> 08 | Pesquisa -> Gamepass
2021-09-29 14:11:44 Falha na extração
2021-09-29 14:11:44 Tentativa -> 09 | Pesquisa -> Gamepass
2021-09-29 14:11:44 Falha na extração
2021-09-29 14:11:44 Tentativa -> 10 | Pesquisa -> Gamepass
2021-09-29 14:11:44 Falha na extração
2021-09-29 14:11:44 Tentativa -> 01 | Pesquisa -> EA Access
2021-09-29 14:11:45 Falha na extração
2021-09-29 14:11:45 Tentativa -> 02 | Pesquisa -> EA Access
2021-09-29 14:11:45 Falha na extração
2021-09-29 14:11:45 Tentativa -> 03 | Pesquisa -> EA Access
2021-09-29 14:11:45 Falha na extração
2021-09-29 14:11:45 Tentativa -> 04 | Pesquisa -> EA Access
2021-09-29 14:11:45 Falha na extração
2021-09-29 14:11:45 Tentativa -> 05 | Pesquisa -> EA Access
2021-09-29 14:11:46 Falha na extração
2021-09-29 14:11:46 Tentativa -> 06 | Pesquisa -> EA Access
2021-09-29 14:11:47 Falha na extração
2021-09-29 14:11:47 Tentativa -> 07 | Pesquisa -> EA Access
2021-09-29 14:11:47 Falha na extração
2021-09-29 14:11:47 Tentativa -> 08 | Pesquisa -> EA Access
2021-09-29 14:11:47 Falha na extração
2021-09-29 14:11:47 Tentativa -> 09 | Pesquisa -> EA Access
2021-09-29 14:11:47 Falha na extração
2021-09-29 14:11:47 Tentativa -> 10 | Pesquisa -> EA Access
2021-09-29 14:11:48 Falha na extração
2021-09-29 14:11:48 Tentativa -> 01 | Pesquisa -> Playstation Now
2021-09-29 14:11:49 Falha na extração
2021-09-29 14:11:49 Tentativa -> 02 | Pesquisa -> Playstation Now
2021-09-29 14:11:49 Falha na extração
2021-09-29 14:11:49 Tentativa -> 03 | Pesquisa -> Playstation Now
2021-09-29 14:11:49 Falha na extração
2021-09-29 14:11:49 Tentativa -> 04 | Pesquisa -> Playstation Now
2021-09-29 14:11:49 Falha na extração
2021-09-29 14:11:49 Tentativa -> 05 | Pesquisa -> Playstation Now
2021-09-29 14:11:49 Falha na extração
2021-09-29 14:11:49 Tentativa -> 06 | Pesquisa -> Playstation Now
2021-09-29 14:11:49 Falha na extração
2021-09-29 14:11:49 Tentativa -> 07 | Pesquisa -> Playstation Now
2021-09-29 14:11:50 Falha na extração
2021-09-29 14:11:50 Tentativa -> 08 | Pesquisa -> Playstation Now
2021-09-29 14:11:51 Falha na extração
2021-09-29 14:11:51 Tentativa -> 09 | Pesquisa -> Playstation Now
2021-09-29 14:11:51 Falha na extração
2021-09-29 14:11:51 Tentativa -> 10 | Pesquisa -> Playstation Now
2021-09-29 14:11:51 Falha na extração
2021-09-29 14:11:51 Tentativa -> 01 | Pesquisa -> CD PROJEKT RED
2021-09-29 14:11:51 Falha na extração
2021-09-29 14:11:51 Tentativa -> 02 | Pesquisa -> CD PROJEKT RED
2021-09-29 14:11:51 Falha na extração
2021-09-29 14:11:51 Tentativa -> 03 | Pesquisa -> CD PROJEKT RED
2021-09-29 14:11:51 Falha na extração
2021-09-29 14:11:51 Tentativa -> 04 | Pesquisa -> CD PROJEKT RED
2021-09-29 14:11:51 Falha na extração
2021-09-29 14:11:51 Tentativa -> 05 | Pesquisa -> CD PROJEKT RED
2021-09-29 14:11:51 Falha na extração
2021-09-29 14:11:51 Tentativa -> 06 | Pesquisa -> CD PROJEKT RED
2021-09-29 14:11:53 Falha na extração
2021-09-29 14:11:53 Tentativa -> 07 | Pesquisa -> CD PROJEKT RED
2021-09-29 14:11:53 Falha na extração
2021-09-29 14:11:53 Tentativa -> 08 | Pesquisa -> CD PROJEKT RED
2021-09-29 14:11:54 Falha na extração
2021-09-29 14:11:54 Tentativa -> 09 | Pesquisa -> CD PROJEKT RED
2021-09-29 14:11:54 Falha na extração
2021-09-29 14:11:54 Tentativa -> 10 | Pesquisa -> CD PROJEKT RED
2021-09-29 14:11:54 Falha na extração
Foram removidas 5665 duplicidades
Foram coletados 3735 tweets
