2021-11-09 21:10:03 Tentativa -> 01 | Pesquisa -> Playstation
2021-11-09 21:10:24 Extração realizada
2021-11-09 21:10:24 Tentativa -> 01 | Pesquisa -> Xbox
2021-11-09 21:11:01 Extração realizada
2021-11-09 21:11:01 Tentativa -> 01 | Pesquisa -> Nintendo
2021-11-09 21:11:07 Extração realizada
2021-11-09 21:11:07 Tentativa -> 01 | Pesquisa -> Blizzard
2021-11-09 21:11:21 Extração realizada
2021-11-09 21:11:21 Tentativa -> 01 | Pesquisa -> Activision
2021-11-09 21:11:21 Falha na extração
2021-11-09 21:11:21 Tentativa -> 02 | Pesquisa -> Activision
2021-11-09 21:11:24 Falha na extração
2021-11-09 21:11:24 Tentativa -> 03 | Pesquisa -> Activision
2021-11-09 21:11:25 Falha na extração
2021-11-09 21:11:25 Tentativa -> 04 | Pesquisa -> Activision
2021-11-09 21:11:25 Falha na extração
2021-11-09 21:11:25 Tentativa -> 05 | Pesquisa -> Activision
2021-11-09 21:11:35 Falha na extração
2021-11-09 21:11:35 Tentativa -> 06 | Pesquisa -> Activision
2021-11-09 21:11:35 Falha na extração
2021-11-09 21:11:35 Tentativa -> 07 | Pesquisa -> Activision
2021-11-09 21:11:35 Falha na extração
2021-11-09 21:11:35 Tentativa -> 08 | Pesquisa -> Activision
2021-11-09 21:11:35 Falha na extração
2021-11-09 21:11:35 Tentativa -> 09 | Pesquisa -> Activision
2021-11-09 21:11:36 Falha na extração
2021-11-09 21:11:36 Tentativa -> 10 | Pesquisa -> Activision
2021-11-09 21:11:36 Falha na extração
2021-11-09 21:11:36 Tentativa -> 01 | Pesquisa -> Naughty Dog
2021-11-09 21:11:36 Falha na extração
2021-11-09 21:11:36 Tentativa -> 02 | Pesquisa -> Naughty Dog
2021-11-09 21:11:36 Falha na extração
2021-11-09 21:11:36 Tentativa -> 03 | Pesquisa -> Naughty Dog
2021-11-09 21:11:37 Falha na extração
2021-11-09 21:11:37 Tentativa -> 04 | Pesquisa -> Naughty Dog
2021-11-09 21:11:37 Falha na extração
2021-11-09 21:11:37 Tentativa -> 05 | Pesquisa -> Naughty Dog
2021-11-09 21:11:37 Falha na extração
2021-11-09 21:11:37 Tentativa -> 06 | Pesquisa -> Naughty Dog
2021-11-09 21:11:43 Falha na extração
2021-11-09 21:11:43 Tentativa -> 07 | Pesquisa -> Naughty Dog
2021-11-09 21:11:43 Falha na extração
2021-11-09 21:11:43 Tentativa -> 08 | Pesquisa -> Naughty Dog
2021-11-09 21:11:43 Falha na extração
2021-11-09 21:11:43 Tentativa -> 09 | Pesquisa -> Naughty Dog
2021-11-09 21:11:43 Falha na extração
2021-11-09 21:11:43 Tentativa -> 10 | Pesquisa -> Naughty Dog
2021-11-09 21:11:44 Falha na extração
2021-11-09 21:11:44 Tentativa -> 01 | Pesquisa -> EA
2021-11-09 21:11:47 Falha na extração
2021-11-09 21:11:47 Tentativa -> 02 | Pesquisa -> EA
2021-11-09 21:11:48 Falha na extração
2021-11-09 21:11:48 Tentativa -> 03 | Pesquisa -> EA
2021-11-09 21:11:53 Falha na extração
2021-11-09 21:11:53 Tentativa -> 04 | Pesquisa -> EA
2021-11-09 21:11:53 Falha na extração
2021-11-09 21:11:53 Tentativa -> 05 | Pesquisa -> EA
2021-11-09 21:11:53 Falha na extração
2021-11-09 21:11:53 Tentativa -> 06 | Pesquisa -> EA
2021-11-09 21:11:53 Falha na extração
2021-11-09 21:11:53 Tentativa -> 07 | Pesquisa -> EA
2021-11-09 21:11:53 Falha na extração
2021-11-09 21:11:53 Tentativa -> 08 | Pesquisa -> EA
2021-11-09 21:11:53 Falha na extração
2021-11-09 21:11:53 Tentativa -> 09 | Pesquisa -> EA
2021-11-09 21:11:53 Falha na extração
2021-11-09 21:11:53 Tentativa -> 10 | Pesquisa -> EA
2021-11-09 21:11:54 Falha na extração
2021-11-09 21:11:54 Tentativa -> 01 | Pesquisa -> Konami
2021-11-09 21:11:54 Falha na extração
2021-11-09 21:11:54 Tentativa -> 02 | Pesquisa -> Konami
2021-11-09 21:11:54 Falha na extração
2021-11-09 21:11:54 Tentativa -> 03 | Pesquisa -> Konami
2021-11-09 21:11:54 Falha na extração
2021-11-09 21:11:54 Tentativa -> 04 | Pesquisa -> Konami
2021-11-09 21:11:54 Falha na extração
2021-11-09 21:11:54 Tentativa -> 05 | Pesquisa -> Konami
2021-11-09 21:11:54 Falha na extração
2021-11-09 21:11:54 Tentativa -> 06 | Pesquisa -> Konami
2021-11-09 21:11:54 Falha na extração
2021-11-09 21:11:54 Tentativa -> 07 | Pesquisa -> Konami
2021-11-09 21:11:54 Falha na extração
2021-11-09 21:11:54 Tentativa -> 08 | Pesquisa -> Konami
2021-11-09 21:11:55 Falha na extração
2021-11-09 21:11:55 Tentativa -> 09 | Pesquisa -> Konami
2021-11-09 21:11:55 Falha na extração
2021-11-09 21:11:55 Tentativa -> 10 | Pesquisa -> Konami
2021-11-09 21:11:55 Falha na extração
2021-11-09 21:11:55 Tentativa -> 01 | Pesquisa -> Capcom
2021-11-09 21:11:55 Falha na extração
2021-11-09 21:11:55 Tentativa -> 02 | Pesquisa -> Capcom
2021-11-09 21:11:55 Falha na extração
2021-11-09 21:11:55 Tentativa -> 03 | Pesquisa -> Capcom
2021-11-09 21:11:55 Falha na extração
2021-11-09 21:11:55 Tentativa -> 04 | Pesquisa -> Capcom
2021-11-09 21:11:55 Falha na extração
2021-11-09 21:11:55 Tentativa -> 05 | Pesquisa -> Capcom
2021-11-09 21:11:55 Falha na extração
2021-11-09 21:11:55 Tentativa -> 06 | Pesquisa -> Capcom
2021-11-09 21:11:55 Falha na extração
2021-11-09 21:11:55 Tentativa -> 07 | Pesquisa -> Capcom
2021-11-09 21:11:56 Falha na extração
2021-11-09 21:11:56 Tentativa -> 08 | Pesquisa -> Capcom
2021-11-09 21:11:56 Falha na extração
2021-11-09 21:11:56 Tentativa -> 09 | Pesquisa -> Capcom
2021-11-09 21:11:58 Falha na extração
2021-11-09 21:11:58 Tentativa -> 10 | Pesquisa -> Capcom
2021-11-09 21:11:58 Falha na extração
2021-11-09 21:11:58 Tentativa -> 01 | Pesquisa -> Nintendo Switch Online
2021-11-09 21:11:59 Falha na extração
2021-11-09 21:11:59 Tentativa -> 02 | Pesquisa -> Nintendo Switch Online
2021-11-09 21:11:59 Falha na extração
2021-11-09 21:11:59 Tentativa -> 03 | Pesquisa -> Nintendo Switch Online
2021-11-09 21:12:04 Falha na extração
2021-11-09 21:12:04 Tentativa -> 04 | Pesquisa -> Nintendo Switch Online
2021-11-09 21:12:05 Falha na extração
2021-11-09 21:12:05 Tentativa -> 05 | Pesquisa -> Nintendo Switch Online
2021-11-09 21:12:05 Falha na extração
2021-11-09 21:12:05 Tentativa -> 06 | Pesquisa -> Nintendo Switch Online
2021-11-09 21:12:05 Falha na extração
2021-11-09 21:12:05 Tentativa -> 07 | Pesquisa -> Nintendo Switch Online
2021-11-09 21:12:05 Falha na extração
2021-11-09 21:12:05 Tentativa -> 08 | Pesquisa -> Nintendo Switch Online
2021-11-09 21:12:05 Falha na extração
2021-11-09 21:12:05 Tentativa -> 09 | Pesquisa -> Nintendo Switch Online
2021-11-09 21:12:05 Falha na extração
2021-11-09 21:12:05 Tentativa -> 10 | Pesquisa -> Nintendo Switch Online
2021-11-09 21:12:05 Falha na extração
2021-11-09 21:12:05 Tentativa -> 01 | Pesquisa -> Gamepass
2021-11-09 21:12:05 Falha na extração
2021-11-09 21:12:05 Tentativa -> 02 | Pesquisa -> Gamepass
2021-11-09 21:12:05 Falha na extração
2021-11-09 21:12:05 Tentativa -> 03 | Pesquisa -> Gamepass
2021-11-09 21:12:06 Falha na extração
2021-11-09 21:12:06 Tentativa -> 04 | Pesquisa -> Gamepass
2021-11-09 21:12:06 Falha na extração
2021-11-09 21:12:06 Tentativa -> 05 | Pesquisa -> Gamepass
2021-11-09 21:12:06 Falha na extração
2021-11-09 21:12:06 Tentativa -> 06 | Pesquisa -> Gamepass
2021-11-09 21:12:06 Falha na extração
2021-11-09 21:12:06 Tentativa -> 07 | Pesquisa -> Gamepass
2021-11-09 21:12:06 Falha na extração
2021-11-09 21:12:06 Tentativa -> 08 | Pesquisa -> Gamepass
2021-11-09 21:12:06 Falha na extração
2021-11-09 21:12:06 Tentativa -> 09 | Pesquisa -> Gamepass
2021-11-09 21:12:06 Falha na extração
2021-11-09 21:12:06 Tentativa -> 10 | Pesquisa -> Gamepass
2021-11-09 21:12:06 Falha na extração
2021-11-09 21:12:06 Tentativa -> 01 | Pesquisa -> EA Access
2021-11-09 21:12:06 Falha na extração
2021-11-09 21:12:06 Tentativa -> 02 | Pesquisa -> EA Access
2021-11-09 21:12:07 Falha na extração
2021-11-09 21:12:07 Tentativa -> 03 | Pesquisa -> EA Access
2021-11-09 21:12:10 Falha na extração
2021-11-09 21:12:10 Tentativa -> 04 | Pesquisa -> EA Access
2021-11-09 21:12:14 Falha na extração
2021-11-09 21:12:14 Tentativa -> 05 | Pesquisa -> EA Access
2021-11-09 21:12:14 Falha na extração
2021-11-09 21:12:14 Tentativa -> 06 | Pesquisa -> EA Access
2021-11-09 21:12:14 Falha na extração
2021-11-09 21:12:14 Tentativa -> 07 | Pesquisa -> EA Access
2021-11-09 21:12:20 Falha na extração
2021-11-09 21:12:20 Tentativa -> 08 | Pesquisa -> EA Access
2021-11-09 21:12:24 Falha na extração
2021-11-09 21:12:24 Tentativa -> 09 | Pesquisa -> EA Access
2021-11-09 21:12:24 Falha na extração
2021-11-09 21:12:24 Tentativa -> 10 | Pesquisa -> EA Access
2021-11-09 21:12:28 Falha na extração
2021-11-09 21:12:28 Tentativa -> 01 | Pesquisa -> Playstation Now
2021-11-09 21:12:28 Falha na extração
2021-11-09 21:12:28 Tentativa -> 02 | Pesquisa -> Playstation Now
2021-11-09 21:12:28 Falha na extração
2021-11-09 21:12:28 Tentativa -> 03 | Pesquisa -> Playstation Now
2021-11-09 21:12:28 Falha na extração
2021-11-09 21:12:28 Tentativa -> 04 | Pesquisa -> Playstation Now
2021-11-09 21:12:33 Falha na extração
2021-11-09 21:12:33 Tentativa -> 05 | Pesquisa -> Playstation Now
2021-11-09 21:12:33 Falha na extração
2021-11-09 21:12:33 Tentativa -> 06 | Pesquisa -> Playstation Now
2021-11-09 21:12:38 Falha na extração
2021-11-09 21:12:38 Tentativa -> 07 | Pesquisa -> Playstation Now
2021-11-09 21:12:38 Falha na extração
2021-11-09 21:12:38 Tentativa -> 08 | Pesquisa -> Playstation Now
2021-11-09 21:12:38 Falha na extração
2021-11-09 21:12:38 Tentativa -> 09 | Pesquisa -> Playstation Now
2021-11-09 21:12:38 Falha na extração
2021-11-09 21:12:38 Tentativa -> 10 | Pesquisa -> Playstation Now
2021-11-09 21:12:38 Falha na extração
2021-11-09 21:12:38 Tentativa -> 01 | Pesquisa -> CD PROJEKT RED
2021-11-09 21:12:38 Falha na extração
2021-11-09 21:12:38 Tentativa -> 02 | Pesquisa -> CD PROJEKT RED
2021-11-09 21:12:38 Falha na extração
2021-11-09 21:12:38 Tentativa -> 03 | Pesquisa -> CD PROJEKT RED
2021-11-09 21:12:38 Falha na extração
2021-11-09 21:12:38 Tentativa -> 04 | Pesquisa -> CD PROJEKT RED
2021-11-09 21:12:38 Falha na extração
2021-11-09 21:12:38 Tentativa -> 05 | Pesquisa -> CD PROJEKT RED
2021-11-09 21:12:39 Falha na extração
2021-11-09 21:12:39 Tentativa -> 06 | Pesquisa -> CD PROJEKT RED
2021-11-09 21:12:39 Falha na extração
2021-11-09 21:12:39 Tentativa -> 07 | Pesquisa -> CD PROJEKT RED
2021-11-09 21:12:39 Falha na extração
2021-11-09 21:12:39 Tentativa -> 08 | Pesquisa -> CD PROJEKT RED
2021-11-09 21:12:39 Falha na extração
2021-11-09 21:12:39 Tentativa -> 09 | Pesquisa -> CD PROJEKT RED
2021-11-09 21:12:39 Falha na extração
2021-11-09 21:12:39 Tentativa -> 10 | Pesquisa -> CD PROJEKT RED
2021-11-09 21:12:39 Falha na extração
Foram removidas 2181 duplicidades
Foram coletados 4176 tweets
