2021-10-08 11:40:02 Tentativa -> 01 | Pesquisa -> Playstation
2021-10-08 11:40:08 Extração realizada
2021-10-08 11:40:08 Tentativa -> 01 | Pesquisa -> Xbox
2021-10-08 11:40:18 Extração realizada
2021-10-08 11:40:18 Tentativa -> 01 | Pesquisa -> Nintendo
2021-10-08 11:40:22 Extração realizada
2021-10-08 11:40:22 Tentativa -> 01 | Pesquisa -> Blizzard
2021-10-08 11:40:24 Extração realizada
2021-10-08 11:40:24 Tentativa -> 01 | Pesquisa -> Activision
2021-10-08 11:40:35 Extração realizada
2021-10-08 11:40:35 Tentativa -> 01 | Pesquisa -> Naughty Dog
2021-10-08 11:40:37 Extração realizada
2021-10-08 11:40:37 Tentativa -> 01 | Pesquisa -> EA
2021-10-08 11:40:37 Extração realizada
2021-10-08 11:40:37 Tentativa -> 01 | Pesquisa -> Konami
2021-10-08 11:40:38 Falha na extração
2021-10-08 11:40:38 Tentativa -> 02 | Pesquisa -> Konami
2021-10-08 11:40:38 Falha na extração
2021-10-08 11:40:38 Tentativa -> 03 | Pesquisa -> Konami
2021-10-08 11:40:38 Falha na extração
2021-10-08 11:40:38 Tentativa -> 04 | Pesquisa -> Konami
2021-10-08 11:40:38 Falha na extração
2021-10-08 11:40:38 Tentativa -> 05 | Pesquisa -> Konami
2021-10-08 11:40:39 Falha na extração
2021-10-08 11:40:39 Tentativa -> 06 | Pesquisa -> Konami
2021-10-08 11:40:39 Falha na extração
2021-10-08 11:40:39 Tentativa -> 07 | Pesquisa -> Konami
2021-10-08 11:40:39 Falha na extração
2021-10-08 11:40:39 Tentativa -> 08 | Pesquisa -> Konami
2021-10-08 11:40:39 Falha na extração
2021-10-08 11:40:39 Tentativa -> 09 | Pesquisa -> Konami
2021-10-08 11:40:40 Falha na extração
2021-10-08 11:40:40 Tentativa -> 10 | Pesquisa -> Konami
2021-10-08 11:40:40 Falha na extração
2021-10-08 11:40:40 Tentativa -> 01 | Pesquisa -> Capcom
2021-10-08 11:40:40 Falha na extração
2021-10-08 11:40:40 Tentativa -> 02 | Pesquisa -> Capcom
2021-10-08 11:40:40 Falha na extração
2021-10-08 11:40:40 Tentativa -> 03 | Pesquisa -> Capcom
2021-10-08 11:40:41 Falha na extração
2021-10-08 11:40:41 Tentativa -> 04 | Pesquisa -> Capcom
2021-10-08 11:40:41 Falha na extração
2021-10-08 11:40:41 Tentativa -> 05 | Pesquisa -> Capcom
2021-10-08 11:40:41 Falha na extração
2021-10-08 11:40:41 Tentativa -> 06 | Pesquisa -> Capcom
2021-10-08 11:40:41 Falha na extração
2021-10-08 11:40:41 Tentativa -> 07 | Pesquisa -> Capcom
2021-10-08 11:40:42 Falha na extração
2021-10-08 11:40:42 Tentativa -> 08 | Pesquisa -> Capcom
2021-10-08 11:40:42 Falha na extração
2021-10-08 11:40:42 Tentativa -> 09 | Pesquisa -> Capcom
2021-10-08 11:40:42 Falha na extração
2021-10-08 11:40:42 Tentativa -> 10 | Pesquisa -> Capcom
2021-10-08 11:40:42 Falha na extração
2021-10-08 11:40:42 Tentativa -> 01 | Pesquisa -> Nintendo Switch Online
2021-10-08 11:40:43 Falha na extração
2021-10-08 11:40:43 Tentativa -> 02 | Pesquisa -> Nintendo Switch Online
2021-10-08 11:40:43 Falha na extração
2021-10-08 11:40:43 Tentativa -> 03 | Pesquisa -> Nintendo Switch Online
2021-10-08 11:40:43 Falha na extração
2021-10-08 11:40:43 Tentativa -> 04 | Pesquisa -> Nintendo Switch Online
2021-10-08 11:40:43 Falha na extração
2021-10-08 11:40:43 Tentativa -> 05 | Pesquisa -> Nintendo Switch Online
2021-10-08 11:40:44 Falha na extração
2021-10-08 11:40:44 Tentativa -> 06 | Pesquisa -> Nintendo Switch Online
2021-10-08 11:40:44 Falha na extração
2021-10-08 11:40:44 Tentativa -> 07 | Pesquisa -> Nintendo Switch Online
2021-10-08 11:40:44 Falha na extração
2021-10-08 11:40:44 Tentativa -> 08 | Pesquisa -> Nintendo Switch Online
2021-10-08 11:40:44 Falha na extração
2021-10-08 11:40:44 Tentativa -> 09 | Pesquisa -> Nintendo Switch Online
2021-10-08 11:40:45 Falha na extração
2021-10-08 11:40:45 Tentativa -> 10 | Pesquisa -> Nintendo Switch Online
2021-10-08 11:40:45 Falha na extração
2021-10-08 11:40:45 Tentativa -> 01 | Pesquisa -> Gamepass
2021-10-08 11:40:45 Falha na extração
2021-10-08 11:40:45 Tentativa -> 02 | Pesquisa -> Gamepass
2021-10-08 11:40:45 Falha na extração
2021-10-08 11:40:45 Tentativa -> 03 | Pesquisa -> Gamepass
2021-10-08 11:40:45 Falha na extração
2021-10-08 11:40:45 Tentativa -> 04 | Pesquisa -> Gamepass
2021-10-08 11:40:45 Falha na extração
2021-10-08 11:40:45 Tentativa -> 05 | Pesquisa -> Gamepass
2021-10-08 11:40:45 Falha na extração
2021-10-08 11:40:45 Tentativa -> 06 | Pesquisa -> Gamepass
2021-10-08 11:40:46 Falha na extração
2021-10-08 11:40:46 Tentativa -> 07 | Pesquisa -> Gamepass
2021-10-08 11:40:46 Falha na extração
2021-10-08 11:40:46 Tentativa -> 08 | Pesquisa -> Gamepass
2021-10-08 11:40:46 Falha na extração
2021-10-08 11:40:46 Tentativa -> 09 | Pesquisa -> Gamepass
2021-10-08 11:40:46 Falha na extração
2021-10-08 11:40:46 Tentativa -> 10 | Pesquisa -> Gamepass
2021-10-08 11:40:46 Falha na extração
2021-10-08 11:40:46 Tentativa -> 01 | Pesquisa -> EA Access
2021-10-08 11:40:46 Falha na extração
2021-10-08 11:40:46 Tentativa -> 02 | Pesquisa -> EA Access
2021-10-08 11:40:46 Falha na extração
2021-10-08 11:40:46 Tentativa -> 03 | Pesquisa -> EA Access
2021-10-08 11:40:46 Falha na extração
2021-10-08 11:40:46 Tentativa -> 04 | Pesquisa -> EA Access
2021-10-08 11:40:46 Falha na extração
2021-10-08 11:40:46 Tentativa -> 05 | Pesquisa -> EA Access
2021-10-08 11:40:46 Falha na extração
2021-10-08 11:40:46 Tentativa -> 06 | Pesquisa -> EA Access
2021-10-08 11:40:47 Falha na extração
2021-10-08 11:40:47 Tentativa -> 07 | Pesquisa -> EA Access
2021-10-08 11:40:47 Falha na extração
2021-10-08 11:40:47 Tentativa -> 08 | Pesquisa -> EA Access
2021-10-08 11:40:47 Falha na extração
2021-10-08 11:40:47 Tentativa -> 09 | Pesquisa -> EA Access
2021-10-08 11:40:47 Falha na extração
2021-10-08 11:40:47 Tentativa -> 10 | Pesquisa -> EA Access
2021-10-08 11:40:47 Falha na extração
2021-10-08 11:40:47 Tentativa -> 01 | Pesquisa -> Playstation Now
2021-10-08 11:40:47 Falha na extração
2021-10-08 11:40:47 Tentativa -> 02 | Pesquisa -> Playstation Now
2021-10-08 11:40:47 Falha na extração
2021-10-08 11:40:47 Tentativa -> 03 | Pesquisa -> Playstation Now
2021-10-08 11:40:47 Falha na extração
2021-10-08 11:40:47 Tentativa -> 04 | Pesquisa -> Playstation Now
2021-10-08 11:40:47 Falha na extração
2021-10-08 11:40:47 Tentativa -> 05 | Pesquisa -> Playstation Now
2021-10-08 11:40:48 Falha na extração
2021-10-08 11:40:48 Tentativa -> 06 | Pesquisa -> Playstation Now
2021-10-08 11:40:48 Falha na extração
2021-10-08 11:40:48 Tentativa -> 07 | Pesquisa -> Playstation Now
2021-10-08 11:40:48 Falha na extração
2021-10-08 11:40:48 Tentativa -> 08 | Pesquisa -> Playstation Now
2021-10-08 11:40:48 Falha na extração
2021-10-08 11:40:48 Tentativa -> 09 | Pesquisa -> Playstation Now
2021-10-08 11:40:48 Falha na extração
2021-10-08 11:40:48 Tentativa -> 10 | Pesquisa -> Playstation Now
2021-10-08 11:40:48 Falha na extração
2021-10-08 11:40:48 Tentativa -> 01 | Pesquisa -> CD PROJEKT RED
2021-10-08 11:40:48 Falha na extração
2021-10-08 11:40:48 Tentativa -> 02 | Pesquisa -> CD PROJEKT RED
2021-10-08 11:40:48 Falha na extração
2021-10-08 11:40:48 Tentativa -> 03 | Pesquisa -> CD PROJEKT RED
2021-10-08 11:40:48 Falha na extração
2021-10-08 11:40:48 Tentativa -> 04 | Pesquisa -> CD PROJEKT RED
2021-10-08 11:40:48 Falha na extração
2021-10-08 11:40:48 Tentativa -> 05 | Pesquisa -> CD PROJEKT RED
2021-10-08 11:40:49 Falha na extração
2021-10-08 11:40:49 Tentativa -> 06 | Pesquisa -> CD PROJEKT RED
2021-10-08 11:40:49 Falha na extração
2021-10-08 11:40:49 Tentativa -> 07 | Pesquisa -> CD PROJEKT RED
2021-10-08 11:40:49 Falha na extração
2021-10-08 11:40:49 Tentativa -> 08 | Pesquisa -> CD PROJEKT RED
2021-10-08 11:40:49 Falha na extração
2021-10-08 11:40:49 Tentativa -> 09 | Pesquisa -> CD PROJEKT RED
2021-10-08 11:40:49 Falha na extração
2021-10-08 11:40:49 Tentativa -> 10 | Pesquisa -> CD PROJEKT RED
2021-10-08 11:40:49 Falha na extração
Foram removidas 3741 duplicidades
Foram coletados 5233 tweets
