2021-10-27 08:40:03 Tentativa -> 01 | Pesquisa -> Playstation
2021-10-27 08:40:04 Extração realizada
2021-10-27 08:40:04 Tentativa -> 01 | Pesquisa -> Xbox
2021-10-27 08:40:05 Extração realizada
2021-10-27 08:40:05 Tentativa -> 01 | Pesquisa -> Nintendo
2021-10-27 08:40:06 Extração realizada
2021-10-27 08:40:06 Tentativa -> 01 | Pesquisa -> Blizzard
2021-10-27 08:40:07 Extração realizada
2021-10-27 08:40:07 Tentativa -> 01 | Pesquisa -> Activision
2021-10-27 08:40:07 Extração realizada
2021-10-27 08:40:07 Tentativa -> 01 | Pesquisa -> Naughty Dog
2021-10-27 08:40:41 Extração realizada
2021-10-27 08:40:41 Tentativa -> 01 | Pesquisa -> EA
2021-10-27 08:40:41 Falha na extração
2021-10-27 08:40:41 Tentativa -> 02 | Pesquisa -> EA
2021-10-27 08:40:42 Falha na extração
2021-10-27 08:40:42 Tentativa -> 03 | Pesquisa -> EA
2021-10-27 08:40:42 Falha na extração
2021-10-27 08:40:42 Tentativa -> 04 | Pesquisa -> EA
2021-10-27 08:40:42 Falha na extração
2021-10-27 08:40:42 Tentativa -> 05 | Pesquisa -> EA
2021-10-27 08:40:42 Falha na extração
2021-10-27 08:40:42 Tentativa -> 06 | Pesquisa -> EA
2021-10-27 08:40:43 Falha na extração
2021-10-27 08:40:43 Tentativa -> 07 | Pesquisa -> EA
2021-10-27 08:40:43 Falha na extração
2021-10-27 08:40:43 Tentativa -> 08 | Pesquisa -> EA
2021-10-27 08:40:43 Falha na extração
2021-10-27 08:40:43 Tentativa -> 09 | Pesquisa -> EA
2021-10-27 08:40:44 Falha na extração
2021-10-27 08:40:44 Tentativa -> 10 | Pesquisa -> EA
2021-10-27 08:40:44 Falha na extração
2021-10-27 08:40:44 Tentativa -> 01 | Pesquisa -> Konami
2021-10-27 08:40:44 Falha na extração
2021-10-27 08:40:44 Tentativa -> 02 | Pesquisa -> Konami
2021-10-27 08:40:44 Falha na extração
2021-10-27 08:40:44 Tentativa -> 03 | Pesquisa -> Konami
2021-10-27 08:40:45 Falha na extração
2021-10-27 08:40:45 Tentativa -> 04 | Pesquisa -> Konami
2021-10-27 08:40:45 Falha na extração
2021-10-27 08:40:45 Tentativa -> 05 | Pesquisa -> Konami
2021-10-27 08:40:45 Falha na extração
2021-10-27 08:40:45 Tentativa -> 06 | Pesquisa -> Konami
2021-10-27 08:40:45 Falha na extração
2021-10-27 08:40:45 Tentativa -> 07 | Pesquisa -> Konami
2021-10-27 08:40:46 Falha na extração
2021-10-27 08:40:46 Tentativa -> 08 | Pesquisa -> Konami
2021-10-27 08:40:46 Falha na extração
2021-10-27 08:40:46 Tentativa -> 09 | Pesquisa -> Konami
2021-10-27 08:40:46 Falha na extração
2021-10-27 08:40:46 Tentativa -> 10 | Pesquisa -> Konami
2021-10-27 08:40:46 Falha na extração
2021-10-27 08:40:46 Tentativa -> 01 | Pesquisa -> Capcom
2021-10-27 08:40:47 Falha na extração
2021-10-27 08:40:47 Tentativa -> 02 | Pesquisa -> Capcom
2021-10-27 08:40:47 Falha na extração
2021-10-27 08:40:47 Tentativa -> 03 | Pesquisa -> Capcom
2021-10-27 08:40:47 Falha na extração
2021-10-27 08:40:47 Tentativa -> 04 | Pesquisa -> Capcom
2021-10-27 08:40:47 Falha na extração
2021-10-27 08:40:47 Tentativa -> 05 | Pesquisa -> Capcom
2021-10-27 08:40:47 Falha na extração
2021-10-27 08:40:47 Tentativa -> 06 | Pesquisa -> Capcom
2021-10-27 08:40:48 Falha na extração
2021-10-27 08:40:48 Tentativa -> 07 | Pesquisa -> Capcom
2021-10-27 08:40:48 Falha na extração
2021-10-27 08:40:48 Tentativa -> 08 | Pesquisa -> Capcom
2021-10-27 08:40:48 Falha na extração
2021-10-27 08:40:48 Tentativa -> 09 | Pesquisa -> Capcom
2021-10-27 08:40:48 Falha na extração
2021-10-27 08:40:48 Tentativa -> 10 | Pesquisa -> Capcom
2021-10-27 08:40:49 Falha na extração
2021-10-27 08:40:49 Tentativa -> 01 | Pesquisa -> Nintendo Switch Online
2021-10-27 08:40:49 Falha na extração
2021-10-27 08:40:49 Tentativa -> 02 | Pesquisa -> Nintendo Switch Online
2021-10-27 08:40:49 Falha na extração
2021-10-27 08:40:49 Tentativa -> 03 | Pesquisa -> Nintendo Switch Online
2021-10-27 08:40:49 Falha na extração
2021-10-27 08:40:49 Tentativa -> 04 | Pesquisa -> Nintendo Switch Online
2021-10-27 08:40:49 Falha na extração
2021-10-27 08:40:49 Tentativa -> 05 | Pesquisa -> Nintendo Switch Online
2021-10-27 08:40:49 Falha na extração
2021-10-27 08:40:49 Tentativa -> 06 | Pesquisa -> Nintendo Switch Online
2021-10-27 08:40:50 Falha na extração
2021-10-27 08:40:50 Tentativa -> 07 | Pesquisa -> Nintendo Switch Online
2021-10-27 08:40:50 Falha na extração
2021-10-27 08:40:50 Tentativa -> 08 | Pesquisa -> Nintendo Switch Online
2021-10-27 08:40:50 Falha na extração
2021-10-27 08:40:50 Tentativa -> 09 | Pesquisa -> Nintendo Switch Online
2021-10-27 08:40:50 Falha na extração
2021-10-27 08:40:50 Tentativa -> 10 | Pesquisa -> Nintendo Switch Online
2021-10-27 08:40:50 Falha na extração
2021-10-27 08:40:50 Tentativa -> 01 | Pesquisa -> Gamepass
2021-10-27 08:40:50 Falha na extração
2021-10-27 08:40:50 Tentativa -> 02 | Pesquisa -> Gamepass
2021-10-27 08:40:50 Falha na extração
2021-10-27 08:40:50 Tentativa -> 03 | Pesquisa -> Gamepass
2021-10-27 08:40:50 Falha na extração
2021-10-27 08:40:50 Tentativa -> 04 | Pesquisa -> Gamepass
2021-10-27 08:40:50 Falha na extração
2021-10-27 08:40:50 Tentativa -> 05 | Pesquisa -> Gamepass
2021-10-27 08:40:50 Falha na extração
2021-10-27 08:40:50 Tentativa -> 06 | Pesquisa -> Gamepass
2021-10-27 08:40:50 Falha na extração
2021-10-27 08:40:50 Tentativa -> 07 | Pesquisa -> Gamepass
2021-10-27 08:40:51 Falha na extração
2021-10-27 08:40:51 Tentativa -> 08 | Pesquisa -> Gamepass
2021-10-27 08:40:51 Falha na extração
2021-10-27 08:40:51 Tentativa -> 09 | Pesquisa -> Gamepass
2021-10-27 08:40:51 Falha na extração
2021-10-27 08:40:51 Tentativa -> 10 | Pesquisa -> Gamepass
2021-10-27 08:40:51 Falha na extração
2021-10-27 08:40:51 Tentativa -> 01 | Pesquisa -> EA Access
2021-10-27 08:40:51 Falha na extração
2021-10-27 08:40:51 Tentativa -> 02 | Pesquisa -> EA Access
2021-10-27 08:40:51 Falha na extração
2021-10-27 08:40:51 Tentativa -> 03 | Pesquisa -> EA Access
2021-10-27 08:40:51 Falha na extração
2021-10-27 08:40:51 Tentativa -> 04 | Pesquisa -> EA Access
2021-10-27 08:40:51 Falha na extração
2021-10-27 08:40:51 Tentativa -> 05 | Pesquisa -> EA Access
2021-10-27 08:40:51 Falha na extração
2021-10-27 08:40:51 Tentativa -> 06 | Pesquisa -> EA Access
2021-10-27 08:40:51 Falha na extração
2021-10-27 08:40:51 Tentativa -> 07 | Pesquisa -> EA Access
2021-10-27 08:40:52 Falha na extração
2021-10-27 08:40:52 Tentativa -> 08 | Pesquisa -> EA Access
2021-10-27 08:40:52 Falha na extração
2021-10-27 08:40:52 Tentativa -> 09 | Pesquisa -> EA Access
2021-10-27 08:40:52 Falha na extração
2021-10-27 08:40:52 Tentativa -> 10 | Pesquisa -> EA Access
2021-10-27 08:40:52 Falha na extração
2021-10-27 08:40:52 Tentativa -> 01 | Pesquisa -> Playstation Now
2021-10-27 08:40:52 Falha na extração
2021-10-27 08:40:52 Tentativa -> 02 | Pesquisa -> Playstation Now
2021-10-27 08:40:52 Falha na extração
2021-10-27 08:40:52 Tentativa -> 03 | Pesquisa -> Playstation Now
2021-10-27 08:40:52 Falha na extração
2021-10-27 08:40:52 Tentativa -> 04 | Pesquisa -> Playstation Now
2021-10-27 08:40:52 Falha na extração
2021-10-27 08:40:52 Tentativa -> 05 | Pesquisa -> Playstation Now
2021-10-27 08:40:52 Falha na extração
2021-10-27 08:40:52 Tentativa -> 06 | Pesquisa -> Playstation Now
2021-10-27 08:40:52 Falha na extração
2021-10-27 08:40:52 Tentativa -> 07 | Pesquisa -> Playstation Now
2021-10-27 08:40:52 Falha na extração
2021-10-27 08:40:52 Tentativa -> 08 | Pesquisa -> Playstation Now
2021-10-27 08:40:53 Falha na extração
2021-10-27 08:40:53 Tentativa -> 09 | Pesquisa -> Playstation Now
2021-10-27 08:40:53 Falha na extração
2021-10-27 08:40:53 Tentativa -> 10 | Pesquisa -> Playstation Now
2021-10-27 08:40:53 Falha na extração
2021-10-27 08:40:53 Tentativa -> 01 | Pesquisa -> CD PROJEKT RED
2021-10-27 08:40:53 Falha na extração
2021-10-27 08:40:53 Tentativa -> 02 | Pesquisa -> CD PROJEKT RED
2021-10-27 08:40:53 Falha na extração
2021-10-27 08:40:53 Tentativa -> 03 | Pesquisa -> CD PROJEKT RED
2021-10-27 08:40:53 Falha na extração
2021-10-27 08:40:53 Tentativa -> 04 | Pesquisa -> CD PROJEKT RED
2021-10-27 08:40:53 Falha na extração
2021-10-27 08:40:53 Tentativa -> 05 | Pesquisa -> CD PROJEKT RED
2021-10-27 08:40:53 Falha na extração
2021-10-27 08:40:53 Tentativa -> 06 | Pesquisa -> CD PROJEKT RED
2021-10-27 08:40:53 Falha na extração
2021-10-27 08:40:53 Tentativa -> 07 | Pesquisa -> CD PROJEKT RED
2021-10-27 08:40:53 Falha na extração
2021-10-27 08:40:53 Tentativa -> 08 | Pesquisa -> CD PROJEKT RED
2021-10-27 08:40:54 Falha na extração
2021-10-27 08:40:54 Tentativa -> 09 | Pesquisa -> CD PROJEKT RED
2021-10-27 08:40:54 Falha na extração
2021-10-27 08:40:54 Tentativa -> 10 | Pesquisa -> CD PROJEKT RED
2021-10-27 08:40:54 Falha na extração
Foram removidas 4293 duplicidades
Foram coletados 4666 tweets
