2021-09-30 14:00:03 Tentativa -> 01 | Pesquisa -> Playstation
2021-09-30 14:00:06 Extração realizada
2021-09-30 14:00:06 Tentativa -> 01 | Pesquisa -> Xbox
2021-09-30 14:00:48 Extração realizada
2021-09-30 14:00:48 Tentativa -> 01 | Pesquisa -> Nintendo
2021-09-30 14:00:59 Extração realizada
2021-09-30 14:00:59 Tentativa -> 01 | Pesquisa -> Blizzard
2021-09-30 14:01:00 Extração realizada
2021-09-30 14:01:00 Tentativa -> 01 | Pesquisa -> Activision
2021-09-30 14:01:03 Extração realizada
2021-09-30 14:01:03 Tentativa -> 01 | Pesquisa -> Naughty Dog
2021-09-30 14:01:05 Extração realizada
2021-09-30 14:01:05 Tentativa -> 01 | Pesquisa -> EA
2021-09-30 14:01:05 Falha na extração
2021-09-30 14:01:05 Tentativa -> 02 | Pesquisa -> EA
2021-09-30 14:01:05 Falha na extração
2021-09-30 14:01:05 Tentativa -> 03 | Pesquisa -> EA
2021-09-30 14:01:05 Falha na extração
2021-09-30 14:01:05 Tentativa -> 04 | Pesquisa -> EA
2021-09-30 14:01:06 Falha na extração
2021-09-30 14:01:06 Tentativa -> 05 | Pesquisa -> EA
2021-09-30 14:01:06 Falha na extração
2021-09-30 14:01:06 Tentativa -> 06 | Pesquisa -> EA
2021-09-30 14:01:06 Falha na extração
2021-09-30 14:01:06 Tentativa -> 07 | Pesquisa -> EA
2021-09-30 14:01:07 Falha na extração
2021-09-30 14:01:07 Tentativa -> 08 | Pesquisa -> EA
2021-09-30 14:01:07 Falha na extração
2021-09-30 14:01:07 Tentativa -> 09 | Pesquisa -> EA
2021-09-30 14:01:07 Falha na extração
2021-09-30 14:01:07 Tentativa -> 10 | Pesquisa -> EA
2021-09-30 14:01:07 Falha na extração
2021-09-30 14:01:07 Tentativa -> 01 | Pesquisa -> Konami
2021-09-30 14:01:08 Falha na extração
2021-09-30 14:01:08 Tentativa -> 02 | Pesquisa -> Konami
2021-09-30 14:01:08 Falha na extração
2021-09-30 14:01:08 Tentativa -> 03 | Pesquisa -> Konami
2021-09-30 14:01:08 Falha na extração
2021-09-30 14:01:08 Tentativa -> 04 | Pesquisa -> Konami
2021-09-30 14:01:09 Falha na extração
2021-09-30 14:01:09 Tentativa -> 05 | Pesquisa -> Konami
2021-09-30 14:01:09 Falha na extração
2021-09-30 14:01:09 Tentativa -> 06 | Pesquisa -> Konami
2021-09-30 14:01:09 Falha na extração
2021-09-30 14:01:09 Tentativa -> 07 | Pesquisa -> Konami
2021-09-30 14:01:09 Falha na extração
2021-09-30 14:01:09 Tentativa -> 08 | Pesquisa -> Konami
2021-09-30 14:01:10 Falha na extração
2021-09-30 14:01:10 Tentativa -> 09 | Pesquisa -> Konami
2021-09-30 14:01:10 Falha na extração
2021-09-30 14:01:10 Tentativa -> 10 | Pesquisa -> Konami
2021-09-30 14:01:10 Falha na extração
2021-09-30 14:01:10 Tentativa -> 01 | Pesquisa -> Capcom
2021-09-30 14:01:11 Falha na extração
2021-09-30 14:01:11 Tentativa -> 02 | Pesquisa -> Capcom
2021-09-30 14:01:11 Falha na extração
2021-09-30 14:01:11 Tentativa -> 03 | Pesquisa -> Capcom
2021-09-30 14:01:11 Falha na extração
2021-09-30 14:01:11 Tentativa -> 04 | Pesquisa -> Capcom
2021-09-30 14:01:11 Falha na extração
2021-09-30 14:01:11 Tentativa -> 05 | Pesquisa -> Capcom
2021-09-30 14:01:12 Falha na extração
2021-09-30 14:01:12 Tentativa -> 06 | Pesquisa -> Capcom
2021-09-30 14:01:12 Falha na extração
2021-09-30 14:01:12 Tentativa -> 07 | Pesquisa -> Capcom
2021-09-30 14:01:12 Falha na extração
2021-09-30 14:01:12 Tentativa -> 08 | Pesquisa -> Capcom
2021-09-30 14:01:13 Falha na extração
2021-09-30 14:01:13 Tentativa -> 09 | Pesquisa -> Capcom
2021-09-30 14:01:13 Falha na extração
2021-09-30 14:01:13 Tentativa -> 10 | Pesquisa -> Capcom
2021-09-30 14:01:13 Falha na extração
2021-09-30 14:01:13 Tentativa -> 01 | Pesquisa -> Nintendo Switch Online
2021-09-30 14:01:13 Falha na extração
2021-09-30 14:01:13 Tentativa -> 02 | Pesquisa -> Nintendo Switch Online
2021-09-30 14:01:14 Falha na extração
2021-09-30 14:01:14 Tentativa -> 03 | Pesquisa -> Nintendo Switch Online
2021-09-30 14:01:14 Falha na extração
2021-09-30 14:01:14 Tentativa -> 04 | Pesquisa -> Nintendo Switch Online
2021-09-30 14:01:14 Falha na extração
2021-09-30 14:01:14 Tentativa -> 05 | Pesquisa -> Nintendo Switch Online
2021-09-30 14:01:14 Falha na extração
2021-09-30 14:01:14 Tentativa -> 06 | Pesquisa -> Nintendo Switch Online
2021-09-30 14:01:14 Falha na extração
2021-09-30 14:01:14 Tentativa -> 07 | Pesquisa -> Nintendo Switch Online
2021-09-30 14:01:14 Falha na extração
2021-09-30 14:01:14 Tentativa -> 08 | Pesquisa -> Nintendo Switch Online
2021-09-30 14:01:14 Falha na extração
2021-09-30 14:01:14 Tentativa -> 09 | Pesquisa -> Nintendo Switch Online
2021-09-30 14:01:14 Falha na extração
2021-09-30 14:01:14 Tentativa -> 10 | Pesquisa -> Nintendo Switch Online
2021-09-30 14:01:15 Falha na extração
2021-09-30 14:01:15 Tentativa -> 01 | Pesquisa -> Gamepass
2021-09-30 14:01:15 Falha na extração
2021-09-30 14:01:15 Tentativa -> 02 | Pesquisa -> Gamepass
2021-09-30 14:01:15 Falha na extração
2021-09-30 14:01:15 Tentativa -> 03 | Pesquisa -> Gamepass
2021-09-30 14:01:15 Falha na extração
2021-09-30 14:01:15 Tentativa -> 04 | Pesquisa -> Gamepass
2021-09-30 14:01:15 Falha na extração
2021-09-30 14:01:15 Tentativa -> 05 | Pesquisa -> Gamepass
2021-09-30 14:01:15 Falha na extração
2021-09-30 14:01:15 Tentativa -> 06 | Pesquisa -> Gamepass
2021-09-30 14:01:15 Falha na extração
2021-09-30 14:01:15 Tentativa -> 07 | Pesquisa -> Gamepass
2021-09-30 14:01:15 Falha na extração
2021-09-30 14:01:15 Tentativa -> 08 | Pesquisa -> Gamepass
2021-09-30 14:01:15 Falha na extração
2021-09-30 14:01:15 Tentativa -> 09 | Pesquisa -> Gamepass
2021-09-30 14:01:16 Falha na extração
2021-09-30 14:01:16 Tentativa -> 10 | Pesquisa -> Gamepass
2021-09-30 14:01:16 Falha na extração
2021-09-30 14:01:16 Tentativa -> 01 | Pesquisa -> EA Access
2021-09-30 14:01:16 Falha na extração
2021-09-30 14:01:16 Tentativa -> 02 | Pesquisa -> EA Access
2021-09-30 14:01:16 Falha na extração
2021-09-30 14:01:16 Tentativa -> 03 | Pesquisa -> EA Access
2021-09-30 14:01:16 Falha na extração
2021-09-30 14:01:16 Tentativa -> 04 | Pesquisa -> EA Access
2021-09-30 14:01:16 Falha na extração
2021-09-30 14:01:16 Tentativa -> 05 | Pesquisa -> EA Access
2021-09-30 14:01:16 Falha na extração
2021-09-30 14:01:16 Tentativa -> 06 | Pesquisa -> EA Access
2021-09-30 14:01:16 Falha na extração
2021-09-30 14:01:16 Tentativa -> 07 | Pesquisa -> EA Access
2021-09-30 14:01:16 Falha na extração
2021-09-30 14:01:16 Tentativa -> 08 | Pesquisa -> EA Access
2021-09-30 14:01:16 Falha na extração
2021-09-30 14:01:16 Tentativa -> 09 | Pesquisa -> EA Access
2021-09-30 14:01:17 Falha na extração
2021-09-30 14:01:17 Tentativa -> 10 | Pesquisa -> EA Access
2021-09-30 14:01:17 Falha na extração
2021-09-30 14:01:17 Tentativa -> 01 | Pesquisa -> Playstation Now
2021-09-30 14:01:17 Falha na extração
2021-09-30 14:01:17 Tentativa -> 02 | Pesquisa -> Playstation Now
2021-09-30 14:01:17 Falha na extração
2021-09-30 14:01:17 Tentativa -> 03 | Pesquisa -> Playstation Now
2021-09-30 14:01:17 Falha na extração
2021-09-30 14:01:17 Tentativa -> 04 | Pesquisa -> Playstation Now
2021-09-30 14:01:17 Falha na extração
2021-09-30 14:01:17 Tentativa -> 05 | Pesquisa -> Playstation Now
2021-09-30 14:01:17 Falha na extração
2021-09-30 14:01:17 Tentativa -> 06 | Pesquisa -> Playstation Now
2021-09-30 14:01:18 Falha na extração
2021-09-30 14:01:18 Tentativa -> 07 | Pesquisa -> Playstation Now
2021-09-30 14:01:18 Falha na extração
2021-09-30 14:01:18 Tentativa -> 08 | Pesquisa -> Playstation Now
2021-09-30 14:01:18 Falha na extração
2021-09-30 14:01:18 Tentativa -> 09 | Pesquisa -> Playstation Now
2021-09-30 14:01:18 Falha na extração
2021-09-30 14:01:18 Tentativa -> 10 | Pesquisa -> Playstation Now
2021-09-30 14:01:18 Falha na extração
2021-09-30 14:01:18 Tentativa -> 01 | Pesquisa -> CD PROJEKT RED
2021-09-30 14:01:18 Falha na extração
2021-09-30 14:01:18 Tentativa -> 02 | Pesquisa -> CD PROJEKT RED
2021-09-30 14:01:19 Falha na extração
2021-09-30 14:01:19 Tentativa -> 03 | Pesquisa -> CD PROJEKT RED
2021-09-30 14:01:19 Falha na extração
2021-09-30 14:01:19 Tentativa -> 04 | Pesquisa -> CD PROJEKT RED
2021-09-30 14:01:19 Falha na extração
2021-09-30 14:01:19 Tentativa -> 05 | Pesquisa -> CD PROJEKT RED
2021-09-30 14:01:19 Falha na extração
2021-09-30 14:01:19 Tentativa -> 06 | Pesquisa -> CD PROJEKT RED
2021-09-30 14:01:19 Falha na extração
2021-09-30 14:01:19 Tentativa -> 07 | Pesquisa -> CD PROJEKT RED
2021-09-30 14:01:19 Falha na extração
2021-09-30 14:01:19 Tentativa -> 08 | Pesquisa -> CD PROJEKT RED
2021-09-30 14:01:19 Falha na extração
2021-09-30 14:01:19 Tentativa -> 09 | Pesquisa -> CD PROJEKT RED
2021-09-30 14:01:19 Falha na extração
2021-09-30 14:01:19 Tentativa -> 10 | Pesquisa -> CD PROJEKT RED
2021-09-30 14:01:19 Falha na extração
Foram removidas 3984 duplicidades
Foram coletados 4992 tweets
