2021-11-10 12:40:03 Tentativa -> 01 | Pesquisa -> Playstation
2021-11-10 12:40:13 Extração realizada
2021-11-10 12:40:13 Tentativa -> 01 | Pesquisa -> Xbox
2021-11-10 12:40:36 Extração realizada
2021-11-10 12:40:36 Tentativa -> 01 | Pesquisa -> Nintendo
2021-11-10 12:40:36 Falha na extração
2021-11-10 12:40:36 Tentativa -> 02 | Pesquisa -> Nintendo
2021-11-10 12:40:36 Falha na extração
2021-11-10 12:40:36 Tentativa -> 03 | Pesquisa -> Nintendo
2021-11-10 12:40:36 Falha na extração
2021-11-10 12:40:36 Tentativa -> 04 | Pesquisa -> Nintendo
2021-11-10 12:40:36 Falha na extração
2021-11-10 12:40:36 Tentativa -> 05 | Pesquisa -> Nintendo
2021-11-10 12:40:37 Falha na extração
2021-11-10 12:40:37 Tentativa -> 06 | Pesquisa -> Nintendo
2021-11-10 12:40:37 Falha na extração
2021-11-10 12:40:37 Tentativa -> 07 | Pesquisa -> Nintendo
2021-11-10 12:40:37 Falha na extração
2021-11-10 12:40:37 Tentativa -> 08 | Pesquisa -> Nintendo
2021-11-10 12:40:37 Falha na extração
2021-11-10 12:40:37 Tentativa -> 09 | Pesquisa -> Nintendo
2021-11-10 12:40:38 Falha na extração
2021-11-10 12:40:38 Tentativa -> 10 | Pesquisa -> Nintendo
2021-11-10 12:40:38 Falha na extração
2021-11-10 12:40:38 Tentativa -> 01 | Pesquisa -> Blizzard
2021-11-10 12:40:38 Falha na extração
2021-11-10 12:40:38 Tentativa -> 02 | Pesquisa -> Blizzard
2021-11-10 12:40:38 Falha na extração
2021-11-10 12:40:38 Tentativa -> 03 | Pesquisa -> Blizzard
2021-11-10 12:40:39 Falha na extração
2021-11-10 12:40:39 Tentativa -> 04 | Pesquisa -> Blizzard
2021-11-10 12:40:39 Falha na extração
2021-11-10 12:40:39 Tentativa -> 05 | Pesquisa -> Blizzard
2021-11-10 12:40:39 Falha na extração
2021-11-10 12:40:39 Tentativa -> 06 | Pesquisa -> Blizzard
2021-11-10 12:40:39 Falha na extração
2021-11-10 12:40:39 Tentativa -> 07 | Pesquisa -> Blizzard
2021-11-10 12:40:39 Falha na extração
2021-11-10 12:40:39 Tentativa -> 08 | Pesquisa -> Blizzard
2021-11-10 12:40:40 Falha na extração
2021-11-10 12:40:40 Tentativa -> 09 | Pesquisa -> Blizzard
2021-11-10 12:40:40 Falha na extração
2021-11-10 12:40:40 Tentativa -> 10 | Pesquisa -> Blizzard
2021-11-10 12:40:40 Falha na extração
2021-11-10 12:40:40 Tentativa -> 01 | Pesquisa -> Activision
2021-11-10 12:40:41 Falha na extração
2021-11-10 12:40:41 Tentativa -> 02 | Pesquisa -> Activision
2021-11-10 12:40:41 Falha na extração
2021-11-10 12:40:41 Tentativa -> 03 | Pesquisa -> Activision
2021-11-10 12:40:41 Falha na extração
2021-11-10 12:40:41 Tentativa -> 04 | Pesquisa -> Activision
2021-11-10 12:40:41 Falha na extração
2021-11-10 12:40:41 Tentativa -> 05 | Pesquisa -> Activision
2021-11-10 12:40:41 Falha na extração
2021-11-10 12:40:41 Tentativa -> 06 | Pesquisa -> Activision
2021-11-10 12:40:42 Falha na extração
2021-11-10 12:40:42 Tentativa -> 07 | Pesquisa -> Activision
2021-11-10 12:40:42 Falha na extração
2021-11-10 12:40:42 Tentativa -> 08 | Pesquisa -> Activision
2021-11-10 12:40:42 Falha na extração
2021-11-10 12:40:42 Tentativa -> 09 | Pesquisa -> Activision
2021-11-10 12:40:42 Falha na extração
2021-11-10 12:40:42 Tentativa -> 10 | Pesquisa -> Activision
2021-11-10 12:40:43 Falha na extração
2021-11-10 12:40:43 Tentativa -> 01 | Pesquisa -> Naughty Dog
2021-11-10 12:40:43 Falha na extração
2021-11-10 12:40:43 Tentativa -> 02 | Pesquisa -> Naughty Dog
2021-11-10 12:40:43 Falha na extração
2021-11-10 12:40:43 Tentativa -> 03 | Pesquisa -> Naughty Dog
2021-11-10 12:40:43 Falha na extração
2021-11-10 12:40:43 Tentativa -> 04 | Pesquisa -> Naughty Dog
2021-11-10 12:40:44 Falha na extração
2021-11-10 12:40:44 Tentativa -> 05 | Pesquisa -> Naughty Dog
2021-11-10 12:40:44 Falha na extração
2021-11-10 12:40:44 Tentativa -> 06 | Pesquisa -> Naughty Dog
2021-11-10 12:40:44 Falha na extração
2021-11-10 12:40:44 Tentativa -> 07 | Pesquisa -> Naughty Dog
2021-11-10 12:40:44 Falha na extração
2021-11-10 12:40:44 Tentativa -> 08 | Pesquisa -> Naughty Dog
2021-11-10 12:40:44 Falha na extração
2021-11-10 12:40:44 Tentativa -> 09 | Pesquisa -> Naughty Dog
2021-11-10 12:40:44 Falha na extração
2021-11-10 12:40:44 Tentativa -> 10 | Pesquisa -> Naughty Dog
2021-11-10 12:40:44 Falha na extração
2021-11-10 12:40:44 Tentativa -> 01 | Pesquisa -> EA
2021-11-10 12:40:44 Falha na extração
2021-11-10 12:40:44 Tentativa -> 02 | Pesquisa -> EA
2021-11-10 12:40:44 Falha na extração
2021-11-10 12:40:44 Tentativa -> 03 | Pesquisa -> EA
2021-11-10 12:40:45 Falha na extração
2021-11-10 12:40:45 Tentativa -> 04 | Pesquisa -> EA
2021-11-10 12:40:45 Falha na extração
2021-11-10 12:40:45 Tentativa -> 05 | Pesquisa -> EA
2021-11-10 12:40:45 Falha na extração
2021-11-10 12:40:45 Tentativa -> 06 | Pesquisa -> EA
2021-11-10 12:40:45 Falha na extração
2021-11-10 12:40:45 Tentativa -> 07 | Pesquisa -> EA
2021-11-10 12:40:45 Falha na extração
2021-11-10 12:40:45 Tentativa -> 08 | Pesquisa -> EA
2021-11-10 12:40:45 Falha na extração
2021-11-10 12:40:45 Tentativa -> 09 | Pesquisa -> EA
2021-11-10 12:40:45 Falha na extração
2021-11-10 12:40:45 Tentativa -> 10 | Pesquisa -> EA
2021-11-10 12:40:45 Falha na extração
2021-11-10 12:40:45 Tentativa -> 01 | Pesquisa -> Konami
2021-11-10 12:40:45 Falha na extração
2021-11-10 12:40:45 Tentativa -> 02 | Pesquisa -> Konami
2021-11-10 12:40:45 Falha na extração
2021-11-10 12:40:45 Tentativa -> 03 | Pesquisa -> Konami
2021-11-10 12:40:45 Falha na extração
2021-11-10 12:40:45 Tentativa -> 04 | Pesquisa -> Konami
2021-11-10 12:40:46 Falha na extração
2021-11-10 12:40:46 Tentativa -> 05 | Pesquisa -> Konami
2021-11-10 12:40:46 Falha na extração
2021-11-10 12:40:46 Tentativa -> 06 | Pesquisa -> Konami
2021-11-10 12:40:46 Falha na extração
2021-11-10 12:40:46 Tentativa -> 07 | Pesquisa -> Konami
2021-11-10 12:40:46 Falha na extração
2021-11-10 12:40:46 Tentativa -> 08 | Pesquisa -> Konami
2021-11-10 12:40:46 Falha na extração
2021-11-10 12:40:46 Tentativa -> 09 | Pesquisa -> Konami
2021-11-10 12:40:46 Falha na extração
2021-11-10 12:40:46 Tentativa -> 10 | Pesquisa -> Konami
2021-11-10 12:40:46 Falha na extração
2021-11-10 12:40:46 Tentativa -> 01 | Pesquisa -> Capcom
2021-11-10 12:40:46 Falha na extração
2021-11-10 12:40:46 Tentativa -> 02 | Pesquisa -> Capcom
2021-11-10 12:40:46 Falha na extração
2021-11-10 12:40:46 Tentativa -> 03 | Pesquisa -> Capcom
2021-11-10 12:40:46 Falha na extração
2021-11-10 12:40:46 Tentativa -> 04 | Pesquisa -> Capcom
2021-11-10 12:40:47 Falha na extração
2021-11-10 12:40:47 Tentativa -> 05 | Pesquisa -> Capcom
2021-11-10 12:40:47 Falha na extração
2021-11-10 12:40:47 Tentativa -> 06 | Pesquisa -> Capcom
2021-11-10 12:40:47 Falha na extração
2021-11-10 12:40:47 Tentativa -> 07 | Pesquisa -> Capcom
2021-11-10 12:40:47 Falha na extração
2021-11-10 12:40:47 Tentativa -> 08 | Pesquisa -> Capcom
2021-11-10 12:40:47 Falha na extração
2021-11-10 12:40:47 Tentativa -> 09 | Pesquisa -> Capcom
2021-11-10 12:40:47 Falha na extração
2021-11-10 12:40:47 Tentativa -> 10 | Pesquisa -> Capcom
2021-11-10 12:40:47 Falha na extração
2021-11-10 12:40:47 Tentativa -> 01 | Pesquisa -> Nintendo Switch Online
2021-11-10 12:40:47 Falha na extração
2021-11-10 12:40:47 Tentativa -> 02 | Pesquisa -> Nintendo Switch Online
2021-11-10 12:40:47 Falha na extração
2021-11-10 12:40:47 Tentativa -> 03 | Pesquisa -> Nintendo Switch Online
2021-11-10 12:40:47 Falha na extração
2021-11-10 12:40:47 Tentativa -> 04 | Pesquisa -> Nintendo Switch Online
2021-11-10 12:40:47 Falha na extração
2021-11-10 12:40:47 Tentativa -> 05 | Pesquisa -> Nintendo Switch Online
2021-11-10 12:40:48 Falha na extração
2021-11-10 12:40:48 Tentativa -> 06 | Pesquisa -> Nintendo Switch Online
2021-11-10 12:40:48 Falha na extração
2021-11-10 12:40:48 Tentativa -> 07 | Pesquisa -> Nintendo Switch Online
2021-11-10 12:40:48 Falha na extração
2021-11-10 12:40:48 Tentativa -> 08 | Pesquisa -> Nintendo Switch Online
2021-11-10 12:40:48 Falha na extração
2021-11-10 12:40:48 Tentativa -> 09 | Pesquisa -> Nintendo Switch Online
2021-11-10 12:40:48 Falha na extração
2021-11-10 12:40:48 Tentativa -> 10 | Pesquisa -> Nintendo Switch Online
2021-11-10 12:40:48 Falha na extração
2021-11-10 12:40:48 Tentativa -> 01 | Pesquisa -> Gamepass
2021-11-10 12:40:48 Falha na extração
2021-11-10 12:40:48 Tentativa -> 02 | Pesquisa -> Gamepass
2021-11-10 12:40:48 Falha na extração
2021-11-10 12:40:48 Tentativa -> 03 | Pesquisa -> Gamepass
2021-11-10 12:40:48 Falha na extração
2021-11-10 12:40:48 Tentativa -> 04 | Pesquisa -> Gamepass
2021-11-10 12:40:48 Falha na extração
2021-11-10 12:40:48 Tentativa -> 05 | Pesquisa -> Gamepass
2021-11-10 12:40:48 Falha na extração
2021-11-10 12:40:48 Tentativa -> 06 | Pesquisa -> Gamepass
2021-11-10 12:40:49 Falha na extração
2021-11-10 12:40:49 Tentativa -> 07 | Pesquisa -> Gamepass
2021-11-10 12:40:49 Falha na extração
2021-11-10 12:40:49 Tentativa -> 08 | Pesquisa -> Gamepass
2021-11-10 12:40:49 Falha na extração
2021-11-10 12:40:49 Tentativa -> 09 | Pesquisa -> Gamepass
2021-11-10 12:40:49 Falha na extração
2021-11-10 12:40:49 Tentativa -> 10 | Pesquisa -> Gamepass
2021-11-10 12:40:49 Falha na extração
2021-11-10 12:40:49 Tentativa -> 01 | Pesquisa -> EA Access
2021-11-10 12:40:49 Falha na extração
2021-11-10 12:40:49 Tentativa -> 02 | Pesquisa -> EA Access
2021-11-10 12:40:49 Falha na extração
2021-11-10 12:40:49 Tentativa -> 03 | Pesquisa -> EA Access
2021-11-10 12:40:49 Falha na extração
2021-11-10 12:40:49 Tentativa -> 04 | Pesquisa -> EA Access
2021-11-10 12:40:49 Falha na extração
2021-11-10 12:40:49 Tentativa -> 05 | Pesquisa -> EA Access
2021-11-10 12:40:50 Falha na extração
2021-11-10 12:40:50 Tentativa -> 06 | Pesquisa -> EA Access
2021-11-10 12:40:50 Falha na extração
2021-11-10 12:40:50 Tentativa -> 07 | Pesquisa -> EA Access
2021-11-10 12:40:50 Falha na extração
2021-11-10 12:40:50 Tentativa -> 08 | Pesquisa -> EA Access
2021-11-10 12:40:50 Falha na extração
2021-11-10 12:40:50 Tentativa -> 09 | Pesquisa -> EA Access
2021-11-10 12:40:50 Falha na extração
2021-11-10 12:40:50 Tentativa -> 10 | Pesquisa -> EA Access
2021-11-10 12:40:50 Falha na extração
2021-11-10 12:40:50 Tentativa -> 01 | Pesquisa -> Playstation Now
2021-11-10 12:40:50 Falha na extração
2021-11-10 12:40:50 Tentativa -> 02 | Pesquisa -> Playstation Now
2021-11-10 12:40:50 Falha na extração
2021-11-10 12:40:50 Tentativa -> 03 | Pesquisa -> Playstation Now
2021-11-10 12:40:50 Falha na extração
2021-11-10 12:40:50 Tentativa -> 04 | Pesquisa -> Playstation Now
2021-11-10 12:40:50 Falha na extração
2021-11-10 12:40:50 Tentativa -> 05 | Pesquisa -> Playstation Now
2021-11-10 12:40:50 Falha na extração
2021-11-10 12:40:50 Tentativa -> 06 | Pesquisa -> Playstation Now
2021-11-10 12:40:51 Falha na extração
2021-11-10 12:40:51 Tentativa -> 07 | Pesquisa -> Playstation Now
2021-11-10 12:40:51 Falha na extração
2021-11-10 12:40:51 Tentativa -> 08 | Pesquisa -> Playstation Now
2021-11-10 12:40:51 Falha na extração
2021-11-10 12:40:51 Tentativa -> 09 | Pesquisa -> Playstation Now
2021-11-10 12:40:51 Falha na extração
2021-11-10 12:40:51 Tentativa -> 10 | Pesquisa -> Playstation Now
2021-11-10 12:40:51 Falha na extração
2021-11-10 12:40:51 Tentativa -> 01 | Pesquisa -> CD PROJEKT RED
2021-11-10 12:40:51 Falha na extração
2021-11-10 12:40:51 Tentativa -> 02 | Pesquisa -> CD PROJEKT RED
2021-11-10 12:40:51 Falha na extração
2021-11-10 12:40:51 Tentativa -> 03 | Pesquisa -> CD PROJEKT RED
2021-11-10 12:40:51 Falha na extração
2021-11-10 12:40:51 Tentativa -> 04 | Pesquisa -> CD PROJEKT RED
2021-11-10 12:40:51 Falha na extração
2021-11-10 12:40:51 Tentativa -> 05 | Pesquisa -> CD PROJEKT RED
2021-11-10 12:40:51 Falha na extração
2021-11-10 12:40:51 Tentativa -> 06 | Pesquisa -> CD PROJEKT RED
2021-11-10 12:40:51 Falha na extração
2021-11-10 12:40:51 Tentativa -> 07 | Pesquisa -> CD PROJEKT RED
2021-11-10 12:40:52 Falha na extração
2021-11-10 12:40:52 Tentativa -> 08 | Pesquisa -> CD PROJEKT RED
2021-11-10 12:40:52 Falha na extração
2021-11-10 12:40:52 Tentativa -> 09 | Pesquisa -> CD PROJEKT RED
2021-11-10 12:40:52 Falha na extração
2021-11-10 12:40:52 Tentativa -> 10 | Pesquisa -> CD PROJEKT RED
2021-11-10 12:40:52 Falha na extração
Foram removidas 3416 duplicidades
Foram coletados 5579 tweets
