2021-11-04 03:10:03 Tentativa -> 01 | Pesquisa -> Playstation
2021-11-04 03:10:39 Extração realizada
2021-11-04 03:10:39 Tentativa -> 01 | Pesquisa -> Xbox
2021-11-04 03:10:39 Falha na extração
2021-11-04 03:10:39 Tentativa -> 02 | Pesquisa -> Xbox
2021-11-04 03:10:39 Falha na extração
2021-11-04 03:10:39 Tentativa -> 03 | Pesquisa -> Xbox
2021-11-04 03:10:40 Falha na extração
2021-11-04 03:10:40 Tentativa -> 04 | Pesquisa -> Xbox
2021-11-04 03:10:40 Falha na extração
2021-11-04 03:10:40 Tentativa -> 05 | Pesquisa -> Xbox
2021-11-04 03:10:40 Falha na extração
2021-11-04 03:10:40 Tentativa -> 06 | Pesquisa -> Xbox
2021-11-04 03:10:40 Falha na extração
2021-11-04 03:10:40 Tentativa -> 07 | Pesquisa -> Xbox
2021-11-04 03:10:41 Falha na extração
2021-11-04 03:10:41 Tentativa -> 08 | Pesquisa -> Xbox
2021-11-04 03:10:41 Falha na extração
2021-11-04 03:10:41 Tentativa -> 09 | Pesquisa -> Xbox
2021-11-04 03:10:41 Falha na extração
2021-11-04 03:10:41 Tentativa -> 10 | Pesquisa -> Xbox
2021-11-04 03:10:41 Falha na extração
2021-11-04 03:10:41 Tentativa -> 01 | Pesquisa -> Nintendo
2021-11-04 03:10:42 Falha na extração
2021-11-04 03:10:42 Tentativa -> 02 | Pesquisa -> Nintendo
2021-11-04 03:10:42 Falha na extração
2021-11-04 03:10:42 Tentativa -> 03 | Pesquisa -> Nintendo
2021-11-04 03:10:42 Falha na extração
2021-11-04 03:10:42 Tentativa -> 04 | Pesquisa -> Nintendo
2021-11-04 03:10:42 Falha na extração
2021-11-04 03:10:42 Tentativa -> 05 | Pesquisa -> Nintendo
2021-11-04 03:10:43 Falha na extração
2021-11-04 03:10:43 Tentativa -> 06 | Pesquisa -> Nintendo
2021-11-04 03:10:43 Falha na extração
2021-11-04 03:10:43 Tentativa -> 07 | Pesquisa -> Nintendo
2021-11-04 03:10:43 Falha na extração
2021-11-04 03:10:43 Tentativa -> 08 | Pesquisa -> Nintendo
2021-11-04 03:10:43 Falha na extração
2021-11-04 03:10:43 Tentativa -> 09 | Pesquisa -> Nintendo
2021-11-04 03:10:44 Falha na extração
2021-11-04 03:10:44 Tentativa -> 10 | Pesquisa -> Nintendo
2021-11-04 03:10:44 Falha na extração
2021-11-04 03:10:44 Tentativa -> 01 | Pesquisa -> Blizzard
2021-11-04 03:10:44 Falha na extração
2021-11-04 03:10:44 Tentativa -> 02 | Pesquisa -> Blizzard
2021-11-04 03:10:44 Falha na extração
2021-11-04 03:10:44 Tentativa -> 03 | Pesquisa -> Blizzard
2021-11-04 03:10:45 Falha na extração
2021-11-04 03:10:45 Tentativa -> 04 | Pesquisa -> Blizzard
2021-11-04 03:10:45 Falha na extração
2021-11-04 03:10:45 Tentativa -> 05 | Pesquisa -> Blizzard
2021-11-04 03:10:45 Falha na extração
2021-11-04 03:10:45 Tentativa -> 06 | Pesquisa -> Blizzard
2021-11-04 03:10:45 Falha na extração
2021-11-04 03:10:45 Tentativa -> 07 | Pesquisa -> Blizzard
2021-11-04 03:10:46 Falha na extração
2021-11-04 03:10:46 Tentativa -> 08 | Pesquisa -> Blizzard
2021-11-04 03:10:46 Falha na extração
2021-11-04 03:10:46 Tentativa -> 09 | Pesquisa -> Blizzard
2021-11-04 03:10:46 Falha na extração
2021-11-04 03:10:46 Tentativa -> 10 | Pesquisa -> Blizzard
2021-11-04 03:10:46 Falha na extração
2021-11-04 03:10:46 Tentativa -> 01 | Pesquisa -> Activision
2021-11-04 03:10:47 Falha na extração
2021-11-04 03:10:47 Tentativa -> 02 | Pesquisa -> Activision
2021-11-04 03:10:47 Falha na extração
2021-11-04 03:10:47 Tentativa -> 03 | Pesquisa -> Activision
2021-11-04 03:10:47 Falha na extração
2021-11-04 03:10:47 Tentativa -> 04 | Pesquisa -> Activision
2021-11-04 03:10:47 Falha na extração
2021-11-04 03:10:47 Tentativa -> 05 | Pesquisa -> Activision
2021-11-04 03:10:48 Falha na extração
2021-11-04 03:10:48 Tentativa -> 06 | Pesquisa -> Activision
2021-11-04 03:10:48 Falha na extração
2021-11-04 03:10:48 Tentativa -> 07 | Pesquisa -> Activision
2021-11-04 03:10:48 Falha na extração
2021-11-04 03:10:48 Tentativa -> 08 | Pesquisa -> Activision
2021-11-04 03:10:48 Falha na extração
2021-11-04 03:10:48 Tentativa -> 09 | Pesquisa -> Activision
2021-11-04 03:10:48 Falha na extração
2021-11-04 03:10:48 Tentativa -> 10 | Pesquisa -> Activision
2021-11-04 03:10:49 Falha na extração
2021-11-04 03:10:49 Tentativa -> 01 | Pesquisa -> Naughty Dog
2021-11-04 03:10:49 Falha na extração
2021-11-04 03:10:49 Tentativa -> 02 | Pesquisa -> Naughty Dog
2021-11-04 03:10:49 Falha na extração
2021-11-04 03:10:49 Tentativa -> 03 | Pesquisa -> Naughty Dog
2021-11-04 03:10:49 Falha na extração
2021-11-04 03:10:49 Tentativa -> 04 | Pesquisa -> Naughty Dog
2021-11-04 03:10:49 Falha na extração
2021-11-04 03:10:49 Tentativa -> 05 | Pesquisa -> Naughty Dog
2021-11-04 03:10:49 Falha na extração
2021-11-04 03:10:49 Tentativa -> 06 | Pesquisa -> Naughty Dog
2021-11-04 03:10:49 Falha na extração
2021-11-04 03:10:49 Tentativa -> 07 | Pesquisa -> Naughty Dog
2021-11-04 03:10:49 Falha na extração
2021-11-04 03:10:49 Tentativa -> 08 | Pesquisa -> Naughty Dog
2021-11-04 03:10:49 Falha na extração
2021-11-04 03:10:49 Tentativa -> 09 | Pesquisa -> Naughty Dog
2021-11-04 03:10:50 Falha na extração
2021-11-04 03:10:50 Tentativa -> 10 | Pesquisa -> Naughty Dog
2021-11-04 03:10:50 Falha na extração
2021-11-04 03:10:50 Tentativa -> 01 | Pesquisa -> EA
2021-11-04 03:10:50 Falha na extração
2021-11-04 03:10:50 Tentativa -> 02 | Pesquisa -> EA
2021-11-04 03:10:50 Falha na extração
2021-11-04 03:10:50 Tentativa -> 03 | Pesquisa -> EA
2021-11-04 03:10:50 Falha na extração
2021-11-04 03:10:50 Tentativa -> 04 | Pesquisa -> EA
2021-11-04 03:10:50 Falha na extração
2021-11-04 03:10:50 Tentativa -> 05 | Pesquisa -> EA
2021-11-04 03:10:50 Falha na extração
2021-11-04 03:10:50 Tentativa -> 06 | Pesquisa -> EA
2021-11-04 03:10:50 Falha na extração
2021-11-04 03:10:50 Tentativa -> 07 | Pesquisa -> EA
2021-11-04 03:10:51 Falha na extração
2021-11-04 03:10:51 Tentativa -> 08 | Pesquisa -> EA
2021-11-04 03:10:51 Falha na extração
2021-11-04 03:10:51 Tentativa -> 09 | Pesquisa -> EA
2021-11-04 03:10:51 Falha na extração
2021-11-04 03:10:51 Tentativa -> 10 | Pesquisa -> EA
2021-11-04 03:10:51 Falha na extração
2021-11-04 03:10:51 Tentativa -> 01 | Pesquisa -> Konami
2021-11-04 03:10:51 Falha na extração
2021-11-04 03:10:51 Tentativa -> 02 | Pesquisa -> Konami
2021-11-04 03:10:51 Falha na extração
2021-11-04 03:10:51 Tentativa -> 03 | Pesquisa -> Konami
2021-11-04 03:10:51 Falha na extração
2021-11-04 03:10:51 Tentativa -> 04 | Pesquisa -> Konami
2021-11-04 03:10:51 Falha na extração
2021-11-04 03:10:51 Tentativa -> 05 | Pesquisa -> Konami
2021-11-04 03:10:52 Falha na extração
2021-11-04 03:10:52 Tentativa -> 06 | Pesquisa -> Konami
2021-11-04 03:10:52 Falha na extração
2021-11-04 03:10:52 Tentativa -> 07 | Pesquisa -> Konami
2021-11-04 03:10:52 Falha na extração
2021-11-04 03:10:52 Tentativa -> 08 | Pesquisa -> Konami
2021-11-04 03:10:52 Falha na extração
2021-11-04 03:10:52 Tentativa -> 09 | Pesquisa -> Konami
2021-11-04 03:10:52 Falha na extração
2021-11-04 03:10:52 Tentativa -> 10 | Pesquisa -> Konami
2021-11-04 03:10:52 Falha na extração
2021-11-04 03:10:52 Tentativa -> 01 | Pesquisa -> Capcom
2021-11-04 03:10:52 Falha na extração
2021-11-04 03:10:52 Tentativa -> 02 | Pesquisa -> Capcom
2021-11-04 03:10:52 Falha na extração
2021-11-04 03:10:52 Tentativa -> 03 | Pesquisa -> Capcom
2021-11-04 03:10:52 Falha na extração
2021-11-04 03:10:52 Tentativa -> 04 | Pesquisa -> Capcom
2021-11-04 03:10:53 Falha na extração
2021-11-04 03:10:53 Tentativa -> 05 | Pesquisa -> Capcom
2021-11-04 03:10:53 Falha na extração
2021-11-04 03:10:53 Tentativa -> 06 | Pesquisa -> Capcom
2021-11-04 03:10:53 Falha na extração
2021-11-04 03:10:53 Tentativa -> 07 | Pesquisa -> Capcom
2021-11-04 03:10:53 Falha na extração
2021-11-04 03:10:53 Tentativa -> 08 | Pesquisa -> Capcom
2021-11-04 03:10:53 Falha na extração
2021-11-04 03:10:53 Tentativa -> 09 | Pesquisa -> Capcom
2021-11-04 03:10:53 Falha na extração
2021-11-04 03:10:53 Tentativa -> 10 | Pesquisa -> Capcom
2021-11-04 03:10:53 Falha na extração
2021-11-04 03:10:53 Tentativa -> 01 | Pesquisa -> Nintendo Switch Online
2021-11-04 03:10:53 Falha na extração
2021-11-04 03:10:53 Tentativa -> 02 | Pesquisa -> Nintendo Switch Online
2021-11-04 03:10:54 Falha na extração
2021-11-04 03:10:54 Tentativa -> 03 | Pesquisa -> Nintendo Switch Online
2021-11-04 03:10:54 Falha na extração
2021-11-04 03:10:54 Tentativa -> 04 | Pesquisa -> Nintendo Switch Online
2021-11-04 03:10:54 Falha na extração
2021-11-04 03:10:54 Tentativa -> 05 | Pesquisa -> Nintendo Switch Online
2021-11-04 03:10:54 Falha na extração
2021-11-04 03:10:54 Tentativa -> 06 | Pesquisa -> Nintendo Switch Online
2021-11-04 03:10:54 Falha na extração
2021-11-04 03:10:54 Tentativa -> 07 | Pesquisa -> Nintendo Switch Online
2021-11-04 03:10:54 Falha na extração
2021-11-04 03:10:54 Tentativa -> 08 | Pesquisa -> Nintendo Switch Online
2021-11-04 03:10:54 Falha na extração
2021-11-04 03:10:54 Tentativa -> 09 | Pesquisa -> Nintendo Switch Online
2021-11-04 03:10:54 Falha na extração
2021-11-04 03:10:54 Tentativa -> 10 | Pesquisa -> Nintendo Switch Online
2021-11-04 03:10:54 Falha na extração
2021-11-04 03:10:54 Tentativa -> 01 | Pesquisa -> Gamepass
2021-11-04 03:10:55 Falha na extração
2021-11-04 03:10:55 Tentativa -> 02 | Pesquisa -> Gamepass
2021-11-04 03:10:55 Falha na extração
2021-11-04 03:10:55 Tentativa -> 03 | Pesquisa -> Gamepass
2021-11-04 03:10:55 Falha na extração
2021-11-04 03:10:55 Tentativa -> 04 | Pesquisa -> Gamepass
2021-11-04 03:10:55 Falha na extração
2021-11-04 03:10:55 Tentativa -> 05 | Pesquisa -> Gamepass
2021-11-04 03:10:55 Falha na extração
2021-11-04 03:10:55 Tentativa -> 06 | Pesquisa -> Gamepass
2021-11-04 03:10:55 Falha na extração
2021-11-04 03:10:55 Tentativa -> 07 | Pesquisa -> Gamepass
2021-11-04 03:10:55 Falha na extração
2021-11-04 03:10:55 Tentativa -> 08 | Pesquisa -> Gamepass
2021-11-04 03:10:55 Falha na extração
2021-11-04 03:10:55 Tentativa -> 09 | Pesquisa -> Gamepass
2021-11-04 03:10:56 Falha na extração
2021-11-04 03:10:56 Tentativa -> 10 | Pesquisa -> Gamepass
2021-11-04 03:10:56 Falha na extração
2021-11-04 03:10:56 Tentativa -> 01 | Pesquisa -> EA Access
2021-11-04 03:10:56 Falha na extração
2021-11-04 03:10:56 Tentativa -> 02 | Pesquisa -> EA Access
2021-11-04 03:10:56 Falha na extração
2021-11-04 03:10:56 Tentativa -> 03 | Pesquisa -> EA Access
2021-11-04 03:10:56 Falha na extração
2021-11-04 03:10:56 Tentativa -> 04 | Pesquisa -> EA Access
2021-11-04 03:10:56 Falha na extração
2021-11-04 03:10:56 Tentativa -> 05 | Pesquisa -> EA Access
2021-11-04 03:10:56 Falha na extração
2021-11-04 03:10:56 Tentativa -> 06 | Pesquisa -> EA Access
2021-11-04 03:10:56 Falha na extração
2021-11-04 03:10:56 Tentativa -> 07 | Pesquisa -> EA Access
2021-11-04 03:10:57 Falha na extração
2021-11-04 03:10:57 Tentativa -> 08 | Pesquisa -> EA Access
2021-11-04 03:10:57 Falha na extração
2021-11-04 03:10:57 Tentativa -> 09 | Pesquisa -> EA Access
2021-11-04 03:10:57 Falha na extração
2021-11-04 03:10:57 Tentativa -> 10 | Pesquisa -> EA Access
2021-11-04 03:10:57 Falha na extração
2021-11-04 03:10:57 Tentativa -> 01 | Pesquisa -> Playstation Now
2021-11-04 03:10:57 Falha na extração
2021-11-04 03:10:57 Tentativa -> 02 | Pesquisa -> Playstation Now
2021-11-04 03:10:57 Falha na extração
2021-11-04 03:10:57 Tentativa -> 03 | Pesquisa -> Playstation Now
2021-11-04 03:10:57 Falha na extração
2021-11-04 03:10:57 Tentativa -> 04 | Pesquisa -> Playstation Now
2021-11-04 03:10:57 Falha na extração
2021-11-04 03:10:57 Tentativa -> 05 | Pesquisa -> Playstation Now
2021-11-04 03:10:58 Falha na extração
2021-11-04 03:10:58 Tentativa -> 06 | Pesquisa -> Playstation Now
2021-11-04 03:10:58 Falha na extração
2021-11-04 03:10:58 Tentativa -> 07 | Pesquisa -> Playstation Now
2021-11-04 03:10:58 Falha na extração
2021-11-04 03:10:58 Tentativa -> 08 | Pesquisa -> Playstation Now
2021-11-04 03:10:58 Falha na extração
2021-11-04 03:10:58 Tentativa -> 09 | Pesquisa -> Playstation Now
2021-11-04 03:10:58 Falha na extração
2021-11-04 03:10:58 Tentativa -> 10 | Pesquisa -> Playstation Now
2021-11-04 03:10:58 Falha na extração
2021-11-04 03:10:58 Tentativa -> 01 | Pesquisa -> CD PROJEKT RED
2021-11-04 03:10:58 Falha na extração
2021-11-04 03:10:58 Tentativa -> 02 | Pesquisa -> CD PROJEKT RED
2021-11-04 03:10:58 Falha na extração
2021-11-04 03:10:58 Tentativa -> 03 | Pesquisa -> CD PROJEKT RED
2021-11-04 03:10:58 Falha na extração
2021-11-04 03:10:58 Tentativa -> 04 | Pesquisa -> CD PROJEKT RED
2021-11-04 03:10:59 Falha na extração
2021-11-04 03:10:59 Tentativa -> 05 | Pesquisa -> CD PROJEKT RED
2021-11-04 03:10:59 Falha na extração
2021-11-04 03:10:59 Tentativa -> 06 | Pesquisa -> CD PROJEKT RED
2021-11-04 03:10:59 Falha na extração
2021-11-04 03:10:59 Tentativa -> 07 | Pesquisa -> CD PROJEKT RED
2021-11-04 03:10:59 Falha na extração
2021-11-04 03:10:59 Tentativa -> 08 | Pesquisa -> CD PROJEKT RED
2021-11-04 03:10:59 Falha na extração
2021-11-04 03:10:59 Tentativa -> 09 | Pesquisa -> CD PROJEKT RED
2021-11-04 03:10:59 Falha na extração
2021-11-04 03:10:59 Tentativa -> 10 | Pesquisa -> CD PROJEKT RED
2021-11-04 03:10:59 Falha na extração
Foram removidas 4191 duplicidades
Foram coletados 4809 tweets
