2021-11-05 19:11:29 Tentativa -> 01 | Pesquisa -> Playstation
2021-11-05 19:12:13 Falha na extração
2021-11-05 19:12:13 Tentativa -> 02 | Pesquisa -> Playstation
2021-11-05 19:14:30 Falha na extração
2021-11-05 19:14:30 Tentativa -> 03 | Pesquisa -> Playstation
2021-11-05 19:14:41 Extração realizada
2021-11-05 19:14:41 Tentativa -> 01 | Pesquisa -> Xbox
2021-11-05 19:15:31 Extração realizada
2021-11-05 19:15:31 Tentativa -> 01 | Pesquisa -> Nintendo
2021-11-05 19:15:36 Falha na extração
2021-11-05 19:15:36 Tentativa -> 02 | Pesquisa -> Nintendo
2021-11-05 19:15:37 Falha na extração
2021-11-05 19:15:37 Tentativa -> 03 | Pesquisa -> Nintendo
2021-11-05 19:15:38 Falha na extração
2021-11-05 19:15:38 Tentativa -> 04 | Pesquisa -> Nintendo
2021-11-05 19:15:40 Falha na extração
2021-11-05 19:15:40 Tentativa -> 05 | Pesquisa -> Nintendo
2021-11-05 19:15:42 Falha na extração
2021-11-05 19:15:42 Tentativa -> 06 | Pesquisa -> Nintendo
2021-11-05 19:15:42 Falha na extração
2021-11-05 19:15:42 Tentativa -> 07 | Pesquisa -> Nintendo
2021-11-05 19:15:43 Falha na extração
2021-11-05 19:15:43 Tentativa -> 08 | Pesquisa -> Nintendo
2021-11-05 19:15:44 Falha na extração
2021-11-05 19:15:44 Tentativa -> 09 | Pesquisa -> Nintendo
2021-11-05 19:15:45 Falha na extração
2021-11-05 19:15:45 Tentativa -> 10 | Pesquisa -> Nintendo
2021-11-05 19:15:46 Falha na extração
2021-11-05 19:15:46 Tentativa -> 01 | Pesquisa -> Blizzard
2021-11-05 19:15:47 Falha na extração
2021-11-05 19:15:47 Tentativa -> 02 | Pesquisa -> Blizzard
2021-11-05 19:15:48 Falha na extração
2021-11-05 19:15:48 Tentativa -> 03 | Pesquisa -> Blizzard
2021-11-05 19:15:49 Falha na extração
2021-11-05 19:15:49 Tentativa -> 04 | Pesquisa -> Blizzard
2021-11-05 19:15:50 Falha na extração
2021-11-05 19:15:50 Tentativa -> 05 | Pesquisa -> Blizzard
2021-11-05 19:15:51 Falha na extração
2021-11-05 19:15:51 Tentativa -> 06 | Pesquisa -> Blizzard
2021-11-05 19:15:52 Falha na extração
2021-11-05 19:15:52 Tentativa -> 07 | Pesquisa -> Blizzard
2021-11-05 19:15:53 Falha na extração
2021-11-05 19:15:53 Tentativa -> 08 | Pesquisa -> Blizzard
2021-11-05 19:15:54 Falha na extração
2021-11-05 19:15:54 Tentativa -> 09 | Pesquisa -> Blizzard
2021-11-05 19:15:56 Falha na extração
2021-11-05 19:15:56 Tentativa -> 10 | Pesquisa -> Blizzard
2021-11-05 19:15:57 Falha na extração
2021-11-05 19:15:57 Tentativa -> 01 | Pesquisa -> Activision
2021-11-05 19:15:58 Falha na extração
2021-11-05 19:15:58 Tentativa -> 02 | Pesquisa -> Activision
2021-11-05 19:15:58 Falha na extração
2021-11-05 19:15:58 Tentativa -> 03 | Pesquisa -> Activision
2021-11-05 19:15:59 Falha na extração
2021-11-05 19:15:59 Tentativa -> 04 | Pesquisa -> Activision
2021-11-05 19:16:00 Falha na extração
2021-11-05 19:16:00 Tentativa -> 05 | Pesquisa -> Activision
2021-11-05 19:16:01 Falha na extração
2021-11-05 19:16:01 Tentativa -> 06 | Pesquisa -> Activision
2021-11-05 19:16:03 Falha na extração
2021-11-05 19:16:03 Tentativa -> 07 | Pesquisa -> Activision
2021-11-05 19:16:03 Falha na extração
2021-11-05 19:16:03 Tentativa -> 08 | Pesquisa -> Activision
2021-11-05 19:16:04 Falha na extração
2021-11-05 19:16:04 Tentativa -> 09 | Pesquisa -> Activision
2021-11-05 19:16:05 Falha na extração
2021-11-05 19:16:05 Tentativa -> 10 | Pesquisa -> Activision
2021-11-05 19:16:06 Falha na extração
2021-11-05 19:16:06 Tentativa -> 01 | Pesquisa -> Naughty Dog
2021-11-05 19:16:08 Falha na extração
2021-11-05 19:16:08 Tentativa -> 02 | Pesquisa -> Naughty Dog
2021-11-05 19:16:08 Falha na extração
2021-11-05 19:16:08 Tentativa -> 03 | Pesquisa -> Naughty Dog
2021-11-05 19:16:09 Falha na extração
2021-11-05 19:16:09 Tentativa -> 04 | Pesquisa -> Naughty Dog
2021-11-05 19:16:09 Falha na extração
2021-11-05 19:16:09 Tentativa -> 05 | Pesquisa -> Naughty Dog
2021-11-05 19:16:10 Falha na extração
2021-11-05 19:16:10 Tentativa -> 06 | Pesquisa -> Naughty Dog
2021-11-05 19:16:10 Falha na extração
2021-11-05 19:16:10 Tentativa -> 07 | Pesquisa -> Naughty Dog
2021-11-05 19:16:10 Falha na extração
2021-11-05 19:16:10 Tentativa -> 08 | Pesquisa -> Naughty Dog
2021-11-05 19:16:10 Falha na extração
2021-11-05 19:16:10 Tentativa -> 09 | Pesquisa -> Naughty Dog
2021-11-05 19:16:11 Falha na extração
2021-11-05 19:16:11 Tentativa -> 10 | Pesquisa -> Naughty Dog
2021-11-05 19:16:11 Falha na extração
2021-11-05 19:16:11 Tentativa -> 01 | Pesquisa -> EA
2021-11-05 19:16:11 Falha na extração
2021-11-05 19:16:11 Tentativa -> 02 | Pesquisa -> EA
2021-11-05 19:16:12 Falha na extração
2021-11-05 19:16:12 Tentativa -> 03 | Pesquisa -> EA
2021-11-05 19:16:12 Falha na extração
2021-11-05 19:16:12 Tentativa -> 04 | Pesquisa -> EA
2021-11-05 19:16:12 Falha na extração
2021-11-05 19:16:12 Tentativa -> 05 | Pesquisa -> EA
2021-11-05 19:16:13 Falha na extração
2021-11-05 19:16:13 Tentativa -> 06 | Pesquisa -> EA
2021-11-05 19:16:13 Falha na extração
2021-11-05 19:16:13 Tentativa -> 07 | Pesquisa -> EA
2021-11-05 19:16:13 Falha na extração
2021-11-05 19:16:13 Tentativa -> 08 | Pesquisa -> EA
2021-11-05 19:16:14 Falha na extração
2021-11-05 19:16:14 Tentativa -> 09 | Pesquisa -> EA
2021-11-05 19:16:14 Falha na extração
2021-11-05 19:16:14 Tentativa -> 10 | Pesquisa -> EA
2021-11-05 19:16:14 Falha na extração
2021-11-05 19:16:14 Tentativa -> 01 | Pesquisa -> Konami
2021-11-05 19:16:15 Falha na extração
2021-11-05 19:16:15 Tentativa -> 02 | Pesquisa -> Konami
2021-11-05 19:16:15 Falha na extração
2021-11-05 19:16:15 Tentativa -> 03 | Pesquisa -> Konami
2021-11-05 19:16:15 Falha na extração
2021-11-05 19:16:15 Tentativa -> 04 | Pesquisa -> Konami
2021-11-05 19:16:16 Falha na extração
2021-11-05 19:16:16 Tentativa -> 05 | Pesquisa -> Konami
2021-11-05 19:16:16 Falha na extração
2021-11-05 19:16:16 Tentativa -> 06 | Pesquisa -> Konami
2021-11-05 19:16:16 Falha na extração
2021-11-05 19:16:16 Tentativa -> 07 | Pesquisa -> Konami
2021-11-05 19:16:16 Falha na extração
2021-11-05 19:16:16 Tentativa -> 08 | Pesquisa -> Konami
2021-11-05 19:16:17 Falha na extração
2021-11-05 19:16:17 Tentativa -> 09 | Pesquisa -> Konami
2021-11-05 19:16:17 Falha na extração
2021-11-05 19:16:17 Tentativa -> 10 | Pesquisa -> Konami
2021-11-05 19:16:18 Falha na extração
2021-11-05 19:16:18 Tentativa -> 01 | Pesquisa -> Capcom
2021-11-05 19:16:18 Falha na extração
2021-11-05 19:16:18 Tentativa -> 02 | Pesquisa -> Capcom
2021-11-05 19:16:18 Falha na extração
2021-11-05 19:16:18 Tentativa -> 03 | Pesquisa -> Capcom
2021-11-05 19:16:19 Falha na extração
2021-11-05 19:16:19 Tentativa -> 04 | Pesquisa -> Capcom
2021-11-05 19:16:19 Falha na extração
2021-11-05 19:16:19 Tentativa -> 05 | Pesquisa -> Capcom
2021-11-05 19:16:19 Falha na extração
2021-11-05 19:16:19 Tentativa -> 06 | Pesquisa -> Capcom
2021-11-05 19:16:20 Falha na extração
2021-11-05 19:16:20 Tentativa -> 07 | Pesquisa -> Capcom
2021-11-05 19:16:20 Falha na extração
2021-11-05 19:16:20 Tentativa -> 08 | Pesquisa -> Capcom
2021-11-05 19:16:20 Falha na extração
2021-11-05 19:16:20 Tentativa -> 09 | Pesquisa -> Capcom
2021-11-05 19:16:21 Falha na extração
2021-11-05 19:16:21 Tentativa -> 10 | Pesquisa -> Capcom
2021-11-05 19:16:21 Falha na extração
2021-11-05 19:16:21 Tentativa -> 01 | Pesquisa -> Nintendo Switch Online
2021-11-05 19:16:21 Falha na extração
2021-11-05 19:16:21 Tentativa -> 02 | Pesquisa -> Nintendo Switch Online
2021-11-05 19:16:22 Falha na extração
2021-11-05 19:16:22 Tentativa -> 03 | Pesquisa -> Nintendo Switch Online
2021-11-05 19:16:22 Falha na extração
2021-11-05 19:16:22 Tentativa -> 04 | Pesquisa -> Nintendo Switch Online
2021-11-05 19:16:22 Falha na extração
2021-11-05 19:16:22 Tentativa -> 05 | Pesquisa -> Nintendo Switch Online
2021-11-05 19:16:22 Falha na extração
2021-11-05 19:16:22 Tentativa -> 06 | Pesquisa -> Nintendo Switch Online
2021-11-05 19:16:23 Falha na extração
2021-11-05 19:16:23 Tentativa -> 07 | Pesquisa -> Nintendo Switch Online
2021-11-05 19:16:23 Falha na extração
2021-11-05 19:16:23 Tentativa -> 08 | Pesquisa -> Nintendo Switch Online
2021-11-05 19:16:23 Falha na extração
2021-11-05 19:16:23 Tentativa -> 09 | Pesquisa -> Nintendo Switch Online
2021-11-05 19:16:24 Falha na extração
2021-11-05 19:16:24 Tentativa -> 10 | Pesquisa -> Nintendo Switch Online
2021-11-05 19:16:24 Falha na extração
2021-11-05 19:16:24 Tentativa -> 01 | Pesquisa -> Gamepass
2021-11-05 19:16:24 Falha na extração
2021-11-05 19:16:24 Tentativa -> 02 | Pesquisa -> Gamepass
2021-11-05 19:16:25 Falha na extração
2021-11-05 19:16:25 Tentativa -> 03 | Pesquisa -> Gamepass
2021-11-05 19:16:25 Falha na extração
2021-11-05 19:16:25 Tentativa -> 04 | Pesquisa -> Gamepass
2021-11-05 19:16:25 Falha na extração
2021-11-05 19:16:25 Tentativa -> 05 | Pesquisa -> Gamepass
2021-11-05 19:16:26 Falha na extração
2021-11-05 19:16:26 Tentativa -> 06 | Pesquisa -> Gamepass
2021-11-05 19:16:26 Falha na extração
2021-11-05 19:16:26 Tentativa -> 07 | Pesquisa -> Gamepass
2021-11-05 19:16:26 Falha na extração
2021-11-05 19:16:26 Tentativa -> 08 | Pesquisa -> Gamepass
2021-11-05 19:16:27 Falha na extração
2021-11-05 19:16:27 Tentativa -> 09 | Pesquisa -> Gamepass
2021-11-05 19:16:27 Falha na extração
2021-11-05 19:16:27 Tentativa -> 10 | Pesquisa -> Gamepass
2021-11-05 19:16:27 Falha na extração
2021-11-05 19:16:27 Tentativa -> 01 | Pesquisa -> EA Access
2021-11-05 19:16:27 Falha na extração
2021-11-05 19:16:27 Tentativa -> 02 | Pesquisa -> EA Access
2021-11-05 19:16:28 Falha na extração
2021-11-05 19:16:28 Tentativa -> 03 | Pesquisa -> EA Access
2021-11-05 19:16:28 Falha na extração
2021-11-05 19:16:28 Tentativa -> 04 | Pesquisa -> EA Access
2021-11-05 19:16:28 Falha na extração
2021-11-05 19:16:28 Tentativa -> 05 | Pesquisa -> EA Access
2021-11-05 19:16:29 Falha na extração
2021-11-05 19:16:29 Tentativa -> 06 | Pesquisa -> EA Access
2021-11-05 19:16:29 Falha na extração
2021-11-05 19:16:29 Tentativa -> 07 | Pesquisa -> EA Access
2021-11-05 19:16:29 Falha na extração
2021-11-05 19:16:29 Tentativa -> 08 | Pesquisa -> EA Access
2021-11-05 19:16:29 Falha na extração
2021-11-05 19:16:29 Tentativa -> 09 | Pesquisa -> EA Access
2021-11-05 19:16:30 Falha na extração
2021-11-05 19:16:30 Tentativa -> 10 | Pesquisa -> EA Access
2021-11-05 19:16:30 Falha na extração
2021-11-05 19:16:30 Tentativa -> 01 | Pesquisa -> Playstation Now
2021-11-05 19:16:30 Falha na extração
2021-11-05 19:16:30 Tentativa -> 02 | Pesquisa -> Playstation Now
2021-11-05 19:16:30 Falha na extração
2021-11-05 19:16:30 Tentativa -> 03 | Pesquisa -> Playstation Now
2021-11-05 19:16:31 Falha na extração
2021-11-05 19:16:31 Tentativa -> 04 | Pesquisa -> Playstation Now
2021-11-05 19:16:31 Falha na extração
2021-11-05 19:16:31 Tentativa -> 05 | Pesquisa -> Playstation Now
2021-11-05 19:16:31 Falha na extração
2021-11-05 19:16:31 Tentativa -> 06 | Pesquisa -> Playstation Now
2021-11-05 19:16:31 Falha na extração
2021-11-05 19:16:31 Tentativa -> 07 | Pesquisa -> Playstation Now
2021-11-05 19:16:32 Falha na extração
2021-11-05 19:16:32 Tentativa -> 08 | Pesquisa -> Playstation Now
2021-11-05 19:16:32 Falha na extração
2021-11-05 19:16:32 Tentativa -> 09 | Pesquisa -> Playstation Now
2021-11-05 19:16:32 Falha na extração
2021-11-05 19:16:32 Tentativa -> 10 | Pesquisa -> Playstation Now
2021-11-05 19:16:32 Falha na extração
2021-11-05 19:16:32 Tentativa -> 01 | Pesquisa -> CD PROJEKT RED
2021-11-05 19:16:33 Falha na extração
2021-11-05 19:16:33 Tentativa -> 02 | Pesquisa -> CD PROJEKT RED
2021-11-05 19:16:33 Falha na extração
2021-11-05 19:16:33 Tentativa -> 03 | Pesquisa -> CD PROJEKT RED
2021-11-05 19:16:33 Falha na extração
2021-11-05 19:16:33 Tentativa -> 04 | Pesquisa -> CD PROJEKT RED
2021-11-05 19:16:34 Falha na extração
2021-11-05 19:16:34 Tentativa -> 05 | Pesquisa -> CD PROJEKT RED
2021-11-05 19:16:34 Falha na extração
2021-11-05 19:16:34 Tentativa -> 06 | Pesquisa -> CD PROJEKT RED
2021-11-05 19:16:34 Falha na extração
2021-11-05 19:16:34 Tentativa -> 07 | Pesquisa -> CD PROJEKT RED
2021-11-05 19:16:35 Falha na extração
2021-11-05 19:16:35 Tentativa -> 08 | Pesquisa -> CD PROJEKT RED
2021-11-05 19:16:35 Falha na extração
2021-11-05 19:16:35 Tentativa -> 09 | Pesquisa -> CD PROJEKT RED
2021-11-05 19:16:35 Falha na extração
2021-11-05 19:16:35 Tentativa -> 10 | Pesquisa -> CD PROJEKT RED
2021-11-05 19:16:36 Falha na extração
Foram removidas 3876 duplicidades
Foram coletados 5119 tweets
