2021-11-08 18:00:03 Tentativa -> 01 | Pesquisa -> Playstation
2021-11-08 18:00:03 Falha na extração
2021-11-08 18:00:03 Tentativa -> 02 | Pesquisa -> Playstation
2021-11-08 18:00:04 Falha na extração
2021-11-08 18:00:04 Tentativa -> 03 | Pesquisa -> Playstation
2021-11-08 18:00:04 Falha na extração
2021-11-08 18:00:04 Tentativa -> 04 | Pesquisa -> Playstation
2021-11-08 18:00:04 Falha na extração
2021-11-08 18:00:04 Tentativa -> 05 | Pesquisa -> Playstation
2021-11-08 18:00:05 Falha na extração
2021-11-08 18:00:05 Tentativa -> 06 | Pesquisa -> Playstation
2021-11-08 18:00:06 Extração realizada
2021-11-08 18:00:06 Tentativa -> 01 | Pesquisa -> Xbox
2021-11-08 18:00:07 Falha na extração
2021-11-08 18:00:07 Tentativa -> 02 | Pesquisa -> Xbox
2021-11-08 18:00:07 Falha na extração
2021-11-08 18:00:07 Tentativa -> 03 | Pesquisa -> Xbox
2021-11-08 18:00:07 Falha na extração
2021-11-08 18:00:07 Tentativa -> 04 | Pesquisa -> Xbox
2021-11-08 18:00:07 Falha na extração
2021-11-08 18:00:07 Tentativa -> 05 | Pesquisa -> Xbox
2021-11-08 18:00:08 Falha na extração
2021-11-08 18:00:08 Tentativa -> 06 | Pesquisa -> Xbox
2021-11-08 18:00:08 Falha na extração
2021-11-08 18:00:08 Tentativa -> 07 | Pesquisa -> Xbox
2021-11-08 18:00:12 Extração realizada
2021-11-08 18:00:12 Tentativa -> 01 | Pesquisa -> Nintendo
2021-11-08 18:00:12 Falha na extração
2021-11-08 18:00:12 Tentativa -> 02 | Pesquisa -> Nintendo
2021-11-08 18:00:12 Falha na extração
2021-11-08 18:00:12 Tentativa -> 03 | Pesquisa -> Nintendo
2021-11-08 18:00:12 Falha na extração
2021-11-08 18:00:12 Tentativa -> 04 | Pesquisa -> Nintendo
2021-11-08 18:00:12 Falha na extração
2021-11-08 18:00:12 Tentativa -> 05 | Pesquisa -> Nintendo
2021-11-08 18:00:13 Falha na extração
2021-11-08 18:00:13 Tentativa -> 06 | Pesquisa -> Nintendo
2021-11-08 18:00:13 Falha na extração
2021-11-08 18:00:13 Tentativa -> 07 | Pesquisa -> Nintendo
2021-11-08 18:00:13 Falha na extração
2021-11-08 18:00:13 Tentativa -> 08 | Pesquisa -> Nintendo
2021-11-08 18:00:13 Falha na extração
2021-11-08 18:00:13 Tentativa -> 09 | Pesquisa -> Nintendo
2021-11-08 18:00:14 Falha na extração
2021-11-08 18:00:14 Tentativa -> 10 | Pesquisa -> Nintendo
2021-11-08 18:00:15 Extração realizada
2021-11-08 18:00:15 Tentativa -> 01 | Pesquisa -> Blizzard
2021-11-08 18:00:15 Falha na extração
2021-11-08 18:00:15 Tentativa -> 02 | Pesquisa -> Blizzard
2021-11-08 18:00:16 Falha na extração
2021-11-08 18:00:16 Tentativa -> 03 | Pesquisa -> Blizzard
2021-11-08 18:00:16 Falha na extração
2021-11-08 18:00:16 Tentativa -> 04 | Pesquisa -> Blizzard
2021-11-08 18:00:17 Falha na extração
2021-11-08 18:00:17 Tentativa -> 05 | Pesquisa -> Blizzard
2021-11-08 18:00:17 Falha na extração
2021-11-08 18:00:17 Tentativa -> 06 | Pesquisa -> Blizzard
2021-11-08 18:00:17 Falha na extração
2021-11-08 18:00:17 Tentativa -> 07 | Pesquisa -> Blizzard
2021-11-08 18:00:18 Falha na extração
2021-11-08 18:00:18 Tentativa -> 08 | Pesquisa -> Blizzard
2021-11-08 18:00:19 Extração realizada
2021-11-08 18:00:19 Tentativa -> 01 | Pesquisa -> Activision
2021-11-08 18:00:20 Extração realizada
2021-11-08 18:00:20 Tentativa -> 01 | Pesquisa -> Naughty Dog
2021-11-08 18:00:21 Falha na extração
2021-11-08 18:00:21 Tentativa -> 02 | Pesquisa -> Naughty Dog
2021-11-08 18:00:24 Extração realizada
2021-11-08 18:00:24 Tentativa -> 01 | Pesquisa -> EA
2021-11-08 18:00:24 Falha na extração
2021-11-08 18:00:24 Tentativa -> 02 | Pesquisa -> EA
2021-11-08 18:00:24 Falha na extração
2021-11-08 18:00:24 Tentativa -> 03 | Pesquisa -> EA
2021-11-08 18:00:24 Falha na extração
2021-11-08 18:00:24 Tentativa -> 04 | Pesquisa -> EA
2021-11-08 18:00:25 Falha na extração
2021-11-08 18:00:25 Tentativa -> 05 | Pesquisa -> EA
2021-11-08 18:00:25 Falha na extração
2021-11-08 18:00:25 Tentativa -> 06 | Pesquisa -> EA
2021-11-08 18:00:28 Extração realizada
2021-11-08 18:00:28 Tentativa -> 01 | Pesquisa -> Konami
2021-11-08 18:00:28 Falha na extração
2021-11-08 18:00:28 Tentativa -> 02 | Pesquisa -> Konami
2021-11-08 18:00:28 Falha na extração
2021-11-08 18:00:28 Tentativa -> 03 | Pesquisa -> Konami
2021-11-08 18:00:28 Falha na extração
2021-11-08 18:00:28 Tentativa -> 04 | Pesquisa -> Konami
2021-11-08 18:00:29 Falha na extração
2021-11-08 18:00:29 Tentativa -> 05 | Pesquisa -> Konami
2021-11-08 18:00:31 Extração realizada
2021-11-08 18:00:31 Tentativa -> 01 | Pesquisa -> Capcom
2021-11-08 18:00:31 Falha na extração
2021-11-08 18:00:31 Tentativa -> 02 | Pesquisa -> Capcom
2021-11-08 18:00:32 Falha na extração
2021-11-08 18:00:32 Tentativa -> 03 | Pesquisa -> Capcom
2021-11-08 18:00:32 Falha na extração
2021-11-08 18:00:32 Tentativa -> 04 | Pesquisa -> Capcom
2021-11-08 18:00:32 Falha na extração
2021-11-08 18:00:32 Tentativa -> 05 | Pesquisa -> Capcom
2021-11-08 18:00:33 Falha na extração
2021-11-08 18:00:33 Tentativa -> 06 | Pesquisa -> Capcom
2021-11-08 18:00:33 Falha na extração
2021-11-08 18:00:33 Tentativa -> 07 | Pesquisa -> Capcom
2021-11-08 18:00:33 Falha na extração
2021-11-08 18:00:33 Tentativa -> 08 | Pesquisa -> Capcom
2021-11-08 18:00:33 Falha na extração
2021-11-08 18:00:33 Tentativa -> 09 | Pesquisa -> Capcom
2021-11-08 18:00:33 Falha na extração
2021-11-08 18:00:33 Tentativa -> 10 | Pesquisa -> Capcom
2021-11-08 18:00:34 Extração realizada
2021-11-08 18:00:34 Tentativa -> 01 | Pesquisa -> Nintendo Switch Online
2021-11-08 18:00:35 Falha na extração
2021-11-08 18:00:35 Tentativa -> 02 | Pesquisa -> Nintendo Switch Online
2021-11-08 18:00:35 Falha na extração
2021-11-08 18:00:35 Tentativa -> 03 | Pesquisa -> Nintendo Switch Online
2021-11-08 18:00:35 Falha na extração
2021-11-08 18:00:35 Tentativa -> 04 | Pesquisa -> Nintendo Switch Online
2021-11-08 18:00:36 Falha na extração
2021-11-08 18:00:36 Tentativa -> 05 | Pesquisa -> Nintendo Switch Online
2021-11-08 18:00:36 Falha na extração
2021-11-08 18:00:36 Tentativa -> 06 | Pesquisa -> Nintendo Switch Online
2021-11-08 18:00:36 Falha na extração
2021-11-08 18:00:36 Tentativa -> 07 | Pesquisa -> Nintendo Switch Online
2021-11-08 18:00:37 Falha na extração
2021-11-08 18:00:37 Tentativa -> 08 | Pesquisa -> Nintendo Switch Online
2021-11-08 18:00:37 Falha na extração
2021-11-08 18:00:37 Tentativa -> 09 | Pesquisa -> Nintendo Switch Online
2021-11-08 18:00:37 Falha na extração
2021-11-08 18:00:37 Tentativa -> 10 | Pesquisa -> Nintendo Switch Online
2021-11-08 18:00:37 Falha na extração
2021-11-08 18:00:37 Tentativa -> 01 | Pesquisa -> Gamepass
2021-11-08 18:00:38 Falha na extração
2021-11-08 18:00:38 Tentativa -> 02 | Pesquisa -> Gamepass
2021-11-08 18:00:38 Falha na extração
2021-11-08 18:00:38 Tentativa -> 03 | Pesquisa -> Gamepass
2021-11-08 18:00:39 Falha na extração
2021-11-08 18:00:39 Tentativa -> 04 | Pesquisa -> Gamepass
2021-11-08 18:00:39 Falha na extração
2021-11-08 18:00:39 Tentativa -> 05 | Pesquisa -> Gamepass
2021-11-08 18:00:42 Extração realizada
2021-11-08 18:00:42 Tentativa -> 01 | Pesquisa -> EA Access
2021-11-08 18:00:42 Extração realizada
2021-11-08 18:00:42 Tentativa -> 01 | Pesquisa -> Playstation Now
2021-11-08 18:00:44 Extração realizada
2021-11-08 18:00:44 Tentativa -> 01 | Pesquisa -> CD PROJEKT RED
2021-11-08 18:00:44 Falha na extração
2021-11-08 18:00:44 Tentativa -> 02 | Pesquisa -> CD PROJEKT RED
2021-11-08 18:00:45 Falha na extração
2021-11-08 18:00:45 Tentativa -> 03 | Pesquisa -> CD PROJEKT RED
2021-11-08 18:00:45 Falha na extração
2021-11-08 18:00:45 Tentativa -> 04 | Pesquisa -> CD PROJEKT RED
2021-11-08 18:00:46 Extração realizada
Foram removidas 639 duplicidades
Foram coletados 1496 tweets
