2021-10-17 22:20:12 Tentativa -> 01 | Pesquisa -> Playstation
2021-10-17 22:20:49 Extração realizada
2021-10-17 22:20:49 Tentativa -> 01 | Pesquisa -> Xbox
2021-10-17 22:22:58 Falha na extração
2021-10-17 22:22:58 Tentativa -> 02 | Pesquisa -> Xbox
2021-10-17 22:23:10 Falha na extração
2021-10-17 22:23:10 Tentativa -> 03 | Pesquisa -> Xbox
2021-10-17 22:23:25 Falha na extração
2021-10-17 22:23:25 Tentativa -> 04 | Pesquisa -> Xbox
2021-10-17 22:23:43 Falha na extração
2021-10-17 22:23:43 Tentativa -> 05 | Pesquisa -> Xbox
2021-10-17 22:23:55 Falha na extração
2021-10-17 22:23:55 Tentativa -> 06 | Pesquisa -> Xbox
2021-10-17 22:24:10 Falha na extração
2021-10-17 22:24:10 Tentativa -> 07 | Pesquisa -> Xbox
2021-10-17 22:24:25 Falha na extração
2021-10-17 22:24:25 Tentativa -> 08 | Pesquisa -> Xbox
2021-10-17 22:24:42 Falha na extração
2021-10-17 22:24:43 Tentativa -> 09 | Pesquisa -> Xbox
2021-10-17 22:24:56 Falha na extração
2021-10-17 22:24:57 Tentativa -> 10 | Pesquisa -> Xbox
2021-10-17 22:25:13 Falha na extração
2021-10-17 22:25:13 Tentativa -> 01 | Pesquisa -> Nintendo
2021-10-17 22:25:27 Falha na extração
2021-10-17 22:25:27 Tentativa -> 02 | Pesquisa -> Nintendo
2021-10-17 22:25:39 Falha na extração
2021-10-17 22:25:39 Tentativa -> 03 | Pesquisa -> Nintendo
2021-10-17 22:25:51 Falha na extração
2021-10-17 22:25:51 Tentativa -> 04 | Pesquisa -> Nintendo
2021-10-17 22:26:02 Falha na extração
2021-10-17 22:26:02 Tentativa -> 05 | Pesquisa -> Nintendo
2021-10-17 22:26:15 Falha na extração
2021-10-17 22:26:15 Tentativa -> 06 | Pesquisa -> Nintendo
2021-10-17 22:26:28 Falha na extração
2021-10-17 22:26:28 Tentativa -> 07 | Pesquisa -> Nintendo
2021-10-17 22:26:40 Falha na extração
2021-10-17 22:26:40 Tentativa -> 08 | Pesquisa -> Nintendo
2021-10-17 22:26:57 Falha na extração
2021-10-17 22:26:57 Tentativa -> 09 | Pesquisa -> Nintendo
2021-10-17 22:27:12 Falha na extração
2021-10-17 22:27:12 Tentativa -> 10 | Pesquisa -> Nintendo
2021-10-17 22:27:27 Falha na extração
2021-10-17 22:27:27 Tentativa -> 01 | Pesquisa -> Blizzard
2021-10-17 22:27:42 Falha na extração
2021-10-17 22:27:43 Tentativa -> 02 | Pesquisa -> Blizzard
2021-10-17 22:27:55 Falha na extração
2021-10-17 22:27:55 Tentativa -> 03 | Pesquisa -> Blizzard
2021-10-17 22:28:09 Falha na extração
2021-10-17 22:28:09 Tentativa -> 04 | Pesquisa -> Blizzard
2021-10-17 22:28:22 Falha na extração
2021-10-17 22:28:22 Tentativa -> 05 | Pesquisa -> Blizzard
2021-10-17 22:28:37 Falha na extração
2021-10-17 22:28:38 Tentativa -> 06 | Pesquisa -> Blizzard
2021-10-17 22:28:52 Falha na extração
2021-10-17 22:28:52 Tentativa -> 07 | Pesquisa -> Blizzard
2021-10-17 22:29:03 Falha na extração
2021-10-17 22:29:03 Tentativa -> 08 | Pesquisa -> Blizzard
2021-10-17 22:29:19 Falha na extração
2021-10-17 22:29:19 Tentativa -> 09 | Pesquisa -> Blizzard
2021-10-17 22:29:33 Falha na extração
2021-10-17 22:29:33 Tentativa -> 10 | Pesquisa -> Blizzard
2021-10-17 22:29:47 Falha na extração
2021-10-17 22:29:47 Tentativa -> 01 | Pesquisa -> Activision
2021-10-17 22:30:01 Falha na extração
2021-10-17 22:30:01 Tentativa -> 02 | Pesquisa -> Activision
2021-10-17 22:30:08 Extração realizada
2021-10-17 22:30:08 Tentativa -> 01 | Pesquisa -> Naughty Dog
2021-10-17 22:30:19 Extração realizada
2021-10-17 22:30:19 Tentativa -> 01 | Pesquisa -> EA
2021-10-17 22:30:25 Extração realizada
2021-10-17 22:30:25 Tentativa -> 01 | Pesquisa -> Konami
2021-10-17 22:30:40 Extração realizada
2021-10-17 22:30:40 Tentativa -> 01 | Pesquisa -> Capcom
2021-10-17 22:30:41 Falha na extração
2021-10-17 22:30:41 Tentativa -> 02 | Pesquisa -> Capcom
2021-10-17 22:30:41 Falha na extração
2021-10-17 22:30:41 Tentativa -> 03 | Pesquisa -> Capcom
2021-10-17 22:30:41 Falha na extração
2021-10-17 22:30:41 Tentativa -> 04 | Pesquisa -> Capcom
2021-10-17 22:30:41 Falha na extração
2021-10-17 22:30:41 Tentativa -> 05 | Pesquisa -> Capcom
2021-10-17 22:30:41 Falha na extração
2021-10-17 22:30:41 Tentativa -> 06 | Pesquisa -> Capcom
2021-10-17 22:30:42 Falha na extração
2021-10-17 22:30:42 Tentativa -> 07 | Pesquisa -> Capcom
2021-10-17 22:30:42 Falha na extração
2021-10-17 22:30:42 Tentativa -> 08 | Pesquisa -> Capcom
2021-10-17 22:30:42 Falha na extração
2021-10-17 22:30:42 Tentativa -> 09 | Pesquisa -> Capcom
2021-10-17 22:30:42 Falha na extração
2021-10-17 22:30:42 Tentativa -> 10 | Pesquisa -> Capcom
2021-10-17 22:30:42 Falha na extração
2021-10-17 22:30:42 Tentativa -> 01 | Pesquisa -> Nintendo Switch Online
2021-10-17 22:30:43 Falha na extração
2021-10-17 22:30:43 Tentativa -> 02 | Pesquisa -> Nintendo Switch Online
2021-10-17 22:30:43 Falha na extração
2021-10-17 22:30:43 Tentativa -> 03 | Pesquisa -> Nintendo Switch Online
2021-10-17 22:30:43 Falha na extração
2021-10-17 22:30:43 Tentativa -> 04 | Pesquisa -> Nintendo Switch Online
2021-10-17 22:30:43 Falha na extração
2021-10-17 22:30:43 Tentativa -> 05 | Pesquisa -> Nintendo Switch Online
2021-10-17 22:30:43 Falha na extração
2021-10-17 22:30:43 Tentativa -> 06 | Pesquisa -> Nintendo Switch Online
2021-10-17 22:30:44 Falha na extração
2021-10-17 22:30:44 Tentativa -> 07 | Pesquisa -> Nintendo Switch Online
2021-10-17 22:30:44 Falha na extração
2021-10-17 22:30:44 Tentativa -> 08 | Pesquisa -> Nintendo Switch Online
2021-10-17 22:30:44 Falha na extração
2021-10-17 22:30:44 Tentativa -> 09 | Pesquisa -> Nintendo Switch Online
2021-10-17 22:30:44 Falha na extração
2021-10-17 22:30:44 Tentativa -> 10 | Pesquisa -> Nintendo Switch Online
2021-10-17 22:30:44 Falha na extração
2021-10-17 22:30:44 Tentativa -> 01 | Pesquisa -> Gamepass
2021-10-17 22:30:45 Falha na extração
2021-10-17 22:30:45 Tentativa -> 02 | Pesquisa -> Gamepass
2021-10-17 22:30:45 Falha na extração
2021-10-17 22:30:45 Tentativa -> 03 | Pesquisa -> Gamepass
2021-10-17 22:30:45 Falha na extração
2021-10-17 22:30:45 Tentativa -> 04 | Pesquisa -> Gamepass
2021-10-17 22:30:45 Falha na extração
2021-10-17 22:30:45 Tentativa -> 05 | Pesquisa -> Gamepass
2021-10-17 22:30:45 Falha na extração
2021-10-17 22:30:45 Tentativa -> 06 | Pesquisa -> Gamepass
2021-10-17 22:30:46 Falha na extração
2021-10-17 22:30:46 Tentativa -> 07 | Pesquisa -> Gamepass
2021-10-17 22:30:46 Falha na extração
2021-10-17 22:30:46 Tentativa -> 08 | Pesquisa -> Gamepass
2021-10-17 22:30:46 Falha na extração
2021-10-17 22:30:46 Tentativa -> 09 | Pesquisa -> Gamepass
2021-10-17 22:30:46 Falha na extração
2021-10-17 22:30:46 Tentativa -> 10 | Pesquisa -> Gamepass
2021-10-17 22:30:46 Falha na extração
2021-10-17 22:30:46 Tentativa -> 01 | Pesquisa -> EA Access
2021-10-17 22:30:47 Falha na extração
2021-10-17 22:30:47 Tentativa -> 02 | Pesquisa -> EA Access
2021-10-17 22:30:47 Falha na extração
2021-10-17 22:30:47 Tentativa -> 03 | Pesquisa -> EA Access
2021-10-17 22:30:47 Falha na extração
2021-10-17 22:30:47 Tentativa -> 04 | Pesquisa -> EA Access
2021-10-17 22:30:47 Falha na extração
2021-10-17 22:30:47 Tentativa -> 05 | Pesquisa -> EA Access
2021-10-17 22:30:47 Falha na extração
2021-10-17 22:30:47 Tentativa -> 06 | Pesquisa -> EA Access
2021-10-17 22:30:47 Falha na extração
2021-10-17 22:30:47 Tentativa -> 07 | Pesquisa -> EA Access
2021-10-17 22:30:47 Falha na extração
2021-10-17 22:30:47 Tentativa -> 08 | Pesquisa -> EA Access
2021-10-17 22:30:47 Falha na extração
2021-10-17 22:30:47 Tentativa -> 09 | Pesquisa -> EA Access
2021-10-17 22:30:47 Falha na extração
2021-10-17 22:30:47 Tentativa -> 10 | Pesquisa -> EA Access
2021-10-17 22:30:47 Falha na extração
2021-10-17 22:30:47 Tentativa -> 01 | Pesquisa -> Playstation Now
2021-10-17 22:30:48 Falha na extração
2021-10-17 22:30:48 Tentativa -> 02 | Pesquisa -> Playstation Now
2021-10-17 22:30:48 Falha na extração
2021-10-17 22:30:48 Tentativa -> 03 | Pesquisa -> Playstation Now
2021-10-17 22:30:48 Falha na extração
2021-10-17 22:30:48 Tentativa -> 04 | Pesquisa -> Playstation Now
2021-10-17 22:30:48 Falha na extração
2021-10-17 22:30:48 Tentativa -> 05 | Pesquisa -> Playstation Now
2021-10-17 22:30:48 Falha na extração
2021-10-17 22:30:48 Tentativa -> 06 | Pesquisa -> Playstation Now
2021-10-17 22:30:48 Falha na extração
2021-10-17 22:30:48 Tentativa -> 07 | Pesquisa -> Playstation Now
2021-10-17 22:30:48 Falha na extração
2021-10-17 22:30:48 Tentativa -> 08 | Pesquisa -> Playstation Now
2021-10-17 22:30:48 Falha na extração
2021-10-17 22:30:48 Tentativa -> 09 | Pesquisa -> Playstation Now
2021-10-17 22:30:48 Falha na extração
2021-10-17 22:30:48 Tentativa -> 10 | Pesquisa -> Playstation Now
2021-10-17 22:30:48 Falha na extração
2021-10-17 22:30:48 Tentativa -> 01 | Pesquisa -> CD PROJEKT RED
2021-10-17 22:30:48 Falha na extração
2021-10-17 22:30:48 Tentativa -> 02 | Pesquisa -> CD PROJEKT RED
2021-10-17 22:30:49 Falha na extração
2021-10-17 22:30:49 Tentativa -> 03 | Pesquisa -> CD PROJEKT RED
2021-10-17 22:30:49 Falha na extração
2021-10-17 22:30:49 Tentativa -> 04 | Pesquisa -> CD PROJEKT RED
2021-10-17 22:30:49 Falha na extração
2021-10-17 22:30:49 Tentativa -> 05 | Pesquisa -> CD PROJEKT RED
2021-10-17 22:30:49 Falha na extração
2021-10-17 22:30:49 Tentativa -> 06 | Pesquisa -> CD PROJEKT RED
2021-10-17 22:30:49 Falha na extração
2021-10-17 22:30:49 Tentativa -> 07 | Pesquisa -> CD PROJEKT RED
2021-10-17 22:30:49 Falha na extração
2021-10-17 22:30:49 Tentativa -> 08 | Pesquisa -> CD PROJEKT RED
2021-10-17 22:30:49 Falha na extração
2021-10-17 22:30:49 Tentativa -> 09 | Pesquisa -> CD PROJEKT RED
2021-10-17 22:30:49 Falha na extração
2021-10-17 22:30:49 Tentativa -> 10 | Pesquisa -> CD PROJEKT RED
2021-10-17 22:30:49 Falha na extração
Foram removidas 3465 duplicidades
Foram coletados 5595 tweets
