2021-10-18 12:20:56 Tentativa -> 01 | Pesquisa -> Playstation
2021-10-18 12:21:19 Falha na extração
2021-10-18 12:21:20 Tentativa -> 02 | Pesquisa -> Playstation
2021-10-18 12:21:32 Falha na extração
2021-10-18 12:21:32 Tentativa -> 03 | Pesquisa -> Playstation
2021-10-18 12:21:44 Falha na extração
2021-10-18 12:21:44 Tentativa -> 04 | Pesquisa -> Playstation
2021-10-18 12:24:33 Falha na extração
2021-10-18 12:24:34 Tentativa -> 05 | Pesquisa -> Playstation
2021-10-18 12:24:50 Falha na extração
2021-10-18 12:24:50 Tentativa -> 06 | Pesquisa -> Playstation
2021-10-18 12:25:08 Falha na extração
2021-10-18 12:25:08 Tentativa -> 07 | Pesquisa -> Playstation
2021-10-18 12:25:22 Falha na extração
2021-10-18 12:25:22 Tentativa -> 08 | Pesquisa -> Playstation
2021-10-18 12:25:40 Falha na extração
2021-10-18 12:25:41 Tentativa -> 09 | Pesquisa -> Playstation
2021-10-18 12:25:55 Falha na extração
2021-10-18 12:25:55 Tentativa -> 10 | Pesquisa -> Playstation
2021-10-18 12:26:09 Falha na extração
2021-10-18 12:26:09 Tentativa -> 01 | Pesquisa -> Xbox
2021-10-18 12:26:23 Falha na extração
2021-10-18 12:26:23 Tentativa -> 02 | Pesquisa -> Xbox
2021-10-18 12:27:13 Extração realizada
2021-10-18 12:27:13 Tentativa -> 01 | Pesquisa -> Nintendo
2021-10-18 12:27:27 Extração realizada
2021-10-18 12:27:27 Tentativa -> 01 | Pesquisa -> Blizzard
2021-10-18 12:27:36 Extração realizada
2021-10-18 12:27:36 Tentativa -> 01 | Pesquisa -> Activision
2021-10-18 12:27:36 Falha na extração
2021-10-18 12:27:36 Tentativa -> 02 | Pesquisa -> Activision
2021-10-18 12:27:36 Falha na extração
2021-10-18 12:27:36 Tentativa -> 03 | Pesquisa -> Activision
2021-10-18 12:27:36 Falha na extração
2021-10-18 12:27:36 Tentativa -> 04 | Pesquisa -> Activision
2021-10-18 12:27:37 Falha na extração
2021-10-18 12:27:37 Tentativa -> 05 | Pesquisa -> Activision
2021-10-18 12:27:37 Falha na extração
2021-10-18 12:27:37 Tentativa -> 06 | Pesquisa -> Activision
2021-10-18 12:27:37 Falha na extração
2021-10-18 12:27:37 Tentativa -> 07 | Pesquisa -> Activision
2021-10-18 12:27:37 Falha na extração
2021-10-18 12:27:37 Tentativa -> 08 | Pesquisa -> Activision
2021-10-18 12:27:38 Falha na extração
2021-10-18 12:27:38 Tentativa -> 09 | Pesquisa -> Activision
2021-10-18 12:27:38 Falha na extração
2021-10-18 12:27:38 Tentativa -> 10 | Pesquisa -> Activision
2021-10-18 12:27:38 Falha na extração
2021-10-18 12:27:38 Tentativa -> 01 | Pesquisa -> Naughty Dog
2021-10-18 12:27:38 Falha na extração
2021-10-18 12:27:38 Tentativa -> 02 | Pesquisa -> Naughty Dog
2021-10-18 12:27:39 Falha na extração
2021-10-18 12:27:39 Tentativa -> 03 | Pesquisa -> Naughty Dog
2021-10-18 12:27:39 Falha na extração
2021-10-18 12:27:39 Tentativa -> 04 | Pesquisa -> Naughty Dog
2021-10-18 12:27:39 Falha na extração
2021-10-18 12:27:39 Tentativa -> 05 | Pesquisa -> Naughty Dog
2021-10-18 12:27:39 Falha na extração
2021-10-18 12:27:39 Tentativa -> 06 | Pesquisa -> Naughty Dog
2021-10-18 12:27:40 Falha na extração
2021-10-18 12:27:40 Tentativa -> 07 | Pesquisa -> Naughty Dog
2021-10-18 12:27:40 Falha na extração
2021-10-18 12:27:40 Tentativa -> 08 | Pesquisa -> Naughty Dog
2021-10-18 12:27:40 Falha na extração
2021-10-18 12:27:40 Tentativa -> 09 | Pesquisa -> Naughty Dog
2021-10-18 12:27:40 Falha na extração
2021-10-18 12:27:40 Tentativa -> 10 | Pesquisa -> Naughty Dog
2021-10-18 12:27:41 Falha na extração
2021-10-18 12:27:41 Tentativa -> 01 | Pesquisa -> EA
2021-10-18 12:27:41 Falha na extração
2021-10-18 12:27:41 Tentativa -> 02 | Pesquisa -> EA
2021-10-18 12:27:41 Falha na extração
2021-10-18 12:27:41 Tentativa -> 03 | Pesquisa -> EA
2021-10-18 12:27:42 Falha na extração
2021-10-18 12:27:42 Tentativa -> 04 | Pesquisa -> EA
2021-10-18 12:27:42 Falha na extração
2021-10-18 12:27:42 Tentativa -> 05 | Pesquisa -> EA
2021-10-18 12:27:42 Falha na extração
2021-10-18 12:27:42 Tentativa -> 06 | Pesquisa -> EA
2021-10-18 12:27:42 Falha na extração
2021-10-18 12:27:42 Tentativa -> 07 | Pesquisa -> EA
2021-10-18 12:27:43 Falha na extração
2021-10-18 12:27:43 Tentativa -> 08 | Pesquisa -> EA
2021-10-18 12:27:43 Falha na extração
2021-10-18 12:27:43 Tentativa -> 09 | Pesquisa -> EA
2021-10-18 12:27:43 Falha na extração
2021-10-18 12:27:43 Tentativa -> 10 | Pesquisa -> EA
2021-10-18 12:27:43 Falha na extração
2021-10-18 12:27:43 Tentativa -> 01 | Pesquisa -> Konami
2021-10-18 12:27:44 Falha na extração
2021-10-18 12:27:44 Tentativa -> 02 | Pesquisa -> Konami
2021-10-18 12:27:44 Falha na extração
2021-10-18 12:27:44 Tentativa -> 03 | Pesquisa -> Konami
2021-10-18 12:27:44 Falha na extração
2021-10-18 12:27:44 Tentativa -> 04 | Pesquisa -> Konami
2021-10-18 12:27:44 Falha na extração
2021-10-18 12:27:44 Tentativa -> 05 | Pesquisa -> Konami
2021-10-18 12:27:44 Falha na extração
2021-10-18 12:27:44 Tentativa -> 06 | Pesquisa -> Konami
2021-10-18 12:27:44 Falha na extração
2021-10-18 12:27:44 Tentativa -> 07 | Pesquisa -> Konami
2021-10-18 12:27:45 Falha na extração
2021-10-18 12:27:45 Tentativa -> 08 | Pesquisa -> Konami
2021-10-18 12:27:45 Falha na extração
2021-10-18 12:27:45 Tentativa -> 09 | Pesquisa -> Konami
2021-10-18 12:27:45 Falha na extração
2021-10-18 12:27:45 Tentativa -> 10 | Pesquisa -> Konami
2021-10-18 12:27:45 Falha na extração
2021-10-18 12:27:45 Tentativa -> 01 | Pesquisa -> Capcom
2021-10-18 12:27:45 Falha na extração
2021-10-18 12:27:45 Tentativa -> 02 | Pesquisa -> Capcom
2021-10-18 12:27:45 Falha na extração
2021-10-18 12:27:45 Tentativa -> 03 | Pesquisa -> Capcom
2021-10-18 12:27:45 Falha na extração
2021-10-18 12:27:45 Tentativa -> 04 | Pesquisa -> Capcom
2021-10-18 12:27:45 Falha na extração
2021-10-18 12:27:45 Tentativa -> 05 | Pesquisa -> Capcom
2021-10-18 12:27:46 Falha na extração
2021-10-18 12:27:46 Tentativa -> 06 | Pesquisa -> Capcom
2021-10-18 12:27:46 Falha na extração
2021-10-18 12:27:46 Tentativa -> 07 | Pesquisa -> Capcom
2021-10-18 12:27:46 Falha na extração
2021-10-18 12:27:46 Tentativa -> 08 | Pesquisa -> Capcom
2021-10-18 12:27:46 Falha na extração
2021-10-18 12:27:46 Tentativa -> 09 | Pesquisa -> Capcom
2021-10-18 12:27:46 Falha na extração
2021-10-18 12:27:46 Tentativa -> 10 | Pesquisa -> Capcom
2021-10-18 12:27:46 Falha na extração
2021-10-18 12:27:46 Tentativa -> 01 | Pesquisa -> Nintendo Switch Online
2021-10-18 12:27:46 Falha na extração
2021-10-18 12:27:46 Tentativa -> 02 | Pesquisa -> Nintendo Switch Online
2021-10-18 12:27:46 Falha na extração
2021-10-18 12:27:46 Tentativa -> 03 | Pesquisa -> Nintendo Switch Online
2021-10-18 12:27:46 Falha na extração
2021-10-18 12:27:46 Tentativa -> 04 | Pesquisa -> Nintendo Switch Online
2021-10-18 12:27:47 Falha na extração
2021-10-18 12:27:47 Tentativa -> 05 | Pesquisa -> Nintendo Switch Online
2021-10-18 12:27:47 Falha na extração
2021-10-18 12:27:47 Tentativa -> 06 | Pesquisa -> Nintendo Switch Online
2021-10-18 12:27:47 Falha na extração
2021-10-18 12:27:47 Tentativa -> 07 | Pesquisa -> Nintendo Switch Online
2021-10-18 12:27:47 Falha na extração
2021-10-18 12:27:47 Tentativa -> 08 | Pesquisa -> Nintendo Switch Online
2021-10-18 12:27:47 Falha na extração
2021-10-18 12:27:47 Tentativa -> 09 | Pesquisa -> Nintendo Switch Online
2021-10-18 12:27:47 Falha na extração
2021-10-18 12:27:47 Tentativa -> 10 | Pesquisa -> Nintendo Switch Online
2021-10-18 12:27:47 Falha na extração
2021-10-18 12:27:47 Tentativa -> 01 | Pesquisa -> Gamepass
2021-10-18 12:27:47 Falha na extração
2021-10-18 12:27:47 Tentativa -> 02 | Pesquisa -> Gamepass
2021-10-18 12:27:48 Falha na extração
2021-10-18 12:27:48 Tentativa -> 03 | Pesquisa -> Gamepass
2021-10-18 12:27:48 Falha na extração
2021-10-18 12:27:48 Tentativa -> 04 | Pesquisa -> Gamepass
2021-10-18 12:27:48 Falha na extração
2021-10-18 12:27:48 Tentativa -> 05 | Pesquisa -> Gamepass
2021-10-18 12:27:48 Falha na extração
2021-10-18 12:27:48 Tentativa -> 06 | Pesquisa -> Gamepass
2021-10-18 12:27:48 Falha na extração
2021-10-18 12:27:48 Tentativa -> 07 | Pesquisa -> Gamepass
2021-10-18 12:27:48 Falha na extração
2021-10-18 12:27:48 Tentativa -> 08 | Pesquisa -> Gamepass
2021-10-18 12:27:48 Falha na extração
2021-10-18 12:27:48 Tentativa -> 09 | Pesquisa -> Gamepass
2021-10-18 12:27:48 Falha na extração
2021-10-18 12:27:48 Tentativa -> 10 | Pesquisa -> Gamepass
2021-10-18 12:27:49 Falha na extração
2021-10-18 12:27:49 Tentativa -> 01 | Pesquisa -> EA Access
2021-10-18 12:27:49 Falha na extração
2021-10-18 12:27:49 Tentativa -> 02 | Pesquisa -> EA Access
2021-10-18 12:27:49 Falha na extração
2021-10-18 12:27:49 Tentativa -> 03 | Pesquisa -> EA Access
2021-10-18 12:27:49 Falha na extração
2021-10-18 12:27:49 Tentativa -> 04 | Pesquisa -> EA Access
2021-10-18 12:27:49 Falha na extração
2021-10-18 12:27:49 Tentativa -> 05 | Pesquisa -> EA Access
2021-10-18 12:27:49 Falha na extração
2021-10-18 12:27:49 Tentativa -> 06 | Pesquisa -> EA Access
2021-10-18 12:27:49 Falha na extração
2021-10-18 12:27:49 Tentativa -> 07 | Pesquisa -> EA Access
2021-10-18 12:27:49 Falha na extração
2021-10-18 12:27:49 Tentativa -> 08 | Pesquisa -> EA Access
2021-10-18 12:27:50 Falha na extração
2021-10-18 12:27:50 Tentativa -> 09 | Pesquisa -> EA Access
2021-10-18 12:27:50 Falha na extração
2021-10-18 12:27:50 Tentativa -> 10 | Pesquisa -> EA Access
2021-10-18 12:27:50 Falha na extração
2021-10-18 12:27:50 Tentativa -> 01 | Pesquisa -> Playstation Now
2021-10-18 12:27:50 Falha na extração
2021-10-18 12:27:50 Tentativa -> 02 | Pesquisa -> Playstation Now
2021-10-18 12:27:50 Falha na extração
2021-10-18 12:27:50 Tentativa -> 03 | Pesquisa -> Playstation Now
2021-10-18 12:27:50 Falha na extração
2021-10-18 12:27:50 Tentativa -> 04 | Pesquisa -> Playstation Now
2021-10-18 12:27:50 Falha na extração
2021-10-18 12:27:50 Tentativa -> 05 | Pesquisa -> Playstation Now
2021-10-18 12:27:51 Falha na extração
2021-10-18 12:27:51 Tentativa -> 06 | Pesquisa -> Playstation Now
2021-10-18 12:27:51 Falha na extração
2021-10-18 12:27:51 Tentativa -> 07 | Pesquisa -> Playstation Now
2021-10-18 12:27:51 Falha na extração
2021-10-18 12:27:51 Tentativa -> 08 | Pesquisa -> Playstation Now
2021-10-18 12:27:51 Falha na extração
2021-10-18 12:27:51 Tentativa -> 09 | Pesquisa -> Playstation Now
2021-10-18 12:27:51 Falha na extração
2021-10-18 12:27:51 Tentativa -> 10 | Pesquisa -> Playstation Now
2021-10-18 12:27:51 Falha na extração
2021-10-18 12:27:51 Tentativa -> 01 | Pesquisa -> CD PROJEKT RED
2021-10-18 12:27:51 Falha na extração
2021-10-18 12:27:51 Tentativa -> 02 | Pesquisa -> CD PROJEKT RED
2021-10-18 12:27:51 Falha na extração
2021-10-18 12:27:51 Tentativa -> 03 | Pesquisa -> CD PROJEKT RED
2021-10-18 12:27:52 Falha na extração
2021-10-18 12:27:52 Tentativa -> 04 | Pesquisa -> CD PROJEKT RED
2021-10-18 12:27:52 Falha na extração
2021-10-18 12:27:52 Tentativa -> 05 | Pesquisa -> CD PROJEKT RED
2021-10-18 12:27:52 Falha na extração
2021-10-18 12:27:52 Tentativa -> 06 | Pesquisa -> CD PROJEKT RED
2021-10-18 12:27:52 Falha na extração
2021-10-18 12:27:52 Tentativa -> 07 | Pesquisa -> CD PROJEKT RED
2021-10-18 12:27:52 Falha na extração
2021-10-18 12:27:52 Tentativa -> 08 | Pesquisa -> CD PROJEKT RED
2021-10-18 12:27:52 Falha na extração
2021-10-18 12:27:52 Tentativa -> 09 | Pesquisa -> CD PROJEKT RED
2021-10-18 12:27:52 Falha na extração
2021-10-18 12:27:52 Tentativa -> 10 | Pesquisa -> CD PROJEKT RED
2021-10-18 12:27:52 Falha na extração
Foram removidas 3972 duplicidades
Foram coletados 5124 tweets
