2021-11-02 08:00:02 Tentativa -> 01 | Pesquisa -> Playstation
2021-11-02 08:00:03 Extração realizada
2021-11-02 08:00:03 Tentativa -> 01 | Pesquisa -> Xbox
2021-11-02 08:00:07 Extração realizada
2021-11-02 08:00:07 Tentativa -> 01 | Pesquisa -> Nintendo
2021-11-02 08:00:08 Extração realizada
2021-11-02 08:00:08 Tentativa -> 01 | Pesquisa -> Blizzard
2021-11-02 08:00:10 Extração realizada
2021-11-02 08:00:10 Tentativa -> 01 | Pesquisa -> Activision
2021-11-02 08:00:12 Extração realizada
2021-11-02 08:00:12 Tentativa -> 01 | Pesquisa -> Naughty Dog
2021-11-02 08:00:34 Extração realizada
2021-11-02 08:00:34 Tentativa -> 01 | Pesquisa -> EA
2021-11-02 08:00:34 Falha na extração
2021-11-02 08:00:34 Tentativa -> 02 | Pesquisa -> EA
2021-11-02 08:00:35 Falha na extração
2021-11-02 08:00:35 Tentativa -> 03 | Pesquisa -> EA
2021-11-02 08:00:35 Falha na extração
2021-11-02 08:00:35 Tentativa -> 04 | Pesquisa -> EA
2021-11-02 08:00:35 Falha na extração
2021-11-02 08:00:35 Tentativa -> 05 | Pesquisa -> EA
2021-11-02 08:00:35 Falha na extração
2021-11-02 08:00:35 Tentativa -> 06 | Pesquisa -> EA
2021-11-02 08:00:36 Falha na extração
2021-11-02 08:00:36 Tentativa -> 07 | Pesquisa -> EA
2021-11-02 08:00:36 Falha na extração
2021-11-02 08:00:36 Tentativa -> 08 | Pesquisa -> EA
2021-11-02 08:00:36 Falha na extração
2021-11-02 08:00:36 Tentativa -> 09 | Pesquisa -> EA
2021-11-02 08:00:36 Falha na extração
2021-11-02 08:00:36 Tentativa -> 10 | Pesquisa -> EA
2021-11-02 08:00:37 Falha na extração
2021-11-02 08:00:37 Tentativa -> 01 | Pesquisa -> Konami
2021-11-02 08:00:37 Falha na extração
2021-11-02 08:00:37 Tentativa -> 02 | Pesquisa -> Konami
2021-11-02 08:00:37 Falha na extração
2021-11-02 08:00:37 Tentativa -> 03 | Pesquisa -> Konami
2021-11-02 08:00:37 Falha na extração
2021-11-02 08:00:37 Tentativa -> 04 | Pesquisa -> Konami
2021-11-02 08:00:38 Falha na extração
2021-11-02 08:00:38 Tentativa -> 05 | Pesquisa -> Konami
2021-11-02 08:00:38 Falha na extração
2021-11-02 08:00:38 Tentativa -> 06 | Pesquisa -> Konami
2021-11-02 08:00:38 Falha na extração
2021-11-02 08:00:38 Tentativa -> 07 | Pesquisa -> Konami
2021-11-02 08:00:38 Falha na extração
2021-11-02 08:00:38 Tentativa -> 08 | Pesquisa -> Konami
2021-11-02 08:00:38 Falha na extração
2021-11-02 08:00:38 Tentativa -> 09 | Pesquisa -> Konami
2021-11-02 08:00:39 Falha na extração
2021-11-02 08:00:39 Tentativa -> 10 | Pesquisa -> Konami
2021-11-02 08:00:39 Falha na extração
2021-11-02 08:00:39 Tentativa -> 01 | Pesquisa -> Capcom
2021-11-02 08:00:39 Falha na extração
2021-11-02 08:00:39 Tentativa -> 02 | Pesquisa -> Capcom
2021-11-02 08:00:39 Falha na extração
2021-11-02 08:00:39 Tentativa -> 03 | Pesquisa -> Capcom
2021-11-02 08:00:40 Falha na extração
2021-11-02 08:00:40 Tentativa -> 04 | Pesquisa -> Capcom
2021-11-02 08:00:40 Falha na extração
2021-11-02 08:00:40 Tentativa -> 05 | Pesquisa -> Capcom
2021-11-02 08:00:40 Falha na extração
2021-11-02 08:00:40 Tentativa -> 06 | Pesquisa -> Capcom
2021-11-02 08:00:40 Falha na extração
2021-11-02 08:00:40 Tentativa -> 07 | Pesquisa -> Capcom
2021-11-02 08:00:41 Falha na extração
2021-11-02 08:00:41 Tentativa -> 08 | Pesquisa -> Capcom
2021-11-02 08:00:41 Falha na extração
2021-11-02 08:00:41 Tentativa -> 09 | Pesquisa -> Capcom
2021-11-02 08:00:41 Falha na extração
2021-11-02 08:00:41 Tentativa -> 10 | Pesquisa -> Capcom
2021-11-02 08:00:41 Falha na extração
2021-11-02 08:00:41 Tentativa -> 01 | Pesquisa -> Nintendo Switch Online
2021-11-02 08:00:42 Falha na extração
2021-11-02 08:00:42 Tentativa -> 02 | Pesquisa -> Nintendo Switch Online
2021-11-02 08:00:42 Falha na extração
2021-11-02 08:00:42 Tentativa -> 03 | Pesquisa -> Nintendo Switch Online
2021-11-02 08:00:42 Falha na extração
2021-11-02 08:00:42 Tentativa -> 04 | Pesquisa -> Nintendo Switch Online
2021-11-02 08:00:42 Falha na extração
2021-11-02 08:00:42 Tentativa -> 05 | Pesquisa -> Nintendo Switch Online
2021-11-02 08:00:42 Falha na extração
2021-11-02 08:00:42 Tentativa -> 06 | Pesquisa -> Nintendo Switch Online
2021-11-02 08:00:42 Falha na extração
2021-11-02 08:00:42 Tentativa -> 07 | Pesquisa -> Nintendo Switch Online
2021-11-02 08:00:42 Falha na extração
2021-11-02 08:00:42 Tentativa -> 08 | Pesquisa -> Nintendo Switch Online
2021-11-02 08:00:42 Falha na extração
2021-11-02 08:00:42 Tentativa -> 09 | Pesquisa -> Nintendo Switch Online
2021-11-02 08:00:42 Falha na extração
2021-11-02 08:00:42 Tentativa -> 10 | Pesquisa -> Nintendo Switch Online
2021-11-02 08:00:42 Falha na extração
2021-11-02 08:00:42 Tentativa -> 01 | Pesquisa -> Gamepass
2021-11-02 08:00:43 Falha na extração
2021-11-02 08:00:43 Tentativa -> 02 | Pesquisa -> Gamepass
2021-11-02 08:00:43 Falha na extração
2021-11-02 08:00:43 Tentativa -> 03 | Pesquisa -> Gamepass
2021-11-02 08:00:43 Falha na extração
2021-11-02 08:00:43 Tentativa -> 04 | Pesquisa -> Gamepass
2021-11-02 08:00:43 Falha na extração
2021-11-02 08:00:43 Tentativa -> 05 | Pesquisa -> Gamepass
2021-11-02 08:00:43 Falha na extração
2021-11-02 08:00:43 Tentativa -> 06 | Pesquisa -> Gamepass
2021-11-02 08:00:43 Falha na extração
2021-11-02 08:00:43 Tentativa -> 07 | Pesquisa -> Gamepass
2021-11-02 08:00:43 Falha na extração
2021-11-02 08:00:43 Tentativa -> 08 | Pesquisa -> Gamepass
2021-11-02 08:00:43 Falha na extração
2021-11-02 08:00:43 Tentativa -> 09 | Pesquisa -> Gamepass
2021-11-02 08:00:43 Falha na extração
2021-11-02 08:00:43 Tentativa -> 10 | Pesquisa -> Gamepass
2021-11-02 08:00:43 Falha na extração
2021-11-02 08:00:43 Tentativa -> 01 | Pesquisa -> EA Access
2021-11-02 08:00:44 Falha na extração
2021-11-02 08:00:44 Tentativa -> 02 | Pesquisa -> EA Access
2021-11-02 08:00:44 Falha na extração
2021-11-02 08:00:44 Tentativa -> 03 | Pesquisa -> EA Access
2021-11-02 08:00:44 Falha na extração
2021-11-02 08:00:44 Tentativa -> 04 | Pesquisa -> EA Access
2021-11-02 08:00:44 Falha na extração
2021-11-02 08:00:44 Tentativa -> 05 | Pesquisa -> EA Access
2021-11-02 08:00:44 Falha na extração
2021-11-02 08:00:44 Tentativa -> 06 | Pesquisa -> EA Access
2021-11-02 08:00:44 Falha na extração
2021-11-02 08:00:44 Tentativa -> 07 | Pesquisa -> EA Access
2021-11-02 08:00:44 Falha na extração
2021-11-02 08:00:44 Tentativa -> 08 | Pesquisa -> EA Access
2021-11-02 08:00:44 Falha na extração
2021-11-02 08:00:44 Tentativa -> 09 | Pesquisa -> EA Access
2021-11-02 08:00:44 Falha na extração
2021-11-02 08:00:44 Tentativa -> 10 | Pesquisa -> EA Access
2021-11-02 08:00:44 Falha na extração
2021-11-02 08:00:44 Tentativa -> 01 | Pesquisa -> Playstation Now
2021-11-02 08:00:45 Falha na extração
2021-11-02 08:00:45 Tentativa -> 02 | Pesquisa -> Playstation Now
2021-11-02 08:00:45 Falha na extração
2021-11-02 08:00:45 Tentativa -> 03 | Pesquisa -> Playstation Now
2021-11-02 08:00:45 Falha na extração
2021-11-02 08:00:45 Tentativa -> 04 | Pesquisa -> Playstation Now
2021-11-02 08:00:45 Falha na extração
2021-11-02 08:00:45 Tentativa -> 05 | Pesquisa -> Playstation Now
2021-11-02 08:00:45 Falha na extração
2021-11-02 08:00:45 Tentativa -> 06 | Pesquisa -> Playstation Now
2021-11-02 08:00:45 Falha na extração
2021-11-02 08:00:45 Tentativa -> 07 | Pesquisa -> Playstation Now
2021-11-02 08:00:45 Falha na extração
2021-11-02 08:00:45 Tentativa -> 08 | Pesquisa -> Playstation Now
2021-11-02 08:00:45 Falha na extração
2021-11-02 08:00:45 Tentativa -> 09 | Pesquisa -> Playstation Now
2021-11-02 08:00:45 Falha na extração
2021-11-02 08:00:45 Tentativa -> 10 | Pesquisa -> Playstation Now
2021-11-02 08:00:45 Falha na extração
2021-11-02 08:00:45 Tentativa -> 01 | Pesquisa -> CD PROJEKT RED
2021-11-02 08:00:46 Falha na extração
2021-11-02 08:00:46 Tentativa -> 02 | Pesquisa -> CD PROJEKT RED
2021-11-02 08:00:46 Falha na extração
2021-11-02 08:00:46 Tentativa -> 03 | Pesquisa -> CD PROJEKT RED
2021-11-02 08:00:46 Falha na extração
2021-11-02 08:00:46 Tentativa -> 04 | Pesquisa -> CD PROJEKT RED
2021-11-02 08:00:46 Falha na extração
2021-11-02 08:00:46 Tentativa -> 05 | Pesquisa -> CD PROJEKT RED
2021-11-02 08:00:46 Falha na extração
2021-11-02 08:00:46 Tentativa -> 06 | Pesquisa -> CD PROJEKT RED
2021-11-02 08:00:46 Falha na extração
2021-11-02 08:00:46 Tentativa -> 07 | Pesquisa -> CD PROJEKT RED
2021-11-02 08:00:46 Falha na extração
2021-11-02 08:00:46 Tentativa -> 08 | Pesquisa -> CD PROJEKT RED
2021-11-02 08:00:46 Falha na extração
2021-11-02 08:00:46 Tentativa -> 09 | Pesquisa -> CD PROJEKT RED
2021-11-02 08:00:46 Falha na extração
2021-11-02 08:00:46 Tentativa -> 10 | Pesquisa -> CD PROJEKT RED
2021-11-02 08:00:46 Falha na extração
Foram removidas 3805 duplicidades
Foram coletados 5178 tweets
