2021-10-08 07:10:02 Tentativa -> 01 | Pesquisa -> Playstation
2021-10-08 07:10:03 Extração realizada
2021-10-08 07:10:03 Tentativa -> 01 | Pesquisa -> Xbox
2021-10-08 07:10:14 Extração realizada
2021-10-08 07:10:14 Tentativa -> 01 | Pesquisa -> Nintendo
2021-10-08 07:10:22 Extração realizada
2021-10-08 07:10:22 Tentativa -> 01 | Pesquisa -> Blizzard
2021-10-08 07:10:24 Extração realizada
2021-10-08 07:10:24 Tentativa -> 01 | Pesquisa -> Activision
2021-10-08 07:10:25 Extração realizada
2021-10-08 07:10:25 Tentativa -> 01 | Pesquisa -> Naughty Dog
2021-10-08 07:10:26 Extração realizada
2021-10-08 07:10:26 Tentativa -> 01 | Pesquisa -> EA
2021-10-08 07:10:28 Extração realizada
2021-10-08 07:10:28 Tentativa -> 01 | Pesquisa -> Konami
2021-10-08 07:10:28 Extração realizada
2021-10-08 07:10:28 Tentativa -> 01 | Pesquisa -> Capcom
2021-10-08 07:10:35 Extração realizada
2021-10-08 07:10:35 Tentativa -> 01 | Pesquisa -> Nintendo Switch Online
2021-10-08 07:10:36 Extração realizada
2021-10-08 07:10:36 Tentativa -> 01 | Pesquisa -> Gamepass
2021-10-08 07:10:36 Falha na extração
2021-10-08 07:10:36 Tentativa -> 02 | Pesquisa -> Gamepass
2021-10-08 07:10:36 Falha na extração
2021-10-08 07:10:36 Tentativa -> 03 | Pesquisa -> Gamepass
2021-10-08 07:10:37 Falha na extração
2021-10-08 07:10:37 Tentativa -> 04 | Pesquisa -> Gamepass
2021-10-08 07:10:37 Falha na extração
2021-10-08 07:10:37 Tentativa -> 05 | Pesquisa -> Gamepass
2021-10-08 07:10:37 Falha na extração
2021-10-08 07:10:37 Tentativa -> 06 | Pesquisa -> Gamepass
2021-10-08 07:10:37 Falha na extração
2021-10-08 07:10:37 Tentativa -> 07 | Pesquisa -> Gamepass
2021-10-08 07:10:38 Falha na extração
2021-10-08 07:10:38 Tentativa -> 08 | Pesquisa -> Gamepass
2021-10-08 07:10:38 Falha na extração
2021-10-08 07:10:38 Tentativa -> 09 | Pesquisa -> Gamepass
2021-10-08 07:10:38 Falha na extração
2021-10-08 07:10:38 Tentativa -> 10 | Pesquisa -> Gamepass
2021-10-08 07:10:38 Falha na extração
2021-10-08 07:10:38 Tentativa -> 01 | Pesquisa -> EA Access
2021-10-08 07:10:38 Falha na extração
2021-10-08 07:10:38 Tentativa -> 02 | Pesquisa -> EA Access
2021-10-08 07:10:39 Falha na extração
2021-10-08 07:10:39 Tentativa -> 03 | Pesquisa -> EA Access
2021-10-08 07:10:39 Falha na extração
2021-10-08 07:10:39 Tentativa -> 04 | Pesquisa -> EA Access
2021-10-08 07:10:39 Falha na extração
2021-10-08 07:10:39 Tentativa -> 05 | Pesquisa -> EA Access
2021-10-08 07:10:39 Falha na extração
2021-10-08 07:10:39 Tentativa -> 06 | Pesquisa -> EA Access
2021-10-08 07:10:39 Falha na extração
2021-10-08 07:10:39 Tentativa -> 07 | Pesquisa -> EA Access
2021-10-08 07:10:40 Falha na extração
2021-10-08 07:10:40 Tentativa -> 08 | Pesquisa -> EA Access
2021-10-08 07:10:40 Falha na extração
2021-10-08 07:10:40 Tentativa -> 09 | Pesquisa -> EA Access
2021-10-08 07:10:40 Falha na extração
2021-10-08 07:10:40 Tentativa -> 10 | Pesquisa -> EA Access
2021-10-08 07:10:40 Falha na extração
2021-10-08 07:10:40 Tentativa -> 01 | Pesquisa -> Playstation Now
2021-10-08 07:10:41 Falha na extração
2021-10-08 07:10:41 Tentativa -> 02 | Pesquisa -> Playstation Now
2021-10-08 07:10:41 Falha na extração
2021-10-08 07:10:41 Tentativa -> 03 | Pesquisa -> Playstation Now
2021-10-08 07:10:41 Falha na extração
2021-10-08 07:10:41 Tentativa -> 04 | Pesquisa -> Playstation Now
2021-10-08 07:10:41 Falha na extração
2021-10-08 07:10:41 Tentativa -> 05 | Pesquisa -> Playstation Now
2021-10-08 07:10:41 Falha na extração
2021-10-08 07:10:41 Tentativa -> 06 | Pesquisa -> Playstation Now
2021-10-08 07:10:42 Falha na extração
2021-10-08 07:10:42 Tentativa -> 07 | Pesquisa -> Playstation Now
2021-10-08 07:10:42 Falha na extração
2021-10-08 07:10:42 Tentativa -> 08 | Pesquisa -> Playstation Now
2021-10-08 07:10:42 Falha na extração
2021-10-08 07:10:42 Tentativa -> 09 | Pesquisa -> Playstation Now
2021-10-08 07:10:42 Falha na extração
2021-10-08 07:10:42 Tentativa -> 10 | Pesquisa -> Playstation Now
2021-10-08 07:10:42 Falha na extração
2021-10-08 07:10:42 Tentativa -> 01 | Pesquisa -> CD PROJEKT RED
2021-10-08 07:10:42 Falha na extração
2021-10-08 07:10:42 Tentativa -> 02 | Pesquisa -> CD PROJEKT RED
2021-10-08 07:10:42 Falha na extração
2021-10-08 07:10:42 Tentativa -> 03 | Pesquisa -> CD PROJEKT RED
2021-10-08 07:10:43 Falha na extração
2021-10-08 07:10:43 Tentativa -> 04 | Pesquisa -> CD PROJEKT RED
2021-10-08 07:10:43 Falha na extração
2021-10-08 07:10:43 Tentativa -> 05 | Pesquisa -> CD PROJEKT RED
2021-10-08 07:10:43 Falha na extração
2021-10-08 07:10:43 Tentativa -> 06 | Pesquisa -> CD PROJEKT RED
2021-10-08 07:10:43 Falha na extração
2021-10-08 07:10:43 Tentativa -> 07 | Pesquisa -> CD PROJEKT RED
2021-10-08 07:10:43 Falha na extração
2021-10-08 07:10:43 Tentativa -> 08 | Pesquisa -> CD PROJEKT RED
2021-10-08 07:10:43 Falha na extração
2021-10-08 07:10:43 Tentativa -> 09 | Pesquisa -> CD PROJEKT RED
2021-10-08 07:10:43 Falha na extração
2021-10-08 07:10:43 Tentativa -> 10 | Pesquisa -> CD PROJEKT RED
2021-10-08 07:10:43 Falha na extração
Foram removidas 3881 duplicidades
Foram coletados 5050 tweets
