2021-11-09 21:20:03 Tentativa -> 01 | Pesquisa -> Playstation
2021-11-09 21:20:22 Extração realizada
2021-11-09 21:20:22 Tentativa -> 01 | Pesquisa -> Xbox
2021-11-09 21:20:28 Extração realizada
2021-11-09 21:20:28 Tentativa -> 01 | Pesquisa -> Nintendo
2021-11-09 21:20:35 Extração realizada
2021-11-09 21:20:35 Tentativa -> 01 | Pesquisa -> Blizzard
2021-11-09 21:20:56 Extração realizada
2021-11-09 21:20:56 Tentativa -> 01 | Pesquisa -> Activision
2021-11-09 21:20:57 Extração realizada
2021-11-09 21:20:57 Tentativa -> 01 | Pesquisa -> Naughty Dog
2021-11-09 21:21:26 Extração realizada
2021-11-09 21:21:26 Tentativa -> 01 | Pesquisa -> EA
2021-11-09 21:21:27 Extração realizada
2021-11-09 21:21:27 Tentativa -> 01 | Pesquisa -> Konami
2021-11-09 21:21:29 Extração realizada
2021-11-09 21:21:29 Tentativa -> 01 | Pesquisa -> Capcom
2021-11-09 21:21:29 Falha na extração
2021-11-09 21:21:29 Tentativa -> 02 | Pesquisa -> Capcom
2021-11-09 21:21:30 Falha na extração
2021-11-09 21:21:30 Tentativa -> 03 | Pesquisa -> Capcom
2021-11-09 21:21:30 Falha na extração
2021-11-09 21:21:30 Tentativa -> 04 | Pesquisa -> Capcom
2021-11-09 21:21:30 Falha na extração
2021-11-09 21:21:30 Tentativa -> 05 | Pesquisa -> Capcom
2021-11-09 21:21:30 Falha na extração
2021-11-09 21:21:30 Tentativa -> 06 | Pesquisa -> Capcom
2021-11-09 21:21:31 Falha na extração
2021-11-09 21:21:31 Tentativa -> 07 | Pesquisa -> Capcom
2021-11-09 21:21:31 Falha na extração
2021-11-09 21:21:31 Tentativa -> 08 | Pesquisa -> Capcom
2021-11-09 21:21:31 Falha na extração
2021-11-09 21:21:31 Tentativa -> 09 | Pesquisa -> Capcom
2021-11-09 21:21:31 Falha na extração
2021-11-09 21:21:31 Tentativa -> 10 | Pesquisa -> Capcom
2021-11-09 21:21:32 Falha na extração
2021-11-09 21:21:32 Tentativa -> 01 | Pesquisa -> Nintendo Switch Online
2021-11-09 21:21:32 Falha na extração
2021-11-09 21:21:32 Tentativa -> 02 | Pesquisa -> Nintendo Switch Online
2021-11-09 21:21:32 Falha na extração
2021-11-09 21:21:32 Tentativa -> 03 | Pesquisa -> Nintendo Switch Online
2021-11-09 21:21:32 Falha na extração
2021-11-09 21:21:32 Tentativa -> 04 | Pesquisa -> Nintendo Switch Online
2021-11-09 21:21:33 Falha na extração
2021-11-09 21:21:33 Tentativa -> 05 | Pesquisa -> Nintendo Switch Online
2021-11-09 21:21:33 Falha na extração
2021-11-09 21:21:33 Tentativa -> 06 | Pesquisa -> Nintendo Switch Online
2021-11-09 21:21:33 Falha na extração
2021-11-09 21:21:33 Tentativa -> 07 | Pesquisa -> Nintendo Switch Online
2021-11-09 21:21:33 Falha na extração
2021-11-09 21:21:33 Tentativa -> 08 | Pesquisa -> Nintendo Switch Online
2021-11-09 21:21:34 Falha na extração
2021-11-09 21:21:34 Tentativa -> 09 | Pesquisa -> Nintendo Switch Online
2021-11-09 21:21:34 Falha na extração
2021-11-09 21:21:34 Tentativa -> 10 | Pesquisa -> Nintendo Switch Online
2021-11-09 21:21:34 Falha na extração
2021-11-09 21:21:34 Tentativa -> 01 | Pesquisa -> Gamepass
2021-11-09 21:21:34 Falha na extração
2021-11-09 21:21:34 Tentativa -> 02 | Pesquisa -> Gamepass
2021-11-09 21:21:35 Falha na extração
2021-11-09 21:21:35 Tentativa -> 03 | Pesquisa -> Gamepass
2021-11-09 21:21:35 Falha na extração
2021-11-09 21:21:35 Tentativa -> 04 | Pesquisa -> Gamepass
2021-11-09 21:21:35 Falha na extração
2021-11-09 21:21:35 Tentativa -> 05 | Pesquisa -> Gamepass
2021-11-09 21:21:35 Falha na extração
2021-11-09 21:21:35 Tentativa -> 06 | Pesquisa -> Gamepass
2021-11-09 21:21:36 Falha na extração
2021-11-09 21:21:36 Tentativa -> 07 | Pesquisa -> Gamepass
2021-11-09 21:21:36 Falha na extração
2021-11-09 21:21:36 Tentativa -> 08 | Pesquisa -> Gamepass
2021-11-09 21:21:36 Falha na extração
2021-11-09 21:21:36 Tentativa -> 09 | Pesquisa -> Gamepass
2021-11-09 21:21:36 Falha na extração
2021-11-09 21:21:36 Tentativa -> 10 | Pesquisa -> Gamepass
2021-11-09 21:21:37 Falha na extração
2021-11-09 21:21:37 Tentativa -> 01 | Pesquisa -> EA Access
2021-11-09 21:21:37 Falha na extração
2021-11-09 21:21:37 Tentativa -> 02 | Pesquisa -> EA Access
2021-11-09 21:21:37 Falha na extração
2021-11-09 21:21:37 Tentativa -> 03 | Pesquisa -> EA Access
2021-11-09 21:21:37 Falha na extração
2021-11-09 21:21:37 Tentativa -> 04 | Pesquisa -> EA Access
2021-11-09 21:21:37 Falha na extração
2021-11-09 21:21:37 Tentativa -> 05 | Pesquisa -> EA Access
2021-11-09 21:21:37 Falha na extração
2021-11-09 21:21:37 Tentativa -> 06 | Pesquisa -> EA Access
2021-11-09 21:21:38 Falha na extração
2021-11-09 21:21:38 Tentativa -> 07 | Pesquisa -> EA Access
2021-11-09 21:21:38 Falha na extração
2021-11-09 21:21:38 Tentativa -> 08 | Pesquisa -> EA Access
2021-11-09 21:21:38 Falha na extração
2021-11-09 21:21:38 Tentativa -> 09 | Pesquisa -> EA Access
2021-11-09 21:21:38 Falha na extração
2021-11-09 21:21:38 Tentativa -> 10 | Pesquisa -> EA Access
2021-11-09 21:21:38 Falha na extração
2021-11-09 21:21:38 Tentativa -> 01 | Pesquisa -> Playstation Now
2021-11-09 21:21:38 Falha na extração
2021-11-09 21:21:38 Tentativa -> 02 | Pesquisa -> Playstation Now
2021-11-09 21:21:38 Falha na extração
2021-11-09 21:21:38 Tentativa -> 03 | Pesquisa -> Playstation Now
2021-11-09 21:21:38 Falha na extração
2021-11-09 21:21:38 Tentativa -> 04 | Pesquisa -> Playstation Now
2021-11-09 21:21:38 Falha na extração
2021-11-09 21:21:38 Tentativa -> 05 | Pesquisa -> Playstation Now
2021-11-09 21:21:39 Falha na extração
2021-11-09 21:21:39 Tentativa -> 06 | Pesquisa -> Playstation Now
2021-11-09 21:21:39 Falha na extração
2021-11-09 21:21:39 Tentativa -> 07 | Pesquisa -> Playstation Now
2021-11-09 21:21:39 Falha na extração
2021-11-09 21:21:39 Tentativa -> 08 | Pesquisa -> Playstation Now
2021-11-09 21:21:39 Falha na extração
2021-11-09 21:21:39 Tentativa -> 09 | Pesquisa -> Playstation Now
2021-11-09 21:21:39 Falha na extração
2021-11-09 21:21:39 Tentativa -> 10 | Pesquisa -> Playstation Now
2021-11-09 21:21:39 Falha na extração
2021-11-09 21:21:39 Tentativa -> 01 | Pesquisa -> CD PROJEKT RED
2021-11-09 21:21:39 Falha na extração
2021-11-09 21:21:39 Tentativa -> 02 | Pesquisa -> CD PROJEKT RED
2021-11-09 21:21:39 Falha na extração
2021-11-09 21:21:39 Tentativa -> 03 | Pesquisa -> CD PROJEKT RED
2021-11-09 21:21:39 Falha na extração
2021-11-09 21:21:39 Tentativa -> 04 | Pesquisa -> CD PROJEKT RED
2021-11-09 21:21:40 Falha na extração
2021-11-09 21:21:40 Tentativa -> 05 | Pesquisa -> CD PROJEKT RED
2021-11-09 21:21:40 Falha na extração
2021-11-09 21:21:40 Tentativa -> 06 | Pesquisa -> CD PROJEKT RED
2021-11-09 21:21:40 Falha na extração
2021-11-09 21:21:40 Tentativa -> 07 | Pesquisa -> CD PROJEKT RED
2021-11-09 21:21:40 Falha na extração
2021-11-09 21:21:40 Tentativa -> 08 | Pesquisa -> CD PROJEKT RED
2021-11-09 21:21:40 Falha na extração
2021-11-09 21:21:40 Tentativa -> 09 | Pesquisa -> CD PROJEKT RED
2021-11-09 21:21:40 Falha na extração
2021-11-09 21:21:40 Tentativa -> 10 | Pesquisa -> CD PROJEKT RED
2021-11-09 21:21:40 Falha na extração
Foram removidas 4841 duplicidades
Foram coletados 5513 tweets
