2021-10-29 04:40:03 Tentativa -> 01 | Pesquisa -> Playstation
2021-10-29 04:40:57 Extração realizada
2021-10-29 04:40:57 Tentativa -> 01 | Pesquisa -> Xbox
2021-10-29 04:41:03 Extração realizada
2021-10-29 04:41:03 Tentativa -> 01 | Pesquisa -> Nintendo
2021-10-29 04:41:03 Falha na extração
2021-10-29 04:41:03 Tentativa -> 02 | Pesquisa -> Nintendo
2021-10-29 04:41:04 Falha na extração
2021-10-29 04:41:04 Tentativa -> 03 | Pesquisa -> Nintendo
2021-10-29 04:41:04 Falha na extração
2021-10-29 04:41:04 Tentativa -> 04 | Pesquisa -> Nintendo
2021-10-29 04:41:05 Falha na extração
2021-10-29 04:41:05 Tentativa -> 05 | Pesquisa -> Nintendo
2021-10-29 04:41:05 Falha na extração
2021-10-29 04:41:05 Tentativa -> 06 | Pesquisa -> Nintendo
2021-10-29 04:41:06 Falha na extração
2021-10-29 04:41:06 Tentativa -> 07 | Pesquisa -> Nintendo
2021-10-29 04:41:06 Falha na extração
2021-10-29 04:41:06 Tentativa -> 08 | Pesquisa -> Nintendo
2021-10-29 04:41:07 Falha na extração
2021-10-29 04:41:07 Tentativa -> 09 | Pesquisa -> Nintendo
2021-10-29 04:41:07 Falha na extração
2021-10-29 04:41:07 Tentativa -> 10 | Pesquisa -> Nintendo
2021-10-29 04:41:08 Falha na extração
2021-10-29 04:41:08 Tentativa -> 01 | Pesquisa -> Blizzard
2021-10-29 04:41:09 Falha na extração
2021-10-29 04:41:09 Tentativa -> 02 | Pesquisa -> Blizzard
2021-10-29 04:41:09 Falha na extração
2021-10-29 04:41:09 Tentativa -> 03 | Pesquisa -> Blizzard
2021-10-29 04:41:10 Falha na extração
2021-10-29 04:41:10 Tentativa -> 04 | Pesquisa -> Blizzard
2021-10-29 04:41:10 Falha na extração
2021-10-29 04:41:10 Tentativa -> 05 | Pesquisa -> Blizzard
2021-10-29 04:41:11 Falha na extração
2021-10-29 04:41:11 Tentativa -> 06 | Pesquisa -> Blizzard
2021-10-29 04:41:11 Falha na extração
2021-10-29 04:41:11 Tentativa -> 07 | Pesquisa -> Blizzard
2021-10-29 04:41:12 Falha na extração
2021-10-29 04:41:12 Tentativa -> 08 | Pesquisa -> Blizzard
2021-10-29 04:41:12 Falha na extração
2021-10-29 04:41:12 Tentativa -> 09 | Pesquisa -> Blizzard
2021-10-29 04:41:13 Falha na extração
2021-10-29 04:41:13 Tentativa -> 10 | Pesquisa -> Blizzard
2021-10-29 04:41:14 Falha na extração
2021-10-29 04:41:14 Tentativa -> 01 | Pesquisa -> Activision
2021-10-29 04:41:14 Falha na extração
2021-10-29 04:41:14 Tentativa -> 02 | Pesquisa -> Activision
2021-10-29 04:41:15 Falha na extração
2021-10-29 04:41:15 Tentativa -> 03 | Pesquisa -> Activision
2021-10-29 04:41:15 Falha na extração
2021-10-29 04:41:15 Tentativa -> 04 | Pesquisa -> Activision
2021-10-29 04:41:16 Falha na extração
2021-10-29 04:41:16 Tentativa -> 05 | Pesquisa -> Activision
2021-10-29 04:41:16 Falha na extração
2021-10-29 04:41:16 Tentativa -> 06 | Pesquisa -> Activision
2021-10-29 04:41:17 Falha na extração
2021-10-29 04:41:17 Tentativa -> 07 | Pesquisa -> Activision
2021-10-29 04:41:17 Falha na extração
2021-10-29 04:41:17 Tentativa -> 08 | Pesquisa -> Activision
2021-10-29 04:41:18 Falha na extração
2021-10-29 04:41:18 Tentativa -> 09 | Pesquisa -> Activision
2021-10-29 04:41:18 Falha na extração
2021-10-29 04:41:18 Tentativa -> 10 | Pesquisa -> Activision
2021-10-29 04:41:19 Falha na extração
2021-10-29 04:41:19 Tentativa -> 01 | Pesquisa -> Naughty Dog
2021-10-29 04:41:20 Falha na extração
2021-10-29 04:41:20 Tentativa -> 02 | Pesquisa -> Naughty Dog
2021-10-29 04:41:20 Falha na extração
2021-10-29 04:41:20 Tentativa -> 03 | Pesquisa -> Naughty Dog
2021-10-29 04:41:21 Falha na extração
2021-10-29 04:41:21 Tentativa -> 04 | Pesquisa -> Naughty Dog
2021-10-29 04:41:21 Falha na extração
2021-10-29 04:41:21 Tentativa -> 05 | Pesquisa -> Naughty Dog
2021-10-29 04:41:22 Falha na extração
2021-10-29 04:41:22 Tentativa -> 06 | Pesquisa -> Naughty Dog
2021-10-29 04:41:22 Falha na extração
2021-10-29 04:41:22 Tentativa -> 07 | Pesquisa -> Naughty Dog
2021-10-29 04:41:22 Falha na extração
2021-10-29 04:41:22 Tentativa -> 08 | Pesquisa -> Naughty Dog
2021-10-29 04:41:22 Falha na extração
2021-10-29 04:41:22 Tentativa -> 09 | Pesquisa -> Naughty Dog
2021-10-29 04:41:23 Falha na extração
2021-10-29 04:41:23 Tentativa -> 10 | Pesquisa -> Naughty Dog
2021-10-29 04:41:23 Falha na extração
2021-10-29 04:41:23 Tentativa -> 01 | Pesquisa -> EA
2021-10-29 04:41:23 Falha na extração
2021-10-29 04:41:23 Tentativa -> 02 | Pesquisa -> EA
2021-10-29 04:41:23 Falha na extração
2021-10-29 04:41:23 Tentativa -> 03 | Pesquisa -> EA
2021-10-29 04:41:24 Falha na extração
2021-10-29 04:41:24 Tentativa -> 04 | Pesquisa -> EA
2021-10-29 04:41:24 Falha na extração
2021-10-29 04:41:24 Tentativa -> 05 | Pesquisa -> EA
2021-10-29 04:41:24 Falha na extração
2021-10-29 04:41:24 Tentativa -> 06 | Pesquisa -> EA
2021-10-29 04:41:24 Falha na extração
2021-10-29 04:41:24 Tentativa -> 07 | Pesquisa -> EA
2021-10-29 04:41:25 Falha na extração
2021-10-29 04:41:25 Tentativa -> 08 | Pesquisa -> EA
2021-10-29 04:41:25 Falha na extração
2021-10-29 04:41:25 Tentativa -> 09 | Pesquisa -> EA
2021-10-29 04:41:25 Falha na extração
2021-10-29 04:41:25 Tentativa -> 10 | Pesquisa -> EA
2021-10-29 04:41:25 Falha na extração
2021-10-29 04:41:25 Tentativa -> 01 | Pesquisa -> Konami
2021-10-29 04:41:26 Falha na extração
2021-10-29 04:41:26 Tentativa -> 02 | Pesquisa -> Konami
2021-10-29 04:41:26 Falha na extração
2021-10-29 04:41:26 Tentativa -> 03 | Pesquisa -> Konami
2021-10-29 04:41:26 Falha na extração
2021-10-29 04:41:26 Tentativa -> 04 | Pesquisa -> Konami
2021-10-29 04:41:26 Falha na extração
2021-10-29 04:41:26 Tentativa -> 05 | Pesquisa -> Konami
2021-10-29 04:41:27 Falha na extração
2021-10-29 04:41:27 Tentativa -> 06 | Pesquisa -> Konami
2021-10-29 04:41:27 Falha na extração
2021-10-29 04:41:27 Tentativa -> 07 | Pesquisa -> Konami
2021-10-29 04:41:27 Falha na extração
2021-10-29 04:41:27 Tentativa -> 08 | Pesquisa -> Konami
2021-10-29 04:41:27 Falha na extração
2021-10-29 04:41:27 Tentativa -> 09 | Pesquisa -> Konami
2021-10-29 04:41:28 Falha na extração
2021-10-29 04:41:28 Tentativa -> 10 | Pesquisa -> Konami
2021-10-29 04:41:28 Falha na extração
2021-10-29 04:41:28 Tentativa -> 01 | Pesquisa -> Capcom
2021-10-29 04:41:28 Falha na extração
2021-10-29 04:41:28 Tentativa -> 02 | Pesquisa -> Capcom
2021-10-29 04:41:28 Falha na extração
2021-10-29 04:41:28 Tentativa -> 03 | Pesquisa -> Capcom
2021-10-29 04:41:29 Falha na extração
2021-10-29 04:41:29 Tentativa -> 04 | Pesquisa -> Capcom
2021-10-29 04:41:29 Falha na extração
2021-10-29 04:41:29 Tentativa -> 05 | Pesquisa -> Capcom
2021-10-29 04:41:29 Falha na extração
2021-10-29 04:41:29 Tentativa -> 06 | Pesquisa -> Capcom
2021-10-29 04:41:29 Falha na extração
2021-10-29 04:41:29 Tentativa -> 07 | Pesquisa -> Capcom
2021-10-29 04:41:30 Falha na extração
2021-10-29 04:41:30 Tentativa -> 08 | Pesquisa -> Capcom
2021-10-29 04:41:30 Falha na extração
2021-10-29 04:41:30 Tentativa -> 09 | Pesquisa -> Capcom
2021-10-29 04:41:30 Falha na extração
2021-10-29 04:41:30 Tentativa -> 10 | Pesquisa -> Capcom
2021-10-29 04:41:30 Falha na extração
2021-10-29 04:41:30 Tentativa -> 01 | Pesquisa -> Nintendo Switch Online
2021-10-29 04:41:31 Falha na extração
2021-10-29 04:41:31 Tentativa -> 02 | Pesquisa -> Nintendo Switch Online
2021-10-29 04:41:31 Falha na extração
2021-10-29 04:41:31 Tentativa -> 03 | Pesquisa -> Nintendo Switch Online
2021-10-29 04:41:31 Falha na extração
2021-10-29 04:41:31 Tentativa -> 04 | Pesquisa -> Nintendo Switch Online
2021-10-29 04:41:31 Falha na extração
2021-10-29 04:41:31 Tentativa -> 05 | Pesquisa -> Nintendo Switch Online
2021-10-29 04:41:32 Falha na extração
2021-10-29 04:41:32 Tentativa -> 06 | Pesquisa -> Nintendo Switch Online
2021-10-29 04:41:32 Falha na extração
2021-10-29 04:41:32 Tentativa -> 07 | Pesquisa -> Nintendo Switch Online
2021-10-29 04:41:32 Falha na extração
2021-10-29 04:41:32 Tentativa -> 08 | Pesquisa -> Nintendo Switch Online
2021-10-29 04:41:32 Falha na extração
2021-10-29 04:41:32 Tentativa -> 09 | Pesquisa -> Nintendo Switch Online
2021-10-29 04:41:33 Falha na extração
2021-10-29 04:41:33 Tentativa -> 10 | Pesquisa -> Nintendo Switch Online
2021-10-29 04:41:33 Falha na extração
2021-10-29 04:41:33 Tentativa -> 01 | Pesquisa -> Gamepass
2021-10-29 04:41:33 Falha na extração
2021-10-29 04:41:33 Tentativa -> 02 | Pesquisa -> Gamepass
2021-10-29 04:41:33 Falha na extração
2021-10-29 04:41:33 Tentativa -> 03 | Pesquisa -> Gamepass
2021-10-29 04:41:34 Falha na extração
2021-10-29 04:41:34 Tentativa -> 04 | Pesquisa -> Gamepass
2021-10-29 04:41:34 Falha na extração
2021-10-29 04:41:34 Tentativa -> 05 | Pesquisa -> Gamepass
2021-10-29 04:41:34 Falha na extração
2021-10-29 04:41:34 Tentativa -> 06 | Pesquisa -> Gamepass
2021-10-29 04:41:34 Falha na extração
2021-10-29 04:41:34 Tentativa -> 07 | Pesquisa -> Gamepass
2021-10-29 04:41:35 Falha na extração
2021-10-29 04:41:35 Tentativa -> 08 | Pesquisa -> Gamepass
2021-10-29 04:41:35 Falha na extração
2021-10-29 04:41:35 Tentativa -> 09 | Pesquisa -> Gamepass
2021-10-29 04:41:35 Falha na extração
2021-10-29 04:41:35 Tentativa -> 10 | Pesquisa -> Gamepass
2021-10-29 04:41:35 Falha na extração
2021-10-29 04:41:35 Tentativa -> 01 | Pesquisa -> EA Access
2021-10-29 04:41:36 Falha na extração
2021-10-29 04:41:36 Tentativa -> 02 | Pesquisa -> EA Access
2021-10-29 04:41:36 Falha na extração
2021-10-29 04:41:36 Tentativa -> 03 | Pesquisa -> EA Access
2021-10-29 04:41:36 Falha na extração
2021-10-29 04:41:36 Tentativa -> 04 | Pesquisa -> EA Access
2021-10-29 04:41:36 Falha na extração
2021-10-29 04:41:36 Tentativa -> 05 | Pesquisa -> EA Access
2021-10-29 04:41:36 Falha na extração
2021-10-29 04:41:36 Tentativa -> 06 | Pesquisa -> EA Access
2021-10-29 04:41:37 Falha na extração
2021-10-29 04:41:37 Tentativa -> 07 | Pesquisa -> EA Access
2021-10-29 04:41:37 Falha na extração
2021-10-29 04:41:37 Tentativa -> 08 | Pesquisa -> EA Access
2021-10-29 04:41:37 Falha na extração
2021-10-29 04:41:37 Tentativa -> 09 | Pesquisa -> EA Access
2021-10-29 04:41:37 Falha na extração
2021-10-29 04:41:37 Tentativa -> 10 | Pesquisa -> EA Access
2021-10-29 04:41:38 Falha na extração
2021-10-29 04:41:38 Tentativa -> 01 | Pesquisa -> Playstation Now
2021-10-29 04:41:38 Falha na extração
2021-10-29 04:41:38 Tentativa -> 02 | Pesquisa -> Playstation Now
2021-10-29 04:41:38 Falha na extração
2021-10-29 04:41:38 Tentativa -> 03 | Pesquisa -> Playstation Now
2021-10-29 04:41:38 Falha na extração
2021-10-29 04:41:38 Tentativa -> 04 | Pesquisa -> Playstation Now
2021-10-29 04:41:39 Falha na extração
2021-10-29 04:41:39 Tentativa -> 05 | Pesquisa -> Playstation Now
2021-10-29 04:41:39 Falha na extração
2021-10-29 04:41:39 Tentativa -> 06 | Pesquisa -> Playstation Now
2021-10-29 04:41:39 Falha na extração
2021-10-29 04:41:39 Tentativa -> 07 | Pesquisa -> Playstation Now
2021-10-29 04:41:39 Falha na extração
2021-10-29 04:41:39 Tentativa -> 08 | Pesquisa -> Playstation Now
2021-10-29 04:41:40 Falha na extração
2021-10-29 04:41:40 Tentativa -> 09 | Pesquisa -> Playstation Now
2021-10-29 04:41:40 Falha na extração
2021-10-29 04:41:40 Tentativa -> 10 | Pesquisa -> Playstation Now
2021-10-29 04:41:40 Falha na extração
2021-10-29 04:41:40 Tentativa -> 01 | Pesquisa -> CD PROJEKT RED
2021-10-29 04:41:40 Falha na extração
2021-10-29 04:41:40 Tentativa -> 02 | Pesquisa -> CD PROJEKT RED
2021-10-29 04:41:41 Falha na extração
2021-10-29 04:41:41 Tentativa -> 03 | Pesquisa -> CD PROJEKT RED
2021-10-29 04:41:41 Falha na extração
2021-10-29 04:41:41 Tentativa -> 04 | Pesquisa -> CD PROJEKT RED
2021-10-29 04:41:41 Falha na extração
2021-10-29 04:41:41 Tentativa -> 05 | Pesquisa -> CD PROJEKT RED
2021-10-29 04:41:41 Falha na extração
2021-10-29 04:41:41 Tentativa -> 06 | Pesquisa -> CD PROJEKT RED
2021-10-29 04:41:42 Falha na extração
2021-10-29 04:41:42 Tentativa -> 07 | Pesquisa -> CD PROJEKT RED
2021-10-29 04:41:42 Falha na extração
2021-10-29 04:41:42 Tentativa -> 08 | Pesquisa -> CD PROJEKT RED
2021-10-29 04:41:42 Falha na extração
2021-10-29 04:41:42 Tentativa -> 09 | Pesquisa -> CD PROJEKT RED
2021-10-29 04:41:42 Falha na extração
2021-10-29 04:41:42 Tentativa -> 10 | Pesquisa -> CD PROJEKT RED
2021-10-29 04:41:43 Falha na extração
Foram removidas 3922 duplicidades
Foram coletados 5076 tweets
