2021-10-29 05:20:03 Tentativa -> 01 | Pesquisa -> Playstation
2021-10-29 05:21:04 Extração realizada
2021-10-29 05:21:04 Tentativa -> 01 | Pesquisa -> Xbox
2021-10-29 05:21:05 Falha na extração
2021-10-29 05:21:05 Tentativa -> 02 | Pesquisa -> Xbox
2021-10-29 05:21:05 Falha na extração
2021-10-29 05:21:05 Tentativa -> 03 | Pesquisa -> Xbox
2021-10-29 05:21:06 Falha na extração
2021-10-29 05:21:06 Tentativa -> 04 | Pesquisa -> Xbox
2021-10-29 05:21:06 Falha na extração
2021-10-29 05:21:06 Tentativa -> 05 | Pesquisa -> Xbox
2021-10-29 05:21:07 Falha na extração
2021-10-29 05:21:07 Tentativa -> 06 | Pesquisa -> Xbox
2021-10-29 05:21:07 Falha na extração
2021-10-29 05:21:07 Tentativa -> 07 | Pesquisa -> Xbox
2021-10-29 05:21:08 Falha na extração
2021-10-29 05:21:08 Tentativa -> 08 | Pesquisa -> Xbox
2021-10-29 05:21:08 Falha na extração
2021-10-29 05:21:08 Tentativa -> 09 | Pesquisa -> Xbox
2021-10-29 05:21:09 Falha na extração
2021-10-29 05:21:09 Tentativa -> 10 | Pesquisa -> Xbox
2021-10-29 05:21:09 Falha na extração
2021-10-29 05:21:09 Tentativa -> 01 | Pesquisa -> Nintendo
2021-10-29 05:21:10 Falha na extração
2021-10-29 05:21:10 Tentativa -> 02 | Pesquisa -> Nintendo
2021-10-29 05:21:10 Falha na extração
2021-10-29 05:21:10 Tentativa -> 03 | Pesquisa -> Nintendo
2021-10-29 05:21:11 Falha na extração
2021-10-29 05:21:11 Tentativa -> 04 | Pesquisa -> Nintendo
2021-10-29 05:21:12 Falha na extração
2021-10-29 05:21:12 Tentativa -> 05 | Pesquisa -> Nintendo
2021-10-29 05:21:12 Falha na extração
2021-10-29 05:21:12 Tentativa -> 06 | Pesquisa -> Nintendo
2021-10-29 05:21:13 Falha na extração
2021-10-29 05:21:13 Tentativa -> 07 | Pesquisa -> Nintendo
2021-10-29 05:21:13 Falha na extração
2021-10-29 05:21:13 Tentativa -> 08 | Pesquisa -> Nintendo
2021-10-29 05:21:14 Falha na extração
2021-10-29 05:21:14 Tentativa -> 09 | Pesquisa -> Nintendo
2021-10-29 05:21:14 Falha na extração
2021-10-29 05:21:14 Tentativa -> 10 | Pesquisa -> Nintendo
2021-10-29 05:21:15 Falha na extração
2021-10-29 05:21:15 Tentativa -> 01 | Pesquisa -> Blizzard
2021-10-29 05:21:15 Falha na extração
2021-10-29 05:21:15 Tentativa -> 02 | Pesquisa -> Blizzard
2021-10-29 05:21:16 Falha na extração
2021-10-29 05:21:16 Tentativa -> 03 | Pesquisa -> Blizzard
2021-10-29 05:21:16 Falha na extração
2021-10-29 05:21:16 Tentativa -> 04 | Pesquisa -> Blizzard
2021-10-29 05:21:17 Falha na extração
2021-10-29 05:21:17 Tentativa -> 05 | Pesquisa -> Blizzard
2021-10-29 05:21:17 Falha na extração
2021-10-29 05:21:17 Tentativa -> 06 | Pesquisa -> Blizzard
2021-10-29 05:21:18 Falha na extração
2021-10-29 05:21:18 Tentativa -> 07 | Pesquisa -> Blizzard
2021-10-29 05:21:18 Falha na extração
2021-10-29 05:21:18 Tentativa -> 08 | Pesquisa -> Blizzard
2021-10-29 05:21:19 Falha na extração
2021-10-29 05:21:19 Tentativa -> 09 | Pesquisa -> Blizzard
2021-10-29 05:21:20 Falha na extração
2021-10-29 05:21:20 Tentativa -> 10 | Pesquisa -> Blizzard
2021-10-29 05:21:20 Falha na extração
2021-10-29 05:21:20 Tentativa -> 01 | Pesquisa -> Activision
2021-10-29 05:21:21 Falha na extração
2021-10-29 05:21:21 Tentativa -> 02 | Pesquisa -> Activision
2021-10-29 05:21:21 Falha na extração
2021-10-29 05:21:21 Tentativa -> 03 | Pesquisa -> Activision
2021-10-29 05:21:22 Falha na extração
2021-10-29 05:21:22 Tentativa -> 04 | Pesquisa -> Activision
2021-10-29 05:21:22 Falha na extração
2021-10-29 05:21:22 Tentativa -> 05 | Pesquisa -> Activision
2021-10-29 05:21:23 Falha na extração
2021-10-29 05:21:23 Tentativa -> 06 | Pesquisa -> Activision
2021-10-29 05:21:23 Falha na extração
2021-10-29 05:21:23 Tentativa -> 07 | Pesquisa -> Activision
2021-10-29 05:21:24 Falha na extração
2021-10-29 05:21:24 Tentativa -> 08 | Pesquisa -> Activision
2021-10-29 05:21:24 Falha na extração
2021-10-29 05:21:24 Tentativa -> 09 | Pesquisa -> Activision
2021-10-29 05:21:24 Falha na extração
2021-10-29 05:21:24 Tentativa -> 10 | Pesquisa -> Activision
2021-10-29 05:21:25 Falha na extração
2021-10-29 05:21:25 Tentativa -> 01 | Pesquisa -> Naughty Dog
2021-10-29 05:21:25 Falha na extração
2021-10-29 05:21:25 Tentativa -> 02 | Pesquisa -> Naughty Dog
2021-10-29 05:21:25 Falha na extração
2021-10-29 05:21:25 Tentativa -> 03 | Pesquisa -> Naughty Dog
2021-10-29 05:21:25 Falha na extração
2021-10-29 05:21:25 Tentativa -> 04 | Pesquisa -> Naughty Dog
2021-10-29 05:21:26 Falha na extração
2021-10-29 05:21:26 Tentativa -> 05 | Pesquisa -> Naughty Dog
2021-10-29 05:21:26 Falha na extração
2021-10-29 05:21:26 Tentativa -> 06 | Pesquisa -> Naughty Dog
2021-10-29 05:21:26 Falha na extração
2021-10-29 05:21:26 Tentativa -> 07 | Pesquisa -> Naughty Dog
2021-10-29 05:21:26 Falha na extração
2021-10-29 05:21:26 Tentativa -> 08 | Pesquisa -> Naughty Dog
2021-10-29 05:21:27 Falha na extração
2021-10-29 05:21:27 Tentativa -> 09 | Pesquisa -> Naughty Dog
2021-10-29 05:21:27 Falha na extração
2021-10-29 05:21:27 Tentativa -> 10 | Pesquisa -> Naughty Dog
2021-10-29 05:21:27 Falha na extração
2021-10-29 05:21:27 Tentativa -> 01 | Pesquisa -> EA
2021-10-29 05:21:27 Falha na extração
2021-10-29 05:21:27 Tentativa -> 02 | Pesquisa -> EA
2021-10-29 05:21:28 Falha na extração
2021-10-29 05:21:28 Tentativa -> 03 | Pesquisa -> EA
2021-10-29 05:21:28 Falha na extração
2021-10-29 05:21:28 Tentativa -> 04 | Pesquisa -> EA
2021-10-29 05:21:28 Falha na extração
2021-10-29 05:21:28 Tentativa -> 05 | Pesquisa -> EA
2021-10-29 05:21:28 Falha na extração
2021-10-29 05:21:28 Tentativa -> 06 | Pesquisa -> EA
2021-10-29 05:21:29 Falha na extração
2021-10-29 05:21:29 Tentativa -> 07 | Pesquisa -> EA
2021-10-29 05:21:29 Falha na extração
2021-10-29 05:21:29 Tentativa -> 08 | Pesquisa -> EA
2021-10-29 05:21:29 Falha na extração
2021-10-29 05:21:29 Tentativa -> 09 | Pesquisa -> EA
2021-10-29 05:21:29 Falha na extração
2021-10-29 05:21:29 Tentativa -> 10 | Pesquisa -> EA
2021-10-29 05:21:30 Falha na extração
2021-10-29 05:21:30 Tentativa -> 01 | Pesquisa -> Konami
2021-10-29 05:21:30 Falha na extração
2021-10-29 05:21:30 Tentativa -> 02 | Pesquisa -> Konami
2021-10-29 05:21:30 Falha na extração
2021-10-29 05:21:30 Tentativa -> 03 | Pesquisa -> Konami
2021-10-29 05:21:30 Falha na extração
2021-10-29 05:21:30 Tentativa -> 04 | Pesquisa -> Konami
2021-10-29 05:21:31 Falha na extração
2021-10-29 05:21:31 Tentativa -> 05 | Pesquisa -> Konami
2021-10-29 05:21:31 Falha na extração
2021-10-29 05:21:31 Tentativa -> 06 | Pesquisa -> Konami
2021-10-29 05:21:31 Falha na extração
2021-10-29 05:21:31 Tentativa -> 07 | Pesquisa -> Konami
2021-10-29 05:21:31 Falha na extração
2021-10-29 05:21:31 Tentativa -> 08 | Pesquisa -> Konami
2021-10-29 05:21:32 Falha na extração
2021-10-29 05:21:32 Tentativa -> 09 | Pesquisa -> Konami
2021-10-29 05:21:32 Falha na extração
2021-10-29 05:21:32 Tentativa -> 10 | Pesquisa -> Konami
2021-10-29 05:21:32 Falha na extração
2021-10-29 05:21:32 Tentativa -> 01 | Pesquisa -> Capcom
2021-10-29 05:21:33 Falha na extração
2021-10-29 05:21:33 Tentativa -> 02 | Pesquisa -> Capcom
2021-10-29 05:21:33 Falha na extração
2021-10-29 05:21:33 Tentativa -> 03 | Pesquisa -> Capcom
2021-10-29 05:21:33 Falha na extração
2021-10-29 05:21:33 Tentativa -> 04 | Pesquisa -> Capcom
2021-10-29 05:21:33 Falha na extração
2021-10-29 05:21:33 Tentativa -> 05 | Pesquisa -> Capcom
2021-10-29 05:21:34 Falha na extração
2021-10-29 05:21:34 Tentativa -> 06 | Pesquisa -> Capcom
2021-10-29 05:21:34 Falha na extração
2021-10-29 05:21:34 Tentativa -> 07 | Pesquisa -> Capcom
2021-10-29 05:21:34 Falha na extração
2021-10-29 05:21:34 Tentativa -> 08 | Pesquisa -> Capcom
2021-10-29 05:21:35 Falha na extração
2021-10-29 05:21:35 Tentativa -> 09 | Pesquisa -> Capcom
2021-10-29 05:21:35 Falha na extração
2021-10-29 05:21:35 Tentativa -> 10 | Pesquisa -> Capcom
2021-10-29 05:21:35 Falha na extração
2021-10-29 05:21:35 Tentativa -> 01 | Pesquisa -> Nintendo Switch Online
2021-10-29 05:21:35 Falha na extração
2021-10-29 05:21:35 Tentativa -> 02 | Pesquisa -> Nintendo Switch Online
2021-10-29 05:21:36 Falha na extração
2021-10-29 05:21:36 Tentativa -> 03 | Pesquisa -> Nintendo Switch Online
2021-10-29 05:21:36 Falha na extração
2021-10-29 05:21:36 Tentativa -> 04 | Pesquisa -> Nintendo Switch Online
2021-10-29 05:21:36 Falha na extração
2021-10-29 05:21:36 Tentativa -> 05 | Pesquisa -> Nintendo Switch Online
2021-10-29 05:21:36 Falha na extração
2021-10-29 05:21:36 Tentativa -> 06 | Pesquisa -> Nintendo Switch Online
2021-10-29 05:21:37 Falha na extração
2021-10-29 05:21:37 Tentativa -> 07 | Pesquisa -> Nintendo Switch Online
2021-10-29 05:21:37 Falha na extração
2021-10-29 05:21:37 Tentativa -> 08 | Pesquisa -> Nintendo Switch Online
2021-10-29 05:21:37 Falha na extração
2021-10-29 05:21:37 Tentativa -> 09 | Pesquisa -> Nintendo Switch Online
2021-10-29 05:21:37 Falha na extração
2021-10-29 05:21:37 Tentativa -> 10 | Pesquisa -> Nintendo Switch Online
2021-10-29 05:21:38 Falha na extração
2021-10-29 05:21:38 Tentativa -> 01 | Pesquisa -> Gamepass
2021-10-29 05:21:38 Falha na extração
2021-10-29 05:21:38 Tentativa -> 02 | Pesquisa -> Gamepass
2021-10-29 05:21:38 Falha na extração
2021-10-29 05:21:38 Tentativa -> 03 | Pesquisa -> Gamepass
2021-10-29 05:21:38 Falha na extração
2021-10-29 05:21:38 Tentativa -> 04 | Pesquisa -> Gamepass
2021-10-29 05:21:39 Falha na extração
2021-10-29 05:21:39 Tentativa -> 05 | Pesquisa -> Gamepass
2021-10-29 05:21:39 Falha na extração
2021-10-29 05:21:39 Tentativa -> 06 | Pesquisa -> Gamepass
2021-10-29 05:21:39 Falha na extração
2021-10-29 05:21:39 Tentativa -> 07 | Pesquisa -> Gamepass
2021-10-29 05:21:39 Falha na extração
2021-10-29 05:21:39 Tentativa -> 08 | Pesquisa -> Gamepass
2021-10-29 05:21:40 Falha na extração
2021-10-29 05:21:40 Tentativa -> 09 | Pesquisa -> Gamepass
2021-10-29 05:21:40 Falha na extração
2021-10-29 05:21:40 Tentativa -> 10 | Pesquisa -> Gamepass
2021-10-29 05:21:40 Falha na extração
2021-10-29 05:21:40 Tentativa -> 01 | Pesquisa -> EA Access
2021-10-29 05:21:40 Falha na extração
2021-10-29 05:21:40 Tentativa -> 02 | Pesquisa -> EA Access
2021-10-29 05:21:41 Falha na extração
2021-10-29 05:21:41 Tentativa -> 03 | Pesquisa -> EA Access
2021-10-29 05:21:41 Falha na extração
2021-10-29 05:21:41 Tentativa -> 04 | Pesquisa -> EA Access
2021-10-29 05:21:41 Falha na extração
2021-10-29 05:21:41 Tentativa -> 05 | Pesquisa -> EA Access
2021-10-29 05:21:41 Falha na extração
2021-10-29 05:21:41 Tentativa -> 06 | Pesquisa -> EA Access
2021-10-29 05:21:42 Falha na extração
2021-10-29 05:21:42 Tentativa -> 07 | Pesquisa -> EA Access
2021-10-29 05:21:42 Falha na extração
2021-10-29 05:21:42 Tentativa -> 08 | Pesquisa -> EA Access
2021-10-29 05:21:42 Falha na extração
2021-10-29 05:21:42 Tentativa -> 09 | Pesquisa -> EA Access
2021-10-29 05:21:42 Falha na extração
2021-10-29 05:21:42 Tentativa -> 10 | Pesquisa -> EA Access
2021-10-29 05:21:43 Falha na extração
2021-10-29 05:21:43 Tentativa -> 01 | Pesquisa -> Playstation Now
2021-10-29 05:21:43 Falha na extração
2021-10-29 05:21:43 Tentativa -> 02 | Pesquisa -> Playstation Now
2021-10-29 05:21:43 Falha na extração
2021-10-29 05:21:43 Tentativa -> 03 | Pesquisa -> Playstation Now
2021-10-29 05:21:44 Falha na extração
2021-10-29 05:21:44 Tentativa -> 04 | Pesquisa -> Playstation Now
2021-10-29 05:21:44 Falha na extração
2021-10-29 05:21:44 Tentativa -> 05 | Pesquisa -> Playstation Now
2021-10-29 05:21:44 Falha na extração
2021-10-29 05:21:44 Tentativa -> 06 | Pesquisa -> Playstation Now
2021-10-29 05:21:44 Falha na extração
2021-10-29 05:21:44 Tentativa -> 07 | Pesquisa -> Playstation Now
2021-10-29 05:21:45 Falha na extração
2021-10-29 05:21:45 Tentativa -> 08 | Pesquisa -> Playstation Now
2021-10-29 05:21:45 Falha na extração
2021-10-29 05:21:45 Tentativa -> 09 | Pesquisa -> Playstation Now
2021-10-29 05:21:45 Falha na extração
2021-10-29 05:21:45 Tentativa -> 10 | Pesquisa -> Playstation Now
2021-10-29 05:21:45 Falha na extração
2021-10-29 05:21:45 Tentativa -> 01 | Pesquisa -> CD PROJEKT RED
2021-10-29 05:21:46 Falha na extração
2021-10-29 05:21:46 Tentativa -> 02 | Pesquisa -> CD PROJEKT RED
2021-10-29 05:21:46 Falha na extração
2021-10-29 05:21:46 Tentativa -> 03 | Pesquisa -> CD PROJEKT RED
2021-10-29 05:21:46 Falha na extração
2021-10-29 05:21:46 Tentativa -> 04 | Pesquisa -> CD PROJEKT RED
2021-10-29 05:21:46 Falha na extração
2021-10-29 05:21:46 Tentativa -> 05 | Pesquisa -> CD PROJEKT RED
2021-10-29 05:21:47 Falha na extração
2021-10-29 05:21:47 Tentativa -> 06 | Pesquisa -> CD PROJEKT RED
2021-10-29 05:21:47 Falha na extração
2021-10-29 05:21:47 Tentativa -> 07 | Pesquisa -> CD PROJEKT RED
2021-10-29 05:21:47 Falha na extração
2021-10-29 05:21:47 Tentativa -> 08 | Pesquisa -> CD PROJEKT RED
2021-10-29 05:21:47 Falha na extração
2021-10-29 05:21:47 Tentativa -> 09 | Pesquisa -> CD PROJEKT RED
2021-10-29 05:21:48 Falha na extração
2021-10-29 05:21:48 Tentativa -> 10 | Pesquisa -> CD PROJEKT RED
2021-10-29 05:21:48 Falha na extração
Foram removidas 3816 duplicidades
Foram coletados 5083 tweets
