2021-11-05 19:00:07 Tentativa -> 01 | Pesquisa -> Playstation
2021-11-05 19:00:58 Extração realizada
2021-11-05 19:00:58 Tentativa -> 01 | Pesquisa -> Xbox
2021-11-05 19:00:59 Falha na extração
2021-11-05 19:00:59 Tentativa -> 02 | Pesquisa -> Xbox
2021-11-05 19:00:59 Falha na extração
2021-11-05 19:00:59 Tentativa -> 03 | Pesquisa -> Xbox
2021-11-05 19:01:00 Falha na extração
2021-11-05 19:01:00 Tentativa -> 04 | Pesquisa -> Xbox
2021-11-05 19:01:01 Falha na extração
2021-11-05 19:01:01 Tentativa -> 05 | Pesquisa -> Xbox
2021-11-05 19:01:02 Falha na extração
2021-11-05 19:01:02 Tentativa -> 06 | Pesquisa -> Xbox
2021-11-05 19:01:03 Falha na extração
2021-11-05 19:01:03 Tentativa -> 07 | Pesquisa -> Xbox
2021-11-05 19:01:03 Falha na extração
2021-11-05 19:01:03 Tentativa -> 08 | Pesquisa -> Xbox
2021-11-05 19:01:04 Falha na extração
2021-11-05 19:01:04 Tentativa -> 09 | Pesquisa -> Xbox
2021-11-05 19:01:05 Falha na extração
2021-11-05 19:01:05 Tentativa -> 10 | Pesquisa -> Xbox
2021-11-05 19:01:06 Falha na extração
2021-11-05 19:01:06 Tentativa -> 01 | Pesquisa -> Nintendo
2021-11-05 19:01:07 Falha na extração
2021-11-05 19:01:07 Tentativa -> 02 | Pesquisa -> Nintendo
2021-11-05 19:01:08 Falha na extração
2021-11-05 19:01:08 Tentativa -> 03 | Pesquisa -> Nintendo
2021-11-05 19:01:09 Falha na extração
2021-11-05 19:01:09 Tentativa -> 04 | Pesquisa -> Nintendo
2021-11-05 19:01:10 Falha na extração
2021-11-05 19:01:10 Tentativa -> 05 | Pesquisa -> Nintendo
2021-11-05 19:01:10 Falha na extração
2021-11-05 19:01:10 Tentativa -> 06 | Pesquisa -> Nintendo
2021-11-05 19:01:11 Falha na extração
2021-11-05 19:01:11 Tentativa -> 07 | Pesquisa -> Nintendo
2021-11-05 19:01:12 Falha na extração
2021-11-05 19:01:12 Tentativa -> 08 | Pesquisa -> Nintendo
2021-11-05 19:01:12 Falha na extração
2021-11-05 19:01:12 Tentativa -> 09 | Pesquisa -> Nintendo
2021-11-05 19:01:14 Falha na extração
2021-11-05 19:01:14 Tentativa -> 10 | Pesquisa -> Nintendo
2021-11-05 19:01:15 Falha na extração
2021-11-05 19:01:15 Tentativa -> 01 | Pesquisa -> Blizzard
2021-11-05 19:01:15 Falha na extração
2021-11-05 19:01:15 Tentativa -> 02 | Pesquisa -> Blizzard
2021-11-05 19:01:16 Falha na extração
2021-11-05 19:01:16 Tentativa -> 03 | Pesquisa -> Blizzard
2021-11-05 19:01:17 Falha na extração
2021-11-05 19:01:17 Tentativa -> 04 | Pesquisa -> Blizzard
2021-11-05 19:01:17 Falha na extração
2021-11-05 19:01:17 Tentativa -> 05 | Pesquisa -> Blizzard
2021-11-05 19:01:18 Falha na extração
2021-11-05 19:01:18 Tentativa -> 06 | Pesquisa -> Blizzard
2021-11-05 19:01:19 Falha na extração
2021-11-05 19:01:19 Tentativa -> 07 | Pesquisa -> Blizzard
2021-11-05 19:01:20 Falha na extração
2021-11-05 19:01:20 Tentativa -> 08 | Pesquisa -> Blizzard
2021-11-05 19:01:21 Falha na extração
2021-11-05 19:01:21 Tentativa -> 09 | Pesquisa -> Blizzard
2021-11-05 19:01:21 Falha na extração
2021-11-05 19:01:21 Tentativa -> 10 | Pesquisa -> Blizzard
2021-11-05 19:01:22 Falha na extração
2021-11-05 19:01:22 Tentativa -> 01 | Pesquisa -> Activision
2021-11-05 19:01:23 Falha na extração
2021-11-05 19:01:23 Tentativa -> 02 | Pesquisa -> Activision
2021-11-05 19:01:24 Falha na extração
2021-11-05 19:01:24 Tentativa -> 03 | Pesquisa -> Activision
2021-11-05 19:01:25 Falha na extração
2021-11-05 19:01:25 Tentativa -> 04 | Pesquisa -> Activision
2021-11-05 19:01:25 Falha na extração
2021-11-05 19:01:25 Tentativa -> 05 | Pesquisa -> Activision
2021-11-05 19:01:26 Falha na extração
2021-11-05 19:01:26 Tentativa -> 06 | Pesquisa -> Activision
2021-11-05 19:01:27 Falha na extração
2021-11-05 19:01:27 Tentativa -> 07 | Pesquisa -> Activision
2021-11-05 19:01:27 Falha na extração
2021-11-05 19:01:27 Tentativa -> 08 | Pesquisa -> Activision
2021-11-05 19:01:27 Falha na extração
2021-11-05 19:01:27 Tentativa -> 09 | Pesquisa -> Activision
2021-11-05 19:01:28 Falha na extração
2021-11-05 19:01:28 Tentativa -> 10 | Pesquisa -> Activision
2021-11-05 19:01:28 Falha na extração
2021-11-05 19:01:28 Tentativa -> 01 | Pesquisa -> Naughty Dog
2021-11-05 19:01:28 Falha na extração
2021-11-05 19:01:28 Tentativa -> 02 | Pesquisa -> Naughty Dog
2021-11-05 19:01:29 Falha na extração
2021-11-05 19:01:29 Tentativa -> 03 | Pesquisa -> Naughty Dog
2021-11-05 19:01:29 Falha na extração
2021-11-05 19:01:29 Tentativa -> 04 | Pesquisa -> Naughty Dog
2021-11-05 19:01:30 Falha na extração
2021-11-05 19:01:30 Tentativa -> 05 | Pesquisa -> Naughty Dog
2021-11-05 19:01:30 Falha na extração
2021-11-05 19:01:30 Tentativa -> 06 | Pesquisa -> Naughty Dog
2021-11-05 19:01:30 Falha na extração
2021-11-05 19:01:30 Tentativa -> 07 | Pesquisa -> Naughty Dog
2021-11-05 19:01:30 Falha na extração
2021-11-05 19:01:30 Tentativa -> 08 | Pesquisa -> Naughty Dog
2021-11-05 19:01:31 Falha na extração
2021-11-05 19:01:31 Tentativa -> 09 | Pesquisa -> Naughty Dog
2021-11-05 19:01:31 Falha na extração
2021-11-05 19:01:31 Tentativa -> 10 | Pesquisa -> Naughty Dog
2021-11-05 19:01:31 Falha na extração
2021-11-05 19:01:31 Tentativa -> 01 | Pesquisa -> EA
2021-11-05 19:01:32 Falha na extração
2021-11-05 19:01:32 Tentativa -> 02 | Pesquisa -> EA
2021-11-05 19:01:32 Falha na extração
2021-11-05 19:01:32 Tentativa -> 03 | Pesquisa -> EA
2021-11-05 19:01:32 Falha na extração
2021-11-05 19:01:32 Tentativa -> 04 | Pesquisa -> EA
2021-11-05 19:01:33 Falha na extração
2021-11-05 19:01:33 Tentativa -> 05 | Pesquisa -> EA
2021-11-05 19:01:33 Falha na extração
2021-11-05 19:01:33 Tentativa -> 06 | Pesquisa -> EA
2021-11-05 19:01:33 Falha na extração
2021-11-05 19:01:33 Tentativa -> 07 | Pesquisa -> EA
2021-11-05 19:01:34 Falha na extração
2021-11-05 19:01:34 Tentativa -> 08 | Pesquisa -> EA
2021-11-05 19:01:34 Falha na extração
2021-11-05 19:01:34 Tentativa -> 09 | Pesquisa -> EA
2021-11-05 19:01:35 Falha na extração
2021-11-05 19:01:35 Tentativa -> 10 | Pesquisa -> EA
2021-11-05 19:01:35 Falha na extração
2021-11-05 19:01:35 Tentativa -> 01 | Pesquisa -> Konami
2021-11-05 19:01:36 Falha na extração
2021-11-05 19:01:36 Tentativa -> 02 | Pesquisa -> Konami
2021-11-05 19:01:37 Falha na extração
2021-11-05 19:01:37 Tentativa -> 03 | Pesquisa -> Konami
2021-11-05 19:01:37 Falha na extração
2021-11-05 19:01:37 Tentativa -> 04 | Pesquisa -> Konami
2021-11-05 19:01:37 Falha na extração
2021-11-05 19:01:37 Tentativa -> 05 | Pesquisa -> Konami
2021-11-05 19:01:38 Falha na extração
2021-11-05 19:01:38 Tentativa -> 06 | Pesquisa -> Konami
2021-11-05 19:01:38 Falha na extração
2021-11-05 19:01:38 Tentativa -> 07 | Pesquisa -> Konami
2021-11-05 19:01:39 Falha na extração
2021-11-05 19:01:39 Tentativa -> 08 | Pesquisa -> Konami
2021-11-05 19:01:39 Falha na extração
2021-11-05 19:01:39 Tentativa -> 09 | Pesquisa -> Konami
2021-11-05 19:01:40 Falha na extração
2021-11-05 19:01:40 Tentativa -> 10 | Pesquisa -> Konami
2021-11-05 19:01:40 Falha na extração
2021-11-05 19:01:40 Tentativa -> 01 | Pesquisa -> Capcom
2021-11-05 19:01:40 Falha na extração
2021-11-05 19:01:40 Tentativa -> 02 | Pesquisa -> Capcom
2021-11-05 19:01:41 Falha na extração
2021-11-05 19:01:41 Tentativa -> 03 | Pesquisa -> Capcom
2021-11-05 19:01:41 Falha na extração
2021-11-05 19:01:41 Tentativa -> 04 | Pesquisa -> Capcom
2021-11-05 19:01:41 Falha na extração
2021-11-05 19:01:41 Tentativa -> 05 | Pesquisa -> Capcom
2021-11-05 19:01:42 Falha na extração
2021-11-05 19:01:42 Tentativa -> 06 | Pesquisa -> Capcom
2021-11-05 19:01:42 Falha na extração
2021-11-05 19:01:42 Tentativa -> 07 | Pesquisa -> Capcom
2021-11-05 19:01:42 Falha na extração
2021-11-05 19:01:42 Tentativa -> 08 | Pesquisa -> Capcom
2021-11-05 19:01:43 Falha na extração
2021-11-05 19:01:43 Tentativa -> 09 | Pesquisa -> Capcom
2021-11-05 19:01:43 Falha na extração
2021-11-05 19:01:43 Tentativa -> 10 | Pesquisa -> Capcom
2021-11-05 19:01:44 Falha na extração
2021-11-05 19:01:44 Tentativa -> 01 | Pesquisa -> Nintendo Switch Online
2021-11-05 19:01:44 Falha na extração
2021-11-05 19:01:44 Tentativa -> 02 | Pesquisa -> Nintendo Switch Online
2021-11-05 19:01:44 Falha na extração
2021-11-05 19:01:44 Tentativa -> 03 | Pesquisa -> Nintendo Switch Online
2021-11-05 19:01:45 Falha na extração
2021-11-05 19:01:45 Tentativa -> 04 | Pesquisa -> Nintendo Switch Online
2021-11-05 19:01:45 Falha na extração
2021-11-05 19:01:45 Tentativa -> 05 | Pesquisa -> Nintendo Switch Online
2021-11-05 19:01:46 Falha na extração
2021-11-05 19:01:46 Tentativa -> 06 | Pesquisa -> Nintendo Switch Online
2021-11-05 19:01:46 Falha na extração
2021-11-05 19:01:46 Tentativa -> 07 | Pesquisa -> Nintendo Switch Online
2021-11-05 19:01:46 Falha na extração
2021-11-05 19:01:46 Tentativa -> 08 | Pesquisa -> Nintendo Switch Online
2021-11-05 19:01:47 Falha na extração
2021-11-05 19:01:47 Tentativa -> 09 | Pesquisa -> Nintendo Switch Online
2021-11-05 19:01:47 Falha na extração
2021-11-05 19:01:47 Tentativa -> 10 | Pesquisa -> Nintendo Switch Online
2021-11-05 19:01:48 Falha na extração
2021-11-05 19:01:48 Tentativa -> 01 | Pesquisa -> Gamepass
2021-11-05 19:01:48 Falha na extração
2021-11-05 19:01:48 Tentativa -> 02 | Pesquisa -> Gamepass
2021-11-05 19:01:48 Falha na extração
2021-11-05 19:01:48 Tentativa -> 03 | Pesquisa -> Gamepass
2021-11-05 19:01:49 Falha na extração
2021-11-05 19:01:49 Tentativa -> 04 | Pesquisa -> Gamepass
2021-11-05 19:01:49 Falha na extração
2021-11-05 19:01:49 Tentativa -> 05 | Pesquisa -> Gamepass
2021-11-05 19:01:49 Falha na extração
2021-11-05 19:01:49 Tentativa -> 06 | Pesquisa -> Gamepass
2021-11-05 19:01:50 Falha na extração
2021-11-05 19:01:50 Tentativa -> 07 | Pesquisa -> Gamepass
2021-11-05 19:01:50 Falha na extração
2021-11-05 19:01:50 Tentativa -> 08 | Pesquisa -> Gamepass
2021-11-05 19:01:51 Falha na extração
2021-11-05 19:01:51 Tentativa -> 09 | Pesquisa -> Gamepass
2021-11-05 19:01:51 Falha na extração
2021-11-05 19:01:51 Tentativa -> 10 | Pesquisa -> Gamepass
2021-11-05 19:01:52 Falha na extração
2021-11-05 19:01:52 Tentativa -> 01 | Pesquisa -> EA Access
2021-11-05 19:01:52 Falha na extração
2021-11-05 19:01:52 Tentativa -> 02 | Pesquisa -> EA Access
2021-11-05 19:01:52 Falha na extração
2021-11-05 19:01:52 Tentativa -> 03 | Pesquisa -> EA Access
2021-11-05 19:01:53 Falha na extração
2021-11-05 19:01:53 Tentativa -> 04 | Pesquisa -> EA Access
2021-11-05 19:01:54 Falha na extração
2021-11-05 19:01:54 Tentativa -> 05 | Pesquisa -> EA Access
2021-11-05 19:01:55 Falha na extração
2021-11-05 19:01:55 Tentativa -> 06 | Pesquisa -> EA Access
2021-11-05 19:01:59 Falha na extração
2021-11-05 19:01:59 Tentativa -> 07 | Pesquisa -> EA Access
2021-11-05 19:02:03 Falha na extração
2021-11-05 19:02:03 Tentativa -> 08 | Pesquisa -> EA Access
2021-11-05 19:02:06 Falha na extração
2021-11-05 19:02:06 Tentativa -> 09 | Pesquisa -> EA Access
2021-11-05 19:02:07 Falha na extração
2021-11-05 19:02:07 Tentativa -> 10 | Pesquisa -> EA Access
2021-11-05 19:02:08 Falha na extração
2021-11-05 19:02:08 Tentativa -> 01 | Pesquisa -> Playstation Now
2021-11-05 19:02:09 Falha na extração
2021-11-05 19:02:09 Tentativa -> 02 | Pesquisa -> Playstation Now
2021-11-05 19:02:09 Falha na extração
2021-11-05 19:02:09 Tentativa -> 03 | Pesquisa -> Playstation Now
2021-11-05 19:02:09 Falha na extração
2021-11-05 19:02:09 Tentativa -> 04 | Pesquisa -> Playstation Now
2021-11-05 19:02:10 Falha na extração
2021-11-05 19:02:10 Tentativa -> 05 | Pesquisa -> Playstation Now
2021-11-05 19:02:10 Falha na extração
2021-11-05 19:02:10 Tentativa -> 06 | Pesquisa -> Playstation Now
2021-11-05 19:02:10 Falha na extração
2021-11-05 19:02:10 Tentativa -> 07 | Pesquisa -> Playstation Now
2021-11-05 19:02:11 Falha na extração
2021-11-05 19:02:11 Tentativa -> 08 | Pesquisa -> Playstation Now
2021-11-05 19:02:11 Falha na extração
2021-11-05 19:02:11 Tentativa -> 09 | Pesquisa -> Playstation Now
2021-11-05 19:02:12 Falha na extração
2021-11-05 19:02:12 Tentativa -> 10 | Pesquisa -> Playstation Now
2021-11-05 19:02:13 Falha na extração
2021-11-05 19:02:13 Tentativa -> 01 | Pesquisa -> CD PROJEKT RED
2021-11-05 19:02:13 Falha na extração
2021-11-05 19:02:13 Tentativa -> 02 | Pesquisa -> CD PROJEKT RED
2021-11-05 19:02:14 Falha na extração
2021-11-05 19:02:14 Tentativa -> 03 | Pesquisa -> CD PROJEKT RED
2021-11-05 19:02:15 Falha na extração
2021-11-05 19:02:15 Tentativa -> 04 | Pesquisa -> CD PROJEKT RED
2021-11-05 19:02:16 Falha na extração
2021-11-05 19:02:16 Tentativa -> 05 | Pesquisa -> CD PROJEKT RED
2021-11-05 19:02:17 Falha na extração
2021-11-05 19:02:17 Tentativa -> 06 | Pesquisa -> CD PROJEKT RED
2021-11-05 19:02:17 Falha na extração
2021-11-05 19:02:17 Tentativa -> 07 | Pesquisa -> CD PROJEKT RED
2021-11-05 19:02:18 Falha na extração
2021-11-05 19:02:18 Tentativa -> 08 | Pesquisa -> CD PROJEKT RED
2021-11-05 19:02:18 Falha na extração
2021-11-05 19:02:18 Tentativa -> 09 | Pesquisa -> CD PROJEKT RED
2021-11-05 19:02:19 Falha na extração
2021-11-05 19:02:19 Tentativa -> 10 | Pesquisa -> CD PROJEKT RED
2021-11-05 19:02:19 Falha na extração
Foram removidas 4149 duplicidades
Foram coletados 4951 tweets
