2021-10-18 12:10:07 Tentativa -> 01 | Pesquisa -> Playstation
2021-10-18 12:10:25 Falha na extração
2021-10-18 12:10:25 Tentativa -> 02 | Pesquisa -> Playstation
2021-10-18 12:10:38 Falha na extração
2021-10-18 12:10:38 Tentativa -> 03 | Pesquisa -> Playstation
2021-10-18 12:10:53 Falha na extração
2021-10-18 12:10:53 Tentativa -> 04 | Pesquisa -> Playstation
2021-10-18 12:11:07 Falha na extração
2021-10-18 12:11:07 Tentativa -> 05 | Pesquisa -> Playstation
2021-10-18 12:11:20 Falha na extração
2021-10-18 12:11:20 Tentativa -> 06 | Pesquisa -> Playstation
2021-10-18 12:11:33 Falha na extração
2021-10-18 12:11:33 Tentativa -> 07 | Pesquisa -> Playstation
2021-10-18 12:11:47 Falha na extração
2021-10-18 12:11:47 Tentativa -> 08 | Pesquisa -> Playstation
2021-10-18 12:12:00 Falha na extração
2021-10-18 12:12:00 Tentativa -> 09 | Pesquisa -> Playstation
2021-10-18 12:12:15 Falha na extração
2021-10-18 12:12:15 Tentativa -> 10 | Pesquisa -> Playstation
2021-10-18 12:12:26 Falha na extração
2021-10-18 12:12:26 Tentativa -> 01 | Pesquisa -> Xbox
2021-10-18 12:12:40 Falha na extração
2021-10-18 12:12:40 Tentativa -> 02 | Pesquisa -> Xbox
2021-10-18 12:12:54 Falha na extração
2021-10-18 12:12:54 Tentativa -> 03 | Pesquisa -> Xbox
2021-10-18 12:13:08 Falha na extração
2021-10-18 12:13:08 Tentativa -> 04 | Pesquisa -> Xbox
2021-10-18 12:13:24 Falha na extração
2021-10-18 12:13:24 Tentativa -> 05 | Pesquisa -> Xbox
2021-10-18 12:13:38 Falha na extração
2021-10-18 12:13:38 Tentativa -> 06 | Pesquisa -> Xbox
2021-10-18 12:13:52 Falha na extração
2021-10-18 12:13:52 Tentativa -> 07 | Pesquisa -> Xbox
2021-10-18 12:14:05 Falha na extração
2021-10-18 12:14:05 Tentativa -> 08 | Pesquisa -> Xbox
2021-10-18 12:14:21 Falha na extração
2021-10-18 12:14:21 Tentativa -> 09 | Pesquisa -> Xbox
2021-10-18 12:14:34 Falha na extração
2021-10-18 12:14:34 Tentativa -> 10 | Pesquisa -> Xbox
2021-10-18 12:14:47 Falha na extração
2021-10-18 12:14:47 Tentativa -> 01 | Pesquisa -> Nintendo
2021-10-18 12:15:00 Falha na extração
2021-10-18 12:15:00 Tentativa -> 02 | Pesquisa -> Nintendo
2021-10-18 12:15:14 Falha na extração
2021-10-18 12:15:14 Tentativa -> 03 | Pesquisa -> Nintendo
2021-10-18 12:15:28 Falha na extração
2021-10-18 12:15:28 Tentativa -> 04 | Pesquisa -> Nintendo
2021-10-18 12:15:44 Falha na extração
2021-10-18 12:15:44 Tentativa -> 05 | Pesquisa -> Nintendo
2021-10-18 12:15:56 Falha na extração
2021-10-18 12:15:56 Tentativa -> 06 | Pesquisa -> Nintendo
2021-10-18 12:16:10 Falha na extração
2021-10-18 12:16:10 Tentativa -> 07 | Pesquisa -> Nintendo
2021-10-18 12:16:24 Falha na extração
2021-10-18 12:16:24 Tentativa -> 08 | Pesquisa -> Nintendo
2021-10-18 12:16:37 Falha na extração
2021-10-18 12:16:38 Tentativa -> 09 | Pesquisa -> Nintendo
2021-10-18 12:16:54 Falha na extração
2021-10-18 12:16:54 Tentativa -> 10 | Pesquisa -> Nintendo
2021-10-18 12:17:09 Falha na extração
2021-10-18 12:17:09 Tentativa -> 01 | Pesquisa -> Blizzard
2021-10-18 12:17:23 Falha na extração
2021-10-18 12:17:23 Tentativa -> 02 | Pesquisa -> Blizzard
2021-10-18 12:17:39 Falha na extração
2021-10-18 12:17:40 Tentativa -> 03 | Pesquisa -> Blizzard
2021-10-18 12:17:53 Falha na extração
2021-10-18 12:17:54 Tentativa -> 04 | Pesquisa -> Blizzard
2021-10-18 12:18:06 Falha na extração
2021-10-18 12:18:07 Tentativa -> 05 | Pesquisa -> Blizzard
2021-10-18 12:18:22 Falha na extração
2021-10-18 12:18:23 Tentativa -> 06 | Pesquisa -> Blizzard
2021-10-18 12:18:38 Falha na extração
2021-10-18 12:18:38 Tentativa -> 07 | Pesquisa -> Blizzard
2021-10-18 12:18:53 Falha na extração
2021-10-18 12:18:53 Tentativa -> 08 | Pesquisa -> Blizzard
2021-10-18 12:19:08 Falha na extração
2021-10-18 12:19:08 Tentativa -> 09 | Pesquisa -> Blizzard
2021-10-18 12:19:24 Falha na extração
2021-10-18 12:19:24 Tentativa -> 10 | Pesquisa -> Blizzard
2021-10-18 12:19:41 Falha na extração
2021-10-18 12:19:41 Tentativa -> 01 | Pesquisa -> Activision
2021-10-18 12:19:58 Falha na extração
2021-10-18 12:19:58 Tentativa -> 02 | Pesquisa -> Activision
2021-10-18 12:20:09 Extração realizada
2021-10-18 12:20:09 Tentativa -> 01 | Pesquisa -> Naughty Dog
2021-10-18 12:21:19 Falha na extração
2021-10-18 12:21:20 Tentativa -> 02 | Pesquisa -> Naughty Dog
2021-10-18 12:21:33 Falha na extração
2021-10-18 12:21:33 Tentativa -> 03 | Pesquisa -> Naughty Dog
2021-10-18 12:21:45 Falha na extração
2021-10-18 12:21:45 Tentativa -> 04 | Pesquisa -> Naughty Dog
2021-10-18 12:24:04 Falha na extração
2021-10-18 12:24:19 Tentativa -> 05 | Pesquisa -> Naughty Dog
2021-10-18 12:24:32 Falha na extração
2021-10-18 12:24:32 Tentativa -> 06 | Pesquisa -> Naughty Dog
2021-10-18 12:24:50 Falha na extração
2021-10-18 12:24:50 Tentativa -> 07 | Pesquisa -> Naughty Dog
2021-10-18 12:25:08 Falha na extração
2021-10-18 12:25:08 Tentativa -> 08 | Pesquisa -> Naughty Dog
2021-10-18 12:25:22 Falha na extração
2021-10-18 12:25:22 Tentativa -> 09 | Pesquisa -> Naughty Dog
2021-10-18 12:25:40 Falha na extração
2021-10-18 12:25:41 Tentativa -> 10 | Pesquisa -> Naughty Dog
2021-10-18 12:25:55 Falha na extração
2021-10-18 12:25:55 Tentativa -> 01 | Pesquisa -> EA
2021-10-18 12:26:09 Falha na extração
2021-10-18 12:26:09 Tentativa -> 02 | Pesquisa -> EA
2021-10-18 12:26:23 Falha na extração
2021-10-18 12:26:23 Tentativa -> 03 | Pesquisa -> EA
2021-10-18 12:27:37 Extração realizada
2021-10-18 12:27:37 Tentativa -> 01 | Pesquisa -> Konami
2021-10-18 12:27:39 Extração realizada
2021-10-18 12:27:39 Tentativa -> 01 | Pesquisa -> Capcom
2021-10-18 12:27:40 Falha na extração
2021-10-18 12:27:40 Tentativa -> 02 | Pesquisa -> Capcom
2021-10-18 12:27:40 Falha na extração
2021-10-18 12:27:40 Tentativa -> 03 | Pesquisa -> Capcom
2021-10-18 12:27:40 Falha na extração
2021-10-18 12:27:40 Tentativa -> 04 | Pesquisa -> Capcom
2021-10-18 12:27:41 Falha na extração
2021-10-18 12:27:41 Tentativa -> 05 | Pesquisa -> Capcom
2021-10-18 12:27:41 Falha na extração
2021-10-18 12:27:41 Tentativa -> 06 | Pesquisa -> Capcom
2021-10-18 12:27:41 Falha na extração
2021-10-18 12:27:41 Tentativa -> 07 | Pesquisa -> Capcom
2021-10-18 12:27:41 Falha na extração
2021-10-18 12:27:41 Tentativa -> 08 | Pesquisa -> Capcom
2021-10-18 12:27:42 Falha na extração
2021-10-18 12:27:42 Tentativa -> 09 | Pesquisa -> Capcom
2021-10-18 12:27:42 Falha na extração
2021-10-18 12:27:42 Tentativa -> 10 | Pesquisa -> Capcom
2021-10-18 12:27:42 Falha na extração
2021-10-18 12:27:42 Tentativa -> 01 | Pesquisa -> Nintendo Switch Online
2021-10-18 12:27:43 Falha na extração
2021-10-18 12:27:43 Tentativa -> 02 | Pesquisa -> Nintendo Switch Online
2021-10-18 12:27:43 Falha na extração
2021-10-18 12:27:43 Tentativa -> 03 | Pesquisa -> Nintendo Switch Online
2021-10-18 12:27:43 Falha na extração
2021-10-18 12:27:43 Tentativa -> 04 | Pesquisa -> Nintendo Switch Online
2021-10-18 12:27:44 Falha na extração
2021-10-18 12:27:44 Tentativa -> 05 | Pesquisa -> Nintendo Switch Online
2021-10-18 12:27:44 Falha na extração
2021-10-18 12:27:44 Tentativa -> 06 | Pesquisa -> Nintendo Switch Online
2021-10-18 12:27:44 Falha na extração
2021-10-18 12:27:44 Tentativa -> 07 | Pesquisa -> Nintendo Switch Online
2021-10-18 12:27:44 Falha na extração
2021-10-18 12:27:44 Tentativa -> 08 | Pesquisa -> Nintendo Switch Online
2021-10-18 12:27:45 Falha na extração
2021-10-18 12:27:45 Tentativa -> 09 | Pesquisa -> Nintendo Switch Online
2021-10-18 12:27:45 Falha na extração
2021-10-18 12:27:45 Tentativa -> 10 | Pesquisa -> Nintendo Switch Online
2021-10-18 12:27:45 Falha na extração
2021-10-18 12:27:45 Tentativa -> 01 | Pesquisa -> Gamepass
2021-10-18 12:27:45 Falha na extração
2021-10-18 12:27:45 Tentativa -> 02 | Pesquisa -> Gamepass
2021-10-18 12:27:46 Falha na extração
2021-10-18 12:27:46 Tentativa -> 03 | Pesquisa -> Gamepass
2021-10-18 12:27:46 Falha na extração
2021-10-18 12:27:46 Tentativa -> 04 | Pesquisa -> Gamepass
2021-10-18 12:27:46 Falha na extração
2021-10-18 12:27:46 Tentativa -> 05 | Pesquisa -> Gamepass
2021-10-18 12:27:47 Falha na extração
2021-10-18 12:27:47 Tentativa -> 06 | Pesquisa -> Gamepass
2021-10-18 12:27:47 Falha na extração
2021-10-18 12:27:47 Tentativa -> 07 | Pesquisa -> Gamepass
2021-10-18 12:27:47 Falha na extração
2021-10-18 12:27:47 Tentativa -> 08 | Pesquisa -> Gamepass
2021-10-18 12:27:47 Falha na extração
2021-10-18 12:27:47 Tentativa -> 09 | Pesquisa -> Gamepass
2021-10-18 12:27:48 Falha na extração
2021-10-18 12:27:48 Tentativa -> 10 | Pesquisa -> Gamepass
2021-10-18 12:27:48 Falha na extração
2021-10-18 12:27:48 Tentativa -> 01 | Pesquisa -> EA Access
2021-10-18 12:27:48 Falha na extração
2021-10-18 12:27:48 Tentativa -> 02 | Pesquisa -> EA Access
2021-10-18 12:27:48 Falha na extração
2021-10-18 12:27:48 Tentativa -> 03 | Pesquisa -> EA Access
2021-10-18 12:27:49 Falha na extração
2021-10-18 12:27:49 Tentativa -> 04 | Pesquisa -> EA Access
2021-10-18 12:27:49 Falha na extração
2021-10-18 12:27:49 Tentativa -> 05 | Pesquisa -> EA Access
2021-10-18 12:27:49 Falha na extração
2021-10-18 12:27:49 Tentativa -> 06 | Pesquisa -> EA Access
2021-10-18 12:27:49 Falha na extração
2021-10-18 12:27:49 Tentativa -> 07 | Pesquisa -> EA Access
2021-10-18 12:27:49 Falha na extração
2021-10-18 12:27:49 Tentativa -> 08 | Pesquisa -> EA Access
2021-10-18 12:27:50 Falha na extração
2021-10-18 12:27:50 Tentativa -> 09 | Pesquisa -> EA Access
2021-10-18 12:27:50 Falha na extração
2021-10-18 12:27:50 Tentativa -> 10 | Pesquisa -> EA Access
2021-10-18 12:27:50 Falha na extração
2021-10-18 12:27:50 Tentativa -> 01 | Pesquisa -> Playstation Now
2021-10-18 12:27:50 Falha na extração
2021-10-18 12:27:50 Tentativa -> 02 | Pesquisa -> Playstation Now
2021-10-18 12:27:50 Falha na extração
2021-10-18 12:27:50 Tentativa -> 03 | Pesquisa -> Playstation Now
2021-10-18 12:27:50 Falha na extração
2021-10-18 12:27:50 Tentativa -> 04 | Pesquisa -> Playstation Now
2021-10-18 12:27:50 Falha na extração
2021-10-18 12:27:50 Tentativa -> 05 | Pesquisa -> Playstation Now
2021-10-18 12:27:50 Falha na extração
2021-10-18 12:27:50 Tentativa -> 06 | Pesquisa -> Playstation Now
2021-10-18 12:27:51 Falha na extração
2021-10-18 12:27:51 Tentativa -> 07 | Pesquisa -> Playstation Now
2021-10-18 12:27:51 Falha na extração
2021-10-18 12:27:51 Tentativa -> 08 | Pesquisa -> Playstation Now
2021-10-18 12:27:51 Falha na extração
2021-10-18 12:27:51 Tentativa -> 09 | Pesquisa -> Playstation Now
2021-10-18 12:27:51 Falha na extração
2021-10-18 12:27:51 Tentativa -> 10 | Pesquisa -> Playstation Now
2021-10-18 12:27:51 Falha na extração
2021-10-18 12:27:51 Tentativa -> 01 | Pesquisa -> CD PROJEKT RED
2021-10-18 12:27:51 Falha na extração
2021-10-18 12:27:51 Tentativa -> 02 | Pesquisa -> CD PROJEKT RED
2021-10-18 12:27:51 Falha na extração
2021-10-18 12:27:51 Tentativa -> 03 | Pesquisa -> CD PROJEKT RED
2021-10-18 12:27:51 Falha na extração
2021-10-18 12:27:51 Tentativa -> 04 | Pesquisa -> CD PROJEKT RED
2021-10-18 12:27:52 Falha na extração
2021-10-18 12:27:52 Tentativa -> 05 | Pesquisa -> CD PROJEKT RED
2021-10-18 12:27:52 Falha na extração
2021-10-18 12:27:52 Tentativa -> 06 | Pesquisa -> CD PROJEKT RED
2021-10-18 12:27:52 Falha na extração
2021-10-18 12:27:52 Tentativa -> 07 | Pesquisa -> CD PROJEKT RED
2021-10-18 12:27:52 Falha na extração
2021-10-18 12:27:52 Tentativa -> 08 | Pesquisa -> CD PROJEKT RED
2021-10-18 12:27:52 Falha na extração
2021-10-18 12:27:52 Tentativa -> 09 | Pesquisa -> CD PROJEKT RED
2021-10-18 12:27:52 Falha na extração
2021-10-18 12:27:52 Tentativa -> 10 | Pesquisa -> CD PROJEKT RED
2021-10-18 12:27:52 Falha na extração
Foram removidas 5313 duplicidades
Foram coletados 6175 tweets
