2021-10-18 11:40:04 Tentativa -> 01 | Pesquisa -> Playstation
2021-10-18 11:40:18 Extração realizada
2021-10-18 11:40:18 Tentativa -> 01 | Pesquisa -> Xbox
2021-10-18 11:40:27 Extração realizada
2021-10-18 11:40:27 Tentativa -> 01 | Pesquisa -> Nintendo
2021-10-18 11:41:57 Extração realizada
2021-10-18 11:41:57 Tentativa -> 01 | Pesquisa -> Blizzard
2021-10-18 11:42:21 Falha na extração
2021-10-18 11:42:21 Tentativa -> 02 | Pesquisa -> Blizzard
2021-10-18 11:42:44 Falha na extração
2021-10-18 11:42:44 Tentativa -> 03 | Pesquisa -> Blizzard
2021-10-18 11:43:09 Falha na extração
2021-10-18 11:43:09 Tentativa -> 04 | Pesquisa -> Blizzard
2021-10-18 11:43:47 Falha na extração
2021-10-18 11:43:47 Tentativa -> 05 | Pesquisa -> Blizzard
2021-10-18 11:44:00 Falha na extração
2021-10-18 11:44:00 Tentativa -> 06 | Pesquisa -> Blizzard
2021-10-18 11:44:30 Falha na extração
2021-10-18 11:44:31 Tentativa -> 07 | Pesquisa -> Blizzard
2021-10-18 11:44:43 Falha na extração
2021-10-18 11:44:43 Tentativa -> 08 | Pesquisa -> Blizzard
2021-10-18 11:44:56 Falha na extração
2021-10-18 11:44:56 Tentativa -> 09 | Pesquisa -> Blizzard
2021-10-18 11:45:09 Falha na extração
2021-10-18 11:45:10 Tentativa -> 10 | Pesquisa -> Blizzard
2021-10-18 11:45:24 Falha na extração
2021-10-18 11:45:24 Tentativa -> 01 | Pesquisa -> Activision
2021-10-18 11:45:37 Falha na extração
2021-10-18 11:45:37 Tentativa -> 02 | Pesquisa -> Activision
2021-10-18 11:45:49 Falha na extração
2021-10-18 11:45:49 Tentativa -> 03 | Pesquisa -> Activision
2021-10-18 11:46:03 Falha na extração
2021-10-18 11:46:03 Tentativa -> 04 | Pesquisa -> Activision
2021-10-18 11:46:15 Falha na extração
2021-10-18 11:46:15 Tentativa -> 05 | Pesquisa -> Activision
2021-10-18 11:46:28 Falha na extração
2021-10-18 11:46:28 Tentativa -> 06 | Pesquisa -> Activision
2021-10-18 11:46:39 Falha na extração
2021-10-18 11:46:40 Tentativa -> 07 | Pesquisa -> Activision
2021-10-18 11:46:53 Falha na extração
2021-10-18 11:46:53 Tentativa -> 08 | Pesquisa -> Activision
2021-10-18 11:47:07 Falha na extração
2021-10-18 11:47:08 Tentativa -> 09 | Pesquisa -> Activision
2021-10-18 11:47:21 Falha na extração
2021-10-18 11:47:21 Tentativa -> 10 | Pesquisa -> Activision
2021-10-18 11:47:42 Falha na extração
2021-10-18 11:47:42 Tentativa -> 01 | Pesquisa -> Naughty Dog
2021-10-18 11:48:03 Falha na extração
2021-10-18 11:48:03 Tentativa -> 02 | Pesquisa -> Naughty Dog
2021-10-18 11:48:25 Falha na extração
2021-10-18 11:48:25 Tentativa -> 03 | Pesquisa -> Naughty Dog
2021-10-18 11:48:45 Falha na extração
2021-10-18 11:48:45 Tentativa -> 04 | Pesquisa -> Naughty Dog
2021-10-18 11:49:03 Falha na extração
2021-10-18 11:49:03 Tentativa -> 05 | Pesquisa -> Naughty Dog
2021-10-18 11:49:19 Falha na extração
2021-10-18 11:49:19 Tentativa -> 06 | Pesquisa -> Naughty Dog
2021-10-18 11:49:33 Falha na extração
2021-10-18 11:49:33 Tentativa -> 07 | Pesquisa -> Naughty Dog
2021-10-18 11:49:43 Falha na extração
2021-10-18 11:49:43 Tentativa -> 08 | Pesquisa -> Naughty Dog
2021-10-18 11:49:44 Falha na extração
2021-10-18 11:49:44 Tentativa -> 09 | Pesquisa -> Naughty Dog
2021-10-18 11:49:44 Falha na extração
2021-10-18 11:49:44 Tentativa -> 10 | Pesquisa -> Naughty Dog
2021-10-18 11:49:44 Falha na extração
2021-10-18 11:49:44 Tentativa -> 01 | Pesquisa -> EA
2021-10-18 11:49:44 Falha na extração
2021-10-18 11:49:44 Tentativa -> 02 | Pesquisa -> EA
2021-10-18 11:49:45 Falha na extração
2021-10-18 11:49:45 Tentativa -> 03 | Pesquisa -> EA
2021-10-18 11:49:45 Falha na extração
2021-10-18 11:49:45 Tentativa -> 04 | Pesquisa -> EA
2021-10-18 11:49:45 Falha na extração
2021-10-18 11:49:45 Tentativa -> 05 | Pesquisa -> EA
2021-10-18 11:49:45 Falha na extração
2021-10-18 11:49:45 Tentativa -> 06 | Pesquisa -> EA
2021-10-18 11:49:46 Falha na extração
2021-10-18 11:49:46 Tentativa -> 07 | Pesquisa -> EA
2021-10-18 11:49:46 Falha na extração
2021-10-18 11:49:46 Tentativa -> 08 | Pesquisa -> EA
2021-10-18 11:49:46 Falha na extração
2021-10-18 11:49:46 Tentativa -> 09 | Pesquisa -> EA
2021-10-18 11:49:47 Falha na extração
2021-10-18 11:49:47 Tentativa -> 10 | Pesquisa -> EA
2021-10-18 11:49:47 Falha na extração
2021-10-18 11:49:47 Tentativa -> 01 | Pesquisa -> Konami
2021-10-18 11:49:47 Falha na extração
2021-10-18 11:49:47 Tentativa -> 02 | Pesquisa -> Konami
2021-10-18 11:49:47 Falha na extração
2021-10-18 11:49:47 Tentativa -> 03 | Pesquisa -> Konami
2021-10-18 11:49:48 Falha na extração
2021-10-18 11:49:48 Tentativa -> 04 | Pesquisa -> Konami
2021-10-18 11:49:48 Falha na extração
2021-10-18 11:49:48 Tentativa -> 05 | Pesquisa -> Konami
2021-10-18 11:49:48 Falha na extração
2021-10-18 11:49:48 Tentativa -> 06 | Pesquisa -> Konami
2021-10-18 11:49:48 Falha na extração
2021-10-18 11:49:48 Tentativa -> 07 | Pesquisa -> Konami
2021-10-18 11:49:49 Falha na extração
2021-10-18 11:49:49 Tentativa -> 08 | Pesquisa -> Konami
2021-10-18 11:49:49 Falha na extração
2021-10-18 11:49:49 Tentativa -> 09 | Pesquisa -> Konami
2021-10-18 11:49:49 Falha na extração
2021-10-18 11:49:49 Tentativa -> 10 | Pesquisa -> Konami
2021-10-18 11:49:50 Falha na extração
2021-10-18 11:49:50 Tentativa -> 01 | Pesquisa -> Capcom
2021-10-18 11:49:50 Falha na extração
2021-10-18 11:49:50 Tentativa -> 02 | Pesquisa -> Capcom
2021-10-18 11:49:50 Falha na extração
2021-10-18 11:49:50 Tentativa -> 03 | Pesquisa -> Capcom
2021-10-18 11:49:50 Falha na extração
2021-10-18 11:49:50 Tentativa -> 04 | Pesquisa -> Capcom
2021-10-18 11:49:51 Falha na extração
2021-10-18 11:49:51 Tentativa -> 05 | Pesquisa -> Capcom
2021-10-18 11:49:51 Falha na extração
2021-10-18 11:49:51 Tentativa -> 06 | Pesquisa -> Capcom
2021-10-18 11:49:51 Falha na extração
2021-10-18 11:49:51 Tentativa -> 07 | Pesquisa -> Capcom
2021-10-18 11:49:51 Falha na extração
2021-10-18 11:49:51 Tentativa -> 08 | Pesquisa -> Capcom
2021-10-18 11:49:51 Falha na extração
2021-10-18 11:49:51 Tentativa -> 09 | Pesquisa -> Capcom
2021-10-18 11:49:52 Falha na extração
2021-10-18 11:49:52 Tentativa -> 10 | Pesquisa -> Capcom
2021-10-18 11:49:52 Falha na extração
2021-10-18 11:49:52 Tentativa -> 01 | Pesquisa -> Nintendo Switch Online
2021-10-18 11:49:52 Falha na extração
2021-10-18 11:49:52 Tentativa -> 02 | Pesquisa -> Nintendo Switch Online
2021-10-18 11:49:52 Falha na extração
2021-10-18 11:49:52 Tentativa -> 03 | Pesquisa -> Nintendo Switch Online
2021-10-18 11:49:52 Falha na extração
2021-10-18 11:49:52 Tentativa -> 04 | Pesquisa -> Nintendo Switch Online
2021-10-18 11:49:52 Falha na extração
2021-10-18 11:49:52 Tentativa -> 05 | Pesquisa -> Nintendo Switch Online
2021-10-18 11:49:52 Falha na extração
2021-10-18 11:49:52 Tentativa -> 06 | Pesquisa -> Nintendo Switch Online
2021-10-18 11:49:52 Falha na extração
2021-10-18 11:49:52 Tentativa -> 07 | Pesquisa -> Nintendo Switch Online
2021-10-18 11:49:53 Falha na extração
2021-10-18 11:49:53 Tentativa -> 08 | Pesquisa -> Nintendo Switch Online
2021-10-18 11:49:53 Falha na extração
2021-10-18 11:49:53 Tentativa -> 09 | Pesquisa -> Nintendo Switch Online
2021-10-18 11:49:53 Falha na extração
2021-10-18 11:49:53 Tentativa -> 10 | Pesquisa -> Nintendo Switch Online
2021-10-18 11:49:53 Falha na extração
2021-10-18 11:49:53 Tentativa -> 01 | Pesquisa -> Gamepass
2021-10-18 11:49:53 Falha na extração
2021-10-18 11:49:53 Tentativa -> 02 | Pesquisa -> Gamepass
2021-10-18 11:49:53 Falha na extração
2021-10-18 11:49:53 Tentativa -> 03 | Pesquisa -> Gamepass
2021-10-18 11:49:53 Falha na extração
2021-10-18 11:49:53 Tentativa -> 04 | Pesquisa -> Gamepass
2021-10-18 11:49:53 Falha na extração
2021-10-18 11:49:53 Tentativa -> 05 | Pesquisa -> Gamepass
2021-10-18 11:49:54 Falha na extração
2021-10-18 11:49:54 Tentativa -> 06 | Pesquisa -> Gamepass
2021-10-18 11:49:54 Falha na extração
2021-10-18 11:49:54 Tentativa -> 07 | Pesquisa -> Gamepass
2021-10-18 11:49:54 Falha na extração
2021-10-18 11:49:54 Tentativa -> 08 | Pesquisa -> Gamepass
2021-10-18 11:49:54 Falha na extração
2021-10-18 11:49:54 Tentativa -> 09 | Pesquisa -> Gamepass
2021-10-18 11:49:54 Falha na extração
2021-10-18 11:49:54 Tentativa -> 10 | Pesquisa -> Gamepass
2021-10-18 11:49:54 Falha na extração
2021-10-18 11:49:54 Tentativa -> 01 | Pesquisa -> EA Access
2021-10-18 11:49:54 Falha na extração
2021-10-18 11:49:54 Tentativa -> 02 | Pesquisa -> EA Access
2021-10-18 11:49:54 Falha na extração
2021-10-18 11:49:54 Tentativa -> 03 | Pesquisa -> EA Access
2021-10-18 11:49:54 Falha na extração
2021-10-18 11:49:54 Tentativa -> 04 | Pesquisa -> EA Access
2021-10-18 11:49:55 Falha na extração
2021-10-18 11:49:55 Tentativa -> 05 | Pesquisa -> EA Access
2021-10-18 11:49:55 Falha na extração
2021-10-18 11:49:55 Tentativa -> 06 | Pesquisa -> EA Access
2021-10-18 11:49:55 Falha na extração
2021-10-18 11:49:55 Tentativa -> 07 | Pesquisa -> EA Access
2021-10-18 11:49:55 Falha na extração
2021-10-18 11:49:55 Tentativa -> 08 | Pesquisa -> EA Access
2021-10-18 11:49:55 Falha na extração
2021-10-18 11:49:55 Tentativa -> 09 | Pesquisa -> EA Access
2021-10-18 11:49:55 Falha na extração
2021-10-18 11:49:55 Tentativa -> 10 | Pesquisa -> EA Access
2021-10-18 11:49:55 Falha na extração
2021-10-18 11:49:55 Tentativa -> 01 | Pesquisa -> Playstation Now
2021-10-18 11:49:55 Falha na extração
2021-10-18 11:49:55 Tentativa -> 02 | Pesquisa -> Playstation Now
2021-10-18 11:49:55 Falha na extração
2021-10-18 11:49:55 Tentativa -> 03 | Pesquisa -> Playstation Now
2021-10-18 11:49:55 Falha na extração
2021-10-18 11:49:55 Tentativa -> 04 | Pesquisa -> Playstation Now
2021-10-18 11:49:56 Falha na extração
2021-10-18 11:49:56 Tentativa -> 05 | Pesquisa -> Playstation Now
2021-10-18 11:49:56 Falha na extração
2021-10-18 11:49:56 Tentativa -> 06 | Pesquisa -> Playstation Now
2021-10-18 11:49:56 Falha na extração
2021-10-18 11:49:56 Tentativa -> 07 | Pesquisa -> Playstation Now
2021-10-18 11:49:56 Falha na extração
2021-10-18 11:49:56 Tentativa -> 08 | Pesquisa -> Playstation Now
2021-10-18 11:49:56 Falha na extração
2021-10-18 11:49:56 Tentativa -> 09 | Pesquisa -> Playstation Now
2021-10-18 11:49:56 Falha na extração
2021-10-18 11:49:56 Tentativa -> 10 | Pesquisa -> Playstation Now
2021-10-18 11:49:56 Falha na extração
2021-10-18 11:49:56 Tentativa -> 01 | Pesquisa -> CD PROJEKT RED
2021-10-18 11:49:56 Falha na extração
2021-10-18 11:49:56 Tentativa -> 02 | Pesquisa -> CD PROJEKT RED
2021-10-18 11:49:56 Falha na extração
2021-10-18 11:49:56 Tentativa -> 03 | Pesquisa -> CD PROJEKT RED
2021-10-18 11:49:56 Falha na extração
2021-10-18 11:49:56 Tentativa -> 04 | Pesquisa -> CD PROJEKT RED
2021-10-18 11:49:57 Falha na extração
2021-10-18 11:49:57 Tentativa -> 05 | Pesquisa -> CD PROJEKT RED
2021-10-18 11:49:57 Falha na extração
2021-10-18 11:49:57 Tentativa -> 06 | Pesquisa -> CD PROJEKT RED
2021-10-18 11:49:57 Falha na extração
2021-10-18 11:49:57 Tentativa -> 07 | Pesquisa -> CD PROJEKT RED
2021-10-18 11:49:57 Falha na extração
2021-10-18 11:49:57 Tentativa -> 08 | Pesquisa -> CD PROJEKT RED
2021-10-18 11:49:57 Falha na extração
2021-10-18 11:49:57 Tentativa -> 09 | Pesquisa -> CD PROJEKT RED
2021-10-18 11:49:57 Falha na extração
2021-10-18 11:49:57 Tentativa -> 10 | Pesquisa -> CD PROJEKT RED
2021-10-18 11:49:57 Falha na extração
Foram removidas 3763 duplicidades
Foram coletados 5231 tweets
