2021-11-06 16:40:03 Tentativa -> 01 | Pesquisa -> Playstation
2021-11-06 16:40:50 Extração realizada
2021-11-06 16:40:50 Tentativa -> 01 | Pesquisa -> Xbox
2021-11-06 16:40:53 Extração realizada
2021-11-06 16:40:53 Tentativa -> 01 | Pesquisa -> Nintendo
2021-11-06 16:40:55 Extração realizada
2021-11-06 16:40:55 Tentativa -> 01 | Pesquisa -> Blizzard
2021-11-06 16:40:57 Extração realizada
2021-11-06 16:40:57 Tentativa -> 01 | Pesquisa -> Activision
2021-11-06 16:40:58 Falha na extração
2021-11-06 16:40:58 Tentativa -> 02 | Pesquisa -> Activision
2021-11-06 16:40:58 Extração realizada
2021-11-06 16:40:58 Tentativa -> 01 | Pesquisa -> Naughty Dog
2021-11-06 16:40:58 Falha na extração
2021-11-06 16:40:59 Tentativa -> 02 | Pesquisa -> Naughty Dog
2021-11-06 16:40:59 Falha na extração
2021-11-06 16:40:59 Tentativa -> 03 | Pesquisa -> Naughty Dog
2021-11-06 16:41:03 Extração realizada
2021-11-06 16:41:03 Tentativa -> 01 | Pesquisa -> EA
2021-11-06 16:41:05 Extração realizada
2021-11-06 16:41:05 Tentativa -> 01 | Pesquisa -> Konami
2021-11-06 16:41:05 Extração realizada
2021-11-06 16:41:05 Tentativa -> 01 | Pesquisa -> Capcom
2021-11-06 16:41:06 Extração realizada
2021-11-06 16:41:06 Tentativa -> 01 | Pesquisa -> Nintendo Switch Online
2021-11-06 16:41:06 Falha na extração
2021-11-06 16:41:06 Tentativa -> 02 | Pesquisa -> Nintendo Switch Online
2021-11-06 16:41:07 Extração realizada
2021-11-06 16:41:07 Tentativa -> 01 | Pesquisa -> Gamepass
2021-11-06 16:41:09 Extração realizada
2021-11-06 16:41:09 Tentativa -> 01 | Pesquisa -> EA Access
2021-11-06 16:41:09 Extração realizada
2021-11-06 16:41:09 Tentativa -> 01 | Pesquisa -> Playstation Now
2021-11-06 16:41:12 Extração realizada
2021-11-06 16:41:12 Tentativa -> 01 | Pesquisa -> CD PROJEKT RED
2021-11-06 16:41:13 Extração realizada
Foram removidas 8552 duplicidades
Foram coletados 7982 tweets
