2021-11-09 20:40:03 Tentativa -> 01 | Pesquisa -> Playstation
2021-11-09 20:40:08 Extração realizada
2021-11-09 20:40:08 Tentativa -> 01 | Pesquisa -> Xbox
2021-11-09 20:40:18 Extração realizada
2021-11-09 20:40:18 Tentativa -> 01 | Pesquisa -> Nintendo
2021-11-09 20:40:40 Extração realizada
2021-11-09 20:40:40 Tentativa -> 01 | Pesquisa -> Blizzard
2021-11-09 20:40:55 Extração realizada
2021-11-09 20:40:55 Tentativa -> 01 | Pesquisa -> Activision
2021-11-09 20:41:03 Extração realizada
2021-11-09 20:41:03 Tentativa -> 01 | Pesquisa -> Naughty Dog
2021-11-09 20:41:05 Extração realizada
2021-11-09 20:41:05 Tentativa -> 01 | Pesquisa -> EA
2021-11-09 20:41:05 Falha na extração
2021-11-09 20:41:05 Tentativa -> 02 | Pesquisa -> EA
2021-11-09 20:41:06 Falha na extração
2021-11-09 20:41:06 Tentativa -> 03 | Pesquisa -> EA
2021-11-09 20:41:08 Falha na extração
2021-11-09 20:41:08 Tentativa -> 04 | Pesquisa -> EA
2021-11-09 20:41:08 Falha na extração
2021-11-09 20:41:08 Tentativa -> 05 | Pesquisa -> EA
2021-11-09 20:41:08 Falha na extração
2021-11-09 20:41:08 Tentativa -> 06 | Pesquisa -> EA
2021-11-09 20:41:08 Falha na extração
2021-11-09 20:41:08 Tentativa -> 07 | Pesquisa -> EA
2021-11-09 20:41:09 Falha na extração
2021-11-09 20:41:09 Tentativa -> 08 | Pesquisa -> EA
2021-11-09 20:41:09 Falha na extração
2021-11-09 20:41:09 Tentativa -> 09 | Pesquisa -> EA
2021-11-09 20:41:09 Falha na extração
2021-11-09 20:41:09 Tentativa -> 10 | Pesquisa -> EA
2021-11-09 20:41:12 Falha na extração
2021-11-09 20:41:12 Tentativa -> 01 | Pesquisa -> Konami
2021-11-09 20:41:13 Falha na extração
2021-11-09 20:41:13 Tentativa -> 02 | Pesquisa -> Konami
2021-11-09 20:41:13 Falha na extração
2021-11-09 20:41:13 Tentativa -> 03 | Pesquisa -> Konami
2021-11-09 20:41:13 Falha na extração
2021-11-09 20:41:13 Tentativa -> 04 | Pesquisa -> Konami
2021-11-09 20:41:13 Falha na extração
2021-11-09 20:41:13 Tentativa -> 05 | Pesquisa -> Konami
2021-11-09 20:41:14 Falha na extração
2021-11-09 20:41:14 Tentativa -> 06 | Pesquisa -> Konami
2021-11-09 20:41:14 Falha na extração
2021-11-09 20:41:14 Tentativa -> 07 | Pesquisa -> Konami
2021-11-09 20:41:14 Falha na extração
2021-11-09 20:41:14 Tentativa -> 08 | Pesquisa -> Konami
2021-11-09 20:41:14 Falha na extração
2021-11-09 20:41:14 Tentativa -> 09 | Pesquisa -> Konami
2021-11-09 20:41:14 Falha na extração
2021-11-09 20:41:14 Tentativa -> 10 | Pesquisa -> Konami
2021-11-09 20:41:15 Falha na extração
2021-11-09 20:41:15 Tentativa -> 01 | Pesquisa -> Capcom
2021-11-09 20:41:15 Falha na extração
2021-11-09 20:41:15 Tentativa -> 02 | Pesquisa -> Capcom
2021-11-09 20:41:15 Falha na extração
2021-11-09 20:41:15 Tentativa -> 03 | Pesquisa -> Capcom
2021-11-09 20:41:15 Falha na extração
2021-11-09 20:41:15 Tentativa -> 04 | Pesquisa -> Capcom
2021-11-09 20:41:16 Falha na extração
2021-11-09 20:41:16 Tentativa -> 05 | Pesquisa -> Capcom
2021-11-09 20:41:16 Falha na extração
2021-11-09 20:41:16 Tentativa -> 06 | Pesquisa -> Capcom
2021-11-09 20:41:16 Falha na extração
2021-11-09 20:41:16 Tentativa -> 07 | Pesquisa -> Capcom
2021-11-09 20:41:16 Falha na extração
2021-11-09 20:41:16 Tentativa -> 08 | Pesquisa -> Capcom
2021-11-09 20:41:17 Falha na extração
2021-11-09 20:41:17 Tentativa -> 09 | Pesquisa -> Capcom
2021-11-09 20:41:17 Falha na extração
2021-11-09 20:41:17 Tentativa -> 10 | Pesquisa -> Capcom
2021-11-09 20:41:17 Falha na extração
2021-11-09 20:41:17 Tentativa -> 01 | Pesquisa -> Nintendo Switch Online
2021-11-09 20:41:17 Falha na extração
2021-11-09 20:41:17 Tentativa -> 02 | Pesquisa -> Nintendo Switch Online
2021-11-09 20:41:17 Falha na extração
2021-11-09 20:41:17 Tentativa -> 03 | Pesquisa -> Nintendo Switch Online
2021-11-09 20:41:19 Falha na extração
2021-11-09 20:41:19 Tentativa -> 04 | Pesquisa -> Nintendo Switch Online
2021-11-09 20:41:20 Falha na extração
2021-11-09 20:41:20 Tentativa -> 05 | Pesquisa -> Nintendo Switch Online
2021-11-09 20:41:20 Falha na extração
2021-11-09 20:41:20 Tentativa -> 06 | Pesquisa -> Nintendo Switch Online
2021-11-09 20:41:20 Falha na extração
2021-11-09 20:41:20 Tentativa -> 07 | Pesquisa -> Nintendo Switch Online
2021-11-09 20:41:20 Falha na extração
2021-11-09 20:41:20 Tentativa -> 08 | Pesquisa -> Nintendo Switch Online
2021-11-09 20:41:21 Falha na extração
2021-11-09 20:41:21 Tentativa -> 09 | Pesquisa -> Nintendo Switch Online
2021-11-09 20:41:21 Falha na extração
2021-11-09 20:41:21 Tentativa -> 10 | Pesquisa -> Nintendo Switch Online
2021-11-09 20:41:21 Falha na extração
2021-11-09 20:41:21 Tentativa -> 01 | Pesquisa -> Gamepass
2021-11-09 20:41:21 Falha na extração
2021-11-09 20:41:21 Tentativa -> 02 | Pesquisa -> Gamepass
2021-11-09 20:41:24 Falha na extração
2021-11-09 20:41:24 Tentativa -> 03 | Pesquisa -> Gamepass
2021-11-09 20:41:24 Falha na extração
2021-11-09 20:41:24 Tentativa -> 04 | Pesquisa -> Gamepass
2021-11-09 20:41:24 Falha na extração
2021-11-09 20:41:24 Tentativa -> 05 | Pesquisa -> Gamepass
2021-11-09 20:41:24 Falha na extração
2021-11-09 20:41:24 Tentativa -> 06 | Pesquisa -> Gamepass
2021-11-09 20:41:25 Falha na extração
2021-11-09 20:41:25 Tentativa -> 07 | Pesquisa -> Gamepass
2021-11-09 20:41:27 Falha na extração
2021-11-09 20:41:27 Tentativa -> 08 | Pesquisa -> Gamepass
2021-11-09 20:41:28 Falha na extração
2021-11-09 20:41:28 Tentativa -> 09 | Pesquisa -> Gamepass
2021-11-09 20:41:31 Falha na extração
2021-11-09 20:41:31 Tentativa -> 10 | Pesquisa -> Gamepass
2021-11-09 20:41:31 Falha na extração
2021-11-09 20:41:31 Tentativa -> 01 | Pesquisa -> EA Access
2021-11-09 20:41:31 Falha na extração
2021-11-09 20:41:31 Tentativa -> 02 | Pesquisa -> EA Access
2021-11-09 20:41:31 Falha na extração
2021-11-09 20:41:31 Tentativa -> 03 | Pesquisa -> EA Access
2021-11-09 20:41:31 Falha na extração
2021-11-09 20:41:31 Tentativa -> 04 | Pesquisa -> EA Access
2021-11-09 20:41:31 Falha na extração
2021-11-09 20:41:31 Tentativa -> 05 | Pesquisa -> EA Access
2021-11-09 20:41:32 Falha na extração
2021-11-09 20:41:32 Tentativa -> 06 | Pesquisa -> EA Access
2021-11-09 20:41:32 Falha na extração
2021-11-09 20:41:32 Tentativa -> 07 | Pesquisa -> EA Access
2021-11-09 20:41:32 Falha na extração
2021-11-09 20:41:32 Tentativa -> 08 | Pesquisa -> EA Access
2021-11-09 20:41:32 Falha na extração
2021-11-09 20:41:32 Tentativa -> 09 | Pesquisa -> EA Access
2021-11-09 20:41:32 Falha na extração
2021-11-09 20:41:32 Tentativa -> 10 | Pesquisa -> EA Access
2021-11-09 20:41:32 Falha na extração
2021-11-09 20:41:32 Tentativa -> 01 | Pesquisa -> Playstation Now
2021-11-09 20:41:32 Falha na extração
2021-11-09 20:41:32 Tentativa -> 02 | Pesquisa -> Playstation Now
2021-11-09 20:41:32 Falha na extração
2021-11-09 20:41:32 Tentativa -> 03 | Pesquisa -> Playstation Now
2021-11-09 20:41:32 Falha na extração
2021-11-09 20:41:32 Tentativa -> 04 | Pesquisa -> Playstation Now
2021-11-09 20:41:32 Falha na extração
2021-11-09 20:41:32 Tentativa -> 05 | Pesquisa -> Playstation Now
2021-11-09 20:41:36 Falha na extração
2021-11-09 20:41:36 Tentativa -> 06 | Pesquisa -> Playstation Now
2021-11-09 20:41:36 Falha na extração
2021-11-09 20:41:36 Tentativa -> 07 | Pesquisa -> Playstation Now
2021-11-09 20:41:36 Falha na extração
2021-11-09 20:41:36 Tentativa -> 08 | Pesquisa -> Playstation Now
2021-11-09 20:41:36 Falha na extração
2021-11-09 20:41:36 Tentativa -> 09 | Pesquisa -> Playstation Now
2021-11-09 20:41:36 Falha na extração
2021-11-09 20:41:36 Tentativa -> 10 | Pesquisa -> Playstation Now
2021-11-09 20:41:39 Falha na extração
2021-11-09 20:41:39 Tentativa -> 01 | Pesquisa -> CD PROJEKT RED
2021-11-09 20:41:42 Falha na extração
2021-11-09 20:41:42 Tentativa -> 02 | Pesquisa -> CD PROJEKT RED
2021-11-09 20:41:42 Falha na extração
2021-11-09 20:41:42 Tentativa -> 03 | Pesquisa -> CD PROJEKT RED
2021-11-09 20:41:45 Falha na extração
2021-11-09 20:41:45 Tentativa -> 04 | Pesquisa -> CD PROJEKT RED
2021-11-09 20:41:46 Falha na extração
2021-11-09 20:41:46 Tentativa -> 05 | Pesquisa -> CD PROJEKT RED
2021-11-09 20:41:46 Falha na extração
2021-11-09 20:41:46 Tentativa -> 06 | Pesquisa -> CD PROJEKT RED
2021-11-09 20:41:48 Falha na extração
2021-11-09 20:41:48 Tentativa -> 07 | Pesquisa -> CD PROJEKT RED
2021-11-09 20:41:50 Falha na extração
2021-11-09 20:41:50 Tentativa -> 08 | Pesquisa -> CD PROJEKT RED
2021-11-09 20:41:50 Falha na extração
2021-11-09 20:41:50 Tentativa -> 09 | Pesquisa -> CD PROJEKT RED
2021-11-09 20:41:50 Falha na extração
2021-11-09 20:41:50 Tentativa -> 10 | Pesquisa -> CD PROJEKT RED
2021-11-09 20:41:50 Falha na extração
Foram removidas 3363 duplicidades
Foram coletados 5405 tweets
