2021-10-31 09:00:03 Tentativa -> 01 | Pesquisa -> Playstation
2021-10-31 09:00:19 Extração realizada
2021-10-31 09:00:19 Tentativa -> 01 | Pesquisa -> Xbox
2021-10-31 09:00:25 Extração realizada
2021-10-31 09:00:25 Tentativa -> 01 | Pesquisa -> Nintendo
2021-10-31 09:00:28 Extração realizada
2021-10-31 09:00:28 Tentativa -> 01 | Pesquisa -> Blizzard
2021-10-31 09:00:41 Extração realizada
2021-10-31 09:00:41 Tentativa -> 01 | Pesquisa -> Activision
2021-10-31 09:00:42 Extração realizada
2021-10-31 09:00:42 Tentativa -> 01 | Pesquisa -> Naughty Dog
2021-10-31 09:00:55 Extração realizada
2021-10-31 09:00:55 Tentativa -> 01 | Pesquisa -> EA
2021-10-31 09:00:55 Falha na extração
2021-10-31 09:00:55 Tentativa -> 02 | Pesquisa -> EA
2021-10-31 09:00:55 Falha na extração
2021-10-31 09:00:55 Tentativa -> 03 | Pesquisa -> EA
2021-10-31 09:00:55 Falha na extração
2021-10-31 09:00:55 Tentativa -> 04 | Pesquisa -> EA
2021-10-31 09:00:56 Falha na extração
2021-10-31 09:00:56 Tentativa -> 05 | Pesquisa -> EA
2021-10-31 09:00:56 Falha na extração
2021-10-31 09:00:56 Tentativa -> 06 | Pesquisa -> EA
2021-10-31 09:00:56 Falha na extração
2021-10-31 09:00:56 Tentativa -> 07 | Pesquisa -> EA
2021-10-31 09:00:56 Falha na extração
2021-10-31 09:00:56 Tentativa -> 08 | Pesquisa -> EA
2021-10-31 09:00:57 Falha na extração
2021-10-31 09:00:57 Tentativa -> 09 | Pesquisa -> EA
2021-10-31 09:00:57 Falha na extração
2021-10-31 09:00:57 Tentativa -> 10 | Pesquisa -> EA
2021-10-31 09:00:57 Falha na extração
2021-10-31 09:00:57 Tentativa -> 01 | Pesquisa -> Konami
2021-10-31 09:00:57 Falha na extração
2021-10-31 09:00:57 Tentativa -> 02 | Pesquisa -> Konami
2021-10-31 09:00:57 Falha na extração
2021-10-31 09:00:57 Tentativa -> 03 | Pesquisa -> Konami
2021-10-31 09:00:58 Falha na extração
2021-10-31 09:00:58 Tentativa -> 04 | Pesquisa -> Konami
2021-10-31 09:00:58 Falha na extração
2021-10-31 09:00:58 Tentativa -> 05 | Pesquisa -> Konami
2021-10-31 09:00:58 Falha na extração
2021-10-31 09:00:58 Tentativa -> 06 | Pesquisa -> Konami
2021-10-31 09:00:58 Falha na extração
2021-10-31 09:00:58 Tentativa -> 07 | Pesquisa -> Konami
2021-10-31 09:00:58 Falha na extração
2021-10-31 09:00:58 Tentativa -> 08 | Pesquisa -> Konami
2021-10-31 09:00:59 Falha na extração
2021-10-31 09:00:59 Tentativa -> 09 | Pesquisa -> Konami
2021-10-31 09:00:59 Falha na extração
2021-10-31 09:00:59 Tentativa -> 10 | Pesquisa -> Konami
2021-10-31 09:00:59 Falha na extração
2021-10-31 09:00:59 Tentativa -> 01 | Pesquisa -> Capcom
2021-10-31 09:00:59 Falha na extração
2021-10-31 09:00:59 Tentativa -> 02 | Pesquisa -> Capcom
2021-10-31 09:01:00 Falha na extração
2021-10-31 09:01:00 Tentativa -> 03 | Pesquisa -> Capcom
2021-10-31 09:01:00 Falha na extração
2021-10-31 09:01:00 Tentativa -> 04 | Pesquisa -> Capcom
2021-10-31 09:01:00 Falha na extração
2021-10-31 09:01:00 Tentativa -> 05 | Pesquisa -> Capcom
2021-10-31 09:01:00 Falha na extração
2021-10-31 09:01:00 Tentativa -> 06 | Pesquisa -> Capcom
2021-10-31 09:01:00 Falha na extração
2021-10-31 09:01:00 Tentativa -> 07 | Pesquisa -> Capcom
2021-10-31 09:01:01 Falha na extração
2021-10-31 09:01:01 Tentativa -> 08 | Pesquisa -> Capcom
2021-10-31 09:01:01 Falha na extração
2021-10-31 09:01:01 Tentativa -> 09 | Pesquisa -> Capcom
2021-10-31 09:01:01 Falha na extração
2021-10-31 09:01:01 Tentativa -> 10 | Pesquisa -> Capcom
2021-10-31 09:01:01 Falha na extração
2021-10-31 09:01:01 Tentativa -> 01 | Pesquisa -> Nintendo Switch Online
2021-10-31 09:01:02 Falha na extração
2021-10-31 09:01:02 Tentativa -> 02 | Pesquisa -> Nintendo Switch Online
2021-10-31 09:01:02 Falha na extração
2021-10-31 09:01:02 Tentativa -> 03 | Pesquisa -> Nintendo Switch Online
2021-10-31 09:01:02 Falha na extração
2021-10-31 09:01:02 Tentativa -> 04 | Pesquisa -> Nintendo Switch Online
2021-10-31 09:01:02 Falha na extração
2021-10-31 09:01:02 Tentativa -> 05 | Pesquisa -> Nintendo Switch Online
2021-10-31 09:01:02 Falha na extração
2021-10-31 09:01:02 Tentativa -> 06 | Pesquisa -> Nintendo Switch Online
2021-10-31 09:01:02 Falha na extração
2021-10-31 09:01:02 Tentativa -> 07 | Pesquisa -> Nintendo Switch Online
2021-10-31 09:01:02 Falha na extração
2021-10-31 09:01:02 Tentativa -> 08 | Pesquisa -> Nintendo Switch Online
2021-10-31 09:01:03 Falha na extração
2021-10-31 09:01:03 Tentativa -> 09 | Pesquisa -> Nintendo Switch Online
2021-10-31 09:01:03 Falha na extração
2021-10-31 09:01:03 Tentativa -> 10 | Pesquisa -> Nintendo Switch Online
2021-10-31 09:01:03 Falha na extração
2021-10-31 09:01:03 Tentativa -> 01 | Pesquisa -> Gamepass
2021-10-31 09:01:03 Falha na extração
2021-10-31 09:01:03 Tentativa -> 02 | Pesquisa -> Gamepass
2021-10-31 09:01:03 Falha na extração
2021-10-31 09:01:03 Tentativa -> 03 | Pesquisa -> Gamepass
2021-10-31 09:01:03 Falha na extração
2021-10-31 09:01:03 Tentativa -> 04 | Pesquisa -> Gamepass
2021-10-31 09:01:03 Falha na extração
2021-10-31 09:01:03 Tentativa -> 05 | Pesquisa -> Gamepass
2021-10-31 09:01:03 Falha na extração
2021-10-31 09:01:03 Tentativa -> 06 | Pesquisa -> Gamepass
2021-10-31 09:01:03 Falha na extração
2021-10-31 09:01:03 Tentativa -> 07 | Pesquisa -> Gamepass
2021-10-31 09:01:04 Falha na extração
2021-10-31 09:01:04 Tentativa -> 08 | Pesquisa -> Gamepass
2021-10-31 09:01:04 Falha na extração
2021-10-31 09:01:04 Tentativa -> 09 | Pesquisa -> Gamepass
2021-10-31 09:01:04 Falha na extração
2021-10-31 09:01:04 Tentativa -> 10 | Pesquisa -> Gamepass
2021-10-31 09:01:04 Falha na extração
2021-10-31 09:01:04 Tentativa -> 01 | Pesquisa -> EA Access
2021-10-31 09:01:04 Falha na extração
2021-10-31 09:01:04 Tentativa -> 02 | Pesquisa -> EA Access
2021-10-31 09:01:04 Falha na extração
2021-10-31 09:01:04 Tentativa -> 03 | Pesquisa -> EA Access
2021-10-31 09:01:04 Falha na extração
2021-10-31 09:01:04 Tentativa -> 04 | Pesquisa -> EA Access
2021-10-31 09:01:04 Falha na extração
2021-10-31 09:01:04 Tentativa -> 05 | Pesquisa -> EA Access
2021-10-31 09:01:04 Falha na extração
2021-10-31 09:01:04 Tentativa -> 06 | Pesquisa -> EA Access
2021-10-31 09:01:05 Falha na extração
2021-10-31 09:01:05 Tentativa -> 07 | Pesquisa -> EA Access
2021-10-31 09:01:05 Falha na extração
2021-10-31 09:01:05 Tentativa -> 08 | Pesquisa -> EA Access
2021-10-31 09:01:05 Falha na extração
2021-10-31 09:01:05 Tentativa -> 09 | Pesquisa -> EA Access
2021-10-31 09:01:05 Falha na extração
2021-10-31 09:01:05 Tentativa -> 10 | Pesquisa -> EA Access
2021-10-31 09:01:05 Falha na extração
2021-10-31 09:01:05 Tentativa -> 01 | Pesquisa -> Playstation Now
2021-10-31 09:01:05 Falha na extração
2021-10-31 09:01:05 Tentativa -> 02 | Pesquisa -> Playstation Now
2021-10-31 09:01:05 Falha na extração
2021-10-31 09:01:05 Tentativa -> 03 | Pesquisa -> Playstation Now
2021-10-31 09:01:05 Falha na extração
2021-10-31 09:01:05 Tentativa -> 04 | Pesquisa -> Playstation Now
2021-10-31 09:01:05 Falha na extração
2021-10-31 09:01:05 Tentativa -> 05 | Pesquisa -> Playstation Now
2021-10-31 09:01:06 Falha na extração
2021-10-31 09:01:06 Tentativa -> 06 | Pesquisa -> Playstation Now
2021-10-31 09:01:06 Falha na extração
2021-10-31 09:01:06 Tentativa -> 07 | Pesquisa -> Playstation Now
2021-10-31 09:01:06 Falha na extração
2021-10-31 09:01:06 Tentativa -> 08 | Pesquisa -> Playstation Now
2021-10-31 09:01:06 Falha na extração
2021-10-31 09:01:06 Tentativa -> 09 | Pesquisa -> Playstation Now
2021-10-31 09:01:06 Falha na extração
2021-10-31 09:01:06 Tentativa -> 10 | Pesquisa -> Playstation Now
2021-10-31 09:01:06 Falha na extração
2021-10-31 09:01:06 Tentativa -> 01 | Pesquisa -> CD PROJEKT RED
2021-10-31 09:01:06 Falha na extração
2021-10-31 09:01:06 Tentativa -> 02 | Pesquisa -> CD PROJEKT RED
2021-10-31 09:01:06 Falha na extração
2021-10-31 09:01:06 Tentativa -> 03 | Pesquisa -> CD PROJEKT RED
2021-10-31 09:01:06 Falha na extração
2021-10-31 09:01:06 Tentativa -> 04 | Pesquisa -> CD PROJEKT RED
2021-10-31 09:01:06 Falha na extração
2021-10-31 09:01:06 Tentativa -> 05 | Pesquisa -> CD PROJEKT RED
2021-10-31 09:01:07 Falha na extração
2021-10-31 09:01:07 Tentativa -> 06 | Pesquisa -> CD PROJEKT RED
2021-10-31 09:01:07 Falha na extração
2021-10-31 09:01:07 Tentativa -> 07 | Pesquisa -> CD PROJEKT RED
2021-10-31 09:01:07 Falha na extração
2021-10-31 09:01:07 Tentativa -> 08 | Pesquisa -> CD PROJEKT RED
2021-10-31 09:01:07 Falha na extração
2021-10-31 09:01:07 Tentativa -> 09 | Pesquisa -> CD PROJEKT RED
2021-10-31 09:01:07 Falha na extração
2021-10-31 09:01:07 Tentativa -> 10 | Pesquisa -> CD PROJEKT RED
2021-10-31 09:01:07 Falha na extração
Foram removidas 2995 duplicidades
Foram coletados 5984 tweets
