2021-09-28 16:40:03 Tentativa -> 01 | Pesquisa -> Playstation
2021-09-28 16:40:27 Extração realizada
2021-09-28 16:40:27 Tentativa -> 01 | Pesquisa -> Xbox
2021-09-28 16:41:34 Extração realizada
2021-09-28 16:41:34 Tentativa -> 01 | Pesquisa -> Nintendo
2021-09-28 16:41:35 Falha na extração
2021-09-28 16:41:35 Tentativa -> 02 | Pesquisa -> Nintendo
2021-09-28 16:41:35 Falha na extração
2021-09-28 16:41:35 Tentativa -> 03 | Pesquisa -> Nintendo
2021-09-28 16:41:35 Falha na extração
2021-09-28 16:41:35 Tentativa -> 04 | Pesquisa -> Nintendo
2021-09-28 16:41:36 Falha na extração
2021-09-28 16:41:36 Tentativa -> 05 | Pesquisa -> Nintendo
2021-09-28 16:41:36 Falha na extração
2021-09-28 16:41:36 Tentativa -> 06 | Pesquisa -> Nintendo
2021-09-28 16:41:37 Falha na extração
2021-09-28 16:41:37 Tentativa -> 07 | Pesquisa -> Nintendo
2021-09-28 16:41:38 Falha na extração
2021-09-28 16:41:38 Tentativa -> 08 | Pesquisa -> Nintendo
2021-09-28 16:41:39 Falha na extração
2021-09-28 16:41:39 Tentativa -> 09 | Pesquisa -> Nintendo
2021-09-28 16:41:39 Falha na extração
2021-09-28 16:41:39 Tentativa -> 10 | Pesquisa -> Nintendo
2021-09-28 16:41:40 Falha na extração
2021-09-28 16:41:40 Tentativa -> 01 | Pesquisa -> Blizzard
2021-09-28 16:41:40 Falha na extração
2021-09-28 16:41:40 Tentativa -> 02 | Pesquisa -> Blizzard
2021-09-28 16:41:41 Falha na extração
2021-09-28 16:41:41 Tentativa -> 03 | Pesquisa -> Blizzard
2021-09-28 16:41:42 Falha na extração
2021-09-28 16:41:42 Tentativa -> 04 | Pesquisa -> Blizzard
2021-09-28 16:41:42 Falha na extração
2021-09-28 16:41:42 Tentativa -> 05 | Pesquisa -> Blizzard
2021-09-28 16:41:43 Falha na extração
2021-09-28 16:41:43 Tentativa -> 06 | Pesquisa -> Blizzard
2021-09-28 16:41:44 Falha na extração
2021-09-28 16:41:44 Tentativa -> 07 | Pesquisa -> Blizzard
2021-09-28 16:41:44 Falha na extração
2021-09-28 16:41:44 Tentativa -> 08 | Pesquisa -> Blizzard
2021-09-28 16:41:45 Falha na extração
2021-09-28 16:41:45 Tentativa -> 09 | Pesquisa -> Blizzard
2021-09-28 16:41:45 Falha na extração
2021-09-28 16:41:45 Tentativa -> 10 | Pesquisa -> Blizzard
2021-09-28 16:41:46 Falha na extração
2021-09-28 16:41:46 Tentativa -> 01 | Pesquisa -> Activision
2021-09-28 16:41:46 Falha na extração
2021-09-28 16:41:46 Tentativa -> 02 | Pesquisa -> Activision
2021-09-28 16:41:47 Falha na extração
2021-09-28 16:41:47 Tentativa -> 03 | Pesquisa -> Activision
2021-09-28 16:41:48 Falha na extração
2021-09-28 16:41:48 Tentativa -> 04 | Pesquisa -> Activision
2021-09-28 16:41:48 Falha na extração
2021-09-28 16:41:48 Tentativa -> 05 | Pesquisa -> Activision
2021-09-28 16:41:49 Falha na extração
2021-09-28 16:41:49 Tentativa -> 06 | Pesquisa -> Activision
2021-09-28 16:41:49 Falha na extração
2021-09-28 16:41:49 Tentativa -> 07 | Pesquisa -> Activision
2021-09-28 16:41:49 Falha na extração
2021-09-28 16:41:49 Tentativa -> 08 | Pesquisa -> Activision
2021-09-28 16:41:50 Falha na extração
2021-09-28 16:41:50 Tentativa -> 09 | Pesquisa -> Activision
2021-09-28 16:41:51 Falha na extração
2021-09-28 16:41:51 Tentativa -> 10 | Pesquisa -> Activision
2021-09-28 16:41:51 Falha na extração
2021-09-28 16:41:51 Tentativa -> 01 | Pesquisa -> Naughty Dog
2021-09-28 16:41:51 Falha na extração
2021-09-28 16:41:51 Tentativa -> 02 | Pesquisa -> Naughty Dog
2021-09-28 16:41:53 Falha na extração
2021-09-28 16:41:53 Tentativa -> 03 | Pesquisa -> Naughty Dog
2021-09-28 16:41:53 Falha na extração
2021-09-28 16:41:53 Tentativa -> 04 | Pesquisa -> Naughty Dog
2021-09-28 16:41:54 Falha na extração
2021-09-28 16:41:54 Tentativa -> 05 | Pesquisa -> Naughty Dog
2021-09-28 16:41:54 Falha na extração
2021-09-28 16:41:54 Tentativa -> 06 | Pesquisa -> Naughty Dog
2021-09-28 16:41:56 Falha na extração
2021-09-28 16:41:56 Tentativa -> 07 | Pesquisa -> Naughty Dog
2021-09-28 16:41:56 Falha na extração
2021-09-28 16:41:56 Tentativa -> 08 | Pesquisa -> Naughty Dog
2021-09-28 16:41:56 Falha na extração
2021-09-28 16:41:56 Tentativa -> 09 | Pesquisa -> Naughty Dog
2021-09-28 16:41:57 Falha na extração
2021-09-28 16:41:57 Tentativa -> 10 | Pesquisa -> Naughty Dog
2021-09-28 16:41:58 Falha na extração
2021-09-28 16:41:58 Tentativa -> 01 | Pesquisa -> EA
2021-09-28 16:41:58 Falha na extração
2021-09-28 16:41:58 Tentativa -> 02 | Pesquisa -> EA
2021-09-28 16:41:58 Falha na extração
2021-09-28 16:41:58 Tentativa -> 03 | Pesquisa -> EA
2021-09-28 16:41:59 Falha na extração
2021-09-28 16:41:59 Tentativa -> 04 | Pesquisa -> EA
2021-09-28 16:41:59 Falha na extração
2021-09-28 16:41:59 Tentativa -> 05 | Pesquisa -> EA
2021-09-28 16:41:59 Falha na extração
2021-09-28 16:41:59 Tentativa -> 06 | Pesquisa -> EA
2021-09-28 16:41:59 Falha na extração
2021-09-28 16:41:59 Tentativa -> 07 | Pesquisa -> EA
2021-09-28 16:41:59 Falha na extração
2021-09-28 16:41:59 Tentativa -> 08 | Pesquisa -> EA
2021-09-28 16:42:00 Falha na extração
2021-09-28 16:42:00 Tentativa -> 09 | Pesquisa -> EA
2021-09-28 16:42:00 Falha na extração
2021-09-28 16:42:00 Tentativa -> 10 | Pesquisa -> EA
2021-09-28 16:42:00 Falha na extração
2021-09-28 16:42:00 Tentativa -> 01 | Pesquisa -> Konami
2021-09-28 16:42:00 Falha na extração
2021-09-28 16:42:00 Tentativa -> 02 | Pesquisa -> Konami
2021-09-28 16:42:01 Falha na extração
2021-09-28 16:42:01 Tentativa -> 03 | Pesquisa -> Konami
2021-09-28 16:42:01 Falha na extração
2021-09-28 16:42:01 Tentativa -> 04 | Pesquisa -> Konami
2021-09-28 16:42:01 Falha na extração
2021-09-28 16:42:01 Tentativa -> 05 | Pesquisa -> Konami
2021-09-28 16:42:01 Falha na extração
2021-09-28 16:42:01 Tentativa -> 06 | Pesquisa -> Konami
2021-09-28 16:42:01 Falha na extração
2021-09-28 16:42:01 Tentativa -> 07 | Pesquisa -> Konami
2021-09-28 16:42:02 Falha na extração
2021-09-28 16:42:02 Tentativa -> 08 | Pesquisa -> Konami
2021-09-28 16:42:02 Falha na extração
2021-09-28 16:42:02 Tentativa -> 09 | Pesquisa -> Konami
2021-09-28 16:42:03 Falha na extração
2021-09-28 16:42:03 Tentativa -> 10 | Pesquisa -> Konami
2021-09-28 16:42:03 Falha na extração
2021-09-28 16:42:03 Tentativa -> 01 | Pesquisa -> Capcom
2021-09-28 16:42:03 Falha na extração
2021-09-28 16:42:03 Tentativa -> 02 | Pesquisa -> Capcom
2021-09-28 16:42:04 Falha na extração
2021-09-28 16:42:04 Tentativa -> 03 | Pesquisa -> Capcom
2021-09-28 16:42:04 Falha na extração
2021-09-28 16:42:04 Tentativa -> 04 | Pesquisa -> Capcom
2021-09-28 16:42:04 Falha na extração
2021-09-28 16:42:04 Tentativa -> 05 | Pesquisa -> Capcom
2021-09-28 16:42:06 Falha na extração
2021-09-28 16:42:06 Tentativa -> 06 | Pesquisa -> Capcom
2021-09-28 16:42:07 Falha na extração
2021-09-28 16:42:07 Tentativa -> 07 | Pesquisa -> Capcom
2021-09-28 16:42:07 Falha na extração
2021-09-28 16:42:07 Tentativa -> 08 | Pesquisa -> Capcom
2021-09-28 16:42:07 Falha na extração
2021-09-28 16:42:07 Tentativa -> 09 | Pesquisa -> Capcom
2021-09-28 16:42:08 Falha na extração
2021-09-28 16:42:08 Tentativa -> 10 | Pesquisa -> Capcom
2021-09-28 16:42:08 Falha na extração
2021-09-28 16:42:08 Tentativa -> 01 | Pesquisa -> Nintendo Switch Online
2021-09-28 16:42:09 Falha na extração
2021-09-28 16:42:09 Tentativa -> 02 | Pesquisa -> Nintendo Switch Online
2021-09-28 16:42:09 Falha na extração
2021-09-28 16:42:09 Tentativa -> 03 | Pesquisa -> Nintendo Switch Online
2021-09-28 16:42:09 Falha na extração
2021-09-28 16:42:09 Tentativa -> 04 | Pesquisa -> Nintendo Switch Online
2021-09-28 16:42:10 Falha na extração
2021-09-28 16:42:10 Tentativa -> 05 | Pesquisa -> Nintendo Switch Online
2021-09-28 16:42:10 Falha na extração
2021-09-28 16:42:10 Tentativa -> 06 | Pesquisa -> Nintendo Switch Online
2021-09-28 16:42:10 Falha na extração
2021-09-28 16:42:10 Tentativa -> 07 | Pesquisa -> Nintendo Switch Online
2021-09-28 16:42:11 Falha na extração
2021-09-28 16:42:11 Tentativa -> 08 | Pesquisa -> Nintendo Switch Online
2021-09-28 16:42:12 Falha na extração
2021-09-28 16:42:12 Tentativa -> 09 | Pesquisa -> Nintendo Switch Online
2021-09-28 16:42:12 Falha na extração
2021-09-28 16:42:12 Tentativa -> 10 | Pesquisa -> Nintendo Switch Online
2021-09-28 16:42:12 Falha na extração
2021-09-28 16:42:12 Tentativa -> 01 | Pesquisa -> Gamepass
2021-09-28 16:42:12 Falha na extração
2021-09-28 16:42:12 Tentativa -> 02 | Pesquisa -> Gamepass
2021-09-28 16:42:12 Falha na extração
2021-09-28 16:42:12 Tentativa -> 03 | Pesquisa -> Gamepass
2021-09-28 16:42:12 Falha na extração
2021-09-28 16:42:12 Tentativa -> 04 | Pesquisa -> Gamepass
2021-09-28 16:42:13 Falha na extração
2021-09-28 16:42:13 Tentativa -> 05 | Pesquisa -> Gamepass
2021-09-28 16:42:14 Falha na extração
2021-09-28 16:42:14 Tentativa -> 06 | Pesquisa -> Gamepass
2021-09-28 16:42:14 Falha na extração
2021-09-28 16:42:14 Tentativa -> 07 | Pesquisa -> Gamepass
2021-09-28 16:42:15 Falha na extração
2021-09-28 16:42:15 Tentativa -> 08 | Pesquisa -> Gamepass
2021-09-28 16:42:15 Falha na extração
2021-09-28 16:42:15 Tentativa -> 09 | Pesquisa -> Gamepass
2021-09-28 16:42:15 Falha na extração
2021-09-28 16:42:15 Tentativa -> 10 | Pesquisa -> Gamepass
2021-09-28 16:42:15 Falha na extração
2021-09-28 16:42:15 Tentativa -> 01 | Pesquisa -> EA Access
2021-09-28 16:42:15 Falha na extração
2021-09-28 16:42:15 Tentativa -> 02 | Pesquisa -> EA Access
2021-09-28 16:42:15 Falha na extração
2021-09-28 16:42:15 Tentativa -> 03 | Pesquisa -> EA Access
2021-09-28 16:42:15 Falha na extração
2021-09-28 16:42:15 Tentativa -> 04 | Pesquisa -> EA Access
2021-09-28 16:42:15 Falha na extração
2021-09-28 16:42:15 Tentativa -> 05 | Pesquisa -> EA Access
2021-09-28 16:42:16 Falha na extração
2021-09-28 16:42:16 Tentativa -> 06 | Pesquisa -> EA Access
2021-09-28 16:42:16 Falha na extração
2021-09-28 16:42:16 Tentativa -> 07 | Pesquisa -> EA Access
2021-09-28 16:42:16 Falha na extração
2021-09-28 16:42:16 Tentativa -> 08 | Pesquisa -> EA Access
2021-09-28 16:42:16 Falha na extração
2021-09-28 16:42:16 Tentativa -> 09 | Pesquisa -> EA Access
2021-09-28 16:42:16 Falha na extração
2021-09-28 16:42:16 Tentativa -> 10 | Pesquisa -> EA Access
2021-09-28 16:42:16 Falha na extração
2021-09-28 16:42:16 Tentativa -> 01 | Pesquisa -> Playstation Now
2021-09-28 16:42:17 Falha na extração
2021-09-28 16:42:17 Tentativa -> 02 | Pesquisa -> Playstation Now
2021-09-28 16:42:17 Falha na extração
2021-09-28 16:42:17 Tentativa -> 03 | Pesquisa -> Playstation Now
2021-09-28 16:42:17 Falha na extração
2021-09-28 16:42:17 Tentativa -> 04 | Pesquisa -> Playstation Now
2021-09-28 16:42:17 Falha na extração
2021-09-28 16:42:17 Tentativa -> 05 | Pesquisa -> Playstation Now
2021-09-28 16:42:17 Falha na extração
2021-09-28 16:42:17 Tentativa -> 06 | Pesquisa -> Playstation Now
2021-09-28 16:42:19 Falha na extração
2021-09-28 16:42:19 Tentativa -> 07 | Pesquisa -> Playstation Now
2021-09-28 16:42:20 Falha na extração
2021-09-28 16:42:20 Tentativa -> 08 | Pesquisa -> Playstation Now
2021-09-28 16:42:20 Falha na extração
2021-09-28 16:42:20 Tentativa -> 09 | Pesquisa -> Playstation Now
2021-09-28 16:42:20 Falha na extração
2021-09-28 16:42:20 Tentativa -> 10 | Pesquisa -> Playstation Now
2021-09-28 16:42:20 Falha na extração
2021-09-28 16:42:20 Tentativa -> 01 | Pesquisa -> CD PROJEKT RED
2021-09-28 16:42:21 Falha na extração
2021-09-28 16:42:21 Tentativa -> 02 | Pesquisa -> CD PROJEKT RED
2021-09-28 16:42:22 Falha na extração
2021-09-28 16:42:22 Tentativa -> 03 | Pesquisa -> CD PROJEKT RED
2021-09-28 16:42:22 Falha na extração
2021-09-28 16:42:22 Tentativa -> 04 | Pesquisa -> CD PROJEKT RED
2021-09-28 16:42:22 Falha na extração
2021-09-28 16:42:22 Tentativa -> 05 | Pesquisa -> CD PROJEKT RED
2021-09-28 16:42:25 Falha na extração
2021-09-28 16:42:25 Tentativa -> 06 | Pesquisa -> CD PROJEKT RED
2021-09-28 16:42:26 Falha na extração
2021-09-28 16:42:26 Tentativa -> 07 | Pesquisa -> CD PROJEKT RED
2021-09-28 16:42:28 Falha na extração
2021-09-28 16:42:28 Tentativa -> 08 | Pesquisa -> CD PROJEKT RED
2021-09-28 16:42:29 Falha na extração
2021-09-28 16:42:29 Tentativa -> 09 | Pesquisa -> CD PROJEKT RED
2021-09-28 16:42:31 Falha na extração
2021-09-28 16:42:31 Tentativa -> 10 | Pesquisa -> CD PROJEKT RED
2021-09-28 16:42:31 Falha na extração
Foram removidas 4811 duplicidades
Foram coletados 4881 tweets
