2021-11-09 22:00:03 Tentativa -> 01 | Pesquisa -> Playstation
2021-11-09 22:00:18 Extração realizada
2021-11-09 22:00:18 Tentativa -> 01 | Pesquisa -> Xbox
2021-11-09 22:00:32 Extração realizada
2021-11-09 22:00:32 Tentativa -> 01 | Pesquisa -> Nintendo
2021-11-09 22:00:54 Extração realizada
2021-11-09 22:00:54 Tentativa -> 01 | Pesquisa -> Blizzard
2021-11-09 22:01:05 Extração realizada
2021-11-09 22:01:05 Tentativa -> 01 | Pesquisa -> Activision
2021-11-09 22:01:05 Falha na extração
2021-11-09 22:01:05 Tentativa -> 02 | Pesquisa -> Activision
2021-11-09 22:01:08 Falha na extração
2021-11-09 22:01:08 Tentativa -> 03 | Pesquisa -> Activision
2021-11-09 22:01:10 Falha na extração
2021-11-09 22:01:10 Tentativa -> 04 | Pesquisa -> Activision
2021-11-09 22:01:11 Falha na extração
2021-11-09 22:01:11 Tentativa -> 05 | Pesquisa -> Activision
2021-11-09 22:01:11 Falha na extração
2021-11-09 22:01:11 Tentativa -> 06 | Pesquisa -> Activision
2021-11-09 22:01:11 Falha na extração
2021-11-09 22:01:11 Tentativa -> 07 | Pesquisa -> Activision
2021-11-09 22:01:14 Falha na extração
2021-11-09 22:01:14 Tentativa -> 08 | Pesquisa -> Activision
2021-11-09 22:01:15 Falha na extração
2021-11-09 22:01:15 Tentativa -> 09 | Pesquisa -> Activision
2021-11-09 22:01:15 Falha na extração
2021-11-09 22:01:15 Tentativa -> 10 | Pesquisa -> Activision
2021-11-09 22:01:15 Falha na extração
2021-11-09 22:01:15 Tentativa -> 01 | Pesquisa -> Naughty Dog
2021-11-09 22:01:15 Falha na extração
2021-11-09 22:01:15 Tentativa -> 02 | Pesquisa -> Naughty Dog
2021-11-09 22:01:16 Falha na extração
2021-11-09 22:01:16 Tentativa -> 03 | Pesquisa -> Naughty Dog
2021-11-09 22:01:16 Falha na extração
2021-11-09 22:01:16 Tentativa -> 04 | Pesquisa -> Naughty Dog
2021-11-09 22:01:16 Falha na extração
2021-11-09 22:01:16 Tentativa -> 05 | Pesquisa -> Naughty Dog
2021-11-09 22:01:16 Falha na extração
2021-11-09 22:01:16 Tentativa -> 06 | Pesquisa -> Naughty Dog
2021-11-09 22:01:21 Falha na extração
2021-11-09 22:01:21 Tentativa -> 07 | Pesquisa -> Naughty Dog
2021-11-09 22:01:23 Falha na extração
2021-11-09 22:01:23 Tentativa -> 08 | Pesquisa -> Naughty Dog
2021-11-09 22:01:23 Falha na extração
2021-11-09 22:01:23 Tentativa -> 09 | Pesquisa -> Naughty Dog
2021-11-09 22:01:26 Falha na extração
2021-11-09 22:01:26 Tentativa -> 10 | Pesquisa -> Naughty Dog
2021-11-09 22:01:26 Falha na extração
2021-11-09 22:01:26 Tentativa -> 01 | Pesquisa -> EA
2021-11-09 22:01:27 Falha na extração
2021-11-09 22:01:27 Tentativa -> 02 | Pesquisa -> EA
2021-11-09 22:01:27 Falha na extração
2021-11-09 22:01:27 Tentativa -> 03 | Pesquisa -> EA
2021-11-09 22:01:29 Falha na extração
2021-11-09 22:01:29 Tentativa -> 04 | Pesquisa -> EA
2021-11-09 22:01:30 Falha na extração
2021-11-09 22:01:30 Tentativa -> 05 | Pesquisa -> EA
2021-11-09 22:01:32 Falha na extração
2021-11-09 22:01:32 Tentativa -> 06 | Pesquisa -> EA
2021-11-09 22:01:32 Falha na extração
2021-11-09 22:01:32 Tentativa -> 07 | Pesquisa -> EA
2021-11-09 22:01:34 Falha na extração
2021-11-09 22:01:34 Tentativa -> 08 | Pesquisa -> EA
2021-11-09 22:01:34 Falha na extração
2021-11-09 22:01:34 Tentativa -> 09 | Pesquisa -> EA
2021-11-09 22:01:35 Falha na extração
2021-11-09 22:01:35 Tentativa -> 10 | Pesquisa -> EA
2021-11-09 22:01:35 Falha na extração
2021-11-09 22:01:35 Tentativa -> 01 | Pesquisa -> Konami
2021-11-09 22:01:38 Falha na extração
2021-11-09 22:01:38 Tentativa -> 02 | Pesquisa -> Konami
2021-11-09 22:01:38 Falha na extração
2021-11-09 22:01:38 Tentativa -> 03 | Pesquisa -> Konami
2021-11-09 22:01:38 Falha na extração
2021-11-09 22:01:38 Tentativa -> 04 | Pesquisa -> Konami
2021-11-09 22:01:38 Falha na extração
2021-11-09 22:01:38 Tentativa -> 05 | Pesquisa -> Konami
2021-11-09 22:01:38 Falha na extração
2021-11-09 22:01:38 Tentativa -> 06 | Pesquisa -> Konami
2021-11-09 22:01:41 Falha na extração
2021-11-09 22:01:41 Tentativa -> 07 | Pesquisa -> Konami
2021-11-09 22:01:41 Falha na extração
2021-11-09 22:01:41 Tentativa -> 08 | Pesquisa -> Konami
2021-11-09 22:01:41 Falha na extração
2021-11-09 22:01:41 Tentativa -> 09 | Pesquisa -> Konami
2021-11-09 22:01:41 Falha na extração
2021-11-09 22:01:41 Tentativa -> 10 | Pesquisa -> Konami
2021-11-09 22:01:41 Falha na extração
2021-11-09 22:01:41 Tentativa -> 01 | Pesquisa -> Capcom
2021-11-09 22:01:43 Falha na extração
2021-11-09 22:01:43 Tentativa -> 02 | Pesquisa -> Capcom
2021-11-09 22:01:43 Falha na extração
2021-11-09 22:01:43 Tentativa -> 03 | Pesquisa -> Capcom
2021-11-09 22:01:43 Falha na extração
2021-11-09 22:01:43 Tentativa -> 04 | Pesquisa -> Capcom
2021-11-09 22:01:44 Falha na extração
2021-11-09 22:01:44 Tentativa -> 05 | Pesquisa -> Capcom
2021-11-09 22:01:44 Falha na extração
2021-11-09 22:01:44 Tentativa -> 06 | Pesquisa -> Capcom
2021-11-09 22:01:44 Falha na extração
2021-11-09 22:01:44 Tentativa -> 07 | Pesquisa -> Capcom
2021-11-09 22:01:44 Falha na extração
2021-11-09 22:01:44 Tentativa -> 08 | Pesquisa -> Capcom
2021-11-09 22:01:44 Falha na extração
2021-11-09 22:01:44 Tentativa -> 09 | Pesquisa -> Capcom
2021-11-09 22:01:44 Falha na extração
2021-11-09 22:01:44 Tentativa -> 10 | Pesquisa -> Capcom
2021-11-09 22:01:44 Falha na extração
2021-11-09 22:01:44 Tentativa -> 01 | Pesquisa -> Nintendo Switch Online
2021-11-09 22:01:44 Falha na extração
2021-11-09 22:01:44 Tentativa -> 02 | Pesquisa -> Nintendo Switch Online
2021-11-09 22:01:44 Falha na extração
2021-11-09 22:01:44 Tentativa -> 03 | Pesquisa -> Nintendo Switch Online
2021-11-09 22:01:45 Falha na extração
2021-11-09 22:01:45 Tentativa -> 04 | Pesquisa -> Nintendo Switch Online
2021-11-09 22:01:46 Falha na extração
2021-11-09 22:01:46 Tentativa -> 05 | Pesquisa -> Nintendo Switch Online
2021-11-09 22:01:46 Falha na extração
2021-11-09 22:01:46 Tentativa -> 06 | Pesquisa -> Nintendo Switch Online
2021-11-09 22:01:47 Falha na extração
2021-11-09 22:01:47 Tentativa -> 07 | Pesquisa -> Nintendo Switch Online
2021-11-09 22:01:47 Falha na extração
2021-11-09 22:01:47 Tentativa -> 08 | Pesquisa -> Nintendo Switch Online
2021-11-09 22:01:47 Falha na extração
2021-11-09 22:01:47 Tentativa -> 09 | Pesquisa -> Nintendo Switch Online
2021-11-09 22:01:47 Falha na extração
2021-11-09 22:01:47 Tentativa -> 10 | Pesquisa -> Nintendo Switch Online
2021-11-09 22:01:47 Falha na extração
2021-11-09 22:01:47 Tentativa -> 01 | Pesquisa -> Gamepass
2021-11-09 22:01:47 Falha na extração
2021-11-09 22:01:47 Tentativa -> 02 | Pesquisa -> Gamepass
2021-11-09 22:01:47 Falha na extração
2021-11-09 22:01:47 Tentativa -> 03 | Pesquisa -> Gamepass
2021-11-09 22:01:47 Falha na extração
2021-11-09 22:01:47 Tentativa -> 04 | Pesquisa -> Gamepass
2021-11-09 22:01:47 Falha na extração
2021-11-09 22:01:47 Tentativa -> 05 | Pesquisa -> Gamepass
2021-11-09 22:01:48 Falha na extração
2021-11-09 22:01:48 Tentativa -> 06 | Pesquisa -> Gamepass
2021-11-09 22:01:48 Falha na extração
2021-11-09 22:01:48 Tentativa -> 07 | Pesquisa -> Gamepass
2021-11-09 22:01:48 Falha na extração
2021-11-09 22:01:48 Tentativa -> 08 | Pesquisa -> Gamepass
2021-11-09 22:01:48 Falha na extração
2021-11-09 22:01:48 Tentativa -> 09 | Pesquisa -> Gamepass
2021-11-09 22:01:48 Falha na extração
2021-11-09 22:01:48 Tentativa -> 10 | Pesquisa -> Gamepass
2021-11-09 22:01:48 Falha na extração
2021-11-09 22:01:48 Tentativa -> 01 | Pesquisa -> EA Access
2021-11-09 22:01:48 Falha na extração
2021-11-09 22:01:48 Tentativa -> 02 | Pesquisa -> EA Access
2021-11-09 22:01:48 Falha na extração
2021-11-09 22:01:48 Tentativa -> 03 | Pesquisa -> EA Access
2021-11-09 22:01:48 Falha na extração
2021-11-09 22:01:48 Tentativa -> 04 | Pesquisa -> EA Access
2021-11-09 22:01:48 Falha na extração
2021-11-09 22:01:48 Tentativa -> 05 | Pesquisa -> EA Access
2021-11-09 22:01:49 Falha na extração
2021-11-09 22:01:49 Tentativa -> 06 | Pesquisa -> EA Access
2021-11-09 22:01:50 Falha na extração
2021-11-09 22:01:50 Tentativa -> 07 | Pesquisa -> EA Access
2021-11-09 22:01:52 Falha na extração
2021-11-09 22:01:52 Tentativa -> 08 | Pesquisa -> EA Access
2021-11-09 22:01:52 Falha na extração
2021-11-09 22:01:52 Tentativa -> 09 | Pesquisa -> EA Access
2021-11-09 22:01:52 Falha na extração
2021-11-09 22:01:52 Tentativa -> 10 | Pesquisa -> EA Access
2021-11-09 22:01:52 Falha na extração
2021-11-09 22:01:52 Tentativa -> 01 | Pesquisa -> Playstation Now
2021-11-09 22:01:53 Falha na extração
2021-11-09 22:01:53 Tentativa -> 02 | Pesquisa -> Playstation Now
2021-11-09 22:01:53 Falha na extração
2021-11-09 22:01:53 Tentativa -> 03 | Pesquisa -> Playstation Now
2021-11-09 22:01:53 Falha na extração
2021-11-09 22:01:53 Tentativa -> 04 | Pesquisa -> Playstation Now
2021-11-09 22:01:53 Falha na extração
2021-11-09 22:01:53 Tentativa -> 05 | Pesquisa -> Playstation Now
2021-11-09 22:01:53 Falha na extração
2021-11-09 22:01:53 Tentativa -> 06 | Pesquisa -> Playstation Now
2021-11-09 22:01:53 Falha na extração
2021-11-09 22:01:53 Tentativa -> 07 | Pesquisa -> Playstation Now
2021-11-09 22:01:55 Falha na extração
2021-11-09 22:01:55 Tentativa -> 08 | Pesquisa -> Playstation Now
2021-11-09 22:01:55 Falha na extração
2021-11-09 22:01:55 Tentativa -> 09 | Pesquisa -> Playstation Now
2021-11-09 22:01:55 Falha na extração
2021-11-09 22:01:55 Tentativa -> 10 | Pesquisa -> Playstation Now
2021-11-09 22:01:55 Falha na extração
2021-11-09 22:01:55 Tentativa -> 01 | Pesquisa -> CD PROJEKT RED
2021-11-09 22:01:55 Falha na extração
2021-11-09 22:01:55 Tentativa -> 02 | Pesquisa -> CD PROJEKT RED
2021-11-09 22:01:55 Falha na extração
2021-11-09 22:01:55 Tentativa -> 03 | Pesquisa -> CD PROJEKT RED
2021-11-09 22:01:58 Falha na extração
2021-11-09 22:01:58 Tentativa -> 04 | Pesquisa -> CD PROJEKT RED
2021-11-09 22:01:58 Falha na extração
2021-11-09 22:01:58 Tentativa -> 05 | Pesquisa -> CD PROJEKT RED
2021-11-09 22:01:58 Falha na extração
2021-11-09 22:01:58 Tentativa -> 06 | Pesquisa -> CD PROJEKT RED
2021-11-09 22:01:58 Falha na extração
2021-11-09 22:01:58 Tentativa -> 07 | Pesquisa -> CD PROJEKT RED
2021-11-09 22:01:58 Falha na extração
2021-11-09 22:01:58 Tentativa -> 08 | Pesquisa -> CD PROJEKT RED
2021-11-09 22:01:59 Falha na extração
2021-11-09 22:01:59 Tentativa -> 09 | Pesquisa -> CD PROJEKT RED
2021-11-09 22:01:59 Falha na extração
2021-11-09 22:01:59 Tentativa -> 10 | Pesquisa -> CD PROJEKT RED
2021-11-09 22:01:59 Falha na extração
Foram removidas 3239 duplicidades
Foram coletados 5220 tweets
