2021-10-03 15:20:03 Tentativa -> 01 | Pesquisa -> Playstation
2021-10-03 15:20:05 Extração realizada
2021-10-03 15:20:05 Tentativa -> 01 | Pesquisa -> Xbox
2021-10-03 15:20:08 Extração realizada
2021-10-03 15:20:08 Tentativa -> 01 | Pesquisa -> Nintendo
2021-10-03 15:20:10 Extração realizada
2021-10-03 15:20:10 Tentativa -> 01 | Pesquisa -> Blizzard
2021-10-03 15:20:13 Extração realizada
2021-10-03 15:20:13 Tentativa -> 01 | Pesquisa -> Activision
2021-10-03 15:20:15 Extração realizada
2021-10-03 15:20:15 Tentativa -> 01 | Pesquisa -> Naughty Dog
2021-10-03 15:20:38 Extração realizada
2021-10-03 15:20:38 Tentativa -> 01 | Pesquisa -> EA
2021-10-03 15:20:38 Falha na extração
2021-10-03 15:20:38 Tentativa -> 02 | Pesquisa -> EA
2021-10-03 15:20:39 Falha na extração
2021-10-03 15:20:39 Tentativa -> 03 | Pesquisa -> EA
2021-10-03 15:20:39 Falha na extração
2021-10-03 15:20:39 Tentativa -> 04 | Pesquisa -> EA
2021-10-03 15:20:39 Falha na extração
2021-10-03 15:20:39 Tentativa -> 05 | Pesquisa -> EA
2021-10-03 15:20:39 Falha na extração
2021-10-03 15:20:39 Tentativa -> 06 | Pesquisa -> EA
2021-10-03 15:20:40 Falha na extração
2021-10-03 15:20:40 Tentativa -> 07 | Pesquisa -> EA
2021-10-03 15:20:40 Falha na extração
2021-10-03 15:20:40 Tentativa -> 08 | Pesquisa -> EA
2021-10-03 15:20:40 Falha na extração
2021-10-03 15:20:40 Tentativa -> 09 | Pesquisa -> EA
2021-10-03 15:20:40 Falha na extração
2021-10-03 15:20:40 Tentativa -> 10 | Pesquisa -> EA
2021-10-03 15:20:40 Falha na extração
2021-10-03 15:20:40 Tentativa -> 01 | Pesquisa -> Konami
2021-10-03 15:20:41 Falha na extração
2021-10-03 15:20:41 Tentativa -> 02 | Pesquisa -> Konami
2021-10-03 15:20:41 Falha na extração
2021-10-03 15:20:41 Tentativa -> 03 | Pesquisa -> Konami
2021-10-03 15:20:41 Falha na extração
2021-10-03 15:20:41 Tentativa -> 04 | Pesquisa -> Konami
2021-10-03 15:20:41 Falha na extração
2021-10-03 15:20:41 Tentativa -> 05 | Pesquisa -> Konami
2021-10-03 15:20:42 Falha na extração
2021-10-03 15:20:42 Tentativa -> 06 | Pesquisa -> Konami
2021-10-03 15:20:42 Falha na extração
2021-10-03 15:20:42 Tentativa -> 07 | Pesquisa -> Konami
2021-10-03 15:20:42 Falha na extração
2021-10-03 15:20:42 Tentativa -> 08 | Pesquisa -> Konami
2021-10-03 15:20:42 Falha na extração
2021-10-03 15:20:42 Tentativa -> 09 | Pesquisa -> Konami
2021-10-03 15:20:42 Falha na extração
2021-10-03 15:20:42 Tentativa -> 10 | Pesquisa -> Konami
2021-10-03 15:20:43 Falha na extração
2021-10-03 15:20:43 Tentativa -> 01 | Pesquisa -> Capcom
2021-10-03 15:20:43 Falha na extração
2021-10-03 15:20:43 Tentativa -> 02 | Pesquisa -> Capcom
2021-10-03 15:20:43 Falha na extração
2021-10-03 15:20:43 Tentativa -> 03 | Pesquisa -> Capcom
2021-10-03 15:20:43 Falha na extração
2021-10-03 15:20:43 Tentativa -> 04 | Pesquisa -> Capcom
2021-10-03 15:20:44 Falha na extração
2021-10-03 15:20:44 Tentativa -> 05 | Pesquisa -> Capcom
2021-10-03 15:20:44 Falha na extração
2021-10-03 15:20:44 Tentativa -> 06 | Pesquisa -> Capcom
2021-10-03 15:20:44 Falha na extração
2021-10-03 15:20:44 Tentativa -> 07 | Pesquisa -> Capcom
2021-10-03 15:20:44 Falha na extração
2021-10-03 15:20:44 Tentativa -> 08 | Pesquisa -> Capcom
2021-10-03 15:20:44 Falha na extração
2021-10-03 15:20:44 Tentativa -> 09 | Pesquisa -> Capcom
2021-10-03 15:20:45 Falha na extração
2021-10-03 15:20:45 Tentativa -> 10 | Pesquisa -> Capcom
2021-10-03 15:20:45 Falha na extração
2021-10-03 15:20:45 Tentativa -> 01 | Pesquisa -> Nintendo Switch Online
2021-10-03 15:20:45 Falha na extração
2021-10-03 15:20:45 Tentativa -> 02 | Pesquisa -> Nintendo Switch Online
2021-10-03 15:20:45 Falha na extração
2021-10-03 15:20:45 Tentativa -> 03 | Pesquisa -> Nintendo Switch Online
2021-10-03 15:20:45 Falha na extração
2021-10-03 15:20:45 Tentativa -> 04 | Pesquisa -> Nintendo Switch Online
2021-10-03 15:20:46 Falha na extração
2021-10-03 15:20:46 Tentativa -> 05 | Pesquisa -> Nintendo Switch Online
2021-10-03 15:20:46 Falha na extração
2021-10-03 15:20:46 Tentativa -> 06 | Pesquisa -> Nintendo Switch Online
2021-10-03 15:20:46 Falha na extração
2021-10-03 15:20:46 Tentativa -> 07 | Pesquisa -> Nintendo Switch Online
2021-10-03 15:20:46 Falha na extração
2021-10-03 15:20:46 Tentativa -> 08 | Pesquisa -> Nintendo Switch Online
2021-10-03 15:20:46 Falha na extração
2021-10-03 15:20:46 Tentativa -> 09 | Pesquisa -> Nintendo Switch Online
2021-10-03 15:20:46 Falha na extração
2021-10-03 15:20:46 Tentativa -> 10 | Pesquisa -> Nintendo Switch Online
2021-10-03 15:20:46 Falha na extração
2021-10-03 15:20:46 Tentativa -> 01 | Pesquisa -> Gamepass
2021-10-03 15:20:46 Falha na extração
2021-10-03 15:20:46 Tentativa -> 02 | Pesquisa -> Gamepass
2021-10-03 15:20:47 Falha na extração
2021-10-03 15:20:47 Tentativa -> 03 | Pesquisa -> Gamepass
2021-10-03 15:20:47 Falha na extração
2021-10-03 15:20:47 Tentativa -> 04 | Pesquisa -> Gamepass
2021-10-03 15:20:47 Falha na extração
2021-10-03 15:20:47 Tentativa -> 05 | Pesquisa -> Gamepass
2021-10-03 15:20:47 Falha na extração
2021-10-03 15:20:47 Tentativa -> 06 | Pesquisa -> Gamepass
2021-10-03 15:20:47 Falha na extração
2021-10-03 15:20:47 Tentativa -> 07 | Pesquisa -> Gamepass
2021-10-03 15:20:47 Falha na extração
2021-10-03 15:20:47 Tentativa -> 08 | Pesquisa -> Gamepass
2021-10-03 15:20:47 Falha na extração
2021-10-03 15:20:47 Tentativa -> 09 | Pesquisa -> Gamepass
2021-10-03 15:20:47 Falha na extração
2021-10-03 15:20:47 Tentativa -> 10 | Pesquisa -> Gamepass
2021-10-03 15:20:47 Falha na extração
2021-10-03 15:20:47 Tentativa -> 01 | Pesquisa -> EA Access
2021-10-03 15:20:47 Falha na extração
2021-10-03 15:20:47 Tentativa -> 02 | Pesquisa -> EA Access
2021-10-03 15:20:48 Falha na extração
2021-10-03 15:20:48 Tentativa -> 03 | Pesquisa -> EA Access
2021-10-03 15:20:48 Falha na extração
2021-10-03 15:20:48 Tentativa -> 04 | Pesquisa -> EA Access
2021-10-03 15:20:48 Falha na extração
2021-10-03 15:20:48 Tentativa -> 05 | Pesquisa -> EA Access
2021-10-03 15:20:48 Falha na extração
2021-10-03 15:20:48 Tentativa -> 06 | Pesquisa -> EA Access
2021-10-03 15:20:48 Falha na extração
2021-10-03 15:20:48 Tentativa -> 07 | Pesquisa -> EA Access
2021-10-03 15:20:48 Falha na extração
2021-10-03 15:20:48 Tentativa -> 08 | Pesquisa -> EA Access
2021-10-03 15:20:48 Falha na extração
2021-10-03 15:20:48 Tentativa -> 09 | Pesquisa -> EA Access
2021-10-03 15:20:48 Falha na extração
2021-10-03 15:20:48 Tentativa -> 10 | Pesquisa -> EA Access
2021-10-03 15:20:48 Falha na extração
2021-10-03 15:20:48 Tentativa -> 01 | Pesquisa -> Playstation Now
2021-10-03 15:20:48 Falha na extração
2021-10-03 15:20:48 Tentativa -> 02 | Pesquisa -> Playstation Now
2021-10-03 15:20:49 Falha na extração
2021-10-03 15:20:49 Tentativa -> 03 | Pesquisa -> Playstation Now
2021-10-03 15:20:49 Falha na extração
2021-10-03 15:20:49 Tentativa -> 04 | Pesquisa -> Playstation Now
2021-10-03 15:20:49 Falha na extração
2021-10-03 15:20:49 Tentativa -> 05 | Pesquisa -> Playstation Now
2021-10-03 15:20:49 Falha na extração
2021-10-03 15:20:49 Tentativa -> 06 | Pesquisa -> Playstation Now
2021-10-03 15:20:49 Falha na extração
2021-10-03 15:20:49 Tentativa -> 07 | Pesquisa -> Playstation Now
2021-10-03 15:20:49 Falha na extração
2021-10-03 15:20:49 Tentativa -> 08 | Pesquisa -> Playstation Now
2021-10-03 15:20:49 Falha na extração
2021-10-03 15:20:49 Tentativa -> 09 | Pesquisa -> Playstation Now
2021-10-03 15:20:49 Falha na extração
2021-10-03 15:20:49 Tentativa -> 10 | Pesquisa -> Playstation Now
2021-10-03 15:20:49 Falha na extração
2021-10-03 15:20:49 Tentativa -> 01 | Pesquisa -> CD PROJEKT RED
2021-10-03 15:20:49 Falha na extração
2021-10-03 15:20:49 Tentativa -> 02 | Pesquisa -> CD PROJEKT RED
2021-10-03 15:20:50 Falha na extração
2021-10-03 15:20:50 Tentativa -> 03 | Pesquisa -> CD PROJEKT RED
2021-10-03 15:20:50 Falha na extração
2021-10-03 15:20:50 Tentativa -> 04 | Pesquisa -> CD PROJEKT RED
2021-10-03 15:20:50 Falha na extração
2021-10-03 15:20:50 Tentativa -> 05 | Pesquisa -> CD PROJEKT RED
2021-10-03 15:20:50 Falha na extração
2021-10-03 15:20:50 Tentativa -> 06 | Pesquisa -> CD PROJEKT RED
2021-10-03 15:20:50 Falha na extração
2021-10-03 15:20:50 Tentativa -> 07 | Pesquisa -> CD PROJEKT RED
2021-10-03 15:20:50 Falha na extração
2021-10-03 15:20:50 Tentativa -> 08 | Pesquisa -> CD PROJEKT RED
2021-10-03 15:20:50 Falha na extração
2021-10-03 15:20:50 Tentativa -> 09 | Pesquisa -> CD PROJEKT RED
2021-10-03 15:20:50 Falha na extração
2021-10-03 15:20:50 Tentativa -> 10 | Pesquisa -> CD PROJEKT RED
2021-10-03 15:20:50 Falha na extração
Foram removidas 4211 duplicidades
Foram coletados 4758 tweets
