2021-10-25 13:20:08 Tentativa -> 01 | Pesquisa -> Playstation
2021-10-25 13:21:20 Extração realizada
2021-10-25 13:21:20 Tentativa -> 01 | Pesquisa -> Xbox
2021-10-25 13:21:21 Falha na extração
2021-10-25 13:21:21 Tentativa -> 02 | Pesquisa -> Xbox
2021-10-25 13:21:22 Falha na extração
2021-10-25 13:21:22 Tentativa -> 03 | Pesquisa -> Xbox
2021-10-25 13:21:24 Falha na extração
2021-10-25 13:21:24 Tentativa -> 04 | Pesquisa -> Xbox
2021-10-25 13:21:25 Falha na extração
2021-10-25 13:21:25 Tentativa -> 05 | Pesquisa -> Xbox
2021-10-25 13:21:26 Falha na extração
2021-10-25 13:21:26 Tentativa -> 06 | Pesquisa -> Xbox
2021-10-25 13:21:27 Falha na extração
2021-10-25 13:21:27 Tentativa -> 07 | Pesquisa -> Xbox
2021-10-25 13:21:28 Falha na extração
2021-10-25 13:21:28 Tentativa -> 08 | Pesquisa -> Xbox
2021-10-25 13:21:32 Falha na extração
2021-10-25 13:21:32 Tentativa -> 09 | Pesquisa -> Xbox
2021-10-25 13:21:32 Falha na extração
2021-10-25 13:21:32 Tentativa -> 10 | Pesquisa -> Xbox
2021-10-25 13:21:33 Falha na extração
2021-10-25 13:21:33 Tentativa -> 01 | Pesquisa -> Nintendo
2021-10-25 13:21:34 Falha na extração
2021-10-25 13:21:34 Tentativa -> 02 | Pesquisa -> Nintendo
2021-10-25 13:21:35 Falha na extração
2021-10-25 13:21:35 Tentativa -> 03 | Pesquisa -> Nintendo
2021-10-25 13:21:35 Falha na extração
2021-10-25 13:21:35 Tentativa -> 04 | Pesquisa -> Nintendo
2021-10-25 13:21:36 Falha na extração
2021-10-25 13:21:36 Tentativa -> 05 | Pesquisa -> Nintendo
2021-10-25 13:21:37 Falha na extração
2021-10-25 13:21:37 Tentativa -> 06 | Pesquisa -> Nintendo
2021-10-25 13:21:38 Falha na extração
2021-10-25 13:21:38 Tentativa -> 07 | Pesquisa -> Nintendo
2021-10-25 13:21:39 Falha na extração
2021-10-25 13:21:39 Tentativa -> 08 | Pesquisa -> Nintendo
2021-10-25 13:21:40 Falha na extração
2021-10-25 13:21:40 Tentativa -> 09 | Pesquisa -> Nintendo
2021-10-25 13:21:45 Falha na extração
2021-10-25 13:21:45 Tentativa -> 10 | Pesquisa -> Nintendo
2021-10-25 13:21:46 Falha na extração
2021-10-25 13:21:46 Tentativa -> 01 | Pesquisa -> Blizzard
2021-10-25 13:21:46 Falha na extração
2021-10-25 13:21:46 Tentativa -> 02 | Pesquisa -> Blizzard
2021-10-25 13:21:47 Falha na extração
2021-10-25 13:21:47 Tentativa -> 03 | Pesquisa -> Blizzard
2021-10-25 13:21:48 Falha na extração
2021-10-25 13:21:48 Tentativa -> 04 | Pesquisa -> Blizzard
2021-10-25 13:21:48 Falha na extração
2021-10-25 13:21:48 Tentativa -> 05 | Pesquisa -> Blizzard
2021-10-25 13:21:49 Falha na extração
2021-10-25 13:21:49 Tentativa -> 06 | Pesquisa -> Blizzard
2021-10-25 13:21:50 Falha na extração
2021-10-25 13:21:50 Tentativa -> 07 | Pesquisa -> Blizzard
2021-10-25 13:21:51 Falha na extração
2021-10-25 13:21:51 Tentativa -> 08 | Pesquisa -> Blizzard
2021-10-25 13:21:53 Falha na extração
2021-10-25 13:21:53 Tentativa -> 09 | Pesquisa -> Blizzard
2021-10-25 13:21:54 Falha na extração
2021-10-25 13:21:54 Tentativa -> 10 | Pesquisa -> Blizzard
2021-10-25 13:21:58 Falha na extração
2021-10-25 13:21:58 Tentativa -> 01 | Pesquisa -> Activision
2021-10-25 13:21:59 Falha na extração
2021-10-25 13:21:59 Tentativa -> 02 | Pesquisa -> Activision
2021-10-25 13:22:00 Falha na extração
2021-10-25 13:22:00 Tentativa -> 03 | Pesquisa -> Activision
2021-10-25 13:22:01 Falha na extração
2021-10-25 13:22:01 Tentativa -> 04 | Pesquisa -> Activision
2021-10-25 13:22:02 Falha na extração
2021-10-25 13:22:02 Tentativa -> 05 | Pesquisa -> Activision
2021-10-25 13:22:03 Falha na extração
2021-10-25 13:22:03 Tentativa -> 06 | Pesquisa -> Activision
2021-10-25 13:22:04 Falha na extração
2021-10-25 13:22:04 Tentativa -> 07 | Pesquisa -> Activision
2021-10-25 13:22:04 Falha na extração
2021-10-25 13:22:04 Tentativa -> 08 | Pesquisa -> Activision
2021-10-25 13:22:06 Falha na extração
2021-10-25 13:22:06 Tentativa -> 09 | Pesquisa -> Activision
2021-10-25 13:22:06 Falha na extração
2021-10-25 13:22:06 Tentativa -> 10 | Pesquisa -> Activision
2021-10-25 13:22:07 Falha na extração
2021-10-25 13:22:07 Tentativa -> 01 | Pesquisa -> Naughty Dog
2021-10-25 13:22:08 Falha na extração
2021-10-25 13:22:08 Tentativa -> 02 | Pesquisa -> Naughty Dog
2021-10-25 13:22:08 Falha na extração
2021-10-25 13:22:08 Tentativa -> 03 | Pesquisa -> Naughty Dog
2021-10-25 13:22:11 Falha na extração
2021-10-25 13:22:11 Tentativa -> 04 | Pesquisa -> Naughty Dog
2021-10-25 13:22:11 Falha na extração
2021-10-25 13:22:11 Tentativa -> 05 | Pesquisa -> Naughty Dog
2021-10-25 13:22:12 Falha na extração
2021-10-25 13:22:12 Tentativa -> 06 | Pesquisa -> Naughty Dog
2021-10-25 13:22:12 Falha na extração
2021-10-25 13:22:12 Tentativa -> 07 | Pesquisa -> Naughty Dog
2021-10-25 13:22:12 Falha na extração
2021-10-25 13:22:12 Tentativa -> 08 | Pesquisa -> Naughty Dog
2021-10-25 13:22:13 Falha na extração
2021-10-25 13:22:13 Tentativa -> 09 | Pesquisa -> Naughty Dog
2021-10-25 13:22:13 Falha na extração
2021-10-25 13:22:13 Tentativa -> 10 | Pesquisa -> Naughty Dog
2021-10-25 13:22:13 Falha na extração
2021-10-25 13:22:13 Tentativa -> 01 | Pesquisa -> EA
2021-10-25 13:22:13 Falha na extração
2021-10-25 13:22:13 Tentativa -> 02 | Pesquisa -> EA
2021-10-25 13:22:14 Falha na extração
2021-10-25 13:22:14 Tentativa -> 03 | Pesquisa -> EA
2021-10-25 13:22:14 Falha na extração
2021-10-25 13:22:14 Tentativa -> 04 | Pesquisa -> EA
2021-10-25 13:22:14 Falha na extração
2021-10-25 13:22:14 Tentativa -> 05 | Pesquisa -> EA
2021-10-25 13:22:15 Falha na extração
2021-10-25 13:22:15 Tentativa -> 06 | Pesquisa -> EA
2021-10-25 13:22:15 Falha na extração
2021-10-25 13:22:15 Tentativa -> 07 | Pesquisa -> EA
2021-10-25 13:22:15 Falha na extração
2021-10-25 13:22:15 Tentativa -> 08 | Pesquisa -> EA
2021-10-25 13:22:15 Falha na extração
2021-10-25 13:22:15 Tentativa -> 09 | Pesquisa -> EA
2021-10-25 13:22:16 Falha na extração
2021-10-25 13:22:16 Tentativa -> 10 | Pesquisa -> EA
2021-10-25 13:22:16 Falha na extração
2021-10-25 13:22:16 Tentativa -> 01 | Pesquisa -> Konami
2021-10-25 13:22:17 Falha na extração
2021-10-25 13:22:17 Tentativa -> 02 | Pesquisa -> Konami
2021-10-25 13:22:17 Falha na extração
2021-10-25 13:22:17 Tentativa -> 03 | Pesquisa -> Konami
2021-10-25 13:22:18 Falha na extração
2021-10-25 13:22:18 Tentativa -> 04 | Pesquisa -> Konami
2021-10-25 13:22:19 Falha na extração
2021-10-25 13:22:19 Tentativa -> 05 | Pesquisa -> Konami
2021-10-25 13:22:19 Falha na extração
2021-10-25 13:22:19 Tentativa -> 06 | Pesquisa -> Konami
2021-10-25 13:22:20 Falha na extração
2021-10-25 13:22:20 Tentativa -> 07 | Pesquisa -> Konami
2021-10-25 13:22:21 Falha na extração
2021-10-25 13:22:21 Tentativa -> 08 | Pesquisa -> Konami
2021-10-25 13:22:24 Falha na extração
2021-10-25 13:22:24 Tentativa -> 09 | Pesquisa -> Konami
2021-10-25 13:22:25 Falha na extração
2021-10-25 13:22:25 Tentativa -> 10 | Pesquisa -> Konami
2021-10-25 13:22:25 Falha na extração
2021-10-25 13:22:25 Tentativa -> 01 | Pesquisa -> Capcom
2021-10-25 13:22:25 Falha na extração
2021-10-25 13:22:25 Tentativa -> 02 | Pesquisa -> Capcom
2021-10-25 13:22:26 Falha na extração
2021-10-25 13:22:26 Tentativa -> 03 | Pesquisa -> Capcom
2021-10-25 13:22:26 Falha na extração
2021-10-25 13:22:26 Tentativa -> 04 | Pesquisa -> Capcom
2021-10-25 13:22:26 Falha na extração
2021-10-25 13:22:26 Tentativa -> 05 | Pesquisa -> Capcom
2021-10-25 13:22:27 Falha na extração
2021-10-25 13:22:27 Tentativa -> 06 | Pesquisa -> Capcom
2021-10-25 13:22:27 Falha na extração
2021-10-25 13:22:27 Tentativa -> 07 | Pesquisa -> Capcom
2021-10-25 13:22:27 Falha na extração
2021-10-25 13:22:27 Tentativa -> 08 | Pesquisa -> Capcom
2021-10-25 13:22:27 Falha na extração
2021-10-25 13:22:27 Tentativa -> 09 | Pesquisa -> Capcom
2021-10-25 13:22:28 Falha na extração
2021-10-25 13:22:28 Tentativa -> 10 | Pesquisa -> Capcom
2021-10-25 13:22:28 Falha na extração
2021-10-25 13:22:28 Tentativa -> 01 | Pesquisa -> Nintendo Switch Online
2021-10-25 13:22:28 Falha na extração
2021-10-25 13:22:28 Tentativa -> 02 | Pesquisa -> Nintendo Switch Online
2021-10-25 13:22:28 Falha na extração
2021-10-25 13:22:28 Tentativa -> 03 | Pesquisa -> Nintendo Switch Online
2021-10-25 13:22:29 Falha na extração
2021-10-25 13:22:29 Tentativa -> 04 | Pesquisa -> Nintendo Switch Online
2021-10-25 13:22:30 Falha na extração
2021-10-25 13:22:30 Tentativa -> 05 | Pesquisa -> Nintendo Switch Online
2021-10-25 13:22:30 Falha na extração
2021-10-25 13:22:30 Tentativa -> 06 | Pesquisa -> Nintendo Switch Online
2021-10-25 13:22:30 Falha na extração
2021-10-25 13:22:30 Tentativa -> 07 | Pesquisa -> Nintendo Switch Online
2021-10-25 13:22:30 Falha na extração
2021-10-25 13:22:30 Tentativa -> 08 | Pesquisa -> Nintendo Switch Online
2021-10-25 13:22:31 Falha na extração
2021-10-25 13:22:31 Tentativa -> 09 | Pesquisa -> Nintendo Switch Online
2021-10-25 13:22:31 Falha na extração
2021-10-25 13:22:31 Tentativa -> 10 | Pesquisa -> Nintendo Switch Online
2021-10-25 13:22:32 Falha na extração
2021-10-25 13:22:32 Tentativa -> 01 | Pesquisa -> Gamepass
2021-10-25 13:22:32 Falha na extração
2021-10-25 13:22:32 Tentativa -> 02 | Pesquisa -> Gamepass
2021-10-25 13:22:32 Falha na extração
2021-10-25 13:22:32 Tentativa -> 03 | Pesquisa -> Gamepass
2021-10-25 13:22:33 Falha na extração
2021-10-25 13:22:33 Tentativa -> 04 | Pesquisa -> Gamepass
2021-10-25 13:22:34 Falha na extração
2021-10-25 13:22:34 Tentativa -> 05 | Pesquisa -> Gamepass
2021-10-25 13:22:34 Falha na extração
2021-10-25 13:22:34 Tentativa -> 06 | Pesquisa -> Gamepass
2021-10-25 13:22:34 Falha na extração
2021-10-25 13:22:34 Tentativa -> 07 | Pesquisa -> Gamepass
2021-10-25 13:22:35 Falha na extração
2021-10-25 13:22:35 Tentativa -> 08 | Pesquisa -> Gamepass
2021-10-25 13:22:37 Falha na extração
2021-10-25 13:22:37 Tentativa -> 09 | Pesquisa -> Gamepass
2021-10-25 13:22:38 Falha na extração
2021-10-25 13:22:38 Tentativa -> 10 | Pesquisa -> Gamepass
2021-10-25 13:22:38 Falha na extração
2021-10-25 13:22:38 Tentativa -> 01 | Pesquisa -> EA Access
2021-10-25 13:22:38 Falha na extração
2021-10-25 13:22:38 Tentativa -> 02 | Pesquisa -> EA Access
2021-10-25 13:22:39 Falha na extração
2021-10-25 13:22:39 Tentativa -> 03 | Pesquisa -> EA Access
2021-10-25 13:22:39 Falha na extração
2021-10-25 13:22:39 Tentativa -> 04 | Pesquisa -> EA Access
2021-10-25 13:22:39 Falha na extração
2021-10-25 13:22:39 Tentativa -> 05 | Pesquisa -> EA Access
2021-10-25 13:22:39 Falha na extração
2021-10-25 13:22:39 Tentativa -> 06 | Pesquisa -> EA Access
2021-10-25 13:22:40 Falha na extração
2021-10-25 13:22:40 Tentativa -> 07 | Pesquisa -> EA Access
2021-10-25 13:22:40 Falha na extração
2021-10-25 13:22:40 Tentativa -> 08 | Pesquisa -> EA Access
2021-10-25 13:22:40 Falha na extração
2021-10-25 13:22:40 Tentativa -> 09 | Pesquisa -> EA Access
2021-10-25 13:22:41 Falha na extração
2021-10-25 13:22:41 Tentativa -> 10 | Pesquisa -> EA Access
2021-10-25 13:22:41 Falha na extração
2021-10-25 13:22:41 Tentativa -> 01 | Pesquisa -> Playstation Now
2021-10-25 13:22:42 Falha na extração
2021-10-25 13:22:42 Tentativa -> 02 | Pesquisa -> Playstation Now
2021-10-25 13:22:42 Falha na extração
2021-10-25 13:22:42 Tentativa -> 03 | Pesquisa -> Playstation Now
2021-10-25 13:22:43 Falha na extração
2021-10-25 13:22:43 Tentativa -> 04 | Pesquisa -> Playstation Now
2021-10-25 13:22:43 Falha na extração
2021-10-25 13:22:43 Tentativa -> 05 | Pesquisa -> Playstation Now
2021-10-25 13:22:43 Falha na extração
2021-10-25 13:22:43 Tentativa -> 06 | Pesquisa -> Playstation Now
2021-10-25 13:22:44 Falha na extração
2021-10-25 13:22:44 Tentativa -> 07 | Pesquisa -> Playstation Now
2021-10-25 13:22:45 Falha na extração
2021-10-25 13:22:45 Tentativa -> 08 | Pesquisa -> Playstation Now
2021-10-25 13:22:45 Falha na extração
2021-10-25 13:22:45 Tentativa -> 09 | Pesquisa -> Playstation Now
2021-10-25 13:22:45 Falha na extração
2021-10-25 13:22:45 Tentativa -> 10 | Pesquisa -> Playstation Now
2021-10-25 13:22:46 Falha na extração
2021-10-25 13:22:46 Tentativa -> 01 | Pesquisa -> CD PROJEKT RED
2021-10-25 13:22:47 Falha na extração
2021-10-25 13:22:47 Tentativa -> 02 | Pesquisa -> CD PROJEKT RED
2021-10-25 13:22:47 Falha na extração
2021-10-25 13:22:47 Tentativa -> 03 | Pesquisa -> CD PROJEKT RED
2021-10-25 13:22:47 Falha na extração
2021-10-25 13:22:47 Tentativa -> 04 | Pesquisa -> CD PROJEKT RED
2021-10-25 13:22:48 Falha na extração
2021-10-25 13:22:48 Tentativa -> 05 | Pesquisa -> CD PROJEKT RED
2021-10-25 13:22:48 Falha na extração
2021-10-25 13:22:48 Tentativa -> 06 | Pesquisa -> CD PROJEKT RED
2021-10-25 13:22:48 Falha na extração
2021-10-25 13:22:48 Tentativa -> 07 | Pesquisa -> CD PROJEKT RED
2021-10-25 13:22:48 Falha na extração
2021-10-25 13:22:48 Tentativa -> 08 | Pesquisa -> CD PROJEKT RED
2021-10-25 13:22:51 Falha na extração
2021-10-25 13:22:51 Tentativa -> 09 | Pesquisa -> CD PROJEKT RED
2021-10-25 13:22:51 Falha na extração
2021-10-25 13:22:51 Tentativa -> 10 | Pesquisa -> CD PROJEKT RED
2021-10-25 13:22:52 Falha na extração
Foram removidas 3163 duplicidades
Foram coletados 5837 tweets
