2021-10-19 12:33:34 Tentativa -> 01 | Pesquisa -> Playstation
2021-10-19 12:33:35 Falha na extração
2021-10-19 12:33:35 Tentativa -> 02 | Pesquisa -> Playstation
2021-10-19 12:33:35 Falha na extração
2021-10-19 12:33:35 Tentativa -> 03 | Pesquisa -> Playstation
2021-10-19 12:33:35 Falha na extração
2021-10-19 12:33:35 Tentativa -> 04 | Pesquisa -> Playstation
2021-10-19 12:33:35 Falha na extração
2021-10-19 12:33:35 Tentativa -> 05 | Pesquisa -> Playstation
2021-10-19 12:33:35 Falha na extração
2021-10-19 12:33:35 Tentativa -> 06 | Pesquisa -> Playstation
2021-10-19 12:33:35 Falha na extração
2021-10-19 12:33:35 Tentativa -> 07 | Pesquisa -> Playstation
2021-10-19 12:33:35 Falha na extração
2021-10-19 12:33:35 Tentativa -> 08 | Pesquisa -> Playstation
2021-10-19 12:33:36 Falha na extração
2021-10-19 12:33:36 Tentativa -> 09 | Pesquisa -> Playstation
2021-10-19 12:33:36 Falha na extração
2021-10-19 12:33:36 Tentativa -> 10 | Pesquisa -> Playstation
2021-10-19 12:33:36 Falha na extração
2021-10-19 12:33:36 Tentativa -> 01 | Pesquisa -> Xbox
2021-10-19 12:33:36 Falha na extração
2021-10-19 12:33:36 Tentativa -> 02 | Pesquisa -> Xbox
2021-10-19 12:33:36 Falha na extração
2021-10-19 12:33:36 Tentativa -> 03 | Pesquisa -> Xbox
2021-10-19 12:33:36 Falha na extração
2021-10-19 12:33:36 Tentativa -> 04 | Pesquisa -> Xbox
2021-10-19 12:33:36 Falha na extração
2021-10-19 12:33:36 Tentativa -> 05 | Pesquisa -> Xbox
2021-10-19 12:33:37 Falha na extração
2021-10-19 12:33:37 Tentativa -> 06 | Pesquisa -> Xbox
2021-10-19 12:33:37 Falha na extração
2021-10-19 12:33:37 Tentativa -> 07 | Pesquisa -> Xbox
2021-10-19 12:33:37 Falha na extração
2021-10-19 12:33:37 Tentativa -> 08 | Pesquisa -> Xbox
2021-10-19 12:33:37 Falha na extração
2021-10-19 12:33:37 Tentativa -> 09 | Pesquisa -> Xbox
2021-10-19 12:33:37 Falha na extração
2021-10-19 12:33:37 Tentativa -> 10 | Pesquisa -> Xbox
2021-10-19 12:33:37 Falha na extração
2021-10-19 12:33:37 Tentativa -> 01 | Pesquisa -> Nintendo
2021-10-19 12:33:37 Falha na extração
2021-10-19 12:33:37 Tentativa -> 02 | Pesquisa -> Nintendo
2021-10-19 12:33:37 Falha na extração
2021-10-19 12:33:37 Tentativa -> 03 | Pesquisa -> Nintendo
2021-10-19 12:33:37 Falha na extração
2021-10-19 12:33:37 Tentativa -> 04 | Pesquisa -> Nintendo
2021-10-19 12:33:38 Falha na extração
2021-10-19 12:33:38 Tentativa -> 05 | Pesquisa -> Nintendo
2021-10-19 12:33:38 Falha na extração
2021-10-19 12:33:38 Tentativa -> 06 | Pesquisa -> Nintendo
2021-10-19 12:33:38 Falha na extração
2021-10-19 12:33:38 Tentativa -> 07 | Pesquisa -> Nintendo
2021-10-19 12:33:38 Falha na extração
2021-10-19 12:33:38 Tentativa -> 08 | Pesquisa -> Nintendo
2021-10-19 12:33:38 Falha na extração
2021-10-19 12:33:38 Tentativa -> 09 | Pesquisa -> Nintendo
2021-10-19 12:33:38 Falha na extração
2021-10-19 12:33:38 Tentativa -> 10 | Pesquisa -> Nintendo
2021-10-19 12:33:38 Falha na extração
2021-10-19 12:33:38 Tentativa -> 01 | Pesquisa -> Blizzard
2021-10-19 12:33:38 Falha na extração
2021-10-19 12:33:38 Tentativa -> 02 | Pesquisa -> Blizzard
2021-10-19 12:33:39 Falha na extração
2021-10-19 12:33:39 Tentativa -> 03 | Pesquisa -> Blizzard
2021-10-19 12:33:39 Falha na extração
2021-10-19 12:33:39 Tentativa -> 04 | Pesquisa -> Blizzard
2021-10-19 12:33:39 Falha na extração
2021-10-19 12:33:39 Tentativa -> 05 | Pesquisa -> Blizzard
2021-10-19 12:33:39 Falha na extração
2021-10-19 12:33:39 Tentativa -> 06 | Pesquisa -> Blizzard
2021-10-19 12:33:39 Falha na extração
2021-10-19 12:33:39 Tentativa -> 07 | Pesquisa -> Blizzard
2021-10-19 12:33:39 Falha na extração
2021-10-19 12:33:39 Tentativa -> 08 | Pesquisa -> Blizzard
2021-10-19 12:33:39 Falha na extração
2021-10-19 12:33:39 Tentativa -> 09 | Pesquisa -> Blizzard
2021-10-19 12:33:40 Falha na extração
2021-10-19 12:33:40 Tentativa -> 10 | Pesquisa -> Blizzard
2021-10-19 12:33:40 Falha na extração
2021-10-19 12:33:40 Tentativa -> 01 | Pesquisa -> Activision
2021-10-19 12:33:40 Falha na extração
2021-10-19 12:33:40 Tentativa -> 02 | Pesquisa -> Activision
2021-10-19 12:33:40 Falha na extração
2021-10-19 12:33:40 Tentativa -> 03 | Pesquisa -> Activision
2021-10-19 12:33:40 Falha na extração
2021-10-19 12:33:40 Tentativa -> 04 | Pesquisa -> Activision
2021-10-19 12:33:44 Falha na extração
2021-10-19 12:33:44 Tentativa -> 05 | Pesquisa -> Activision
2021-10-19 12:33:48 Falha na extração
2021-10-19 12:33:48 Tentativa -> 06 | Pesquisa -> Activision
2021-10-19 12:33:52 Falha na extração
2021-10-19 12:33:52 Tentativa -> 07 | Pesquisa -> Activision
2021-10-19 12:33:55 Falha na extração
2021-10-19 12:33:55 Tentativa -> 08 | Pesquisa -> Activision
2021-10-19 12:33:58 Falha na extração
2021-10-19 12:33:58 Tentativa -> 09 | Pesquisa -> Activision
2021-10-19 12:33:58 Falha na extração
2021-10-19 12:33:58 Tentativa -> 10 | Pesquisa -> Activision
2021-10-19 12:33:59 Falha na extração
2021-10-19 12:33:59 Tentativa -> 01 | Pesquisa -> Naughty Dog
2021-10-19 12:34:00 Falha na extração
2021-10-19 12:34:00 Tentativa -> 02 | Pesquisa -> Naughty Dog
2021-10-19 12:34:00 Falha na extração
2021-10-19 12:34:00 Tentativa -> 03 | Pesquisa -> Naughty Dog
2021-10-19 12:34:01 Falha na extração
2021-10-19 12:34:01 Tentativa -> 04 | Pesquisa -> Naughty Dog
2021-10-19 12:34:02 Falha na extração
2021-10-19 12:34:02 Tentativa -> 05 | Pesquisa -> Naughty Dog
2021-10-19 12:34:03 Falha na extração
2021-10-19 12:34:03 Tentativa -> 06 | Pesquisa -> Naughty Dog
2021-10-19 12:34:04 Falha na extração
2021-10-19 12:34:04 Tentativa -> 07 | Pesquisa -> Naughty Dog
2021-10-19 12:34:06 Falha na extração
2021-10-19 12:34:06 Tentativa -> 08 | Pesquisa -> Naughty Dog
2021-10-19 12:34:08 Falha na extração
2021-10-19 12:34:08 Tentativa -> 09 | Pesquisa -> Naughty Dog
2021-10-19 12:34:18 Falha na extração
2021-10-19 12:34:18 Tentativa -> 10 | Pesquisa -> Naughty Dog
2021-10-19 12:34:29 Falha na extração
2021-10-19 12:34:29 Tentativa -> 01 | Pesquisa -> EA
2021-10-19 12:34:43 Falha na extração
2021-10-19 12:34:43 Tentativa -> 02 | Pesquisa -> EA
2021-10-19 12:34:47 Falha na extração
2021-10-19 12:34:47 Tentativa -> 03 | Pesquisa -> EA
2021-10-19 12:34:49 Falha na extração
2021-10-19 12:34:49 Tentativa -> 04 | Pesquisa -> EA
2021-10-19 12:34:51 Falha na extração
2021-10-19 12:34:51 Tentativa -> 05 | Pesquisa -> EA
2021-10-19 12:34:54 Falha na extração
2021-10-19 12:34:54 Tentativa -> 06 | Pesquisa -> EA
2021-10-19 12:34:56 Falha na extração
2021-10-19 12:34:56 Tentativa -> 07 | Pesquisa -> EA
2021-10-19 12:34:58 Falha na extração
2021-10-19 12:34:58 Tentativa -> 08 | Pesquisa -> EA
2021-10-19 12:35:01 Falha na extração
2021-10-19 12:35:01 Tentativa -> 09 | Pesquisa -> EA
2021-10-19 12:35:03 Falha na extração
2021-10-19 12:35:03 Tentativa -> 10 | Pesquisa -> EA
2021-10-19 12:35:07 Falha na extração
2021-10-19 12:35:07 Tentativa -> 01 | Pesquisa -> Konami
2021-10-19 12:35:08 Falha na extração
2021-10-19 12:35:08 Tentativa -> 02 | Pesquisa -> Konami
2021-10-19 12:35:10 Falha na extração
2021-10-19 12:35:10 Tentativa -> 03 | Pesquisa -> Konami
2021-10-19 12:35:13 Falha na extração
2021-10-19 12:35:13 Tentativa -> 04 | Pesquisa -> Konami
2021-10-19 12:35:25 Falha na extração
2021-10-19 12:35:25 Tentativa -> 05 | Pesquisa -> Konami
2021-10-19 12:35:37 Falha na extração
2021-10-19 12:35:37 Tentativa -> 06 | Pesquisa -> Konami
2021-10-19 12:35:38 Falha na extração
2021-10-19 12:35:39 Tentativa -> 07 | Pesquisa -> Konami
2021-10-19 12:35:42 Falha na extração
2021-10-19 12:35:42 Tentativa -> 08 | Pesquisa -> Konami
2021-10-19 12:35:44 Falha na extração
2021-10-19 12:35:45 Tentativa -> 09 | Pesquisa -> Konami
2021-10-19 12:35:47 Falha na extração
2021-10-19 12:35:47 Tentativa -> 10 | Pesquisa -> Konami
2021-10-19 12:35:54 Falha na extração
2021-10-19 12:35:54 Tentativa -> 01 | Pesquisa -> Capcom
2021-10-19 12:36:00 Falha na extração
2021-10-19 12:36:00 Tentativa -> 02 | Pesquisa -> Capcom
2021-10-19 12:36:02 Falha na extração
2021-10-19 12:36:02 Tentativa -> 03 | Pesquisa -> Capcom
2021-10-19 12:36:04 Falha na extração
2021-10-19 12:36:04 Tentativa -> 04 | Pesquisa -> Capcom
2021-10-19 12:36:07 Falha na extração
2021-10-19 12:36:07 Tentativa -> 05 | Pesquisa -> Capcom
2021-10-19 12:36:11 Falha na extração
2021-10-19 12:36:11 Tentativa -> 06 | Pesquisa -> Capcom
2021-10-19 12:36:16 Falha na extração
2021-10-19 12:36:16 Tentativa -> 07 | Pesquisa -> Capcom
2021-10-19 12:36:28 Falha na extração
2021-10-19 12:36:28 Tentativa -> 08 | Pesquisa -> Capcom
2021-10-19 12:36:42 Falha na extração
2021-10-19 12:36:42 Tentativa -> 09 | Pesquisa -> Capcom
2021-10-19 12:36:57 Falha na extração
2021-10-19 12:36:57 Tentativa -> 10 | Pesquisa -> Capcom
2021-10-19 12:37:09 Falha na extração
2021-10-19 12:37:10 Tentativa -> 01 | Pesquisa -> Nintendo Switch Online
2021-10-19 12:37:20 Falha na extração
2021-10-19 12:37:20 Tentativa -> 02 | Pesquisa -> Nintendo Switch Online
2021-10-19 12:37:33 Falha na extração
2021-10-19 12:37:33 Tentativa -> 03 | Pesquisa -> Nintendo Switch Online
2021-10-19 12:37:38 Falha na extração
2021-10-19 12:37:38 Tentativa -> 04 | Pesquisa -> Nintendo Switch Online
2021-10-19 12:37:40 Falha na extração
2021-10-19 12:37:40 Tentativa -> 05 | Pesquisa -> Nintendo Switch Online
2021-10-19 12:37:41 Falha na extração
2021-10-19 12:37:41 Tentativa -> 06 | Pesquisa -> Nintendo Switch Online
2021-10-19 12:37:43 Falha na extração
2021-10-19 12:37:43 Tentativa -> 07 | Pesquisa -> Nintendo Switch Online
2021-10-19 12:37:46 Falha na extração
2021-10-19 12:37:46 Tentativa -> 08 | Pesquisa -> Nintendo Switch Online
2021-10-19 12:37:47 Falha na extração
2021-10-19 12:37:47 Tentativa -> 09 | Pesquisa -> Nintendo Switch Online
2021-10-19 12:37:49 Falha na extração
2021-10-19 12:37:49 Tentativa -> 10 | Pesquisa -> Nintendo Switch Online
2021-10-19 12:37:52 Falha na extração
2021-10-19 12:37:52 Tentativa -> 01 | Pesquisa -> Gamepass
2021-10-19 12:37:54 Falha na extração
2021-10-19 12:37:54 Tentativa -> 02 | Pesquisa -> Gamepass
2021-10-19 12:37:56 Falha na extração
2021-10-19 12:37:56 Tentativa -> 03 | Pesquisa -> Gamepass
2021-10-19 12:37:58 Falha na extração
2021-10-19 12:37:58 Tentativa -> 04 | Pesquisa -> Gamepass
2021-10-19 12:38:01 Falha na extração
2021-10-19 12:38:01 Tentativa -> 05 | Pesquisa -> Gamepass
2021-10-19 12:38:03 Falha na extração
2021-10-19 12:38:03 Tentativa -> 06 | Pesquisa -> Gamepass
2021-10-19 12:38:05 Falha na extração
2021-10-19 12:38:05 Tentativa -> 07 | Pesquisa -> Gamepass
2021-10-19 12:38:08 Falha na extração
2021-10-19 12:38:08 Tentativa -> 08 | Pesquisa -> Gamepass
2021-10-19 12:38:11 Falha na extração
2021-10-19 12:38:11 Tentativa -> 09 | Pesquisa -> Gamepass
2021-10-19 12:38:13 Falha na extração
2021-10-19 12:38:13 Tentativa -> 10 | Pesquisa -> Gamepass
2021-10-19 12:38:15 Falha na extração
2021-10-19 12:38:15 Tentativa -> 01 | Pesquisa -> EA Access
2021-10-19 12:38:18 Falha na extração
2021-10-19 12:38:18 Tentativa -> 02 | Pesquisa -> EA Access
2021-10-19 12:38:20 Falha na extração
2021-10-19 12:38:21 Tentativa -> 03 | Pesquisa -> EA Access
2021-10-19 12:38:24 Falha na extração
2021-10-19 12:38:24 Tentativa -> 04 | Pesquisa -> EA Access
2021-10-19 12:38:27 Falha na extração
2021-10-19 12:38:28 Tentativa -> 05 | Pesquisa -> EA Access
2021-10-19 12:38:32 Falha na extração
2021-10-19 12:38:33 Tentativa -> 06 | Pesquisa -> EA Access
2021-10-19 12:38:35 Falha na extração
2021-10-19 12:38:35 Tentativa -> 07 | Pesquisa -> EA Access
2021-10-19 12:38:45 Falha na extração
2021-10-19 12:38:45 Tentativa -> 08 | Pesquisa -> EA Access
2021-10-19 12:38:57 Falha na extração
2021-10-19 12:38:57 Tentativa -> 09 | Pesquisa -> EA Access
2021-10-19 12:39:04 Falha na extração
2021-10-19 12:39:04 Tentativa -> 10 | Pesquisa -> EA Access
2021-10-19 12:39:13 Falha na extração
2021-10-19 12:39:13 Tentativa -> 01 | Pesquisa -> Playstation Now
2021-10-19 12:39:24 Falha na extração
2021-10-19 12:39:25 Tentativa -> 02 | Pesquisa -> Playstation Now
2021-10-19 12:39:44 Falha na extração
2021-10-19 12:39:44 Tentativa -> 03 | Pesquisa -> Playstation Now
2021-10-19 12:39:56 Falha na extração
2021-10-19 12:39:56 Tentativa -> 04 | Pesquisa -> Playstation Now
2021-10-19 12:40:06 Falha na extração
2021-10-19 12:40:06 Tentativa -> 05 | Pesquisa -> Playstation Now
2021-10-19 12:40:06 Falha na extração
2021-10-19 12:40:06 Tentativa -> 06 | Pesquisa -> Playstation Now
2021-10-19 12:40:06 Falha na extração
2021-10-19 12:40:06 Tentativa -> 07 | Pesquisa -> Playstation Now
2021-10-19 12:40:06 Falha na extração
2021-10-19 12:40:06 Tentativa -> 08 | Pesquisa -> Playstation Now
2021-10-19 12:40:06 Falha na extração
2021-10-19 12:40:06 Tentativa -> 09 | Pesquisa -> Playstation Now
2021-10-19 12:40:07 Falha na extração
2021-10-19 12:40:07 Tentativa -> 10 | Pesquisa -> Playstation Now
2021-10-19 12:40:07 Falha na extração
2021-10-19 12:40:07 Tentativa -> 01 | Pesquisa -> CD PROJEKT RED
2021-10-19 12:40:07 Falha na extração
2021-10-19 12:40:07 Tentativa -> 02 | Pesquisa -> CD PROJEKT RED
2021-10-19 12:40:07 Falha na extração
2021-10-19 12:40:07 Tentativa -> 03 | Pesquisa -> CD PROJEKT RED
2021-10-19 12:40:07 Falha na extração
2021-10-19 12:40:07 Tentativa -> 04 | Pesquisa -> CD PROJEKT RED
2021-10-19 12:40:07 Falha na extração
2021-10-19 12:40:07 Tentativa -> 05 | Pesquisa -> CD PROJEKT RED
2021-10-19 12:40:07 Falha na extração
2021-10-19 12:40:07 Tentativa -> 06 | Pesquisa -> CD PROJEKT RED
2021-10-19 12:40:08 Falha na extração
2021-10-19 12:40:08 Tentativa -> 07 | Pesquisa -> CD PROJEKT RED
2021-10-19 12:40:08 Falha na extração
2021-10-19 12:40:08 Tentativa -> 08 | Pesquisa -> CD PROJEKT RED
2021-10-19 12:40:08 Falha na extração
2021-10-19 12:40:08 Tentativa -> 09 | Pesquisa -> CD PROJEKT RED
2021-10-19 12:40:08 Falha na extração
2021-10-19 12:40:08 Tentativa -> 10 | Pesquisa -> CD PROJEKT RED
2021-10-19 12:40:08 Falha na extração
