2021-09-30 02:00:03 Tentativa -> 01 | Pesquisa -> Playstation
2021-09-30 02:00:05 Extração realizada
2021-09-30 02:00:05 Tentativa -> 01 | Pesquisa -> Xbox
2021-09-30 02:00:08 Extração realizada
2021-09-30 02:00:08 Tentativa -> 01 | Pesquisa -> Nintendo
2021-09-30 02:01:09 Extração realizada
2021-09-30 02:01:09 Tentativa -> 01 | Pesquisa -> Blizzard
2021-09-30 02:01:10 Falha na extração
2021-09-30 02:01:10 Tentativa -> 02 | Pesquisa -> Blizzard
2021-09-30 02:01:11 Falha na extração
2021-09-30 02:01:11 Tentativa -> 03 | Pesquisa -> Blizzard
2021-09-30 02:01:12 Falha na extração
2021-09-30 02:01:12 Tentativa -> 04 | Pesquisa -> Blizzard
2021-09-30 02:01:12 Falha na extração
2021-09-30 02:01:12 Tentativa -> 05 | Pesquisa -> Blizzard
2021-09-30 02:01:12 Falha na extração
2021-09-30 02:01:12 Tentativa -> 06 | Pesquisa -> Blizzard
2021-09-30 02:01:13 Falha na extração
2021-09-30 02:01:13 Tentativa -> 07 | Pesquisa -> Blizzard
2021-09-30 02:01:14 Falha na extração
2021-09-30 02:01:14 Tentativa -> 08 | Pesquisa -> Blizzard
2021-09-30 02:01:14 Falha na extração
2021-09-30 02:01:14 Tentativa -> 09 | Pesquisa -> Blizzard
2021-09-30 02:01:14 Falha na extração
2021-09-30 02:01:14 Tentativa -> 10 | Pesquisa -> Blizzard
2021-09-30 02:01:15 Falha na extração
2021-09-30 02:01:15 Tentativa -> 01 | Pesquisa -> Activision
2021-09-30 02:01:15 Falha na extração
2021-09-30 02:01:15 Tentativa -> 02 | Pesquisa -> Activision
2021-09-30 02:01:15 Falha na extração
2021-09-30 02:01:15 Tentativa -> 03 | Pesquisa -> Activision
2021-09-30 02:01:16 Falha na extração
2021-09-30 02:01:16 Tentativa -> 04 | Pesquisa -> Activision
2021-09-30 02:01:16 Falha na extração
2021-09-30 02:01:16 Tentativa -> 05 | Pesquisa -> Activision
2021-09-30 02:01:17 Falha na extração
2021-09-30 02:01:17 Tentativa -> 06 | Pesquisa -> Activision
2021-09-30 02:01:17 Falha na extração
2021-09-30 02:01:17 Tentativa -> 07 | Pesquisa -> Activision
2021-09-30 02:01:18 Falha na extração
2021-09-30 02:01:18 Tentativa -> 08 | Pesquisa -> Activision
2021-09-30 02:01:18 Falha na extração
2021-09-30 02:01:18 Tentativa -> 09 | Pesquisa -> Activision
2021-09-30 02:01:18 Falha na extração
2021-09-30 02:01:18 Tentativa -> 10 | Pesquisa -> Activision
2021-09-30 02:01:19 Falha na extração
2021-09-30 02:01:19 Tentativa -> 01 | Pesquisa -> Naughty Dog
2021-09-30 02:01:19 Falha na extração
2021-09-30 02:01:19 Tentativa -> 02 | Pesquisa -> Naughty Dog
2021-09-30 02:01:19 Falha na extração
2021-09-30 02:01:19 Tentativa -> 03 | Pesquisa -> Naughty Dog
2021-09-30 02:01:20 Falha na extração
2021-09-30 02:01:20 Tentativa -> 04 | Pesquisa -> Naughty Dog
2021-09-30 02:01:20 Falha na extração
2021-09-30 02:01:20 Tentativa -> 05 | Pesquisa -> Naughty Dog
2021-09-30 02:01:21 Falha na extração
2021-09-30 02:01:21 Tentativa -> 06 | Pesquisa -> Naughty Dog
2021-09-30 02:01:21 Falha na extração
2021-09-30 02:01:21 Tentativa -> 07 | Pesquisa -> Naughty Dog
2021-09-30 02:01:22 Falha na extração
2021-09-30 02:01:22 Tentativa -> 08 | Pesquisa -> Naughty Dog
2021-09-30 02:01:22 Falha na extração
2021-09-30 02:01:22 Tentativa -> 09 | Pesquisa -> Naughty Dog
2021-09-30 02:01:22 Falha na extração
2021-09-30 02:01:22 Tentativa -> 10 | Pesquisa -> Naughty Dog
2021-09-30 02:01:23 Falha na extração
2021-09-30 02:01:23 Tentativa -> 01 | Pesquisa -> EA
2021-09-30 02:01:23 Falha na extração
2021-09-30 02:01:23 Tentativa -> 02 | Pesquisa -> EA
2021-09-30 02:01:23 Falha na extração
2021-09-30 02:01:23 Tentativa -> 03 | Pesquisa -> EA
2021-09-30 02:01:24 Falha na extração
2021-09-30 02:01:24 Tentativa -> 04 | Pesquisa -> EA
2021-09-30 02:01:25 Falha na extração
2021-09-30 02:01:25 Tentativa -> 05 | Pesquisa -> EA
2021-09-30 02:01:25 Falha na extração
2021-09-30 02:01:25 Tentativa -> 06 | Pesquisa -> EA
2021-09-30 02:01:26 Falha na extração
2021-09-30 02:01:26 Tentativa -> 07 | Pesquisa -> EA
2021-09-30 02:01:26 Falha na extração
2021-09-30 02:01:26 Tentativa -> 08 | Pesquisa -> EA
2021-09-30 02:01:26 Falha na extração
2021-09-30 02:01:26 Tentativa -> 09 | Pesquisa -> EA
2021-09-30 02:01:26 Falha na extração
2021-09-30 02:01:26 Tentativa -> 10 | Pesquisa -> EA
2021-09-30 02:01:26 Falha na extração
2021-09-30 02:01:26 Tentativa -> 01 | Pesquisa -> Konami
2021-09-30 02:01:28 Falha na extração
2021-09-30 02:01:28 Tentativa -> 02 | Pesquisa -> Konami
2021-09-30 02:01:28 Falha na extração
2021-09-30 02:01:28 Tentativa -> 03 | Pesquisa -> Konami
2021-09-30 02:01:28 Falha na extração
2021-09-30 02:01:28 Tentativa -> 04 | Pesquisa -> Konami
2021-09-30 02:01:28 Falha na extração
2021-09-30 02:01:28 Tentativa -> 05 | Pesquisa -> Konami
2021-09-30 02:01:28 Falha na extração
2021-09-30 02:01:28 Tentativa -> 06 | Pesquisa -> Konami
2021-09-30 02:01:28 Falha na extração
2021-09-30 02:01:28 Tentativa -> 07 | Pesquisa -> Konami
2021-09-30 02:01:28 Falha na extração
2021-09-30 02:01:28 Tentativa -> 08 | Pesquisa -> Konami
2021-09-30 02:01:28 Falha na extração
2021-09-30 02:01:28 Tentativa -> 09 | Pesquisa -> Konami
2021-09-30 02:01:29 Falha na extração
2021-09-30 02:01:29 Tentativa -> 10 | Pesquisa -> Konami
2021-09-30 02:01:29 Falha na extração
2021-09-30 02:01:29 Tentativa -> 01 | Pesquisa -> Capcom
2021-09-30 02:01:29 Falha na extração
2021-09-30 02:01:29 Tentativa -> 02 | Pesquisa -> Capcom
2021-09-30 02:01:29 Falha na extração
2021-09-30 02:01:29 Tentativa -> 03 | Pesquisa -> Capcom
2021-09-30 02:01:29 Falha na extração
2021-09-30 02:01:29 Tentativa -> 04 | Pesquisa -> Capcom
2021-09-30 02:01:29 Falha na extração
2021-09-30 02:01:29 Tentativa -> 05 | Pesquisa -> Capcom
2021-09-30 02:01:29 Falha na extração
2021-09-30 02:01:29 Tentativa -> 06 | Pesquisa -> Capcom
2021-09-30 02:01:29 Falha na extração
2021-09-30 02:01:29 Tentativa -> 07 | Pesquisa -> Capcom
2021-09-30 02:01:29 Falha na extração
2021-09-30 02:01:29 Tentativa -> 08 | Pesquisa -> Capcom
2021-09-30 02:01:30 Falha na extração
2021-09-30 02:01:30 Tentativa -> 09 | Pesquisa -> Capcom
2021-09-30 02:01:30 Falha na extração
2021-09-30 02:01:30 Tentativa -> 10 | Pesquisa -> Capcom
2021-09-30 02:01:30 Falha na extração
2021-09-30 02:01:30 Tentativa -> 01 | Pesquisa -> Nintendo Switch Online
2021-09-30 02:01:30 Falha na extração
2021-09-30 02:01:30 Tentativa -> 02 | Pesquisa -> Nintendo Switch Online
2021-09-30 02:01:30 Falha na extração
2021-09-30 02:01:30 Tentativa -> 03 | Pesquisa -> Nintendo Switch Online
2021-09-30 02:01:30 Falha na extração
2021-09-30 02:01:30 Tentativa -> 04 | Pesquisa -> Nintendo Switch Online
2021-09-30 02:01:30 Falha na extração
2021-09-30 02:01:30 Tentativa -> 05 | Pesquisa -> Nintendo Switch Online
2021-09-30 02:01:30 Falha na extração
2021-09-30 02:01:30 Tentativa -> 06 | Pesquisa -> Nintendo Switch Online
2021-09-30 02:01:30 Falha na extração
2021-09-30 02:01:30 Tentativa -> 07 | Pesquisa -> Nintendo Switch Online
2021-09-30 02:01:30 Falha na extração
2021-09-30 02:01:30 Tentativa -> 08 | Pesquisa -> Nintendo Switch Online
2021-09-30 02:01:31 Falha na extração
2021-09-30 02:01:31 Tentativa -> 09 | Pesquisa -> Nintendo Switch Online
2021-09-30 02:01:31 Falha na extração
2021-09-30 02:01:31 Tentativa -> 10 | Pesquisa -> Nintendo Switch Online
2021-09-30 02:01:31 Falha na extração
2021-09-30 02:01:31 Tentativa -> 01 | Pesquisa -> Gamepass
2021-09-30 02:01:31 Falha na extração
2021-09-30 02:01:31 Tentativa -> 02 | Pesquisa -> Gamepass
2021-09-30 02:01:31 Falha na extração
2021-09-30 02:01:31 Tentativa -> 03 | Pesquisa -> Gamepass
2021-09-30 02:01:31 Falha na extração
2021-09-30 02:01:31 Tentativa -> 04 | Pesquisa -> Gamepass
2021-09-30 02:01:31 Falha na extração
2021-09-30 02:01:31 Tentativa -> 05 | Pesquisa -> Gamepass
2021-09-30 02:01:31 Falha na extração
2021-09-30 02:01:31 Tentativa -> 06 | Pesquisa -> Gamepass
2021-09-30 02:01:31 Falha na extração
2021-09-30 02:01:31 Tentativa -> 07 | Pesquisa -> Gamepass
2021-09-30 02:01:31 Falha na extração
2021-09-30 02:01:31 Tentativa -> 08 | Pesquisa -> Gamepass
2021-09-30 02:01:32 Falha na extração
2021-09-30 02:01:32 Tentativa -> 09 | Pesquisa -> Gamepass
2021-09-30 02:01:32 Falha na extração
2021-09-30 02:01:32 Tentativa -> 10 | Pesquisa -> Gamepass
2021-09-30 02:01:32 Falha na extração
2021-09-30 02:01:32 Tentativa -> 01 | Pesquisa -> EA Access
2021-09-30 02:01:32 Falha na extração
2021-09-30 02:01:32 Tentativa -> 02 | Pesquisa -> EA Access
2021-09-30 02:01:32 Falha na extração
2021-09-30 02:01:32 Tentativa -> 03 | Pesquisa -> EA Access
2021-09-30 02:01:32 Falha na extração
2021-09-30 02:01:32 Tentativa -> 04 | Pesquisa -> EA Access
2021-09-30 02:01:32 Falha na extração
2021-09-30 02:01:32 Tentativa -> 05 | Pesquisa -> EA Access
2021-09-30 02:01:32 Falha na extração
2021-09-30 02:01:32 Tentativa -> 06 | Pesquisa -> EA Access
2021-09-30 02:01:32 Falha na extração
2021-09-30 02:01:32 Tentativa -> 07 | Pesquisa -> EA Access
2021-09-30 02:01:33 Falha na extração
2021-09-30 02:01:33 Tentativa -> 08 | Pesquisa -> EA Access
2021-09-30 02:01:33 Falha na extração
2021-09-30 02:01:33 Tentativa -> 09 | Pesquisa -> EA Access
2021-09-30 02:01:33 Falha na extração
2021-09-30 02:01:33 Tentativa -> 10 | Pesquisa -> EA Access
2021-09-30 02:01:33 Falha na extração
2021-09-30 02:01:33 Tentativa -> 01 | Pesquisa -> Playstation Now
2021-09-30 02:01:33 Falha na extração
2021-09-30 02:01:33 Tentativa -> 02 | Pesquisa -> Playstation Now
2021-09-30 02:01:33 Falha na extração
2021-09-30 02:01:33 Tentativa -> 03 | Pesquisa -> Playstation Now
2021-09-30 02:01:33 Falha na extração
2021-09-30 02:01:33 Tentativa -> 04 | Pesquisa -> Playstation Now
2021-09-30 02:01:33 Falha na extração
2021-09-30 02:01:33 Tentativa -> 05 | Pesquisa -> Playstation Now
2021-09-30 02:01:33 Falha na extração
2021-09-30 02:01:33 Tentativa -> 06 | Pesquisa -> Playstation Now
2021-09-30 02:01:33 Falha na extração
2021-09-30 02:01:33 Tentativa -> 07 | Pesquisa -> Playstation Now
2021-09-30 02:01:34 Falha na extração
2021-09-30 02:01:34 Tentativa -> 08 | Pesquisa -> Playstation Now
2021-09-30 02:01:34 Falha na extração
2021-09-30 02:01:34 Tentativa -> 09 | Pesquisa -> Playstation Now
2021-09-30 02:01:34 Falha na extração
2021-09-30 02:01:34 Tentativa -> 10 | Pesquisa -> Playstation Now
2021-09-30 02:01:34 Falha na extração
2021-09-30 02:01:34 Tentativa -> 01 | Pesquisa -> CD PROJEKT RED
2021-09-30 02:01:34 Falha na extração
2021-09-30 02:01:34 Tentativa -> 02 | Pesquisa -> CD PROJEKT RED
2021-09-30 02:01:34 Falha na extração
2021-09-30 02:01:34 Tentativa -> 03 | Pesquisa -> CD PROJEKT RED
2021-09-30 02:01:34 Falha na extração
2021-09-30 02:01:34 Tentativa -> 04 | Pesquisa -> CD PROJEKT RED
2021-09-30 02:01:34 Falha na extração
2021-09-30 02:01:34 Tentativa -> 05 | Pesquisa -> CD PROJEKT RED
2021-09-30 02:01:34 Falha na extração
2021-09-30 02:01:34 Tentativa -> 06 | Pesquisa -> CD PROJEKT RED
2021-09-30 02:01:35 Falha na extração
2021-09-30 02:01:35 Tentativa -> 07 | Pesquisa -> CD PROJEKT RED
2021-09-30 02:01:35 Falha na extração
2021-09-30 02:01:35 Tentativa -> 08 | Pesquisa -> CD PROJEKT RED
2021-09-30 02:01:35 Falha na extração
2021-09-30 02:01:35 Tentativa -> 09 | Pesquisa -> CD PROJEKT RED
2021-09-30 02:01:35 Falha na extração
2021-09-30 02:01:35 Tentativa -> 10 | Pesquisa -> CD PROJEKT RED
2021-09-30 02:01:35 Falha na extração
Foram removidas 4954 duplicidades
Foram coletados 3943 tweets
