2021-10-10 08:00:04 Tentativa -> 01 | Pesquisa -> Playstation
2021-10-10 08:00:12 Extração realizada
2021-10-10 08:00:12 Tentativa -> 01 | Pesquisa -> Xbox
2021-10-10 08:00:35 Extração realizada
2021-10-10 08:00:35 Tentativa -> 01 | Pesquisa -> Nintendo
2021-10-10 08:00:35 Falha na extração
2021-10-10 08:00:35 Tentativa -> 02 | Pesquisa -> Nintendo
2021-10-10 08:00:35 Falha na extração
2021-10-10 08:00:35 Tentativa -> 03 | Pesquisa -> Nintendo
2021-10-10 08:00:35 Falha na extração
2021-10-10 08:00:35 Tentativa -> 04 | Pesquisa -> Nintendo
2021-10-10 08:00:36 Falha na extração
2021-10-10 08:00:36 Tentativa -> 05 | Pesquisa -> Nintendo
2021-10-10 08:00:36 Falha na extração
2021-10-10 08:00:36 Tentativa -> 06 | Pesquisa -> Nintendo
2021-10-10 08:00:36 Falha na extração
2021-10-10 08:00:36 Tentativa -> 07 | Pesquisa -> Nintendo
2021-10-10 08:00:36 Falha na extração
2021-10-10 08:00:36 Tentativa -> 08 | Pesquisa -> Nintendo
2021-10-10 08:00:36 Falha na extração
2021-10-10 08:00:36 Tentativa -> 09 | Pesquisa -> Nintendo
2021-10-10 08:00:37 Falha na extração
2021-10-10 08:00:37 Tentativa -> 10 | Pesquisa -> Nintendo
2021-10-10 08:00:37 Falha na extração
2021-10-10 08:00:37 Tentativa -> 01 | Pesquisa -> Blizzard
2021-10-10 08:00:37 Falha na extração
2021-10-10 08:00:37 Tentativa -> 02 | Pesquisa -> Blizzard
2021-10-10 08:00:37 Falha na extração
2021-10-10 08:00:37 Tentativa -> 03 | Pesquisa -> Blizzard
2021-10-10 08:00:37 Falha na extração
2021-10-10 08:00:37 Tentativa -> 04 | Pesquisa -> Blizzard
2021-10-10 08:00:38 Falha na extração
2021-10-10 08:00:38 Tentativa -> 05 | Pesquisa -> Blizzard
2021-10-10 08:00:38 Falha na extração
2021-10-10 08:00:38 Tentativa -> 06 | Pesquisa -> Blizzard
2021-10-10 08:00:38 Falha na extração
2021-10-10 08:00:38 Tentativa -> 07 | Pesquisa -> Blizzard
2021-10-10 08:00:38 Falha na extração
2021-10-10 08:00:38 Tentativa -> 08 | Pesquisa -> Blizzard
2021-10-10 08:00:39 Falha na extração
2021-10-10 08:00:39 Tentativa -> 09 | Pesquisa -> Blizzard
2021-10-10 08:00:39 Falha na extração
2021-10-10 08:00:39 Tentativa -> 10 | Pesquisa -> Blizzard
2021-10-10 08:00:39 Falha na extração
2021-10-10 08:00:39 Tentativa -> 01 | Pesquisa -> Activision
2021-10-10 08:00:39 Falha na extração
2021-10-10 08:00:39 Tentativa -> 02 | Pesquisa -> Activision
2021-10-10 08:00:40 Falha na extração
2021-10-10 08:00:40 Tentativa -> 03 | Pesquisa -> Activision
2021-10-10 08:00:40 Falha na extração
2021-10-10 08:00:40 Tentativa -> 04 | Pesquisa -> Activision
2021-10-10 08:00:40 Falha na extração
2021-10-10 08:00:40 Tentativa -> 05 | Pesquisa -> Activision
2021-10-10 08:00:40 Falha na extração
2021-10-10 08:00:40 Tentativa -> 06 | Pesquisa -> Activision
2021-10-10 08:00:40 Falha na extração
2021-10-10 08:00:40 Tentativa -> 07 | Pesquisa -> Activision
2021-10-10 08:00:41 Falha na extração
2021-10-10 08:00:41 Tentativa -> 08 | Pesquisa -> Activision
2021-10-10 08:00:41 Falha na extração
2021-10-10 08:00:41 Tentativa -> 09 | Pesquisa -> Activision
2021-10-10 08:00:41 Falha na extração
2021-10-10 08:00:41 Tentativa -> 10 | Pesquisa -> Activision
2021-10-10 08:00:41 Falha na extração
2021-10-10 08:00:41 Tentativa -> 01 | Pesquisa -> Naughty Dog
2021-10-10 08:00:42 Falha na extração
2021-10-10 08:00:42 Tentativa -> 02 | Pesquisa -> Naughty Dog
2021-10-10 08:00:42 Falha na extração
2021-10-10 08:00:42 Tentativa -> 03 | Pesquisa -> Naughty Dog
2021-10-10 08:00:42 Falha na extração
2021-10-10 08:00:42 Tentativa -> 04 | Pesquisa -> Naughty Dog
2021-10-10 08:00:42 Falha na extração
2021-10-10 08:00:42 Tentativa -> 05 | Pesquisa -> Naughty Dog
2021-10-10 08:00:42 Falha na extração
2021-10-10 08:00:42 Tentativa -> 06 | Pesquisa -> Naughty Dog
2021-10-10 08:00:43 Falha na extração
2021-10-10 08:00:43 Tentativa -> 07 | Pesquisa -> Naughty Dog
2021-10-10 08:00:43 Falha na extração
2021-10-10 08:00:43 Tentativa -> 08 | Pesquisa -> Naughty Dog
2021-10-10 08:00:43 Falha na extração
2021-10-10 08:00:43 Tentativa -> 09 | Pesquisa -> Naughty Dog
2021-10-10 08:00:43 Falha na extração
2021-10-10 08:00:43 Tentativa -> 10 | Pesquisa -> Naughty Dog
2021-10-10 08:00:43 Falha na extração
2021-10-10 08:00:43 Tentativa -> 01 | Pesquisa -> EA
2021-10-10 08:00:43 Falha na extração
2021-10-10 08:00:43 Tentativa -> 02 | Pesquisa -> EA
2021-10-10 08:00:43 Falha na extração
2021-10-10 08:00:43 Tentativa -> 03 | Pesquisa -> EA
2021-10-10 08:00:43 Falha na extração
2021-10-10 08:00:43 Tentativa -> 04 | Pesquisa -> EA
2021-10-10 08:00:43 Falha na extração
2021-10-10 08:00:43 Tentativa -> 05 | Pesquisa -> EA
2021-10-10 08:00:43 Falha na extração
2021-10-10 08:00:43 Tentativa -> 06 | Pesquisa -> EA
2021-10-10 08:00:43 Falha na extração
2021-10-10 08:00:43 Tentativa -> 07 | Pesquisa -> EA
2021-10-10 08:00:44 Falha na extração
2021-10-10 08:00:44 Tentativa -> 08 | Pesquisa -> EA
2021-10-10 08:00:44 Falha na extração
2021-10-10 08:00:44 Tentativa -> 09 | Pesquisa -> EA
2021-10-10 08:00:44 Falha na extração
2021-10-10 08:00:44 Tentativa -> 10 | Pesquisa -> EA
2021-10-10 08:00:44 Falha na extração
2021-10-10 08:00:44 Tentativa -> 01 | Pesquisa -> Konami
2021-10-10 08:00:44 Falha na extração
2021-10-10 08:00:44 Tentativa -> 02 | Pesquisa -> Konami
2021-10-10 08:00:44 Falha na extração
2021-10-10 08:00:44 Tentativa -> 03 | Pesquisa -> Konami
2021-10-10 08:00:44 Falha na extração
2021-10-10 08:00:44 Tentativa -> 04 | Pesquisa -> Konami
2021-10-10 08:00:44 Falha na extração
2021-10-10 08:00:44 Tentativa -> 05 | Pesquisa -> Konami
2021-10-10 08:00:44 Falha na extração
2021-10-10 08:00:44 Tentativa -> 06 | Pesquisa -> Konami
2021-10-10 08:00:44 Falha na extração
2021-10-10 08:00:44 Tentativa -> 07 | Pesquisa -> Konami
2021-10-10 08:00:45 Falha na extração
2021-10-10 08:00:45 Tentativa -> 08 | Pesquisa -> Konami
2021-10-10 08:00:45 Falha na extração
2021-10-10 08:00:45 Tentativa -> 09 | Pesquisa -> Konami
2021-10-10 08:00:45 Falha na extração
2021-10-10 08:00:45 Tentativa -> 10 | Pesquisa -> Konami
2021-10-10 08:00:45 Falha na extração
2021-10-10 08:00:45 Tentativa -> 01 | Pesquisa -> Capcom
2021-10-10 08:00:45 Falha na extração
2021-10-10 08:00:45 Tentativa -> 02 | Pesquisa -> Capcom
2021-10-10 08:00:45 Falha na extração
2021-10-10 08:00:45 Tentativa -> 03 | Pesquisa -> Capcom
2021-10-10 08:00:45 Falha na extração
2021-10-10 08:00:45 Tentativa -> 04 | Pesquisa -> Capcom
2021-10-10 08:00:45 Falha na extração
2021-10-10 08:00:45 Tentativa -> 05 | Pesquisa -> Capcom
2021-10-10 08:00:45 Falha na extração
2021-10-10 08:00:45 Tentativa -> 06 | Pesquisa -> Capcom
2021-10-10 08:00:45 Falha na extração
2021-10-10 08:00:45 Tentativa -> 07 | Pesquisa -> Capcom
2021-10-10 08:00:45 Falha na extração
2021-10-10 08:00:45 Tentativa -> 08 | Pesquisa -> Capcom
2021-10-10 08:00:46 Falha na extração
2021-10-10 08:00:46 Tentativa -> 09 | Pesquisa -> Capcom
2021-10-10 08:00:46 Falha na extração
2021-10-10 08:00:46 Tentativa -> 10 | Pesquisa -> Capcom
2021-10-10 08:00:46 Falha na extração
2021-10-10 08:00:46 Tentativa -> 01 | Pesquisa -> Nintendo Switch Online
2021-10-10 08:00:46 Falha na extração
2021-10-10 08:00:46 Tentativa -> 02 | Pesquisa -> Nintendo Switch Online
2021-10-10 08:00:46 Falha na extração
2021-10-10 08:00:46 Tentativa -> 03 | Pesquisa -> Nintendo Switch Online
2021-10-10 08:00:46 Falha na extração
2021-10-10 08:00:46 Tentativa -> 04 | Pesquisa -> Nintendo Switch Online
2021-10-10 08:00:46 Falha na extração
2021-10-10 08:00:46 Tentativa -> 05 | Pesquisa -> Nintendo Switch Online
2021-10-10 08:00:46 Falha na extração
2021-10-10 08:00:46 Tentativa -> 06 | Pesquisa -> Nintendo Switch Online
2021-10-10 08:00:46 Falha na extração
2021-10-10 08:00:46 Tentativa -> 07 | Pesquisa -> Nintendo Switch Online
2021-10-10 08:00:47 Falha na extração
2021-10-10 08:00:47 Tentativa -> 08 | Pesquisa -> Nintendo Switch Online
2021-10-10 08:00:47 Falha na extração
2021-10-10 08:00:47 Tentativa -> 09 | Pesquisa -> Nintendo Switch Online
2021-10-10 08:00:47 Falha na extração
2021-10-10 08:00:47 Tentativa -> 10 | Pesquisa -> Nintendo Switch Online
2021-10-10 08:00:47 Falha na extração
2021-10-10 08:00:47 Tentativa -> 01 | Pesquisa -> Gamepass
2021-10-10 08:00:47 Falha na extração
2021-10-10 08:00:47 Tentativa -> 02 | Pesquisa -> Gamepass
2021-10-10 08:00:47 Falha na extração
2021-10-10 08:00:47 Tentativa -> 03 | Pesquisa -> Gamepass
2021-10-10 08:00:47 Falha na extração
2021-10-10 08:00:47 Tentativa -> 04 | Pesquisa -> Gamepass
2021-10-10 08:00:47 Falha na extração
2021-10-10 08:00:47 Tentativa -> 05 | Pesquisa -> Gamepass
2021-10-10 08:00:47 Falha na extração
2021-10-10 08:00:47 Tentativa -> 06 | Pesquisa -> Gamepass
2021-10-10 08:00:47 Falha na extração
2021-10-10 08:00:47 Tentativa -> 07 | Pesquisa -> Gamepass
2021-10-10 08:00:48 Falha na extração
2021-10-10 08:00:48 Tentativa -> 08 | Pesquisa -> Gamepass
2021-10-10 08:00:48 Falha na extração
2021-10-10 08:00:48 Tentativa -> 09 | Pesquisa -> Gamepass
2021-10-10 08:00:48 Falha na extração
2021-10-10 08:00:48 Tentativa -> 10 | Pesquisa -> Gamepass
2021-10-10 08:00:48 Falha na extração
2021-10-10 08:00:48 Tentativa -> 01 | Pesquisa -> EA Access
2021-10-10 08:00:48 Falha na extração
2021-10-10 08:00:48 Tentativa -> 02 | Pesquisa -> EA Access
2021-10-10 08:00:48 Falha na extração
2021-10-10 08:00:48 Tentativa -> 03 | Pesquisa -> EA Access
2021-10-10 08:00:48 Falha na extração
2021-10-10 08:00:48 Tentativa -> 04 | Pesquisa -> EA Access
2021-10-10 08:00:48 Falha na extração
2021-10-10 08:00:48 Tentativa -> 05 | Pesquisa -> EA Access
2021-10-10 08:00:48 Falha na extração
2021-10-10 08:00:48 Tentativa -> 06 | Pesquisa -> EA Access
2021-10-10 08:00:48 Falha na extração
2021-10-10 08:00:48 Tentativa -> 07 | Pesquisa -> EA Access
2021-10-10 08:00:49 Falha na extração
2021-10-10 08:00:49 Tentativa -> 08 | Pesquisa -> EA Access
2021-10-10 08:00:49 Falha na extração
2021-10-10 08:00:49 Tentativa -> 09 | Pesquisa -> EA Access
2021-10-10 08:00:49 Falha na extração
2021-10-10 08:00:49 Tentativa -> 10 | Pesquisa -> EA Access
2021-10-10 08:00:49 Falha na extração
2021-10-10 08:00:49 Tentativa -> 01 | Pesquisa -> Playstation Now
2021-10-10 08:00:49 Falha na extração
2021-10-10 08:00:49 Tentativa -> 02 | Pesquisa -> Playstation Now
2021-10-10 08:00:49 Falha na extração
2021-10-10 08:00:49 Tentativa -> 03 | Pesquisa -> Playstation Now
2021-10-10 08:00:49 Falha na extração
2021-10-10 08:00:49 Tentativa -> 04 | Pesquisa -> Playstation Now
2021-10-10 08:00:49 Falha na extração
2021-10-10 08:00:49 Tentativa -> 05 | Pesquisa -> Playstation Now
2021-10-10 08:00:49 Falha na extração
2021-10-10 08:00:49 Tentativa -> 06 | Pesquisa -> Playstation Now
2021-10-10 08:00:49 Falha na extração
2021-10-10 08:00:49 Tentativa -> 07 | Pesquisa -> Playstation Now
2021-10-10 08:00:50 Falha na extração
2021-10-10 08:00:50 Tentativa -> 08 | Pesquisa -> Playstation Now
2021-10-10 08:00:50 Falha na extração
2021-10-10 08:00:50 Tentativa -> 09 | Pesquisa -> Playstation Now
2021-10-10 08:00:50 Falha na extração
2021-10-10 08:00:50 Tentativa -> 10 | Pesquisa -> Playstation Now
2021-10-10 08:00:50 Falha na extração
2021-10-10 08:00:50 Tentativa -> 01 | Pesquisa -> CD PROJEKT RED
2021-10-10 08:00:50 Falha na extração
2021-10-10 08:00:50 Tentativa -> 02 | Pesquisa -> CD PROJEKT RED
2021-10-10 08:00:50 Falha na extração
2021-10-10 08:00:50 Tentativa -> 03 | Pesquisa -> CD PROJEKT RED
2021-10-10 08:00:50 Falha na extração
2021-10-10 08:00:50 Tentativa -> 04 | Pesquisa -> CD PROJEKT RED
2021-10-10 08:00:50 Falha na extração
2021-10-10 08:00:50 Tentativa -> 05 | Pesquisa -> CD PROJEKT RED
2021-10-10 08:00:50 Falha na extração
2021-10-10 08:00:50 Tentativa -> 06 | Pesquisa -> CD PROJEKT RED
2021-10-10 08:00:50 Falha na extração
2021-10-10 08:00:50 Tentativa -> 07 | Pesquisa -> CD PROJEKT RED
2021-10-10 08:00:51 Falha na extração
2021-10-10 08:00:51 Tentativa -> 08 | Pesquisa -> CD PROJEKT RED
2021-10-10 08:00:51 Falha na extração
2021-10-10 08:00:51 Tentativa -> 09 | Pesquisa -> CD PROJEKT RED
2021-10-10 08:00:51 Falha na extração
2021-10-10 08:00:51 Tentativa -> 10 | Pesquisa -> CD PROJEKT RED
2021-10-10 08:00:51 Falha na extração
Foram removidas 2676 duplicidades
Foram coletados 6412 tweets
