2021-10-18 13:10:09 Tentativa -> 01 | Pesquisa -> Playstation
2021-10-18 13:11:07 Falha na extração
2021-10-18 13:11:07 Tentativa -> 02 | Pesquisa -> Playstation
2021-10-18 13:11:21 Falha na extração
2021-10-18 13:11:21 Tentativa -> 03 | Pesquisa -> Playstation
2021-10-18 13:11:41 Falha na extração
2021-10-18 13:11:41 Tentativa -> 04 | Pesquisa -> Playstation
2021-10-18 13:11:57 Falha na extração
2021-10-18 13:11:57 Tentativa -> 05 | Pesquisa -> Playstation
2021-10-18 13:12:12 Falha na extração
2021-10-18 13:12:12 Tentativa -> 06 | Pesquisa -> Playstation
2021-10-18 13:12:28 Falha na extração
2021-10-18 13:12:28 Tentativa -> 07 | Pesquisa -> Playstation
2021-10-18 13:12:46 Falha na extração
2021-10-18 13:12:46 Tentativa -> 08 | Pesquisa -> Playstation
2021-10-18 13:13:06 Falha na extração
2021-10-18 13:13:06 Tentativa -> 09 | Pesquisa -> Playstation
2021-10-18 13:13:20 Falha na extração
2021-10-18 13:13:20 Tentativa -> 10 | Pesquisa -> Playstation
2021-10-18 13:13:35 Falha na extração
2021-10-18 13:13:35 Tentativa -> 01 | Pesquisa -> Xbox
2021-10-18 13:13:46 Falha na extração
2021-10-18 13:13:47 Tentativa -> 02 | Pesquisa -> Xbox
2021-10-18 13:14:01 Falha na extração
2021-10-18 13:14:01 Tentativa -> 03 | Pesquisa -> Xbox
2021-10-18 13:14:15 Falha na extração
2021-10-18 13:14:15 Tentativa -> 04 | Pesquisa -> Xbox
2021-10-18 13:14:29 Falha na extração
2021-10-18 13:14:30 Tentativa -> 05 | Pesquisa -> Xbox
2021-10-18 13:14:47 Falha na extração
2021-10-18 13:14:47 Tentativa -> 06 | Pesquisa -> Xbox
2021-10-18 13:15:01 Falha na extração
2021-10-18 13:15:01 Tentativa -> 07 | Pesquisa -> Xbox
2021-10-18 13:15:16 Falha na extração
2021-10-18 13:15:16 Tentativa -> 08 | Pesquisa -> Xbox
2021-10-18 13:15:34 Falha na extração
2021-10-18 13:15:34 Tentativa -> 09 | Pesquisa -> Xbox
2021-10-18 13:15:47 Falha na extração
2021-10-18 13:15:47 Tentativa -> 10 | Pesquisa -> Xbox
2021-10-18 13:16:01 Falha na extração
2021-10-18 13:16:01 Tentativa -> 01 | Pesquisa -> Nintendo
2021-10-18 13:16:15 Falha na extração
2021-10-18 13:16:15 Tentativa -> 02 | Pesquisa -> Nintendo
2021-10-18 13:18:34 Extração realizada
2021-10-18 13:18:34 Tentativa -> 01 | Pesquisa -> Blizzard
2021-10-18 13:18:34 Falha na extração
2021-10-18 13:18:34 Tentativa -> 02 | Pesquisa -> Blizzard
2021-10-18 13:18:34 Falha na extração
2021-10-18 13:18:34 Tentativa -> 03 | Pesquisa -> Blizzard
2021-10-18 13:18:34 Falha na extração
2021-10-18 13:18:34 Tentativa -> 04 | Pesquisa -> Blizzard
2021-10-18 13:18:35 Falha na extração
2021-10-18 13:18:35 Tentativa -> 05 | Pesquisa -> Blizzard
2021-10-18 13:18:35 Falha na extração
2021-10-18 13:18:35 Tentativa -> 06 | Pesquisa -> Blizzard
2021-10-18 13:18:35 Falha na extração
2021-10-18 13:18:35 Tentativa -> 07 | Pesquisa -> Blizzard
2021-10-18 13:18:35 Falha na extração
2021-10-18 13:18:35 Tentativa -> 08 | Pesquisa -> Blizzard
2021-10-18 13:18:35 Falha na extração
2021-10-18 13:18:35 Tentativa -> 09 | Pesquisa -> Blizzard
2021-10-18 13:18:36 Falha na extração
2021-10-18 13:18:36 Tentativa -> 10 | Pesquisa -> Blizzard
2021-10-18 13:18:36 Falha na extração
2021-10-18 13:18:36 Tentativa -> 01 | Pesquisa -> Activision
2021-10-18 13:18:36 Falha na extração
2021-10-18 13:18:36 Tentativa -> 02 | Pesquisa -> Activision
2021-10-18 13:18:36 Falha na extração
2021-10-18 13:18:36 Tentativa -> 03 | Pesquisa -> Activision
2021-10-18 13:18:37 Falha na extração
2021-10-18 13:18:37 Tentativa -> 04 | Pesquisa -> Activision
2021-10-18 13:18:37 Falha na extração
2021-10-18 13:18:37 Tentativa -> 05 | Pesquisa -> Activision
2021-10-18 13:18:37 Falha na extração
2021-10-18 13:18:37 Tentativa -> 06 | Pesquisa -> Activision
2021-10-18 13:18:37 Falha na extração
2021-10-18 13:18:37 Tentativa -> 07 | Pesquisa -> Activision
2021-10-18 13:18:37 Falha na extração
2021-10-18 13:18:37 Tentativa -> 08 | Pesquisa -> Activision
2021-10-18 13:18:38 Falha na extração
2021-10-18 13:18:38 Tentativa -> 09 | Pesquisa -> Activision
2021-10-18 13:18:38 Falha na extração
2021-10-18 13:18:38 Tentativa -> 10 | Pesquisa -> Activision
2021-10-18 13:18:38 Falha na extração
2021-10-18 13:18:38 Tentativa -> 01 | Pesquisa -> Naughty Dog
2021-10-18 13:18:38 Falha na extração
2021-10-18 13:18:38 Tentativa -> 02 | Pesquisa -> Naughty Dog
2021-10-18 13:18:38 Falha na extração
2021-10-18 13:18:38 Tentativa -> 03 | Pesquisa -> Naughty Dog
2021-10-18 13:18:39 Falha na extração
2021-10-18 13:18:39 Tentativa -> 04 | Pesquisa -> Naughty Dog
2021-10-18 13:18:39 Falha na extração
2021-10-18 13:18:39 Tentativa -> 05 | Pesquisa -> Naughty Dog
2021-10-18 13:18:39 Falha na extração
2021-10-18 13:18:39 Tentativa -> 06 | Pesquisa -> Naughty Dog
2021-10-18 13:18:39 Falha na extração
2021-10-18 13:18:39 Tentativa -> 07 | Pesquisa -> Naughty Dog
2021-10-18 13:18:39 Falha na extração
2021-10-18 13:18:39 Tentativa -> 08 | Pesquisa -> Naughty Dog
2021-10-18 13:18:40 Falha na extração
2021-10-18 13:18:40 Tentativa -> 09 | Pesquisa -> Naughty Dog
2021-10-18 13:18:40 Falha na extração
2021-10-18 13:18:40 Tentativa -> 10 | Pesquisa -> Naughty Dog
2021-10-18 13:18:40 Falha na extração
2021-10-18 13:18:40 Tentativa -> 01 | Pesquisa -> EA
2021-10-18 13:18:40 Falha na extração
2021-10-18 13:18:40 Tentativa -> 02 | Pesquisa -> EA
2021-10-18 13:18:40 Falha na extração
2021-10-18 13:18:40 Tentativa -> 03 | Pesquisa -> EA
2021-10-18 13:18:41 Falha na extração
2021-10-18 13:18:41 Tentativa -> 04 | Pesquisa -> EA
2021-10-18 13:18:41 Falha na extração
2021-10-18 13:18:41 Tentativa -> 05 | Pesquisa -> EA
2021-10-18 13:18:41 Falha na extração
2021-10-18 13:18:41 Tentativa -> 06 | Pesquisa -> EA
2021-10-18 13:18:41 Falha na extração
2021-10-18 13:18:41 Tentativa -> 07 | Pesquisa -> EA
2021-10-18 13:18:41 Falha na extração
2021-10-18 13:18:41 Tentativa -> 08 | Pesquisa -> EA
2021-10-18 13:18:41 Falha na extração
2021-10-18 13:18:41 Tentativa -> 09 | Pesquisa -> EA
2021-10-18 13:18:41 Falha na extração
2021-10-18 13:18:41 Tentativa -> 10 | Pesquisa -> EA
2021-10-18 13:18:41 Falha na extração
2021-10-18 13:18:41 Tentativa -> 01 | Pesquisa -> Konami
2021-10-18 13:18:42 Falha na extração
2021-10-18 13:18:42 Tentativa -> 02 | Pesquisa -> Konami
2021-10-18 13:18:42 Falha na extração
2021-10-18 13:18:42 Tentativa -> 03 | Pesquisa -> Konami
2021-10-18 13:18:42 Falha na extração
2021-10-18 13:18:42 Tentativa -> 04 | Pesquisa -> Konami
2021-10-18 13:18:42 Falha na extração
2021-10-18 13:18:42 Tentativa -> 05 | Pesquisa -> Konami
2021-10-18 13:18:42 Falha na extração
2021-10-18 13:18:42 Tentativa -> 06 | Pesquisa -> Konami
2021-10-18 13:18:42 Falha na extração
2021-10-18 13:18:42 Tentativa -> 07 | Pesquisa -> Konami
2021-10-18 13:18:42 Falha na extração
2021-10-18 13:18:42 Tentativa -> 08 | Pesquisa -> Konami
2021-10-18 13:18:42 Falha na extração
2021-10-18 13:18:42 Tentativa -> 09 | Pesquisa -> Konami
2021-10-18 13:18:42 Falha na extração
2021-10-18 13:18:42 Tentativa -> 10 | Pesquisa -> Konami
2021-10-18 13:18:42 Falha na extração
2021-10-18 13:18:42 Tentativa -> 01 | Pesquisa -> Capcom
2021-10-18 13:18:42 Falha na extração
2021-10-18 13:18:42 Tentativa -> 02 | Pesquisa -> Capcom
2021-10-18 13:18:43 Falha na extração
2021-10-18 13:18:43 Tentativa -> 03 | Pesquisa -> Capcom
2021-10-18 13:18:43 Falha na extração
2021-10-18 13:18:43 Tentativa -> 04 | Pesquisa -> Capcom
2021-10-18 13:18:43 Falha na extração
2021-10-18 13:18:43 Tentativa -> 05 | Pesquisa -> Capcom
2021-10-18 13:18:43 Falha na extração
2021-10-18 13:18:43 Tentativa -> 06 | Pesquisa -> Capcom
2021-10-18 13:18:43 Falha na extração
2021-10-18 13:18:43 Tentativa -> 07 | Pesquisa -> Capcom
2021-10-18 13:18:43 Falha na extração
2021-10-18 13:18:43 Tentativa -> 08 | Pesquisa -> Capcom
2021-10-18 13:18:43 Falha na extração
2021-10-18 13:18:43 Tentativa -> 09 | Pesquisa -> Capcom
2021-10-18 13:18:43 Falha na extração
2021-10-18 13:18:43 Tentativa -> 10 | Pesquisa -> Capcom
2021-10-18 13:18:43 Falha na extração
2021-10-18 13:18:43 Tentativa -> 01 | Pesquisa -> Nintendo Switch Online
2021-10-18 13:18:43 Falha na extração
2021-10-18 13:18:43 Tentativa -> 02 | Pesquisa -> Nintendo Switch Online
2021-10-18 13:18:43 Falha na extração
2021-10-18 13:18:43 Tentativa -> 03 | Pesquisa -> Nintendo Switch Online
2021-10-18 13:18:44 Falha na extração
2021-10-18 13:18:44 Tentativa -> 04 | Pesquisa -> Nintendo Switch Online
2021-10-18 13:18:44 Falha na extração
2021-10-18 13:18:44 Tentativa -> 05 | Pesquisa -> Nintendo Switch Online
2021-10-18 13:18:44 Falha na extração
2021-10-18 13:18:44 Tentativa -> 06 | Pesquisa -> Nintendo Switch Online
2021-10-18 13:18:44 Falha na extração
2021-10-18 13:18:44 Tentativa -> 07 | Pesquisa -> Nintendo Switch Online
2021-10-18 13:18:44 Falha na extração
2021-10-18 13:18:44 Tentativa -> 08 | Pesquisa -> Nintendo Switch Online
2021-10-18 13:18:44 Falha na extração
2021-10-18 13:18:44 Tentativa -> 09 | Pesquisa -> Nintendo Switch Online
2021-10-18 13:18:44 Falha na extração
2021-10-18 13:18:44 Tentativa -> 10 | Pesquisa -> Nintendo Switch Online
2021-10-18 13:18:44 Falha na extração
2021-10-18 13:18:44 Tentativa -> 01 | Pesquisa -> Gamepass
2021-10-18 13:18:44 Falha na extração
2021-10-18 13:18:44 Tentativa -> 02 | Pesquisa -> Gamepass
2021-10-18 13:18:45 Falha na extração
2021-10-18 13:18:45 Tentativa -> 03 | Pesquisa -> Gamepass
2021-10-18 13:18:45 Falha na extração
2021-10-18 13:18:45 Tentativa -> 04 | Pesquisa -> Gamepass
2021-10-18 13:18:45 Falha na extração
2021-10-18 13:18:45 Tentativa -> 05 | Pesquisa -> Gamepass
2021-10-18 13:18:45 Falha na extração
2021-10-18 13:18:45 Tentativa -> 06 | Pesquisa -> Gamepass
2021-10-18 13:18:45 Falha na extração
2021-10-18 13:18:45 Tentativa -> 07 | Pesquisa -> Gamepass
2021-10-18 13:18:45 Falha na extração
2021-10-18 13:18:45 Tentativa -> 08 | Pesquisa -> Gamepass
2021-10-18 13:18:45 Falha na extração
2021-10-18 13:18:45 Tentativa -> 09 | Pesquisa -> Gamepass
2021-10-18 13:18:45 Falha na extração
2021-10-18 13:18:45 Tentativa -> 10 | Pesquisa -> Gamepass
2021-10-18 13:18:45 Falha na extração
2021-10-18 13:18:45 Tentativa -> 01 | Pesquisa -> EA Access
2021-10-18 13:18:45 Falha na extração
2021-10-18 13:18:45 Tentativa -> 02 | Pesquisa -> EA Access
2021-10-18 13:18:46 Falha na extração
2021-10-18 13:18:46 Tentativa -> 03 | Pesquisa -> EA Access
2021-10-18 13:18:46 Falha na extração
2021-10-18 13:18:46 Tentativa -> 04 | Pesquisa -> EA Access
2021-10-18 13:18:46 Falha na extração
2021-10-18 13:18:46 Tentativa -> 05 | Pesquisa -> EA Access
2021-10-18 13:18:46 Falha na extração
2021-10-18 13:18:46 Tentativa -> 06 | Pesquisa -> EA Access
2021-10-18 13:18:46 Falha na extração
2021-10-18 13:18:46 Tentativa -> 07 | Pesquisa -> EA Access
2021-10-18 13:18:46 Falha na extração
2021-10-18 13:18:46 Tentativa -> 08 | Pesquisa -> EA Access
2021-10-18 13:18:46 Falha na extração
2021-10-18 13:18:46 Tentativa -> 09 | Pesquisa -> EA Access
2021-10-18 13:18:46 Falha na extração
2021-10-18 13:18:46 Tentativa -> 10 | Pesquisa -> EA Access
2021-10-18 13:18:46 Falha na extração
2021-10-18 13:18:46 Tentativa -> 01 | Pesquisa -> Playstation Now
2021-10-18 13:18:46 Falha na extração
2021-10-18 13:18:46 Tentativa -> 02 | Pesquisa -> Playstation Now
2021-10-18 13:18:47 Falha na extração
2021-10-18 13:18:47 Tentativa -> 03 | Pesquisa -> Playstation Now
2021-10-18 13:18:47 Falha na extração
2021-10-18 13:18:47 Tentativa -> 04 | Pesquisa -> Playstation Now
2021-10-18 13:18:47 Falha na extração
2021-10-18 13:18:47 Tentativa -> 05 | Pesquisa -> Playstation Now
2021-10-18 13:18:47 Falha na extração
2021-10-18 13:18:47 Tentativa -> 06 | Pesquisa -> Playstation Now
2021-10-18 13:18:47 Falha na extração
2021-10-18 13:18:47 Tentativa -> 07 | Pesquisa -> Playstation Now
2021-10-18 13:18:47 Falha na extração
2021-10-18 13:18:47 Tentativa -> 08 | Pesquisa -> Playstation Now
2021-10-18 13:18:47 Falha na extração
2021-10-18 13:18:47 Tentativa -> 09 | Pesquisa -> Playstation Now
2021-10-18 13:18:47 Falha na extração
2021-10-18 13:18:47 Tentativa -> 10 | Pesquisa -> Playstation Now
2021-10-18 13:18:47 Falha na extração
2021-10-18 13:18:47 Tentativa -> 01 | Pesquisa -> CD PROJEKT RED
2021-10-18 13:18:47 Falha na extração
2021-10-18 13:18:47 Tentativa -> 02 | Pesquisa -> CD PROJEKT RED
2021-10-18 13:18:47 Falha na extração
2021-10-18 13:18:47 Tentativa -> 03 | Pesquisa -> CD PROJEKT RED
2021-10-18 13:18:47 Falha na extração
2021-10-18 13:18:47 Tentativa -> 04 | Pesquisa -> CD PROJEKT RED
2021-10-18 13:18:48 Falha na extração
2021-10-18 13:18:48 Tentativa -> 05 | Pesquisa -> CD PROJEKT RED
2021-10-18 13:18:48 Falha na extração
2021-10-18 13:18:48 Tentativa -> 06 | Pesquisa -> CD PROJEKT RED
2021-10-18 13:18:48 Falha na extração
2021-10-18 13:18:48 Tentativa -> 07 | Pesquisa -> CD PROJEKT RED
2021-10-18 13:18:48 Falha na extração
2021-10-18 13:18:48 Tentativa -> 08 | Pesquisa -> CD PROJEKT RED
2021-10-18 13:18:48 Falha na extração
2021-10-18 13:18:48 Tentativa -> 09 | Pesquisa -> CD PROJEKT RED
2021-10-18 13:18:48 Falha na extração
2021-10-18 13:18:48 Tentativa -> 10 | Pesquisa -> CD PROJEKT RED
2021-10-18 13:18:48 Falha na extração
Foram removidas 4446 duplicidades
Foram coletados 4554 tweets
