2021-10-25 12:10:04 Tentativa -> 01 | Pesquisa -> Playstation
2021-10-25 12:10:55 Extração realizada
2021-10-25 12:10:55 Tentativa -> 01 | Pesquisa -> Xbox
2021-10-25 12:10:56 Falha na extração
2021-10-25 12:10:56 Tentativa -> 02 | Pesquisa -> Xbox
2021-10-25 12:10:56 Falha na extração
2021-10-25 12:10:56 Tentativa -> 03 | Pesquisa -> Xbox
2021-10-25 12:10:57 Falha na extração
2021-10-25 12:10:57 Tentativa -> 04 | Pesquisa -> Xbox
2021-10-25 12:10:58 Falha na extração
2021-10-25 12:10:58 Tentativa -> 05 | Pesquisa -> Xbox
2021-10-25 12:10:58 Falha na extração
2021-10-25 12:10:58 Tentativa -> 06 | Pesquisa -> Xbox
2021-10-25 12:10:59 Falha na extração
2021-10-25 12:10:59 Tentativa -> 07 | Pesquisa -> Xbox
2021-10-25 12:11:00 Falha na extração
2021-10-25 12:11:00 Tentativa -> 08 | Pesquisa -> Xbox
2021-10-25 12:11:00 Falha na extração
2021-10-25 12:11:00 Tentativa -> 09 | Pesquisa -> Xbox
2021-10-25 12:11:01 Falha na extração
2021-10-25 12:11:01 Tentativa -> 10 | Pesquisa -> Xbox
2021-10-25 12:11:02 Falha na extração
2021-10-25 12:11:02 Tentativa -> 01 | Pesquisa -> Nintendo
2021-10-25 12:11:02 Falha na extração
2021-10-25 12:11:02 Tentativa -> 02 | Pesquisa -> Nintendo
2021-10-25 12:11:03 Falha na extração
2021-10-25 12:11:03 Tentativa -> 03 | Pesquisa -> Nintendo
2021-10-25 12:11:06 Falha na extração
2021-10-25 12:11:06 Tentativa -> 04 | Pesquisa -> Nintendo
2021-10-25 12:11:06 Falha na extração
2021-10-25 12:11:06 Tentativa -> 05 | Pesquisa -> Nintendo
2021-10-25 12:11:07 Falha na extração
2021-10-25 12:11:07 Tentativa -> 06 | Pesquisa -> Nintendo
2021-10-25 12:11:08 Falha na extração
2021-10-25 12:11:08 Tentativa -> 07 | Pesquisa -> Nintendo
2021-10-25 12:11:08 Falha na extração
2021-10-25 12:11:08 Tentativa -> 08 | Pesquisa -> Nintendo
2021-10-25 12:11:09 Falha na extração
2021-10-25 12:11:09 Tentativa -> 09 | Pesquisa -> Nintendo
2021-10-25 12:11:09 Falha na extração
2021-10-25 12:11:09 Tentativa -> 10 | Pesquisa -> Nintendo
2021-10-25 12:11:10 Falha na extração
2021-10-25 12:11:10 Tentativa -> 01 | Pesquisa -> Blizzard
2021-10-25 12:11:11 Falha na extração
2021-10-25 12:11:11 Tentativa -> 02 | Pesquisa -> Blizzard
2021-10-25 12:11:11 Falha na extração
2021-10-25 12:11:11 Tentativa -> 03 | Pesquisa -> Blizzard
2021-10-25 12:11:12 Falha na extração
2021-10-25 12:11:12 Tentativa -> 04 | Pesquisa -> Blizzard
2021-10-25 12:11:14 Falha na extração
2021-10-25 12:11:14 Tentativa -> 05 | Pesquisa -> Blizzard
2021-10-25 12:11:14 Falha na extração
2021-10-25 12:11:14 Tentativa -> 06 | Pesquisa -> Blizzard
2021-10-25 12:11:15 Falha na extração
2021-10-25 12:11:15 Tentativa -> 07 | Pesquisa -> Blizzard
2021-10-25 12:11:16 Falha na extração
2021-10-25 12:11:16 Tentativa -> 08 | Pesquisa -> Blizzard
2021-10-25 12:11:17 Falha na extração
2021-10-25 12:11:17 Tentativa -> 09 | Pesquisa -> Blizzard
2021-10-25 12:11:17 Falha na extração
2021-10-25 12:11:17 Tentativa -> 10 | Pesquisa -> Blizzard
2021-10-25 12:11:18 Falha na extração
2021-10-25 12:11:18 Tentativa -> 01 | Pesquisa -> Activision
2021-10-25 12:11:18 Falha na extração
2021-10-25 12:11:18 Tentativa -> 02 | Pesquisa -> Activision
2021-10-25 12:11:19 Falha na extração
2021-10-25 12:11:19 Tentativa -> 03 | Pesquisa -> Activision
2021-10-25 12:11:20 Falha na extração
2021-10-25 12:11:20 Tentativa -> 04 | Pesquisa -> Activision
2021-10-25 12:11:20 Falha na extração
2021-10-25 12:11:20 Tentativa -> 05 | Pesquisa -> Activision
2021-10-25 12:11:21 Falha na extração
2021-10-25 12:11:21 Tentativa -> 06 | Pesquisa -> Activision
2021-10-25 12:11:21 Falha na extração
2021-10-25 12:11:21 Tentativa -> 07 | Pesquisa -> Activision
2021-10-25 12:11:23 Falha na extração
2021-10-25 12:11:23 Tentativa -> 08 | Pesquisa -> Activision
2021-10-25 12:11:24 Falha na extração
2021-10-25 12:11:24 Tentativa -> 09 | Pesquisa -> Activision
2021-10-25 12:11:24 Falha na extração
2021-10-25 12:11:24 Tentativa -> 10 | Pesquisa -> Activision
2021-10-25 12:11:24 Falha na extração
2021-10-25 12:11:24 Tentativa -> 01 | Pesquisa -> Naughty Dog
2021-10-25 12:11:24 Falha na extração
2021-10-25 12:11:24 Tentativa -> 02 | Pesquisa -> Naughty Dog
2021-10-25 12:11:25 Falha na extração
2021-10-25 12:11:25 Tentativa -> 03 | Pesquisa -> Naughty Dog
2021-10-25 12:11:25 Falha na extração
2021-10-25 12:11:25 Tentativa -> 04 | Pesquisa -> Naughty Dog
2021-10-25 12:11:25 Falha na extração
2021-10-25 12:11:25 Tentativa -> 05 | Pesquisa -> Naughty Dog
2021-10-25 12:11:26 Falha na extração
2021-10-25 12:11:26 Tentativa -> 06 | Pesquisa -> Naughty Dog
2021-10-25 12:11:26 Falha na extração
2021-10-25 12:11:26 Tentativa -> 07 | Pesquisa -> Naughty Dog
2021-10-25 12:11:26 Falha na extração
2021-10-25 12:11:26 Tentativa -> 08 | Pesquisa -> Naughty Dog
2021-10-25 12:11:26 Falha na extração
2021-10-25 12:11:26 Tentativa -> 09 | Pesquisa -> Naughty Dog
2021-10-25 12:11:27 Falha na extração
2021-10-25 12:11:27 Tentativa -> 10 | Pesquisa -> Naughty Dog
2021-10-25 12:11:27 Falha na extração
2021-10-25 12:11:27 Tentativa -> 01 | Pesquisa -> EA
2021-10-25 12:11:27 Falha na extração
2021-10-25 12:11:27 Tentativa -> 02 | Pesquisa -> EA
2021-10-25 12:11:27 Falha na extração
2021-10-25 12:11:27 Tentativa -> 03 | Pesquisa -> EA
2021-10-25 12:11:28 Falha na extração
2021-10-25 12:11:28 Tentativa -> 04 | Pesquisa -> EA
2021-10-25 12:11:28 Falha na extração
2021-10-25 12:11:28 Tentativa -> 05 | Pesquisa -> EA
2021-10-25 12:11:28 Falha na extração
2021-10-25 12:11:28 Tentativa -> 06 | Pesquisa -> EA
2021-10-25 12:11:28 Falha na extração
2021-10-25 12:11:28 Tentativa -> 07 | Pesquisa -> EA
2021-10-25 12:11:28 Falha na extração
2021-10-25 12:11:28 Tentativa -> 08 | Pesquisa -> EA
2021-10-25 12:11:29 Falha na extração
2021-10-25 12:11:29 Tentativa -> 09 | Pesquisa -> EA
2021-10-25 12:11:29 Falha na extração
2021-10-25 12:11:29 Tentativa -> 10 | Pesquisa -> EA
2021-10-25 12:11:29 Falha na extração
2021-10-25 12:11:29 Tentativa -> 01 | Pesquisa -> Konami
2021-10-25 12:11:30 Falha na extração
2021-10-25 12:11:30 Tentativa -> 02 | Pesquisa -> Konami
2021-10-25 12:11:30 Falha na extração
2021-10-25 12:11:30 Tentativa -> 03 | Pesquisa -> Konami
2021-10-25 12:11:31 Falha na extração
2021-10-25 12:11:31 Tentativa -> 04 | Pesquisa -> Konami
2021-10-25 12:11:31 Falha na extração
2021-10-25 12:11:31 Tentativa -> 05 | Pesquisa -> Konami
2021-10-25 12:11:31 Falha na extração
2021-10-25 12:11:31 Tentativa -> 06 | Pesquisa -> Konami
2021-10-25 12:11:31 Falha na extração
2021-10-25 12:11:31 Tentativa -> 07 | Pesquisa -> Konami
2021-10-25 12:11:32 Falha na extração
2021-10-25 12:11:32 Tentativa -> 08 | Pesquisa -> Konami
2021-10-25 12:11:32 Falha na extração
2021-10-25 12:11:32 Tentativa -> 09 | Pesquisa -> Konami
2021-10-25 12:11:33 Falha na extração
2021-10-25 12:11:33 Tentativa -> 10 | Pesquisa -> Konami
2021-10-25 12:11:33 Falha na extração
2021-10-25 12:11:33 Tentativa -> 01 | Pesquisa -> Capcom
2021-10-25 12:11:33 Falha na extração
2021-10-25 12:11:33 Tentativa -> 02 | Pesquisa -> Capcom
2021-10-25 12:11:34 Falha na extração
2021-10-25 12:11:34 Tentativa -> 03 | Pesquisa -> Capcom
2021-10-25 12:11:34 Falha na extração
2021-10-25 12:11:34 Tentativa -> 04 | Pesquisa -> Capcom
2021-10-25 12:11:34 Falha na extração
2021-10-25 12:11:34 Tentativa -> 05 | Pesquisa -> Capcom
2021-10-25 12:11:35 Falha na extração
2021-10-25 12:11:35 Tentativa -> 06 | Pesquisa -> Capcom
2021-10-25 12:11:37 Falha na extração
2021-10-25 12:11:37 Tentativa -> 07 | Pesquisa -> Capcom
2021-10-25 12:11:38 Falha na extração
2021-10-25 12:11:38 Tentativa -> 08 | Pesquisa -> Capcom
2021-10-25 12:11:38 Falha na extração
2021-10-25 12:11:38 Tentativa -> 09 | Pesquisa -> Capcom
2021-10-25 12:11:38 Falha na extração
2021-10-25 12:11:38 Tentativa -> 10 | Pesquisa -> Capcom
2021-10-25 12:11:39 Falha na extração
2021-10-25 12:11:39 Tentativa -> 01 | Pesquisa -> Nintendo Switch Online
2021-10-25 12:11:39 Falha na extração
2021-10-25 12:11:39 Tentativa -> 02 | Pesquisa -> Nintendo Switch Online
2021-10-25 12:11:39 Falha na extração
2021-10-25 12:11:39 Tentativa -> 03 | Pesquisa -> Nintendo Switch Online
2021-10-25 12:11:39 Falha na extração
2021-10-25 12:11:39 Tentativa -> 04 | Pesquisa -> Nintendo Switch Online
2021-10-25 12:11:40 Falha na extração
2021-10-25 12:11:40 Tentativa -> 05 | Pesquisa -> Nintendo Switch Online
2021-10-25 12:11:40 Falha na extração
2021-10-25 12:11:40 Tentativa -> 06 | Pesquisa -> Nintendo Switch Online
2021-10-25 12:11:40 Falha na extração
2021-10-25 12:11:40 Tentativa -> 07 | Pesquisa -> Nintendo Switch Online
2021-10-25 12:11:40 Falha na extração
2021-10-25 12:11:40 Tentativa -> 08 | Pesquisa -> Nintendo Switch Online
2021-10-25 12:11:41 Falha na extração
2021-10-25 12:11:41 Tentativa -> 09 | Pesquisa -> Nintendo Switch Online
2021-10-25 12:11:41 Falha na extração
2021-10-25 12:11:41 Tentativa -> 10 | Pesquisa -> Nintendo Switch Online
2021-10-25 12:11:41 Falha na extração
2021-10-25 12:11:41 Tentativa -> 01 | Pesquisa -> Gamepass
2021-10-25 12:11:41 Falha na extração
2021-10-25 12:11:41 Tentativa -> 02 | Pesquisa -> Gamepass
2021-10-25 12:11:42 Falha na extração
2021-10-25 12:11:42 Tentativa -> 03 | Pesquisa -> Gamepass
2021-10-25 12:11:42 Falha na extração
2021-10-25 12:11:42 Tentativa -> 04 | Pesquisa -> Gamepass
2021-10-25 12:11:42 Falha na extração
2021-10-25 12:11:42 Tentativa -> 05 | Pesquisa -> Gamepass
2021-10-25 12:11:43 Falha na extração
2021-10-25 12:11:43 Tentativa -> 06 | Pesquisa -> Gamepass
2021-10-25 12:11:43 Falha na extração
2021-10-25 12:11:43 Tentativa -> 07 | Pesquisa -> Gamepass
2021-10-25 12:11:44 Falha na extração
2021-10-25 12:11:44 Tentativa -> 08 | Pesquisa -> Gamepass
2021-10-25 12:11:44 Falha na extração
2021-10-25 12:11:44 Tentativa -> 09 | Pesquisa -> Gamepass
2021-10-25 12:11:45 Falha na extração
2021-10-25 12:11:45 Tentativa -> 10 | Pesquisa -> Gamepass
2021-10-25 12:11:45 Falha na extração
2021-10-25 12:11:45 Tentativa -> 01 | Pesquisa -> EA Access
2021-10-25 12:11:46 Falha na extração
2021-10-25 12:11:46 Tentativa -> 02 | Pesquisa -> EA Access
2021-10-25 12:11:47 Falha na extração
2021-10-25 12:11:47 Tentativa -> 03 | Pesquisa -> EA Access
2021-10-25 12:11:47 Falha na extração
2021-10-25 12:11:47 Tentativa -> 04 | Pesquisa -> EA Access
2021-10-25 12:11:47 Falha na extração
2021-10-25 12:11:47 Tentativa -> 05 | Pesquisa -> EA Access
2021-10-25 12:11:48 Falha na extração
2021-10-25 12:11:50 Tentativa -> 06 | Pesquisa -> EA Access
2021-10-25 12:11:50 Falha na extração
2021-10-25 12:11:50 Tentativa -> 07 | Pesquisa -> EA Access
2021-10-25 12:11:51 Falha na extração
2021-10-25 12:11:51 Tentativa -> 08 | Pesquisa -> EA Access
2021-10-25 12:11:51 Falha na extração
2021-10-25 12:11:51 Tentativa -> 09 | Pesquisa -> EA Access
2021-10-25 12:11:51 Falha na extração
2021-10-25 12:11:51 Tentativa -> 10 | Pesquisa -> EA Access
2021-10-25 12:11:51 Falha na extração
2021-10-25 12:11:52 Tentativa -> 01 | Pesquisa -> Playstation Now
2021-10-25 12:11:52 Falha na extração
2021-10-25 12:11:52 Tentativa -> 02 | Pesquisa -> Playstation Now
2021-10-25 12:11:52 Falha na extração
2021-10-25 12:11:52 Tentativa -> 03 | Pesquisa -> Playstation Now
2021-10-25 12:11:52 Falha na extração
2021-10-25 12:11:52 Tentativa -> 04 | Pesquisa -> Playstation Now
2021-10-25 12:11:53 Falha na extração
2021-10-25 12:11:53 Tentativa -> 05 | Pesquisa -> Playstation Now
2021-10-25 12:11:53 Falha na extração
2021-10-25 12:11:53 Tentativa -> 06 | Pesquisa -> Playstation Now
2021-10-25 12:11:53 Falha na extração
2021-10-25 12:11:53 Tentativa -> 07 | Pesquisa -> Playstation Now
2021-10-25 12:11:54 Falha na extração
2021-10-25 12:11:54 Tentativa -> 08 | Pesquisa -> Playstation Now
2021-10-25 12:11:54 Falha na extração
2021-10-25 12:11:54 Tentativa -> 09 | Pesquisa -> Playstation Now
2021-10-25 12:11:54 Falha na extração
2021-10-25 12:11:54 Tentativa -> 10 | Pesquisa -> Playstation Now
2021-10-25 12:11:55 Falha na extração
2021-10-25 12:11:55 Tentativa -> 01 | Pesquisa -> CD PROJEKT RED
2021-10-25 12:11:55 Falha na extração
2021-10-25 12:11:55 Tentativa -> 02 | Pesquisa -> CD PROJEKT RED
2021-10-25 12:11:55 Falha na extração
2021-10-25 12:11:55 Tentativa -> 03 | Pesquisa -> CD PROJEKT RED
2021-10-25 12:11:56 Falha na extração
2021-10-25 12:11:56 Tentativa -> 04 | Pesquisa -> CD PROJEKT RED
2021-10-25 12:11:56 Falha na extração
2021-10-25 12:11:56 Tentativa -> 05 | Pesquisa -> CD PROJEKT RED
2021-10-25 12:11:57 Falha na extração
2021-10-25 12:11:57 Tentativa -> 06 | Pesquisa -> CD PROJEKT RED
2021-10-25 12:11:57 Falha na extração
2021-10-25 12:11:57 Tentativa -> 07 | Pesquisa -> CD PROJEKT RED
2021-10-25 12:11:57 Falha na extração
2021-10-25 12:11:57 Tentativa -> 08 | Pesquisa -> CD PROJEKT RED
2021-10-25 12:11:58 Falha na extração
2021-10-25 12:11:58 Tentativa -> 09 | Pesquisa -> CD PROJEKT RED
2021-10-25 12:11:59 Falha na extração
2021-10-25 12:11:59 Tentativa -> 10 | Pesquisa -> CD PROJEKT RED
2021-10-25 12:11:59 Falha na extração
Foram removidas 2872 duplicidades
Foram coletados 6228 tweets
